SET IRMethod, name = index instanceMethod = true
BB 1
	outgoing: 7 2 
	datadep: 
	instructions:
BB 2
	outgoing: 3 4 
	datadep: 
	instructions:
		 0: def_%self 
		 1: def_%v_0 
		 2: COPY TYPE_CurrentScope def_%current_scope 
		 3: COPY TYPE_ScopeModule def_%current_module 
		 4: 
		 5: Line Number 8
		 6: (Redmine) def_%v_3 
		 7: (inherit DefaultData) def_%v_4 %v_3[2.6,] 
		 8: %v_4[2.7,] 
BB 3
	outgoing: 4 
	datadep: 
	instructions:
		 0: %v_3->const_missing def_%v_4 %v_3[2.6,] 	 SYMBOL:DefaultData,	 ARGS:Symbol,
BB 4
	outgoing: 5 6 
	datadep: 
	instructions:
		 0: (inherit Loader) def_%v_5 %v_4[3.0,2.7,] 
		 1: %v_5[4.0,] 
BB 5
	outgoing: 6 
	datadep: 
	instructions:
		 0: %v_4->const_missing def_%v_5 %v_4[3.0,2.7,] 	 SYMBOL:Loader,	 ARGS:Symbol,
BB 6
	outgoing: 7 
	datadep: 
	instructions:
		 0: %v_5->no_data? def_%v_6 %v_5[5.0,4.0,] 	 SYMBOL:	 ARGS:
		 1: ATTRASSIGN %self->no_configuration_data %v_6[6.0,] 
		 2: RETURN %v_6[6.0,] %self[6.1,2.0,] 
BB 7
	outgoing: 
	datadep: 
	instructions:

SET IRMethod, name = projects instanceMethod = true
BB 1
	outgoing: 14 2 
	datadep: 
	instructions:
BB 2
	outgoing: 3 4 
	datadep: 
	instructions:
		 0: def_%self 
		 1: def_%v_0 
		 2: COPY TYPE_CurrentScope def_%current_scope 
		 3: COPY TYPE_ScopeModule def_%current_module 
		 4: 
		 5: Line Number 22
		 6: %self->params def_%v_3 %self[2.0,] 	 SYMBOL:	 ARGS:
		 7: %v_3->[] def_%v_4 %v_3[2.6,] 	 SYMBOL:status,	 ARGS:Symbol,
		 8: BRANCH %v_4[2.7,] 
BB 3
	outgoing: 4 
	datadep: 
	instructions:
		 0: COPY TYPE_Fixnum def_%v_4 
BB 4
	outgoing: 5 6 
	datadep: 
	instructions:
		 0: ATTRASSIGN %self->status %v_4[3.0,2.7,] 
		 1: Line Number 23
		 2: (Project) def_%v_5 
		 3: GETFIELD %self->status def_%v_6 %self[4.0,2.0,] 
		 4: %v_5->status def_%v_7 %v_5[4.2,] %v_6[4.3,] 	 SYMBOL:	 ARGS:%v_6,
		 5: %v_7->sorted def_%v_8 %v_7[4.4,] 	 SYMBOL:	 ARGS:
		 6: COPY TYPE_PASS def_scope %v_8[4.5,] 
		 7: Line Number 24
		 8: %self->params def_%v_9 %self[4.0,2.0,] 	 SYMBOL:	 ARGS:
		 9: %v_9->[] def_%v_10 %v_9[4.8,] 	 SYMBOL:name,	 ARGS:Symbol,
		 10: %v_10->present? def_%v_11 %v_10[4.9,] 	 SYMBOL:	 ARGS:
		 11: BRANCH %v_11[4.10,] 
BB 5
	outgoing: 7 
	datadep: 
	instructions:
		 0: %self->params def_%v_12 %self[4.0,2.0,] 	 SYMBOL:	 ARGS:
		 1: %v_12->[] def_%v_13 %v_12[5.0,] 	 SYMBOL:name,	 ARGS:Symbol,
		 2: scope->like def_%v_14 scope[4.6,] %v_13[5.1,] 	 SYMBOL:	 ARGS:%v_13,
		 3: COPY TYPE_PASS def_scope %v_14[5.2,] 
		 4: 
BB 6
	outgoing: 7 
	datadep: 
	instructions:
		 0: COPY TYPE_Nil def_%v_14 
BB 7
	outgoing: 8 9 
	datadep: 
	instructions:
		 0: Line Number 25
		 1: scope->count def_%v_15 scope[5.3,4.6,] 	 SYMBOL:	 ARGS:
		 2: ATTRASSIGN %self->project_count %v_15[7.1,] 
		 3: Line Number 26
		 4: (Paginator) def_%v_16 
		 5: GETFIELD %self->project_count def_%v_17 %self[7.2,2.0,] 
		 6: %self->per_page_option def_%v_18 %self[7.2,4.0,2.0,] 	 SYMBOL:	 ARGS:
		 7: %self->params def_%v_19 %self[7.2,7.6,4.0,2.0,] 	 SYMBOL:	 ARGS:
		 8: COPY TYPE_StringLiteral "page" def_%v_20 
		 9: %v_19->[] def_%v_21 %v_19[7.7,] %v_20[7.8,] 	 SYMBOL:	 ARGS:%v_20,
		 10: %v_16->new def_%v_22 %v_16[7.4,] %v_17[7.5,] %v_18[7.6,] %v_21[7.9,] 	 SYMBOL:	 ARGS:%v_17,%v_18,%v_21,
		 11: ATTRASSIGN %self->project_pages %v_22[7.10,] 
		 12: Line Number 27
		 13: GETFIELD %self->project_pages def_%v_23 %self[7.6,7.7,7.11,2.0,] 
		 14: %v_23->per_page def_%v_24 %v_23[7.13,] 	 SYMBOL:	 ARGS:
		 15: scope->limit def_%v_25 scope[7.1,5.3,4.6,] %v_24[7.14,] 	 SYMBOL:	 ARGS:%v_24,
		 16: GETFIELD %self->project_pages def_%v_26 %self[7.6,7.7,7.11,2.0,] 
		 17: %v_26->offset def_%v_27 %v_26[7.16,] 	 SYMBOL:	 ARGS:
		 18: %v_25->offset def_%v_28 %v_25[7.15,] %v_27[7.17,] 	 SYMBOL:	 ARGS:%v_27,
		 19: %v_28->to_a def_%v_29 %v_28[7.18,] 	 SYMBOL:	 ARGS:
		 20: ATTRASSIGN %self->projects %v_29[7.19,] 
		 21: Line Number 28
		 22: %self->request def_%v_30 %self[7.2,7.6,7.7,7.11,7.20,4.0,2.0,] 	 SYMBOL:	 ARGS:
		 23: %v_30->xhr? def_%v_31 %v_30[7.22,] 	 SYMBOL:	 ARGS:
		 24: BRANCH %v_31[7.23,] 
BB 8
	outgoing: 10 
	datadep: 
	instructions:
		 0: COPY TYPE_StringLiteral "projects" def_%v_32 
		 1: HASH-action-layout- def_%v_33 %v_32[8.0,] 
		 2: %self->render def_%v_34 %self[7.2,7.11,7.20,4.0,2.0,] %v_33[8.1,] 	 SYMBOL:	 ARGS:%v_33,
		 3: 
BB 9
	outgoing: 10 
	datadep: 
	instructions:
		 0: COPY TYPE_Nil def_%v_34 
BB 10
	outgoing: 11 12 
	datadep: 
	instructions:
		 0: Line Number 29
		 1: %self->l def_%v_35 %self[7.2,7.11,7.20,4.0,2.0,] 	 SYMBOL:label_project_new,	 ARGS:Symbol,
		 2: %self->new_project_path def_%v_36 %self[10.1,7.2,7.11,7.20,4.0,2.0,] 	 SYMBOL:	 ARGS:
		 3: COPY TYPE_StringLiteral "icon icon-add" def_%v_37 
		 4: HASH-class- def_%v_38 %v_37[10.3,] 
		 5: %self->link_to def_%v_39 %self[10.1,10.2,7.2,7.11,7.20,4.0,2.0,] %v_35[10.1,] %v_36[10.2,] %v_38[10.4,] 	 SYMBOL:	 ARGS:%v_35,%v_36,%v_38,
		 6: Line Number 30
		 7: %self->l def_%v_40 %self[10.1,10.2,10.5,7.2,7.11,7.20,4.0,2.0,] 	 SYMBOL:label_project_plural,	 ARGS:Symbol,
		 8: %self->title def_%v_41 %self[10.1,10.2,10.5,10.7,7.2,7.11,7.20,4.0,2.0,] %v_40[10.7,] 	 SYMBOL:	 ARGS:%v_40,
		 9: Line Number 31
		 10: HASH- def_%v_42 
		 11: HASH-method- def_%v_43 
		 12: %self->form_tag def_%v_44 %self[10.1,10.2,10.5,10.7,10.8,7.2,7.11,7.20,4.0,2.0,] %v_42[10.10,] %v_43[10.11,] %self[10.1,10.2,10.5,10.7,10.8,7.2,7.11,7.20,4.0,2.0,] 	 SYMBOL:	 ARGS:%v_42,%v_43,%self,
CLOSURE BEGIN: %self[10.1,10.2,10.5,10.7,10.8,7.2,7.11,7.20,4.0,2.0,] 
BB 1
	outgoing: 6 2 
	datadep: 
	instructions:
BB 2
	outgoing: 3 
	datadep: 
	instructions:
		 0: def_%self 
		 1: def_%cl_1_0 
		 2: COPY TYPE_CurrentScope def_%current_scope 
		 3: COPY TYPE_ScopeModule def_%current_module 
BB 3
	outgoing: 4 6 
	datadep: 
	instructions:
		 0: Line Number 32
		 1: %self->l def_%cl_1_3 %self[2.0,] 	 SYMBOL:label_filter_plural,	 ARGS:Symbol,
		 2: Line Number 33
		 3: %self->l def_%cl_1_4 %self[3.1,2.0,] 	 SYMBOL:field_status,	 ARGS:Symbol,
		 4: Line Number 34
		 5: COPY TYPE_StringLiteral "status" def_%cl_1_5 
		 6: GETFIELD %self->status def_%cl_1_6 %self[3.1,3.3,2.0,] 
		 7: %self->project_status_options_for_select def_%cl_1_7 %self[3.1,3.3,2.0,] %cl_1_6[3.6,] 	 SYMBOL:	 ARGS:%cl_1_6,
		 8: COPY TYPE_StringLiteral "small" def_%cl_1_8 
		 9: COPY TYPE_StringLiteral "this.form.submit(); return false;" def_%cl_1_9 
		 10: HASH-class-onchange- def_%cl_1_10 %cl_1_8[3.8,] %cl_1_9[3.9,] 
		 11: %self->select_tag def_%cl_1_11 %self[3.1,3.3,3.7,2.0,] %cl_1_5[3.5,] %cl_1_7[3.7,] %cl_1_10[3.10,] 	 SYMBOL:	 ARGS:%cl_1_5,%cl_1_7,%cl_1_10,
		 12: Line Number 35
		 13: %self->l def_%cl_1_12 %self[3.1,3.3,3.7,3.11,2.0,] 	 SYMBOL:label_project,	 ARGS:Symbol,
		 14: Line Number 36
		 15: COPY TYPE_StringLiteral "name" def_%cl_1_13 
		 16: %self->params def_%cl_1_14 %self[3.1,3.3,3.7,3.11,3.13,2.0,] 	 SYMBOL:	 ARGS:
		 17: %cl_1_14->[] def_%cl_1_15 %cl_1_14[3.16,] 	 SYMBOL:name,	 ARGS:Symbol,
		 18: HASH-size- def_%cl_1_16 
		 19: %self->text_field_tag def_%cl_1_17 %self[3.1,3.3,3.7,3.11,3.13,3.16,2.0,] %cl_1_13[3.15,] %cl_1_15[3.17,] %cl_1_16[3.18,] 	 SYMBOL:	 ARGS:%cl_1_13,%cl_1_15,%cl_1_16,
		 20: Line Number 37
		 21: %self->l def_%cl_1_18 %self[3.1,3.3,3.7,3.11,3.13,3.16,3.19,2.0,] 	 SYMBOL:button_apply,	 ARGS:Symbol,
		 22: COPY TYPE_StringLiteral "small" def_%cl_1_19 
		 23: HASH-class-name- def_%cl_1_20 %cl_1_19[3.22,] 
		 24: %self->submit_tag def_%cl_1_21 %self[3.1,3.3,3.7,3.11,3.13,3.16,3.19,3.21,2.0,] %cl_1_18[3.21,] %cl_1_20[3.23,] 	 SYMBOL:	 ARGS:%cl_1_18,%cl_1_20,
		 25: Line Number 38
		 26: %self->l def_%cl_1_22 %self[3.1,3.3,3.7,3.11,3.13,3.16,3.19,3.21,3.24,2.0,] 	 SYMBOL:button_clear,	 ARGS:Symbol,
		 27: %self->admin_projects_path def_%cl_1_23 %self[3.1,3.3,3.7,3.11,3.13,3.16,3.19,3.21,3.24,3.26,2.0,] 	 SYMBOL:	 ARGS:
		 28: COPY TYPE_StringLiteral "icon icon-reload" def_%cl_1_24 
		 29: HASH-class- def_%cl_1_25 %cl_1_24[3.28,] 
		 30: %self->link_to def_%cl_1_26 %self[3.1,3.3,3.7,3.11,3.13,3.16,3.19,3.21,3.24,3.26,3.27,2.0,] %cl_1_22[3.26,] %cl_1_23[3.27,] %cl_1_25[3.29,] 	 SYMBOL:	 ARGS:%cl_1_22,%cl_1_23,%cl_1_25,
		 31: RETURN %cl_1_26[3.30,] %self[3.1,3.3,3.7,3.11,3.13,3.16,3.19,3.21,3.24,3.26,3.27,3.30,2.0,] 
BB 4
	outgoing: 6 
	datadep: 
	instructions:
		 0: def_%cl_1_27 
		 1: def_%cl_1_28 %cl_1_27[4.0,] 
		 2: RETURN %cl_1_28[4.1,] %self[2.0,] 
BB 6
	outgoing: 
	datadep: 
	instructions:
CLOSURE END: 
		 13: Line Number 40
		 14: GETFIELD %self->projects def_%v_45 %self[10.1,10.2,10.5,10.7,10.8,10.12,7.20,2.0,] 
		 15: %v_45->any? def_%v_46 %v_45[10.14,] 	 SYMBOL:	 ARGS:
		 16: BRANCH %v_46[10.15,] 
BB 11
	outgoing: 14 
	datadep: 
	instructions:
		 0: Line Number 41
		 1: %self->l def_%v_47 %self[7.2,7.11,7.20,4.0,2.0,] 	 SYMBOL:label_project,	 ARGS:Symbol,
		 2: Line Number 42
		 3: %self->l def_%v_48 %self[11.1,7.2,7.11,7.20,4.0,2.0,] 	 SYMBOL:field_is_public,	 ARGS:Symbol,
		 4: Line Number 43
		 5: %self->l def_%v_49 %self[11.1,11.3,7.2,7.11,7.20,4.0,2.0,] 	 SYMBOL:field_created_on,	 ARGS:Symbol,
		 6: Line Number 44
		 7: GETFIELD %self->projects def_%v_50 %self[11.1,11.3,11.5,7.20,2.0,] 
		 8: HASH-init_level- def_%v_51 
		 9: %self->project_tree def_%v_52 %self[11.1,11.3,11.5,7.2,7.11,7.20,4.0,2.0,] %v_50[11.7,] %v_51[11.8,] %self[11.1,11.3,11.5,7.2,7.11,7.20,4.0,2.0,] 	 SYMBOL:	 ARGS:%v_50,%v_51,%self,
CLOSURE BEGIN: project[] level[] %self[11.1,11.3,11.5,7.2,7.11,7.20,4.0,2.0,] 
BB 1
	outgoing: 19 2 
	datadep: 
	instructions:
BB 2
	outgoing: 3 
	datadep: 
	instructions:
		 0: def_%self 
		 1: def_%cl_2_0 
		 2: RECEIVEARG def_project 
		 3: RECEIVEARG def_level 
		 4: COPY TYPE_CurrentScope def_%current_scope 
		 5: COPY TYPE_ScopeModule def_%current_module 
BB 3
	outgoing: 4 5 17 
	datadep: 
	instructions:
		 0: Line Number 45
		 1: project->css_classes def_%cl_2_3 project[2.2,] 	 SYMBOL:	 ARGS:
		 2: Line Number 46
		 3: level->> def_%cl_2_4 level[2.3,] 	 SYMBOL:	 ARGS:Fixnum,
		 4: BRANCH %cl_2_4[3.3,] 
BB 4
	outgoing: 6 17 
	datadep: 
	instructions:
		 0: COPY TYPE_StringLiteral "idnt idnt-" def_%cl_2_5 
		 1: BUILDSTRING def_%cl_2_6 %cl_2_5[4.0,] level[2.3,] 
		 2: 
BB 5
	outgoing: 6 
	datadep: 
	instructions:
		 0: COPY TYPE_Nil def_%cl_2_6 
BB 6
	outgoing: 7 8 17 
	datadep: 
	instructions:
		 0: Line Number 47
		 1: HASH- def_%cl_2_7 
		 2: project->short_description def_%cl_2_8 project[2.2,] 	 SYMBOL:	 ARGS:
		 3: HASH-title- def_%cl_2_9 %cl_2_8[6.2,] 
		 4: %self->link_to_project_settings def_%cl_2_10 %self[2.0,] project[6.2,2.2,] %cl_2_7[6.1,] %cl_2_9[6.3,] 	 SYMBOL:	 ARGS:project,%cl_2_7,%cl_2_9,
		 5: Line Number 48
		 6: project->is_public? def_%cl_2_11 project[6.2,2.2,] 	 SYMBOL:	 ARGS:
		 7: %self->checked_image def_%cl_2_12 %self[6.4,2.0,] %cl_2_11[6.6,] 	 SYMBOL:	 ARGS:%cl_2_11,
		 8: Line Number 49
		 9: project->created_on def_%cl_2_13 project[6.2,6.6,2.2,] 	 SYMBOL:	 ARGS:
		 10: %self->format_date def_%cl_2_14 %self[6.4,6.7,2.0,] %cl_2_13[6.9,] 	 SYMBOL:	 ARGS:%cl_2_13,
		 11: Line Number 50
		 12: project->archived? def_%cl_2_15 project[6.2,6.6,6.9,2.2,] 	 SYMBOL:	 ARGS:
		 13: BRANCH %cl_2_15[6.12,] 
BB 7
	outgoing: 9 
	datadep: 
	instructions:
		 0: COPY TYPE_Nil def_%cl_2_16 
		 1: 
BB 8
	outgoing: 9 17 
	datadep: 
	instructions:
		 0: %self->l def_%cl_2_17 %self[2.0,] 	 SYMBOL:button_archive,	 ARGS:Symbol,
		 1: %self->params def_%cl_2_18 %self[8.0,2.0,] 	 SYMBOL:	 ARGS:
		 2: %cl_2_18->[] def_%cl_2_19 %cl_2_18[8.1,] 	 SYMBOL:status,	 ARGS:Symbol,
		 3: HASH-status- def_%cl_2_20 %cl_2_19[8.2,] 
		 4: %self->archive_project_path def_%cl_2_21 %self[8.0,8.1,2.0,] project[2.2,] %cl_2_20[8.3,] 	 SYMBOL:	 ARGS:project,%cl_2_20,
		 5: %self->l def_%cl_2_22 %self[8.0,8.1,8.4,2.0,] 	 SYMBOL:text_are_you_sure,	 ARGS:Symbol,
		 6: HASH-confirm- def_%cl_2_23 %cl_2_22[8.5,] 
		 7: COPY TYPE_StringLiteral "icon icon-lock" def_%cl_2_24 
		 8: HASH-data-method-class- def_%cl_2_25 %cl_2_23[8.6,] %cl_2_24[8.7,] 
		 9: %self->link_to def_%cl_2_26 %self[8.0,8.1,8.4,8.5,2.0,] %cl_2_17[8.0,] %cl_2_21[8.4,] %cl_2_25[8.8,] 	 SYMBOL:	 ARGS:%cl_2_17,%cl_2_21,%cl_2_25,
		 10: COPY TYPE_PASS def_%cl_2_16 %cl_2_26[8.9,] 
BB 9
	outgoing: 10 13 17 
	datadep: 
	instructions:
		 0: Line Number 51
		 1: project->archived? def_%cl_2_27 project[2.2,] 	 SYMBOL:	 ARGS:
		 2: BRANCH %cl_2_27[9.1,] 
BB 10
	outgoing: 11 12 17 
	datadep: 
	instructions:
		 0: project->parent def_%cl_2_28 project[2.2,] 	 SYMBOL:	 ARGS:
		 1: %cl_2_28->nil? def_%cl_2_29 %cl_2_28[10.0,] 	 SYMBOL:	 ARGS:
		 2: BRANCH %cl_2_29[10.1,] 
BB 11
	outgoing: 12 17 
	datadep: 
	instructions:
		 0: project->parent def_%cl_2_30 project[2.2,] 	 SYMBOL:	 ARGS:
		 1: %cl_2_30->archived? def_%cl_2_31 %cl_2_30[11.0,] 	 SYMBOL:	 ARGS:
		 2: %cl_2_31->! def_%cl_2_32 %cl_2_31[11.1,] 	 SYMBOL:	 ARGS:
		 3: COPY TYPE_PASS def_%cl_2_29 %cl_2_32[11.2,] 
BB 12
	outgoing: 13 
	datadep: 
	instructions:
		 0: COPY TYPE_PASS def_%cl_2_27 %cl_2_29[11.3,10.1,] 
BB 13
	outgoing: 14 15 
	datadep: 
	instructions:
		 0: BRANCH %cl_2_27[12.0,9.1,] 
BB 14
	outgoing: 16 17 
	datadep: 
	instructions:
		 0: %self->l def_%cl_2_33 %self[2.0,] 	 SYMBOL:button_unarchive,	 ARGS:Symbol,
		 1: %self->params def_%cl_2_34 %self[14.0,2.0,] 	 SYMBOL:	 ARGS:
		 2: %cl_2_34->[] def_%cl_2_35 %cl_2_34[14.1,] 	 SYMBOL:status,	 ARGS:Symbol,
		 3: HASH-status- def_%cl_2_36 %cl_2_35[14.2,] 
		 4: %self->unarchive_project_path def_%cl_2_37 %self[14.0,14.1,2.0,] project[2.2,] %cl_2_36[14.3,] 	 SYMBOL:	 ARGS:project,%cl_2_36,
		 5: COPY TYPE_StringLiteral "icon icon-unlock" def_%cl_2_38 
		 6: HASH-method-class- def_%cl_2_39 %cl_2_38[14.5,] 
		 7: %self->link_to def_%cl_2_40 %self[14.0,14.1,14.4,2.0,] %cl_2_33[14.0,] %cl_2_37[14.4,] %cl_2_39[14.6,] 	 SYMBOL:	 ARGS:%cl_2_33,%cl_2_37,%cl_2_39,
		 8: 
BB 15
	outgoing: 16 
	datadep: 
	instructions:
		 0: COPY TYPE_Nil def_%cl_2_40 
BB 16
	outgoing: 17 19 
	datadep: 
	instructions:
		 0: Line Number 52
		 1: %self->l def_%cl_2_41 %self[2.0,] 	 SYMBOL:button_copy,	 ARGS:Symbol,
		 2: %self->copy_project_path def_%cl_2_42 %self[16.1,2.0,] project[2.2,] 	 SYMBOL:	 ARGS:project,
		 3: COPY TYPE_StringLiteral "icon icon-copy" def_%cl_2_43 
		 4: HASH-class- def_%cl_2_44 %cl_2_43[16.3,] 
		 5: %self->link_to def_%cl_2_45 %self[16.1,16.2,2.0,] %cl_2_41[16.1,] %cl_2_42[16.2,] %cl_2_44[16.4,] 	 SYMBOL:	 ARGS:%cl_2_41,%cl_2_42,%cl_2_44,
		 6: Line Number 53
		 7: %self->l def_%cl_2_46 %self[16.1,16.2,16.5,2.0,] 	 SYMBOL:button_delete,	 ARGS:Symbol,
		 8: %self->project_path def_%cl_2_47 %self[16.1,16.2,16.5,16.7,2.0,] project[2.2,] 	 SYMBOL:	 ARGS:project,
		 9: COPY TYPE_StringLiteral "icon icon-del" def_%cl_2_48 
		 10: HASH-method-class- def_%cl_2_49 %cl_2_48[16.9,] 
		 11: %self->link_to def_%cl_2_50 %self[16.1,16.2,16.5,16.7,16.8,2.0,] %cl_2_46[16.7,] %cl_2_47[16.8,] %cl_2_49[16.10,] 	 SYMBOL:	 ARGS:%cl_2_46,%cl_2_47,%cl_2_49,
		 12: RETURN %cl_2_50[16.11,] %self[16.1,16.2,16.5,16.7,16.8,16.11,2.0,] 
BB 17
	outgoing: 19 
	datadep: 
	instructions:
		 0: def_%cl_2_51 
		 1: def_%cl_2_52 %cl_2_51[17.0,] 
		 2: RETURN %cl_2_52[17.1,] %self[2.0,] 
BB 19
	outgoing: 
	datadep: 
	instructions:
CLOSURE END: level[2.3,] 
		 10: Line Number 55
		 11: GETFIELD %self->project_pages def_%v_53 %self[11.1,11.3,11.5,11.9,7.11,2.0,] 
		 12: GETFIELD %self->project_count def_%v_54 %self[11.1,11.3,11.5,11.9,7.2,2.0,] 
		 13: %self->pagination_links_full def_%v_55 %self[11.1,11.3,11.5,11.9,7.2,7.11,7.20,4.0,2.0,] %v_53[11.11,] %v_54[11.12,] 	 SYMBOL:	 ARGS:%v_53,%v_54,
		 14: RETURN %v_55[11.13,] %self[11.1,11.3,11.5,11.9,11.13,7.2,7.11,7.20,4.0,2.0,] 
BB 12
	outgoing: 14 
	datadep: 
	instructions:
		 0: Line Number 57
		 1: %self->l def_%v_56 %self[7.2,7.11,7.20,4.0,2.0,] 	 SYMBOL:label_no_data,	 ARGS:Symbol,
		 2: RETURN %v_56[12.1,] %self[12.1,7.2,7.11,7.20,4.0,2.0,] 
BB 14
	outgoing: 
	datadep: 
	instructions:

SET IRMethod, name = plugins instanceMethod = true
BB 1
	outgoing: 5 2 
	datadep: 
	instructions:
BB 2
	outgoing: 3 4 
	datadep: 
	instructions:
		 0: def_%self 
		 1: def_%v_0 
		 2: COPY TYPE_CurrentScope def_%current_scope 
		 3: COPY TYPE_ScopeModule def_%current_module 
		 4: 
		 5: Line Number 61
		 6: (Redmine) def_%v_3 
		 7: (inherit Plugin) def_%v_4 %v_3[2.6,] 
		 8: %v_4[2.7,] 
BB 3
	outgoing: 4 
	datadep: 
	instructions:
		 0: %v_3->const_missing def_%v_4 %v_3[2.6,] 	 SYMBOL:Plugin,	 ARGS:Symbol,
BB 4
	outgoing: 5 
	datadep: 
	instructions:
		 0: %v_4->all def_%v_5 %v_4[3.0,2.7,] 	 SYMBOL:	 ARGS:
		 1: ATTRASSIGN %self->plugins %v_5[4.0,] 
		 2: RETURN %v_5[4.0,] %self[4.1,2.0,] 
BB 5
	outgoing: 
	datadep: 
	instructions:

SET IRMethod, name = default_configuration instanceMethod = true
BB 1
	outgoing: 21 2 
	datadep: 
	instructions:
BB 2
	outgoing: 3 19 
	datadep: 
	instructions:
		 0: def_%self 
		 1: def_%v_0 
		 2: COPY TYPE_CurrentScope def_%current_scope 
		 3: COPY TYPE_ScopeModule def_%current_module 
		 4: 
		 5: Line Number 84
		 6: %self->request def_%v_3 %self[2.0,] 	 SYMBOL:	 ARGS:
		 7: %v_3->post? def_%v_4 %v_3[2.6,] 	 SYMBOL:	 ARGS:
		 8: BRANCH %v_4[2.7,] 
BB 3
	outgoing: 5 
	datadep: 
	instructions:
		 0: Line Number 85
		 1: GLOBALVAR $! def_%v_5 
BB 5
	outgoing: 6 7 11 
	datadep: 
	instructions:
		 0: 
		 1: Line Number 86
		 2: (Redmine) def_%v_8 
		 3: (inherit DefaultData) def_%v_9 %v_8[5.2,] 
		 4: %v_9[5.3,] 
BB 6
	outgoing: 7 11 
	datadep: 
	instructions:
		 0: %v_8->const_missing def_%v_9 %v_8[5.2,] 	 SYMBOL:DefaultData,	 ARGS:Symbol,
BB 7
	outgoing: 8 9 11 
	datadep: 
	instructions:
		 0: (inherit Loader) def_%v_10 %v_9[6.0,5.3,] 
		 1: %v_10[7.0,] 
BB 8
	outgoing: 9 11 
	datadep: 
	instructions:
		 0: %v_9->const_missing def_%v_10 %v_9[6.0,5.3,] 	 SYMBOL:Loader,	 ARGS:Symbol,
BB 9
	outgoing: 10 11 
	datadep: 
	instructions:
		 0: %self->params def_%v_11 %self[2.0,] 	 SYMBOL:	 ARGS:
		 1: %v_11->[] def_%v_12 %v_11[9.0,] 	 SYMBOL:lang,	 ARGS:Symbol,
		 2: %v_10->load def_%v_13 %v_10[8.0,7.0,] %v_12[9.1,] 	 SYMBOL:	 ARGS:%v_12,
		 3: Line Number 87
		 4: %self->flash def_%v_14 %self[9.0,2.0,] 	 SYMBOL:	 ARGS:
		 5: %self->l def_%v_15 %self[9.0,9.4,2.0,] 	 SYMBOL:notice_default_data_loaded,	 ARGS:Symbol,
		 6: ATTRASSIGN %v_14->[] %v_15[9.5,] 
		 7: COPY TYPE_PASS def_%v_7 %v_15[9.5,] 
		 8: %v_5[3.1,] 
BB 10
	outgoing: 18 
	datadep: 
	instructions:
		 0: 
BB 11
	outgoing: 12 13 17 
	datadep: 
	instructions:
		 0: def_%v_16 
		 1: (Exception) def_%v_17 
		 2: def_%v_18 %v_17[11.1,] %v_16[11.0,] 
		 3: BRANCH %v_18[11.2,] 
BB 12
	outgoing: 17 21 
	datadep: 
	instructions:
		 0: %v_16[11.0,] 
BB 13
	outgoing: 14 15 17 
	datadep: 
	instructions:
		 0: GLOBALVAR $! def_%v_19 
		 1: COPY TYPE_PASS def_e %v_19[13.0,] 
		 2: Line Number 89
		 3: %self->flash def_%v_20 %self[2.0,] 	 SYMBOL:	 ARGS:
		 4: (ERB) def_%v_21 
		 5: (inherit Util) def_%v_22 %v_21[13.4,] 
		 6: %v_22[13.5,] 
BB 14
	outgoing: 15 17 
	datadep: 
	instructions:
		 0: %v_21->const_missing def_%v_22 %v_21[13.4,] 	 SYMBOL:Util,	 ARGS:Symbol,
BB 15
	outgoing: 16 17 
	datadep: 
	instructions:
		 0: e->message def_%v_23 e[13.1,] 	 SYMBOL:	 ARGS:
		 1: %v_22->h def_%v_24 %v_22[14.0,13.5,] %v_23[15.0,] 	 SYMBOL:	 ARGS:%v_23,
		 2: %self->l def_%v_25 %self[2.0,] %v_24[15.1,] 	 SYMBOL:error_can_t_load_default_data,	 ARGS:Symbol,%v_24,
		 3: ATTRASSIGN %v_20->[] %v_25[15.2,] 
		 4: COPY TYPE_PASS def_%v_7 %v_25[15.2,] 
		 5: %v_5[3.1,] 
BB 16
	outgoing: 18 
	datadep: 
	instructions:
		 0: 
BB 17
	outgoing: 21 
	datadep: 
	instructions:
		 0: def_%v_26 
		 1: def_%v_27 %v_26[17.0,] %v_5[3.1,] 
		 2: %v_26[17.0,] 
BB 18
	outgoing: 20 
	datadep: 
	instructions:
		 0: 
BB 19
	outgoing: 20 
	datadep: 
	instructions:
		 0: COPY TYPE_Nil def_%v_7 
BB 20
	outgoing: 21 
	datadep: 
	instructions:
		 0: Line Number 92
		 1: %self->admin_path def_%v_28 %self[2.0,] 	 SYMBOL:	 ARGS:
		 2: %self->redirect_to def_%v_29 %self[20.1,2.0,] %v_28[20.1,] 	 SYMBOL:	 ARGS:%v_28,
		 3: RETURN %v_29[20.2,] %self[20.1,20.2,2.0,] 
BB 21
	outgoing: 
	datadep: 
	instructions:

SET IRMethod, name = test_email instanceMethod = true
BB 1
	outgoing: 24 2 
	datadep: 
	instructions:
BB 2
	outgoing: 3 4 
	datadep: 
	instructions:
		 0: def_%self 
		 1: def_%v_0 
		 2: COPY TYPE_CurrentScope def_%current_scope 
		 3: COPY TYPE_ScopeModule def_%current_module 
		 4: 
		 5: Line Number 95
		 6: (ActionMailer) def_%v_3 
		 7: (inherit Base) def_%v_4 %v_3[2.6,] 
		 8: %v_4[2.7,] 
BB 3
	outgoing: 4 
	datadep: 
	instructions:
		 0: %v_3->const_missing def_%v_4 %v_3[2.6,] 	 SYMBOL:Base,	 ARGS:Symbol,
BB 4
	outgoing: 5 6 
	datadep: 
	instructions:
		 0: %v_4->raise_delivery_errors def_%v_5 %v_4[3.0,2.7,] 	 SYMBOL:	 ARGS:
		 1: COPY TYPE_PASS def_raise_delivery_errors %v_5[4.0,] 
		 2: Line Number 96
		 3: (ActionMailer) def_%v_6 
		 4: (inherit Base) def_%v_7 %v_6[4.3,] 
		 5: %v_7[4.4,] 
BB 5
	outgoing: 6 
	datadep: 
	instructions:
		 0: %v_6->const_missing def_%v_7 %v_6[4.3,] 	 SYMBOL:Base,	 ARGS:Symbol,
BB 6
	outgoing: 8 
	datadep: 
	instructions:
		 0: ATTRASSIGN %v_7->raise_delivery_errors 
		 1: Line Number 97
		 2: GLOBALVAR $! def_%v_8 
BB 8
	outgoing: 9 10 12 
	datadep: 
	instructions:
		 0: 
		 1: Line Number 98
		 2: (Mailer) def_%v_11 
		 3: (User) def_%v_12 
		 4: %v_12->current def_%v_13 %v_12[8.3,] 	 SYMBOL:	 ARGS:
		 5: %v_11->test_email def_%v_14 %v_11[8.2,] %v_13[8.4,] 	 SYMBOL:	 ARGS:%v_13,
		 6: %v_14->deliver def_%v_15 %v_14[8.5,] 	 SYMBOL:	 ARGS:
		 7: ATTRASSIGN %self->test %v_15[8.6,] 
		 8: Line Number 99
		 9: %self->flash def_%v_16 %self[8.7,2.0,] 	 SYMBOL:	 ARGS:
		 10: (ERB) def_%v_17 
		 11: (inherit Util) def_%v_18 %v_17[8.10,] 
		 12: %v_18[8.11,] 
BB 9
	outgoing: 10 12 
	datadep: 
	instructions:
		 0: %v_17->const_missing def_%v_18 %v_17[8.10,] 	 SYMBOL:Util,	 ARGS:Symbol,
BB 10
	outgoing: 11 12 
	datadep: 
	instructions:
		 0: (User) def_%v_19 
		 1: %v_19->current def_%v_20 %v_19[10.0,] 	 SYMBOL:	 ARGS:
		 2: %v_20->mail def_%v_21 %v_20[10.1,] 	 SYMBOL:	 ARGS:
		 3: %v_18->h def_%v_22 %v_18[9.0,8.11,] %v_21[10.2,] 	 SYMBOL:	 ARGS:%v_21,
		 4: %self->l def_%v_23 %self[8.7,2.0,] %v_22[10.3,] 	 SYMBOL:notice_email_sent,	 ARGS:Symbol,%v_22,
		 5: ATTRASSIGN %v_16->[] %v_23[10.4,] 
		 6: COPY TYPE_PASS def_%v_10 %v_23[10.4,] 
		 7: %v_8[6.2,] 
BB 11
	outgoing: 21 
	datadep: 
	instructions:
		 0: 
BB 12
	outgoing: 13 14 20 
	datadep: 
	instructions:
		 0: def_%v_24 
		 1: (Exception) def_%v_25 
		 2: def_%v_26 %v_25[12.1,] %v_24[12.0,] 
		 3: BRANCH %v_26[12.2,] 
BB 13
	outgoing: 20 24 
	datadep: 
	instructions:
		 0: %v_24[12.0,] 
BB 14
	outgoing: 15 16 20 
	datadep: 
	instructions:
		 0: GLOBALVAR $! def_%v_27 
		 1: COPY TYPE_PASS def_e %v_27[14.0,] 
		 2: Line Number 101
		 3: %self->flash def_%v_28 %self[8.7,2.0,] 	 SYMBOL:	 ARGS:
		 4: (ERB) def_%v_29 
		 5: (inherit Util) def_%v_30 %v_29[14.4,] 
		 6: %v_30[14.5,] 
BB 15
	outgoing: 16 20 
	datadep: 
	instructions:
		 0: %v_29->const_missing def_%v_30 %v_29[14.4,] 	 SYMBOL:Util,	 ARGS:Symbol,
BB 16
	outgoing: 17 18 20 
	datadep: 
	instructions:
		 0: (Redmine) def_%v_31 
		 1: (inherit CodesetUtil) def_%v_32 %v_31[16.0,] 
		 2: %v_32[16.1,] 
BB 17
	outgoing: 18 20 
	datadep: 
	instructions:
		 0: %v_31->const_missing def_%v_32 %v_31[16.0,] 	 SYMBOL:CodesetUtil,	 ARGS:Symbol,
BB 18
	outgoing: 19 20 
	datadep: 
	instructions:
		 0: e->message def_%v_33 e[14.1,] 	 SYMBOL:	 ARGS:
		 1: %v_33->dup def_%v_34 %v_33[18.0,] 	 SYMBOL:	 ARGS:
		 2: %v_32->replace_invalid_utf8 def_%v_35 %v_32[17.0,16.1,] %v_34[18.1,] 	 SYMBOL:	 ARGS:%v_34,
		 3: %v_30->h def_%v_36 %v_30[15.0,14.5,] %v_35[18.2,] 	 SYMBOL:	 ARGS:%v_35,
		 4: %self->l def_%v_37 %self[8.7,2.0,] %v_36[18.3,] 	 SYMBOL:notice_email_error,	 ARGS:Symbol,%v_36,
		 5: ATTRASSIGN %v_28->[] %v_37[18.4,] 
		 6: COPY TYPE_PASS def_%v_10 %v_37[18.4,] 
		 7: %v_8[6.2,] 
BB 19
	outgoing: 21 
	datadep: 
	instructions:
		 0: 
BB 20
	outgoing: 24 
	datadep: 
	instructions:
		 0: def_%v_38 
		 1: def_%v_39 %v_38[20.0,] %v_8[6.2,] 
		 2: %v_38[20.0,] 
BB 21
	outgoing: 22 23 
	datadep: 
	instructions:
		 0: Line Number 103
		 1: (ActionMailer) def_%v_40 
		 2: (inherit Base) def_%v_41 %v_40[21.1,] 
		 3: %v_41[21.2,] 
BB 22
	outgoing: 23 
	datadep: 
	instructions:
		 0: %v_40->const_missing def_%v_41 %v_40[21.1,] 	 SYMBOL:Base,	 ARGS:Symbol,
BB 23
	outgoing: 24 
	datadep: 
	instructions:
		 0: ATTRASSIGN %v_41->raise_delivery_errors raise_delivery_errors[4.1,] 
		 1: Line Number 104
		 2: COPY TYPE_StringLiteral "notifications" def_%v_42 
		 3: HASH-tab- def_%v_43 %v_42[23.2,] 
		 4: %self->settings_path def_%v_44 %self[8.7,2.0,] %v_43[23.3,] 	 SYMBOL:	 ARGS:%v_43,
		 5: %self->redirect_to def_%v_45 %self[23.4,8.7,2.0,] %v_44[23.4,] 	 SYMBOL:	 ARGS:%v_44,
		 6: RETURN %v_45[23.5,] %self[23.4,23.5,8.7,2.0,] 
BB 24
	outgoing: 
	datadep: 
	instructions:

SET IRMethod, name = info instanceMethod = true
BB 1
	outgoing: 7 2 
	datadep: 
	instructions:
BB 2
	outgoing: 3 4 
	datadep: 
	instructions:
		 0: def_%self 
		 1: def_%v_0 
		 2: COPY TYPE_CurrentScope def_%current_scope 
		 3: COPY TYPE_ScopeModule def_%current_module 
		 4: 
		 5: Line Number 107
		 6: (User) def_%v_3 
		 7: %v_3->default_admin_account_changed? def_%v_4 %v_3[2.6,] 	 SYMBOL:	 ARGS:
		 8: COPY TYPE_Array def_%v_5 %v_4[2.7,] 
		 9: (File) def_%v_6 
		 10: (Attachment) def_%v_7 
		 11: %v_7->storage_path def_%v_8 %v_7[2.10,] 	 SYMBOL:	 ARGS:
		 12: %v_6->writable? def_%v_9 %v_6[2.9,] %v_8[2.11,] 	 SYMBOL:	 ARGS:%v_8,
		 13: COPY TYPE_Array def_%v_10 %v_9[2.12,] 
		 14: Line Number 110
		 15: %self->l def_%v_11 %self[2.0,] 	 SYMBOL:text_plugin_assets_writable,	 ARGS:Symbol,
		 16: COPY TYPE_StringLiteral " (./public/plugin_assets)" def_%v_12 
		 17: BUILDSTRING def_%v_13 %v_11[2.15,] %v_12[2.16,] 
		 18: (File) def_%v_14 
		 19: (Redmine) def_%v_15 
		 20: (inherit Plugin) def_%v_16 %v_15[2.19,] 
		 21: %v_16[2.20,] 
BB 3
	outgoing: 4 
	datadep: 
	instructions:
		 0: %v_15->const_missing def_%v_16 %v_15[2.19,] 	 SYMBOL:Plugin,	 ARGS:Symbol,
BB 4
	outgoing: 5 6 
	datadep: 
	instructions:
		 0: %v_16->public_directory def_%v_17 %v_16[3.0,2.20,] 	 SYMBOL:	 ARGS:
		 1: %v_14->writable? def_%v_18 %v_14[2.18,] %v_17[4.0,] 	 SYMBOL:	 ARGS:%v_17,
		 2: COPY TYPE_Array def_%v_19 %v_13[2.17,] %v_18[4.1,] 
		 3: (Object) def_%v_20 
		 4: %v_20->const_defined? def_%v_21 %v_20[4.3,] 	 SYMBOL:Magick,	 ARGS:Symbol,
		 5: COPY TYPE_Array def_%v_22 %v_21[4.4,] 
		 6: (Redmine) def_%v_23 
		 7: (inherit Thumbnail) def_%v_24 %v_23[4.6,] 
		 8: %v_24[4.7,] 
BB 5
	outgoing: 6 
	datadep: 
	instructions:
		 0: %v_23->const_missing def_%v_24 %v_23[4.6,] 	 SYMBOL:Thumbnail,	 ARGS:Symbol,
BB 6
	outgoing: 7 
	datadep: 
	instructions:
		 0: %v_24->convert_available? def_%v_25 %v_24[5.0,4.7,] 	 SYMBOL:	 ARGS:
		 1: COPY TYPE_Array def_%v_26 %v_25[6.0,] 
		 2: COPY TYPE_Array def_%v_27 %v_5[2.8,] %v_10[2.13,] %v_19[4.2,] %v_22[4.5,] %v_26[6.1,] 
		 3: ATTRASSIGN %self->checklist %v_27[6.2,] 
		 4: RETURN %v_27[6.2,] %self[6.3,2.0,] 
BB 7
	outgoing: 
	datadep: 
	instructions:

