SET IRMethod, name = index instanceMethod = true
BB 1
	outgoing: 3 2 
	datadep: 
	instructions:
BB 2
	outgoing: 3 
	datadep: 
	instructions:
		 0: def_%self 
		 1: def_%v_0 
		 2: COPY TYPE_CurrentScope def_%current_scope 
		 3: COPY TYPE_ScopeModule def_%current_module 
		 4: 
		 5: Line Number 9
		 6: (AuthSource) def_%v_3 
		 7: HASH-per_page- def_%v_4 
		 8: %self->paginate def_%v_5 %self[2.0,] %v_3[2.6,] %v_4[2.7,] 	 SYMBOL:	 ARGS:%v_3,%v_4,
		 9: def_%v_6 %v_5[2.8,] 
		 10: def_%v_7 %v_6[2.9,] 
		 11: def_%v_8 %v_6[2.9,] 
		 12: ATTRASSIGN %self->auth_source_pages %v_7[2.10,] 
		 13: ATTRASSIGN %self->auth_sources %v_8[2.11,] 
		 14: RETURN %v_5[2.8,] %self[2.0,2.8,2.12,2.13,] 
BB 3
	outgoing: 
	datadep: 
	instructions:

SET IRMethod, name = new instanceMethod = true
BB 1
	outgoing: 3 2 
	datadep: 
	instructions:
BB 2
	outgoing: 3 
	datadep: 
	instructions:
		 0: def_%self 
		 1: def_%v_0 
		 2: COPY TYPE_CurrentScope def_%current_scope 
		 3: COPY TYPE_ScopeModule def_%current_module 
		 4: 
		 5: RETURN %self[2.0,] 
BB 3
	outgoing: 
	datadep: 
	instructions:

SET IRMethod, name = create instanceMethod = true
BB 1
	outgoing: 6 2 
	datadep: 
	instructions:
BB 2
	outgoing: 3 4 
	datadep: 
	instructions:
		 0: def_%self 
		 1: def_%v_0 
		 2: COPY TYPE_CurrentScope def_%current_scope 
		 3: COPY TYPE_ScopeModule def_%current_module 
		 4: 
		 5: Line Number 36
		 6: GETFIELD %self->auth_source def_%v_3 %self[2.0,] 
		 7: %v_3->save def_%v_4 %v_3[2.6,] 	 SYMBOL:	 ARGS:
		 8: BRANCH %v_4[2.7,] 
BB 3
	outgoing: 6 
	datadep: 
	instructions:
		 0: Line Number 37
		 1: %self->flash def_%v_5 %self[2.0,] 	 SYMBOL:	 ARGS:
		 2: %self->l def_%v_6 %self[3.1,2.0,] 	 SYMBOL:notice_successful_create,	 ARGS:Symbol,
		 3: ATTRASSIGN %v_5->[] %v_6[3.2,] 
		 4: Line Number 38
		 5: %self->auth_sources_path def_%v_7 %self[3.1,3.2,2.0,] 	 SYMBOL:	 ARGS:
		 6: %self->redirect_to def_%v_8 %self[3.1,3.2,3.5,2.0,] %v_7[3.5,] 	 SYMBOL:	 ARGS:%v_7,
		 7: RETURN %v_8[3.6,] %self[3.1,3.2,3.5,3.6,2.0,] 
BB 4
	outgoing: 6 
	datadep: 
	instructions:
		 0: Line Number 40
		 1: COPY TYPE_StringLiteral "new" def_%v_9 
		 2: HASH-action- def_%v_10 %v_9[4.1,] 
		 3: %self->render def_%v_11 %self[2.0,] %v_10[4.2,] 	 SYMBOL:	 ARGS:%v_10,
		 4: Line Number 41
		 5: %self->l def_%v_12 %self[4.3,2.0,] 	 SYMBOL:label_auth_source_plural,	 ARGS:Symbol,
		 6: %self->auth_sources_path def_%v_13 %self[4.3,4.5,2.0,] 	 SYMBOL:	 ARGS:
		 7: COPY TYPE_Array def_%v_14 %v_12[4.5,] %v_13[4.6,] 
		 8: %self->l def_%v_15 %self[4.3,4.5,4.6,2.0,] 	 SYMBOL:label_auth_source_new,	 ARGS:Symbol,
		 9: COPY TYPE_StringLiteral " (" def_%v_16 
		 10: GETFIELD %self->auth_source def_%v_17 %self[4.3,4.5,4.6,4.8,2.0,] 
		 11: %v_17->auth_method_name def_%v_18 %v_17[4.10,] 	 SYMBOL:	 ARGS:
		 12: COPY TYPE_StringLiteral ")" def_%v_19 
		 13: BUILDSTRING def_%v_20 %v_15[4.8,] %v_16[4.9,] %v_18[4.11,] %v_19[4.12,] 
		 14: %self->title def_%v_21 %self[4.3,4.5,4.6,4.8,2.0,] %v_14[4.7,] %v_20[4.13,] 	 SYMBOL:	 ARGS:%v_14,%v_20,
		 15: Line Number 42
		 16: GETFIELD %self->auth_source def_%v_22 %self[4.3,4.5,4.6,4.8,4.14,2.0,] 
		 17: %self->auth_sources_path def_%v_23 %self[4.3,4.5,4.6,4.8,4.14,2.0,] 	 SYMBOL:	 ARGS:
		 18: COPY TYPE_StringLiteral "auth_source_form" def_%v_24 
		 19: HASH-id- def_%v_25 %v_24[4.18,] 
		 20: HASH-as-url-html- def_%v_26 %v_23[4.17,] %v_25[4.19,] 
		 21: %self->labelled_form_for def_%v_27 %self[4.3,4.5,4.6,4.8,4.14,4.17,2.0,] %v_22[4.16,] %v_26[4.20,] %self[4.3,4.5,4.6,4.8,4.14,4.17,2.0,] 	 SYMBOL:	 ARGS:%v_22,%v_26,%self,
CLOSURE BEGIN: %self[4.3,4.5,4.6,4.8,4.14,4.17,2.0,] f[] 
BB 1
	outgoing: 6 2 
	datadep: 
	instructions:
BB 2
	outgoing: 3 
	datadep: 
	instructions:
		 0: def_%self 
		 1: def_%cl_1_0 
		 2: RECEIVEARG def_f 
		 3: COPY TYPE_CurrentScope def_%current_scope 
		 4: COPY TYPE_ScopeModule def_%current_module 
BB 3
	outgoing: 4 6 
	datadep: 
	instructions:
		 0: Line Number 43
		 1: COPY TYPE_StringLiteral "type" def_%cl_1_3 
		 2: GETFIELD %self->auth_source def_%cl_1_4 %self[2.0,] 
		 3: %cl_1_4->type def_%cl_1_5 %cl_1_4[3.2,] 	 SYMBOL:	 ARGS:
		 4: %self->hidden_field_tag def_%cl_1_6 %self[2.0,] %cl_1_3[3.1,] %cl_1_5[3.3,] 	 SYMBOL:	 ARGS:%cl_1_3,%cl_1_5,
		 5: Line Number 44
		 6: GETFIELD %self->auth_source def_%cl_1_7 %self[3.4,2.0,] 
		 7: %self->auth_source_partial_name def_%cl_1_8 %self[3.4,2.0,] %cl_1_7[3.6,] 	 SYMBOL:	 ARGS:%cl_1_7,
		 8: HASH-f- def_%cl_1_9 f[2.2,] 
		 9: HASH-partial-locals- def_%cl_1_10 %cl_1_8[3.7,] %cl_1_9[3.8,] 
		 10: %self->render def_%cl_1_11 %self[3.4,3.7,2.0,] %cl_1_10[3.9,] 	 SYMBOL:	 ARGS:%cl_1_10,
		 11: Line Number 45
		 12: %self->l def_%cl_1_12 %self[3.4,3.7,3.10,2.0,] 	 SYMBOL:button_create,	 ARGS:Symbol,
		 13: %self->submit_tag def_%cl_1_13 %self[3.4,3.7,3.10,3.12,2.0,] %cl_1_12[3.12,] 	 SYMBOL:	 ARGS:%cl_1_12,
		 14: RETURN %cl_1_13[3.13,] %self[3.4,3.7,3.10,3.12,3.13,2.0,] 
BB 4
	outgoing: 6 
	datadep: 
	instructions:
		 0: def_%cl_1_14 
		 1: def_%cl_1_15 %cl_1_14[4.0,] 
		 2: RETURN %cl_1_15[4.1,] %self[2.0,] 
BB 6
	outgoing: 
	datadep: 
	instructions:
CLOSURE END: 
		 22: RETURN %v_27[4.21,] %self[4.3,4.5,4.6,4.8,4.14,4.17,4.21,2.0,] 
BB 6
	outgoing: 
	datadep: 
	instructions:

SET IRMethod, name = edit instanceMethod = true
BB 1
	outgoing: 3 2 
	datadep: 
	instructions:
BB 2
	outgoing: 3 
	datadep: 
	instructions:
		 0: def_%self 
		 1: def_%v_0 
		 2: COPY TYPE_CurrentScope def_%current_scope 
		 3: COPY TYPE_ScopeModule def_%current_module 
		 4: 
		 5: RETURN %self[2.0,] 
BB 3
	outgoing: 
	datadep: 
	instructions:

SET IRMethod, name = update instanceMethod = true
BB 1
	outgoing: 6 2 
	datadep: 
	instructions:
BB 2
	outgoing: 3 4 
	datadep: 
	instructions:
		 0: def_%self 
		 1: def_%v_0 
		 2: COPY TYPE_CurrentScope def_%current_scope 
		 3: COPY TYPE_ScopeModule def_%current_module 
		 4: 
		 5: Line Number 57
		 6: GETFIELD %self->auth_source def_%v_3 %self[2.0,] 
		 7: %self->params def_%v_4 %self[2.0,] 	 SYMBOL:	 ARGS:
		 8: %v_4->[] def_%v_5 %v_4[2.7,] 	 SYMBOL:auth_source,	 ARGS:Symbol,
		 9: ATTRASSIGN %v_3->safe_attributes %v_5[2.8,] 
		 10: Line Number 58
		 11: GETFIELD %self->auth_source def_%v_6 %self[2.0,2.7,] 
		 12: %v_6->save def_%v_7 %v_6[2.11,] 	 SYMBOL:	 ARGS:
		 13: BRANCH %v_7[2.12,] 
BB 3
	outgoing: 6 
	datadep: 
	instructions:
		 0: Line Number 59
		 1: %self->flash def_%v_8 %self[2.0,] 	 SYMBOL:	 ARGS:
		 2: %self->l def_%v_9 %self[3.1,2.0,] 	 SYMBOL:notice_successful_update,	 ARGS:Symbol,
		 3: ATTRASSIGN %v_8->[] %v_9[3.2,] 
		 4: Line Number 60
		 5: %self->auth_sources_path def_%v_10 %self[3.1,3.2,2.0,] 	 SYMBOL:	 ARGS:
		 6: %self->redirect_to def_%v_11 %self[3.1,3.2,3.5,2.0,] %v_10[3.5,] 	 SYMBOL:	 ARGS:%v_10,
		 7: RETURN %v_11[3.6,] %self[3.1,3.2,3.5,3.6,2.0,] 
BB 4
	outgoing: 6 
	datadep: 
	instructions:
		 0: Line Number 62
		 1: COPY TYPE_StringLiteral "edit" def_%v_12 
		 2: HASH-action- def_%v_13 %v_12[4.1,] 
		 3: %self->render def_%v_14 %self[2.0,] %v_13[4.2,] 	 SYMBOL:	 ARGS:%v_13,
		 4: Line Number 63
		 5: %self->l def_%v_15 %self[4.3,2.0,] 	 SYMBOL:label_auth_source_plural,	 ARGS:Symbol,
		 6: %self->auth_sources_path def_%v_16 %self[4.3,4.5,2.0,] 	 SYMBOL:	 ARGS:
		 7: COPY TYPE_Array def_%v_17 %v_15[4.5,] %v_16[4.6,] 
		 8: GETFIELD %self->auth_source def_%v_18 %self[4.3,4.5,4.6,2.0,] 
		 9: %v_18->name def_%v_19 %v_18[4.8,] 	 SYMBOL:	 ARGS:
		 10: %self->title def_%v_20 %self[4.3,4.5,4.6,2.0,] %v_17[4.7,] %v_19[4.9,] 	 SYMBOL:	 ARGS:%v_17,%v_19,
		 11: Line Number 64
		 12: GETFIELD %self->auth_source def_%v_21 %self[4.3,4.5,4.6,4.10,2.0,] 
		 13: GETFIELD %self->auth_source def_%v_22 %self[4.3,4.5,4.6,4.10,2.0,] 
		 14: %self->auth_source_path def_%v_23 %self[4.3,4.5,4.6,4.10,2.0,] %v_22[4.13,] 	 SYMBOL:	 ARGS:%v_22,
		 15: COPY TYPE_StringLiteral "auth_source_form" def_%v_24 
		 16: HASH-id- def_%v_25 %v_24[4.15,] 
		 17: HASH-as-url-html- def_%v_26 %v_23[4.14,] %v_25[4.16,] 
		 18: %self->labelled_form_for def_%v_27 %self[4.3,4.5,4.6,4.10,4.14,2.0,] %v_21[4.12,] %v_26[4.17,] %self[4.3,4.5,4.6,4.10,4.14,2.0,] 	 SYMBOL:	 ARGS:%v_21,%v_26,%self,
CLOSURE BEGIN: %self[4.3,4.5,4.6,4.10,4.14,2.0,] f[] 
BB 1
	outgoing: 6 2 
	datadep: 
	instructions:
BB 2
	outgoing: 3 
	datadep: 
	instructions:
		 0: def_%self 
		 1: def_%cl_1_0 
		 2: RECEIVEARG def_f 
		 3: COPY TYPE_CurrentScope def_%current_scope 
		 4: COPY TYPE_ScopeModule def_%current_module 
BB 3
	outgoing: 4 6 
	datadep: 
	instructions:
		 0: Line Number 65
		 1: GETFIELD %self->auth_source def_%cl_1_3 %self[2.0,] 
		 2: %self->auth_source_partial_name def_%cl_1_4 %self[2.0,] %cl_1_3[3.1,] 	 SYMBOL:	 ARGS:%cl_1_3,
		 3: HASH-f- def_%cl_1_5 f[2.2,] 
		 4: HASH-partial-locals- def_%cl_1_6 %cl_1_4[3.2,] %cl_1_5[3.3,] 
		 5: %self->render def_%cl_1_7 %self[3.2,2.0,] %cl_1_6[3.4,] 	 SYMBOL:	 ARGS:%cl_1_6,
		 6: Line Number 66
		 7: %self->l def_%cl_1_8 %self[3.2,3.5,2.0,] 	 SYMBOL:button_save,	 ARGS:Symbol,
		 8: %self->submit_tag def_%cl_1_9 %self[3.2,3.5,3.7,2.0,] %cl_1_8[3.7,] 	 SYMBOL:	 ARGS:%cl_1_8,
		 9: RETURN %cl_1_9[3.8,] %self[3.2,3.5,3.7,3.8,2.0,] 
BB 4
	outgoing: 6 
	datadep: 
	instructions:
		 0: def_%cl_1_10 
		 1: def_%cl_1_11 %cl_1_10[4.0,] 
		 2: RETURN %cl_1_11[4.1,] %self[2.0,] 
BB 6
	outgoing: 
	datadep: 
	instructions:
CLOSURE END: 
		 19: RETURN %v_27[4.18,] %self[4.3,4.5,4.6,4.10,4.14,4.18,2.0,] 
BB 6
	outgoing: 
	datadep: 
	instructions:

SET IRMethod, name = test_connection instanceMethod = true
BB 1
	outgoing: 12 2 
	datadep: 
	instructions:
BB 2
	outgoing: 4 
	datadep: 
	instructions:
		 0: def_%self 
		 1: def_%v_0 
		 2: COPY TYPE_CurrentScope def_%current_scope 
		 3: COPY TYPE_ScopeModule def_%current_module 
		 4: 
		 5: Line Number 71
		 6: GLOBALVAR $! def_%v_3 
BB 4
	outgoing: 5 6 
	datadep: 
	instructions:
		 0: 
		 1: Line Number 72
		 2: GETFIELD %self->auth_source def_%v_6 %self[2.0,] 
		 3: %v_6->test_connection def_%v_7 %v_6[4.2,] 	 SYMBOL:	 ARGS:
		 4: Line Number 73
		 5: %self->flash def_%v_8 %self[2.0,] 	 SYMBOL:	 ARGS:
		 6: %self->l def_%v_9 %self[4.5,2.0,] 	 SYMBOL:notice_successful_connection,	 ARGS:Symbol,
		 7: ATTRASSIGN %v_8->[] %v_9[4.6,] 
		 8: COPY TYPE_PASS def_%v_5 %v_9[4.6,] 
		 9: %v_3[2.6,] 
BB 5
	outgoing: 11 
	datadep: 
	instructions:
		 0: 
BB 6
	outgoing: 7 8 10 
	datadep: 
	instructions:
		 0: def_%v_10 
		 1: (Exception) def_%v_11 
		 2: def_%v_12 %v_11[6.1,] %v_10[6.0,] 
		 3: BRANCH %v_12[6.2,] 
BB 7
	outgoing: 10 12 
	datadep: 
	instructions:
		 0: %v_10[6.0,] 
BB 8
	outgoing: 9 10 
	datadep: 
	instructions:
		 0: GLOBALVAR $! def_%v_13 
		 1: COPY TYPE_PASS def_e %v_13[8.0,] 
		 2: Line Number 75
		 3: %self->flash def_%v_14 %self[2.0,] 	 SYMBOL:	 ARGS:
		 4: e->message def_%v_15 e[8.1,] 	 SYMBOL:	 ARGS:
		 5: %self->l def_%v_16 %self[8.3,2.0,] %v_15[8.4,] 	 SYMBOL:error_unable_to_connect,	 ARGS:Symbol,%v_15,
		 6: ATTRASSIGN %v_14->[] %v_16[8.5,] 
		 7: COPY TYPE_PASS def_%v_5 %v_16[8.5,] 
		 8: %v_3[2.6,] 
BB 9
	outgoing: 11 
	datadep: 
	instructions:
		 0: 
BB 10
	outgoing: 12 
	datadep: 
	instructions:
		 0: def_%v_17 
		 1: def_%v_18 %v_17[10.0,] %v_3[2.6,] 
		 2: %v_17[10.0,] 
BB 11
	outgoing: 12 
	datadep: 
	instructions:
		 0: Line Number 77
		 1: %self->auth_sources_path def_%v_19 %self[2.0,] 	 SYMBOL:	 ARGS:
		 2: %self->redirect_to def_%v_20 %self[11.1,2.0,] %v_19[11.1,] 	 SYMBOL:	 ARGS:%v_19,
		 3: RETURN %v_20[11.2,] %self[11.1,11.2,2.0,] 
BB 12
	outgoing: 
	datadep: 
	instructions:

SET IRMethod, name = destroy instanceMethod = true
BB 1
	outgoing: 6 2 
	datadep: 
	instructions:
BB 2
	outgoing: 3 4 
	datadep: 
	instructions:
		 0: def_%self 
		 1: def_%v_0 
		 2: COPY TYPE_CurrentScope def_%current_scope 
		 3: COPY TYPE_ScopeModule def_%current_module 
		 4: 
		 5: Line Number 80
		 6: GETFIELD %self->auth_source def_%v_3 %self[2.0,] 
		 7: %v_3->users def_%v_4 %v_3[2.6,] 	 SYMBOL:	 ARGS:
		 8: %v_4->exists? def_%v_5 %v_4[2.7,] 	 SYMBOL:	 ARGS:
		 9: BRANCH %v_5[2.8,] 
BB 3
	outgoing: 5 
	datadep: 
	instructions:
		 0: COPY TYPE_Nil def_%v_6 
		 1: 
BB 4
	outgoing: 5 
	datadep: 
	instructions:
		 0: Line Number 81
		 1: GETFIELD %self->auth_source def_%v_7 %self[2.0,] 
		 2: %v_7->destroy def_%v_8 %v_7[4.1,] 	 SYMBOL:	 ARGS:
		 3: Line Number 82
		 4: %self->flash def_%v_9 %self[2.0,] 	 SYMBOL:	 ARGS:
		 5: %self->l def_%v_10 %self[4.4,2.0,] 	 SYMBOL:notice_successful_delete,	 ARGS:Symbol,
		 6: ATTRASSIGN %v_9->[] %v_10[4.5,] 
		 7: COPY TYPE_PASS def_%v_6 %v_10[4.5,] 
BB 5
	outgoing: 6 
	datadep: 
	instructions:
		 0: Line Number 84
		 1: %self->auth_sources_path def_%v_11 %self[2.0,] 	 SYMBOL:	 ARGS:
		 2: %self->redirect_to def_%v_12 %self[5.1,2.0,] %v_11[5.1,] 	 SYMBOL:	 ARGS:%v_11,
		 3: RETURN %v_12[5.2,] %self[5.1,5.2,2.0,] 
BB 6
	outgoing: 
	datadep: 
	instructions:

SET IRMethod, name = autocomplete_for_new_user instanceMethod = true
BB 1
	outgoing: 3 2 
	datadep: 
	instructions:
BB 2
	outgoing: 3 
	datadep: 
	instructions:
		 0: def_%self 
		 1: def_%v_0 
		 2: COPY TYPE_CurrentScope def_%current_scope 
		 3: COPY TYPE_ScopeModule def_%current_module 
		 4: 
		 5: Line Number 87
		 6: (AuthSource) def_%v_3 
		 7: %self->params def_%v_4 %self[2.0,] 	 SYMBOL:	 ARGS:
		 8: %v_4->[] def_%v_5 %v_4[2.7,] 	 SYMBOL:term,	 ARGS:Symbol,
		 9: %v_3->search def_%v_6 %v_3[2.6,] %v_5[2.8,] 	 SYMBOL:	 ARGS:%v_5,
		 10: COPY TYPE_PASS def_results %v_6[2.9,] 
		 11: Line Number 88
		 12: %v_6->map def_%v_7 %v_6[2.9,] %self[2.0,2.7,] 	 SYMBOL:	 ARGS:%v_6,
CLOSURE BEGIN: result[] 
BB 1
	outgoing: 6 2 
	datadep: 
	instructions:
BB 2
	outgoing: 3 
	datadep: 
	instructions:
		 0: def_%self 
		 1: def_%cl_1_0 
		 2: RECEIVEARG def_result 
		 3: COPY TYPE_CurrentScope def_%current_scope 
		 4: COPY TYPE_ScopeModule def_%current_module 
BB 3
	outgoing: 4 6 
	datadep: 
	instructions:
		 0: Line Number 89
		 1: COPY TYPE_StringLiteral "value" def_%cl_1_3 
		 2: result->[] def_%cl_1_4 result[2.2,] 	 SYMBOL:login,	 ARGS:Symbol,
		 3: COPY TYPE_StringLiteral "label" def_%cl_1_5 
		 4: Line Number 90
		 5: result->[] def_%cl_1_6 result[3.2,2.2,] 	 SYMBOL:login,	 ARGS:Symbol,
		 6: COPY TYPE_StringLiteral " (" def_%cl_1_7 
		 7: result->[] def_%cl_1_8 result[3.2,3.5,2.2,] 	 SYMBOL:firstname,	 ARGS:Symbol,
		 8: COPY TYPE_StringLiteral " " def_%cl_1_9 
		 9: result->[] def_%cl_1_10 result[3.2,3.5,3.7,2.2,] 	 SYMBOL:lastname,	 ARGS:Symbol,
		 10: COPY TYPE_StringLiteral ")" def_%cl_1_11 
		 11: BUILDSTRING def_%cl_1_12 %cl_1_6[3.5,] %cl_1_7[3.6,] %cl_1_8[3.7,] %cl_1_9[3.8,] %cl_1_10[3.9,] %cl_1_11[3.10,] 
		 12: COPY TYPE_StringLiteral "login" def_%cl_1_13 
		 13: result->[] def_%cl_1_14 result[3.2,3.5,3.7,3.9,2.2,] 	 SYMBOL:login,	 ARGS:Symbol,
		 14: %cl_1_14->to_s def_%cl_1_15 %cl_1_14[3.13,] 	 SYMBOL:	 ARGS:
		 15: COPY TYPE_StringLiteral "firstname" def_%cl_1_16 
		 16: result->[] def_%cl_1_17 result[3.2,3.5,3.7,3.9,3.13,2.2,] 	 SYMBOL:firstname,	 ARGS:Symbol,
		 17: %cl_1_17->to_s def_%cl_1_18 %cl_1_17[3.16,] 	 SYMBOL:	 ARGS:
		 18: COPY TYPE_StringLiteral "lastname" def_%cl_1_19 
		 19: result->[] def_%cl_1_20 result[3.2,3.5,3.7,3.9,3.13,3.16,2.2,] 	 SYMBOL:lastname,	 ARGS:Symbol,
		 20: %cl_1_20->to_s def_%cl_1_21 %cl_1_20[3.19,] 	 SYMBOL:	 ARGS:
		 21: COPY TYPE_StringLiteral "mail" def_%cl_1_22 
		 22: result->[] def_%cl_1_23 result[3.2,3.5,3.7,3.9,3.13,3.16,3.19,2.2,] 	 SYMBOL:mail,	 ARGS:Symbol,
		 23: %cl_1_23->to_s def_%cl_1_24 %cl_1_23[3.22,] 	 SYMBOL:	 ARGS:
		 24: COPY TYPE_StringLiteral "auth_source_id" def_%cl_1_25 
		 25: result->[] def_%cl_1_26 result[3.2,3.5,3.7,3.9,3.13,3.16,3.19,3.22,2.2,] 	 SYMBOL:auth_source_id,	 ARGS:Symbol,
		 26: %cl_1_26->to_s def_%cl_1_27 %cl_1_26[3.25,] 	 SYMBOL:	 ARGS:
		 27: HASH- def_%cl_1_28 %cl_1_3[3.1,] %cl_1_4[3.2,] %cl_1_5[3.3,] %cl_1_12[3.11,] %cl_1_13[3.12,] %cl_1_15[3.14,] %cl_1_16[3.15,] %cl_1_18[3.17,] %cl_1_19[3.18,] %cl_1_21[3.20,] %cl_1_22[3.21,] %cl_1_24[3.23,] %cl_1_25[3.24,] %cl_1_27[3.26,] 
		 28: RETURN %cl_1_28[3.27,] %self[2.0,] 
BB 4
	outgoing: 6 
	datadep: 
	instructions:
		 0: def_%cl_1_29 
		 1: def_%cl_1_30 %cl_1_29[4.0,] 
		 2: RETURN %cl_1_30[4.1,] %self[2.0,] 
BB 6
	outgoing: 
	datadep: 
	instructions:
CLOSURE END: 
		 13: HASH-json- def_%v_8 %v_7[2.12,] 
		 14: %self->render def_%v_9 %self[2.0,2.7,] %v_8[2.13,] 	 SYMBOL:	 ARGS:%v_8,
		 15: RETURN %v_9[2.14,] %self[2.0,2.7,2.14,] 
BB 3
	outgoing: 
	datadep: 
	instructions:

SET IRMethod, name = build_new_auth_source instanceMethod = true
BB 1
	outgoing: 8 2 
	datadep: 
	instructions:
BB 2
	outgoing: 3 4 
	datadep: 
	instructions:
		 0: def_%self 
		 1: def_%v_0 
		 2: COPY TYPE_CurrentScope def_%current_scope 
		 3: COPY TYPE_ScopeModule def_%current_module 
		 4: 
		 5: Line Number 100
		 6: (AuthSource) def_%v_3 
		 7: %self->params def_%v_4 %self[2.0,] 	 SYMBOL:	 ARGS:
		 8: %v_4->[] def_%v_5 %v_4[2.7,] 	 SYMBOL:type,	 ARGS:Symbol,
		 9: BRANCH %v_5[2.8,] 
BB 3
	outgoing: 4 
	datadep: 
	instructions:
		 0: COPY TYPE_StringLiteral "AuthSourceLdap" def_%v_6 
		 1: COPY TYPE_PASS def_%v_5 %v_6[3.0,] 
BB 4
	outgoing: 5 6 
	datadep: 
	instructions:
		 0: %v_3->new_subclass_instance def_%v_7 %v_3[2.6,] %v_5[3.1,2.8,] 	 SYMBOL:	 ARGS:%v_5,
		 1: ATTRASSIGN %self->auth_source %v_7[4.0,] 
		 2: Line Number 101
		 3: Line Number 102
		 4: GETFIELD %self->auth_source def_%v_8 %self[4.1,2.0,] 
		 5: BRANCH %v_8[4.4,] 
BB 5
	outgoing: 8 
	datadep: 
	instructions:
		 0: GETFIELD %self->auth_source def_%v_9 %self[4.1,2.0,] 
		 1: %self->params def_%v_10 %self[4.1,2.0,] 	 SYMBOL:	 ARGS:
		 2: %v_10->[] def_%v_11 %v_10[5.1,] 	 SYMBOL:auth_source,	 ARGS:Symbol,
		 3: ATTRASSIGN %v_9->safe_attributes %v_11[5.2,] 
		 4: RETURN %v_11[5.2,] %self[5.1,4.1,2.0,] 
BB 6
	outgoing: 8 
	datadep: 
	instructions:
		 0: Line Number 104
		 1: %self->render_404 def_%v_12 %self[4.1,2.0,] 	 SYMBOL:	 ARGS:
		 2: RETURN %v_12[6.1,] %self[6.1,4.1,2.0,] 
BB 8
	outgoing: 
	datadep: 
	instructions:

SET IRMethod, name = find_auth_source instanceMethod = true
BB 1
	outgoing: 14 2 
	datadep: 
	instructions:
BB 2
	outgoing: 4 
	datadep: 
	instructions:
		 0: def_%self 
		 1: def_%v_0 
		 2: COPY TYPE_CurrentScope def_%current_scope 
		 3: COPY TYPE_ScopeModule def_%current_module 
		 4: 
		 5: GLOBALVAR $! def_%v_3 
BB 4
	outgoing: 5 6 
	datadep: 
	instructions:
		 0: 
		 1: Line Number 108
		 2: (AuthSource) def_%v_6 
		 3: %self->params def_%v_7 %self[2.0,] 	 SYMBOL:	 ARGS:
		 4: %v_7->[] def_%v_8 %v_7[4.3,] 	 SYMBOL:id,	 ARGS:Symbol,
		 5: %v_6->find def_%v_9 %v_6[4.2,] %v_8[4.4,] 	 SYMBOL:	 ARGS:%v_8,
		 6: ATTRASSIGN %self->auth_source %v_9[4.5,] 
		 7: COPY TYPE_PASS def_%v_5 %v_9[4.5,] 
		 8: %v_3[2.5,] 
BB 5
	outgoing: 13 
	datadep: 
	instructions:
		 0: 
BB 6
	outgoing: 7 8 12 
	datadep: 
	instructions:
		 0: def_%v_10 
		 1: (ActiveRecord) def_%v_11 
		 2: (inherit RecordNotFound) def_%v_12 %v_11[6.1,] 
		 3: %v_12[6.2,] 
BB 7
	outgoing: 8 12 
	datadep: 
	instructions:
		 0: %v_11->const_missing def_%v_12 %v_11[6.1,] 	 SYMBOL:RecordNotFound,	 ARGS:Symbol,
BB 8
	outgoing: 9 10 12 
	datadep: 
	instructions:
		 0: def_%v_13 %v_12[7.0,6.2,] %v_10[6.0,] 
		 1: BRANCH %v_13[8.0,] 
BB 9
	outgoing: 12 14 
	datadep: 
	instructions:
		 0: %v_10[6.0,] 
BB 10
	outgoing: 11 12 
	datadep: 
	instructions:
		 0: Line Number 110
		 1: %self->render_404 def_%v_14 %self[4.6,2.0,] 	 SYMBOL:	 ARGS:
		 2: COPY TYPE_PASS def_%v_5 %v_14[10.1,] 
		 3: %v_3[2.5,] 
BB 11
	outgoing: 13 
	datadep: 
	instructions:
		 0: 
BB 12
	outgoing: 14 
	datadep: 
	instructions:
		 0: def_%v_15 
		 1: def_%v_16 %v_15[12.0,] %v_3[2.5,] 
		 2: %v_15[12.0,] 
BB 13
	outgoing: 14 
	datadep: 
	instructions:
		 0: RETURN %v_5[4.7,10.2,] %self[4.6,2.0,] 
BB 14
	outgoing: 
	datadep: 
	instructions:

