SET IRMethod, name = issues instanceMethod = true
BB 1
	outgoing: 17 2 
	datadep: 
	instructions:
BB 2
	outgoing: 3 4 
	datadep: 
	instructions:
		 0: def_%self 
		 1: def_%v_0 
		 2: COPY TYPE_CurrentScope def_%current_scope 
		 3: COPY TYPE_ScopeModule def_%current_module 
		 4: 
		 5: Line Number 3
		 6: COPY TYPE_Array def_%v_3 
		 7: ATTRASSIGN %self->issues %v_3[2.6,] 
		 8: Line Number 4
		 9: %self->params def_%v_4 %self[2.0,2.7,] 	 SYMBOL:	 ARGS:
		 10: %v_4->[] def_%v_5 %v_4[2.9,] 	 SYMBOL:q,	 ARGS:Symbol,
		 11: BRANCH %v_5[2.10,] 
BB 3
	outgoing: 4 
	datadep: 
	instructions:
		 0: %self->params def_%v_6 %self[2.0,2.7,] 	 SYMBOL:	 ARGS:
		 1: %v_6->[] def_%v_7 %v_6[3.0,] 	 SYMBOL:term,	 ARGS:Symbol,
		 2: COPY TYPE_PASS def_%v_5 %v_7[3.1,] 
BB 4
	outgoing: 5 15 
	datadep: 
	instructions:
		 0: %v_5->to_s def_%v_8 %v_5[3.2,2.10,] 	 SYMBOL:	 ARGS:
		 1: %v_8->strip def_%v_9 %v_8[4.0,] 	 SYMBOL:	 ARGS:
		 2: COPY TYPE_PASS def_q %v_9[4.1,] 
		 3: Line Number 5
		 4: %self->params def_%v_10 %self[2.0,2.7,] 	 SYMBOL:	 ARGS:
		 5: %v_10->[] def_%v_11 %v_10[4.4,] 	 SYMBOL:status,	 ARGS:Symbol,
		 6: %v_11->to_s def_%v_12 %v_11[4.5,] 	 SYMBOL:	 ARGS:
		 7: COPY TYPE_PASS def_status %v_12[4.6,] 
		 8: Line Number 6
		 9: %self->params def_%v_13 %self[4.4,2.0,2.7,] 	 SYMBOL:	 ARGS:
		 10: %v_13->[] def_%v_14 %v_13[4.9,] 	 SYMBOL:issue_id,	 ARGS:Symbol,
		 11: %v_14->to_s def_%v_15 %v_14[4.10,] 	 SYMBOL:	 ARGS:
		 12: COPY TYPE_PASS def_issue_id %v_15[4.11,] 
		 13: Line Number 7
		 14: q->present? def_%v_16 q[4.2,] 	 SYMBOL:	 ARGS:
		 15: BRANCH %v_16[4.14,] 
BB 5
	outgoing: 6 7 
	datadep: 
	instructions:
		 0: Line Number 8
		 1: (Issue) def_%v_17 
		 2: GETFIELD %self->project def_%v_18 %self[2.0,] 
		 3: %self->params def_%v_19 %self[2.0,2.7,] 	 SYMBOL:	 ARGS:
		 4: %v_19->[] def_%v_20 %v_19[5.3,] 	 SYMBOL:scope,	 ARGS:Symbol,
		 5: %v_17->cross_project_scope def_%v_21 %v_17[5.1,] %v_18[5.2,] %v_20[5.4,] 	 SYMBOL:	 ARGS:%v_18,%v_20,
		 6: %v_21->visible def_%v_22 %v_21[5.5,] 	 SYMBOL:	 ARGS:
		 7: COPY TYPE_PASS def_scope %v_22[5.6,] 
		 8: Line Number 9
		 9: status->present? def_%v_23 status[4.7,] 	 SYMBOL:	 ARGS:
		 10: BRANCH %v_23[5.9,] 
BB 6
	outgoing: 8 
	datadep: 
	instructions:
		 0: Line Number 10
		 1: COPY TYPE_StringLiteral "o" def_%v_24 
		 2: status->== def_%v_25 status[4.7,] %v_24[6.1,] 	 SYMBOL:	 ARGS:%v_24,
		 3: scope->open def_%v_26 scope[5.7,] %v_25[6.2,] 	 SYMBOL:	 ARGS:%v_25,
		 4: COPY TYPE_PASS def_scope %v_26[6.3,] 
		 5: 
BB 7
	outgoing: 8 
	datadep: 
	instructions:
		 0: COPY TYPE_Nil def_%v_26 
BB 8
	outgoing: 9 10 
	datadep: 
	instructions:
		 0: Line Number 12
		 1: issue_id->present? def_%v_27 issue_id[4.12,] 	 SYMBOL:	 ARGS:
		 2: BRANCH %v_27[8.1,] 
BB 9
	outgoing: 11 
	datadep: 
	instructions:
		 0: Line Number 13
		 1: scope->where def_%v_28 scope[6.4,5.7,] 	 SYMBOL:	 ARGS:
		 2: issue_id->to_i def_%v_29 issue_id[4.12,] 	 SYMBOL:	 ARGS:
		 3: HASH-id- def_%v_30 %v_29[9.2,] 
		 4: %v_28->not def_%v_31 %v_28[9.1,] %v_30[9.3,] 	 SYMBOL:	 ARGS:%v_30,
		 5: COPY TYPE_PASS def_scope %v_31[9.4,] 
		 6: 
BB 10
	outgoing: 11 
	datadep: 
	instructions:
		 0: COPY TYPE_Nil def_%v_31 
BB 11
	outgoing: 12 13 
	datadep: 
	instructions:
		 0: Line Number 15
		 1: COPY TYPE_Regexp def_%v_32 
		 2: q->match def_%v_33 q[4.2,] 	 SYMBOL:	 ARGS:%v_32,
		 3: BRANCH %v_33[11.2,] 
BB 12
	outgoing: 14 
	datadep: 
	instructions:
		 0: Line Number 16
		 1: GETFIELD %self->issues def_%v_34 %self[2.0,2.7,] 
		 2: COPY TYPE_NthRef def_%v_35 
		 3: %v_35->to_i def_%v_36 %v_35[12.2,] 	 SYMBOL:	 ARGS:
		 4: scope->find_by_id def_%v_37 scope[9.5,6.4,5.7,] %v_36[12.3,] 	 SYMBOL:	 ARGS:%v_36,
		 5: %v_34-><< def_%v_38 %v_34[12.1,] %v_37[12.4,] 	 SYMBOL:	 ARGS:%v_37,
		 6: 
BB 13
	outgoing: 14 
	datadep: 
	instructions:
		 0: COPY TYPE_Nil def_%v_38 
BB 14
	outgoing: 16 
	datadep: 
	instructions:
		 0: Line Number 18
		 1: GETFIELD %self->issues def_%v_39 %self[2.0,2.7,] 
		 2: scope->like def_%v_40 scope[9.5,6.4,5.7,] q[4.2,] 	 SYMBOL:	 ARGS:q,
		 3: HASH-id- def_%v_41 
		 4: %v_40->order def_%v_42 %v_40[14.2,] %v_41[14.3,] 	 SYMBOL:	 ARGS:%v_41,
		 5: %v_42->limit def_%v_43 %v_42[14.4,] 	 SYMBOL:	 ARGS:Fixnum,
		 6: %v_43->to_a def_%v_44 %v_43[14.5,] 	 SYMBOL:	 ARGS:
		 7: %v_39->+ def_%v_45 %v_39[14.1,] %v_44[14.6,] 	 SYMBOL:	 ARGS:%v_44,
		 8: ATTRASSIGN %self->issues %v_45[14.7,] 
		 9: Line Number 19
		 10: GETFIELD %self->issues def_%v_46 %self[14.8,2.0,2.7,] 
		 11: %v_46->compact! def_%v_47 %v_46[14.10,] 	 SYMBOL:	 ARGS:
		 12: 
BB 15
	outgoing: 16 
	datadep: 
	instructions:
		 0: COPY TYPE_Nil def_%v_47 
BB 16
	outgoing: 17 
	datadep: 
	instructions:
		 0: Line Number 21
		 1: HASH-layout- def_%v_48 
		 2: %self->render def_%v_49 %self[14.8,2.0,2.7,] %v_48[16.1,] 	 SYMBOL:	 ARGS:%v_48,
		 3: RETURN %v_49[16.2,] %self[16.2,14.8,2.0,2.7,] 
BB 17
	outgoing: 
	datadep: 
	instructions:

SET IRMethod, name = find_project instanceMethod = true
BB 1
	outgoing: 17 2 
	datadep: 
	instructions:
BB 2
	outgoing: 4 
	datadep: 
	instructions:
		 0: def_%self 
		 1: def_%v_0 
		 2: COPY TYPE_CurrentScope def_%current_scope 
		 3: COPY TYPE_ScopeModule def_%current_module 
		 4: 
		 5: GLOBALVAR $! def_%v_3 
BB 4
	outgoing: 5 6 9 
	datadep: 
	instructions:
		 0: 
		 1: Line Number 31
		 2: %self->params def_%v_6 %self[2.0,] 	 SYMBOL:	 ARGS:
		 3: %v_6->[] def_%v_7 %v_6[4.2,] 	 SYMBOL:project_id,	 ARGS:Symbol,
		 4: %v_7->present? def_%v_8 %v_7[4.3,] 	 SYMBOL:	 ARGS:
		 5: BRANCH %v_8[4.4,] 
BB 5
	outgoing: 7 9 
	datadep: 
	instructions:
		 0: Line Number 32
		 1: (Project) def_%v_9 
		 2: %self->params def_%v_10 %self[2.0,] 	 SYMBOL:	 ARGS:
		 3: %v_10->[] def_%v_11 %v_10[5.2,] 	 SYMBOL:project_id,	 ARGS:Symbol,
		 4: %v_9->find def_%v_12 %v_9[5.1,] %v_11[5.3,] 	 SYMBOL:	 ARGS:%v_11,
		 5: ATTRASSIGN %self->project %v_12[5.4,] 
		 6: 
BB 6
	outgoing: 7 
	datadep: 
	instructions:
		 0: COPY TYPE_Nil def_%v_12 
BB 7
	outgoing: 8 9 
	datadep: 
	instructions:
		 0: COPY TYPE_PASS def_%v_5 %v_12[6.0,5.4,] 
		 1: %v_3[2.5,] 
BB 8
	outgoing: 16 
	datadep: 
	instructions:
		 0: 
BB 9
	outgoing: 10 11 15 
	datadep: 
	instructions:
		 0: def_%v_13 
		 1: (ActiveRecord) def_%v_14 
		 2: (inherit RecordNotFound) def_%v_15 %v_14[9.1,] 
		 3: %v_15[9.2,] 
BB 10
	outgoing: 11 15 
	datadep: 
	instructions:
		 0: %v_14->const_missing def_%v_15 %v_14[9.1,] 	 SYMBOL:RecordNotFound,	 ARGS:Symbol,
BB 11
	outgoing: 12 13 15 
	datadep: 
	instructions:
		 0: def_%v_16 %v_15[10.0,9.2,] %v_13[9.0,] 
		 1: BRANCH %v_16[11.0,] 
BB 12
	outgoing: 15 17 
	datadep: 
	instructions:
		 0: %v_13[9.0,] 
BB 13
	outgoing: 14 15 
	datadep: 
	instructions:
		 0: Line Number 35
		 1: %self->render_404 def_%v_17 %self[5.5,2.0,] 	 SYMBOL:	 ARGS:
		 2: COPY TYPE_PASS def_%v_5 %v_17[13.1,] 
		 3: %v_3[2.5,] 
BB 14
	outgoing: 16 
	datadep: 
	instructions:
		 0: 
BB 15
	outgoing: 17 
	datadep: 
	instructions:
		 0: def_%v_18 
		 1: def_%v_19 %v_18[15.0,] %v_3[2.5,] 
		 2: %v_18[15.0,] 
BB 16
	outgoing: 17 
	datadep: 
	instructions:
		 0: RETURN %v_5[7.0,13.2,] %self[5.5,2.0,] 
BB 17
	outgoing: 
	datadep: 
	instructions:

