SET IRMethod, name = show instanceMethod = true
BB 1
	outgoing: 39 2 
	datadep: 
	instructions:
BB 2
	outgoing: 3 4 
	datadep: 
	instructions:
		 0: def_%self 
		 1: def_%v_0 
		 2: COPY TYPE_CurrentScope def_%current_scope 
		 3: COPY TYPE_ScopeModule def_%current_module 
		 4: 
		 5: Line Number 9
		 6: %self->params def_%v_3 %self[2.0,] 	 SYMBOL:	 ARGS:
		 7: %v_3->[] def_%v_4 %v_3[2.6,] 	 SYMBOL:year,	 ARGS:Symbol,
		 8: BRANCH %v_4[2.7,] 
BB 3
	outgoing: 4 
	datadep: 
	instructions:
		 0: %self->params def_%v_5 %self[2.0,] 	 SYMBOL:	 ARGS:
		 1: %v_5->[] def_%v_6 %v_5[3.0,] 	 SYMBOL:year,	 ARGS:Symbol,
		 2: %v_6->to_i def_%v_7 %v_6[3.1,] 	 SYMBOL:	 ARGS:
		 3: %v_7->> def_%v_8 %v_7[3.2,] 	 SYMBOL:	 ARGS:Fixnum,
		 4: COPY TYPE_PASS def_%v_4 %v_8[3.3,] 
BB 4
	outgoing: 5 13 
	datadep: 
	instructions:
		 0: BRANCH %v_4[3.4,2.7,] 
BB 5
	outgoing: 6 7 
	datadep: 
	instructions:
		 0: Line Number 10
		 1: %self->params def_%v_9 %self[2.0,] 	 SYMBOL:	 ARGS:
		 2: %v_9->[] def_%v_10 %v_9[5.1,] 	 SYMBOL:year,	 ARGS:Symbol,
		 3: %v_10->to_i def_%v_11 %v_10[5.2,] 	 SYMBOL:	 ARGS:
		 4: ATTRASSIGN %self->year %v_11[5.3,] 
		 5: Line Number 11
		 6: %self->params def_%v_12 %self[5.1,5.4,2.0,] 	 SYMBOL:	 ARGS:
		 7: %v_12->[] def_%v_13 %v_12[5.6,] 	 SYMBOL:month,	 ARGS:Symbol,
		 8: BRANCH %v_13[5.7,] 
BB 6
	outgoing: 7 
	datadep: 
	instructions:
		 0: %self->params def_%v_14 %self[5.4,2.0,] 	 SYMBOL:	 ARGS:
		 1: %v_14->[] def_%v_15 %v_14[6.0,] 	 SYMBOL:month,	 ARGS:Symbol,
		 2: %v_15->to_i def_%v_16 %v_15[6.1,] 	 SYMBOL:	 ARGS:
		 3: %v_16->> def_%v_17 %v_16[6.2,] 	 SYMBOL:	 ARGS:Fixnum,
		 4: COPY TYPE_PASS def_%v_13 %v_17[6.3,] 
BB 7
	outgoing: 8 9 
	datadep: 
	instructions:
		 0: BRANCH %v_13[6.4,5.7,] 
BB 8
	outgoing: 9 
	datadep: 
	instructions:
		 0: %self->params def_%v_18 %self[5.4,2.0,] 	 SYMBOL:	 ARGS:
		 1: %v_18->[] def_%v_19 %v_18[8.0,] 	 SYMBOL:month,	 ARGS:Symbol,
		 2: %v_19->to_i def_%v_20 %v_19[8.1,] 	 SYMBOL:	 ARGS:
		 3: %v_20->< def_%v_21 %v_20[8.2,] 	 SYMBOL:	 ARGS:Fixnum,
		 4: COPY TYPE_PASS def_%v_13 %v_21[8.3,] 
BB 9
	outgoing: 10 11 
	datadep: 
	instructions:
		 0: BRANCH %v_13[8.4,6.4,5.7,] 
BB 10
	outgoing: 12 
	datadep: 
	instructions:
		 0: Line Number 12
		 1: %self->params def_%v_22 %self[5.4,2.0,] 	 SYMBOL:	 ARGS:
		 2: %v_22->[] def_%v_23 %v_22[10.1,] 	 SYMBOL:month,	 ARGS:Symbol,
		 3: %v_23->to_i def_%v_24 %v_23[10.2,] 	 SYMBOL:	 ARGS:
		 4: ATTRASSIGN %self->month %v_24[10.3,] 
		 5: 
BB 11
	outgoing: 12 
	datadep: 
	instructions:
		 0: COPY TYPE_Nil def_%v_24 
BB 12
	outgoing: 14 
	datadep: 
	instructions:
		 0: 
BB 13
	outgoing: 14 
	datadep: 
	instructions:
		 0: COPY TYPE_Nil def_%v_24 
BB 14
	outgoing: 15 16 
	datadep: 
	instructions:
		 0: Line Number 15
		 1: def_%v_26 %self[10.4,2.0,5.4,] 
		 2: COPY TYPE_PASS def_%v_25 %v_26[14.1,] 
		 3: %v_26[14.1,] 
BB 15
	outgoing: 16 
	datadep: 
	instructions:
		 0: GETFIELD %self->year def_%v_27 %self[2.0,5.4,] 
		 1: COPY TYPE_PASS def_%v_25 %v_27[15.0,] 
BB 16
	outgoing: 17 18 
	datadep: 
	instructions:
		 0: BRANCH %v_25[15.1,14.2,] 
BB 17
	outgoing: 18 
	datadep: 
	instructions:
		 0: (User) def_%v_28 
		 1: %v_28->current def_%v_29 %v_28[17.0,] 	 SYMBOL:	 ARGS:
		 2: %v_29->today def_%v_30 %v_29[17.1,] 	 SYMBOL:	 ARGS:
		 3: %v_30->year def_%v_31 %v_30[17.2,] 	 SYMBOL:	 ARGS:
		 4: ATTRASSIGN %self->year %v_31[17.3,] 
		 5: COPY TYPE_PASS def_%v_27 %v_31[17.3,] 
BB 18
	outgoing: 19 20 
	datadep: 
	instructions:
		 0: Line Number 16
		 1: def_%v_33 %self[17.4,10.4,2.0,5.4,] 
		 2: COPY TYPE_PASS def_%v_32 %v_33[18.1,] 
		 3: %v_33[18.1,] 
BB 19
	outgoing: 20 
	datadep: 
	instructions:
		 0: GETFIELD %self->month def_%v_34 %self[10.4,2.0,] 
		 1: COPY TYPE_PASS def_%v_32 %v_34[19.0,] 
BB 20
	outgoing: 21 22 
	datadep: 
	instructions:
		 0: BRANCH %v_32[19.1,18.2,] 
BB 21
	outgoing: 22 
	datadep: 
	instructions:
		 0: (User) def_%v_35 
		 1: %v_35->current def_%v_36 %v_35[21.0,] 	 SYMBOL:	 ARGS:
		 2: %v_36->today def_%v_37 %v_36[21.1,] 	 SYMBOL:	 ARGS:
		 3: %v_37->month def_%v_38 %v_37[21.2,] 	 SYMBOL:	 ARGS:
		 4: ATTRASSIGN %self->month %v_38[21.3,] 
		 5: COPY TYPE_PASS def_%v_34 %v_38[21.3,] 
BB 22
	outgoing: 23 24 
	datadep: 
	instructions:
		 0: Line Number 17
		 1: (Redmine) def_%v_39 
		 2: (inherit Helpers) def_%v_40 %v_39[22.1,] 
		 3: %v_40[22.2,] 
BB 23
	outgoing: 24 
	datadep: 
	instructions:
		 0: %v_39->const_missing def_%v_40 %v_39[22.1,] 	 SYMBOL:Helpers,	 ARGS:Symbol,
BB 24
	outgoing: 25 26 
	datadep: 
	instructions:
		 0: (inherit Calendar) def_%v_41 %v_40[23.0,22.2,] 
		 1: %v_41[24.0,] 
BB 25
	outgoing: 26 
	datadep: 
	instructions:
		 0: %v_40->const_missing def_%v_41 %v_40[23.0,22.2,] 	 SYMBOL:Calendar,	 ARGS:Symbol,
BB 26
	outgoing: 27 28 
	datadep: 
	instructions:
		 0: (Date) def_%v_42 
		 1: GETFIELD %self->year def_%v_43 %self[17.4,2.0,5.4,] 
		 2: GETFIELD %self->month def_%v_44 %self[21.4,10.4,2.0,] 
		 3: %v_42->civil def_%v_45 %v_42[26.0,] %v_43[26.1,] %v_44[26.2,] 	 SYMBOL:	 ARGS:%v_43,%v_44,Fixnum,
		 4: %self->current_language def_%v_46 %self[21.4,17.4,10.4,2.0,5.4,] 	 SYMBOL:	 ARGS:
		 5: %v_41->new def_%v_47 %v_41[25.0,24.0,] %v_45[26.3,] %v_46[26.4,] 	 SYMBOL:month,	 ARGS:%v_45,%v_46,Symbol,
		 6: ATTRASSIGN %self->calendar %v_47[26.5,] 
		 7: Line Number 18
		 8: %self->retrieve_query def_%v_48 %self[26.4,26.6,21.4,17.4,10.4,2.0,5.4,] 	 SYMBOL:	 ARGS:
		 9: Line Number 19
		 10: GETFIELD %self->query def_%v_49 %self[26.4,26.8,2.0,] 
		 11: ATTRASSIGN %v_49->group_by 
		 12: Line Number 20
		 13: GETFIELD %self->query def_%v_50 %self[26.4,26.8,2.0,] 
		 14: ATTRASSIGN %v_50->sort_criteria 
		 15: Line Number 21
		 16: GETFIELD %self->query def_%v_51 %self[26.4,26.8,2.0,] 
		 17: %v_51->valid? def_%v_52 %v_51[26.16,] 	 SYMBOL:	 ARGS:
		 18: BRANCH %v_52[26.17,] 
BB 27
	outgoing: 29 
	datadep: 
	instructions:
		 0: Line Number 22
		 1: COPY TYPE_Array def_%v_53 
		 2: COPY TYPE_PASS def_events %v_53[27.1,] 
		 3: Line Number 23
		 4: GETFIELD %self->query def_%v_54 %self[2.0,] 
		 5: COPY TYPE_Array def_%v_55 
		 6: COPY TYPE_StringLiteral "((start_date BETWEEN ? AND ?) OR (due_date BETWEEN ? AND ?))" def_%v_56 
		 7: GETFIELD %self->calendar def_%v_57 %self[26.6,2.0,] 
		 8: %v_57->startdt def_%v_58 %v_57[27.7,] 	 SYMBOL:	 ARGS:
		 9: GETFIELD %self->calendar def_%v_59 %self[26.6,2.0,] 
		 10: %v_59->enddt def_%v_60 %v_59[27.9,] 	 SYMBOL:	 ARGS:
		 11: GETFIELD %self->calendar def_%v_61 %self[26.6,2.0,] 
		 12: %v_61->startdt def_%v_62 %v_61[27.11,] 	 SYMBOL:	 ARGS:
		 13: GETFIELD %self->calendar def_%v_63 %self[26.6,2.0,] 
		 14: %v_63->enddt def_%v_64 %v_63[27.13,] 	 SYMBOL:	 ARGS:
		 15: COPY TYPE_Array def_%v_65 %v_56[27.6,] %v_58[27.8,] %v_60[27.10,] %v_62[27.12,] %v_64[27.14,] 
		 16: HASH-include-conditions- def_%v_66 %v_55[27.5,] %v_65[27.15,] 
		 17: %v_54->issues def_%v_67 %v_54[27.4,] %v_66[27.16,] 	 SYMBOL:	 ARGS:%v_66,
		 18: events->+ def_%v_68 events[27.2,] %v_67[27.17,] 	 SYMBOL:	 ARGS:%v_67,
		 19: COPY TYPE_PASS def_events %v_68[27.18,] 
		 20: Line Number 26
		 21: GETFIELD %self->query def_%v_69 %self[2.0,] 
		 22: COPY TYPE_StringLiteral "effective_date BETWEEN ? AND ?" def_%v_70 
		 23: GETFIELD %self->calendar def_%v_71 %self[26.6,2.0,] 
		 24: %v_71->startdt def_%v_72 %v_71[27.23,] 	 SYMBOL:	 ARGS:
		 25: GETFIELD %self->calendar def_%v_73 %self[26.6,2.0,] 
		 26: %v_73->enddt def_%v_74 %v_73[27.25,] 	 SYMBOL:	 ARGS:
		 27: COPY TYPE_Array def_%v_75 %v_70[27.22,] %v_72[27.24,] %v_74[27.26,] 
		 28: HASH-conditions- def_%v_76 %v_75[27.27,] 
		 29: %v_69->versions def_%v_77 %v_69[27.21,] %v_76[27.28,] 	 SYMBOL:	 ARGS:%v_76,
		 30: events->+ def_%v_78 events[27.2,27.18,27.19,] %v_77[27.29,] 	 SYMBOL:	 ARGS:%v_77,
		 31: COPY TYPE_PASS def_events %v_78[27.30,] 
		 32: Line Number 27
		 33: GETFIELD %self->calendar def_%v_79 %self[26.6,2.0,] 
		 34: ATTRASSIGN %v_79->events %v_78[27.30,] 
		 35: COPY TYPE_PASS def_%v_80 events[27.2,27.18,27.19,27.30,27.31,] 
		 36: 
BB 28
	outgoing: 29 
	datadep: 
	instructions:
		 0: COPY TYPE_Nil def_%v_80 
BB 29
	outgoing: 30 31 
	datadep: 
	instructions:
		 0: Line Number 29
		 1: %self->request def_%v_81 %self[26.6,21.4,17.4,10.4,2.0,5.4,] 	 SYMBOL:	 ARGS:
		 2: %v_81->xhr? def_%v_82 %v_81[29.1,] 	 SYMBOL:	 ARGS:
		 3: BRANCH %v_82[29.2,] 
BB 30
	outgoing: 32 
	datadep: 
	instructions:
		 0: COPY TYPE_StringLiteral "show" def_%v_83 
		 1: HASH-action-layout- def_%v_84 %v_83[30.0,] 
		 2: %self->render def_%v_85 %self[26.6,21.4,17.4,10.4,2.0,5.4,] %v_84[30.1,] 	 SYMBOL:	 ARGS:%v_84,
		 3: 
BB 31
	outgoing: 32 
	datadep: 
	instructions:
		 0: COPY TYPE_Nil def_%v_85 
BB 32
	outgoing: 33 34 
	datadep: 
	instructions:
		 0: Line Number 30
		 1: GETFIELD %self->query def_%v_86 %self[2.0,] 
		 2: %v_86->new_record? def_%v_87 %v_86[32.1,] 	 SYMBOL:	 ARGS:
		 3: BRANCH %v_87[32.2,] 
BB 33
	outgoing: 35 
	datadep: 
	instructions:
		 0: %self->l def_%v_88 %self[26.6,21.4,17.4,10.4,2.0,5.4,] 	 SYMBOL:label_calendar,	 ARGS:Symbol,
		 1: 
BB 34
	outgoing: 35 
	datadep: 
	instructions:
		 0: GETFIELD %self->query def_%v_89 %self[2.0,] 
		 1: %v_89->name def_%v_90 %v_89[34.0,] 	 SYMBOL:	 ARGS:
		 2: COPY TYPE_PASS def_%v_88 %v_90[34.1,] 
BB 35
	outgoing: 36 37 
	datadep: 
	instructions:
		 0: Line Number 31
		 1: COPY TYPE_StringLiteral "calendars" def_%v_91 
		 2: COPY TYPE_StringLiteral "show" def_%v_92 
		 3: GETFIELD %self->project def_%v_93 %self[2.0,] 
		 4: HASH-controller-action-project_id- def_%v_94 %v_91[35.1,] %v_92[35.2,] %v_93[35.3,] 
		 5: COPY TYPE_StringLiteral "query_form" def_%v_95 
		 6: HASH-method-id- def_%v_96 %v_95[35.5,] 
		 7: %self->form_tag def_%v_97 %self[26.6,21.4,17.4,10.4,2.0,5.4,] %v_94[35.4,] %v_96[35.6,] %self[26.6,21.4,17.4,10.4,2.0,5.4,] 	 SYMBOL:	 ARGS:%v_94,%v_96,%self,
CLOSURE BEGIN: %self[26.6,21.4,17.4,10.4,2.0,5.4,] 
BB 1
	outgoing: 12 2 
	datadep: 
	instructions:
BB 2
	outgoing: 3 
	datadep: 
	instructions:
		 0: def_%self 
		 1: def_%cl_1_0 
		 2: COPY TYPE_CurrentScope def_%current_scope 
		 3: COPY TYPE_ScopeModule def_%current_module 
BB 3
	outgoing: 4 5 10 
	datadep: 
	instructions:
		 0: Line Number 33
		 1: COPY TYPE_StringLiteral "set_filter" def_%cl_1_3 
		 2: COPY TYPE_StringLiteral "1" def_%cl_1_4 
		 3: %self->hidden_field_tag def_%cl_1_5 %self[2.0,] %cl_1_3[3.1,] %cl_1_4[3.2,] 	 SYMBOL:	 ARGS:%cl_1_3,%cl_1_4,
		 4: Line Number 34
		 5: GETFIELD %self->query def_%cl_1_6 %self[3.3,2.0,] 
		 6: %cl_1_6->new_record? def_%cl_1_7 %cl_1_6[3.5,] 	 SYMBOL:	 ARGS:
		 7: BRANCH %cl_1_7[3.6,] 
BB 4
	outgoing: 6 
	datadep: 
	instructions:
		 0: COPY TYPE_StringLiteral "" def_%cl_1_8 
		 1: 
BB 5
	outgoing: 6 
	datadep: 
	instructions:
		 0: COPY TYPE_StringLiteral "collapsed" def_%cl_1_9 
		 1: COPY TYPE_PASS def_%cl_1_8 %cl_1_9[5.0,] 
BB 6
	outgoing: 7 8 10 
	datadep: 
	instructions:
		 0: Line Number 35
		 1: %self->l def_%cl_1_10 %self[2.0,] 	 SYMBOL:label_filter_plural,	 ARGS:Symbol,
		 2: Line Number 36
		 3: GETFIELD %self->query def_%cl_1_11 %self[6.1,2.0,] 
		 4: %cl_1_11->new_record? def_%cl_1_12 %cl_1_11[6.3,] 	 SYMBOL:	 ARGS:
		 5: BRANCH %cl_1_12[6.4,] 
BB 7
	outgoing: 9 
	datadep: 
	instructions:
		 0: COPY TYPE_StringLiteral "" def_%cl_1_13 
		 1: 
BB 8
	outgoing: 9 
	datadep: 
	instructions:
		 0: COPY TYPE_StringLiteral "display: none;" def_%cl_1_14 
		 1: COPY TYPE_PASS def_%cl_1_13 %cl_1_14[8.0,] 
BB 9
	outgoing: 10 12 
	datadep: 
	instructions:
		 0: Line Number 37
		 1: COPY TYPE_StringLiteral "queries/filters" def_%cl_1_15 
		 2: GETFIELD %self->query def_%cl_1_16 %self[2.0,] 
		 3: HASH-query- def_%cl_1_17 %cl_1_16[9.2,] 
		 4: HASH-partial-locals- def_%cl_1_18 %cl_1_15[9.1,] %cl_1_17[9.3,] 
		 5: %self->render def_%cl_1_19 %self[2.0,] %cl_1_18[9.4,] 	 SYMBOL:	 ARGS:%cl_1_18,
		 6: Line Number 38
		 7: GETFIELD %self->year def_%cl_1_20 %self[9.5,2.0,] 
		 8: GETFIELD %self->month def_%cl_1_21 %self[9.5,2.0,] 
		 9: %self->accesskey def_%cl_1_22 %self[9.5,2.0,] 	 SYMBOL:previous,	 ARGS:Symbol,
		 10: HASH-accesskey- def_%cl_1_23 %cl_1_22[9.9,] 
		 11: %self->link_to_previous_month def_%cl_1_24 %self[9.5,9.9,2.0,] %cl_1_20[9.7,] %cl_1_21[9.8,] %cl_1_23[9.10,] 	 SYMBOL:	 ARGS:%cl_1_20,%cl_1_21,%cl_1_23,
		 12: Line Number 39
		 13: GETFIELD %self->year def_%cl_1_25 %self[9.5,9.9,9.11,2.0,] 
		 14: GETFIELD %self->month def_%cl_1_26 %self[9.5,9.9,9.11,2.0,] 
		 15: %self->accesskey def_%cl_1_27 %self[9.5,9.9,9.11,2.0,] 	 SYMBOL:next,	 ARGS:Symbol,
		 16: HASH-accesskey- def_%cl_1_28 %cl_1_27[9.15,] 
		 17: %self->link_to_next_month def_%cl_1_29 %self[9.5,9.9,9.11,9.15,2.0,] %cl_1_25[9.13,] %cl_1_26[9.14,] %cl_1_28[9.16,] 	 SYMBOL:	 ARGS:%cl_1_25,%cl_1_26,%cl_1_28,
		 18: Line Number 40
		 19: COPY TYPE_StringLiteral "month" def_%cl_1_30 
		 20: %self->l def_%cl_1_31 %self[9.5,9.9,9.11,9.15,9.17,2.0,] 	 SYMBOL:label_month,	 ARGS:Symbol,
		 21: %self->label_tag def_%cl_1_32 %self[9.5,9.9,9.11,9.15,9.17,9.20,2.0,] %cl_1_30[9.19,] %cl_1_31[9.20,] 	 SYMBOL:	 ARGS:%cl_1_30,%cl_1_31,
		 22: Line Number 41
		 23: GETFIELD %self->month def_%cl_1_33 %self[9.5,9.9,9.11,9.15,9.17,9.20,9.21,2.0,] 
		 24: COPY TYPE_StringLiteral "month" def_%cl_1_34 
		 25: HASH-prefix-discard_type- def_%cl_1_35 %cl_1_34[9.24,] 
		 26: %self->select_month def_%cl_1_36 %self[9.5,9.9,9.11,9.15,9.17,9.20,9.21,2.0,] %cl_1_33[9.23,] %cl_1_35[9.25,] 	 SYMBOL:	 ARGS:%cl_1_33,%cl_1_35,
		 27: Line Number 42
		 28: COPY TYPE_StringLiteral "year" def_%cl_1_37 
		 29: %self->l def_%cl_1_38 %self[9.5,9.9,9.11,9.15,9.17,9.20,9.21,9.26,2.0,] 	 SYMBOL:label_year,	 ARGS:Symbol,
		 30: %self->label_tag def_%cl_1_39 %self[9.5,9.9,9.11,9.15,9.17,9.20,9.21,9.26,9.29,2.0,] %cl_1_37[9.28,] %cl_1_38[9.29,] 	 SYMBOL:	 ARGS:%cl_1_37,%cl_1_38,
		 31: Line Number 43
		 32: GETFIELD %self->year def_%cl_1_40 %self[9.5,9.9,9.11,9.15,9.17,9.20,9.21,9.26,9.29,9.30,2.0,] 
		 33: COPY TYPE_StringLiteral "year" def_%cl_1_41 
		 34: HASH-prefix-discard_type- def_%cl_1_42 %cl_1_41[9.33,] 
		 35: %self->select_year def_%cl_1_43 %self[9.5,9.9,9.11,9.15,9.17,9.20,9.21,9.26,9.29,9.30,2.0,] %cl_1_40[9.32,] %cl_1_42[9.34,] 	 SYMBOL:	 ARGS:%cl_1_40,%cl_1_42,
		 36: Line Number 44
		 37: %self->l def_%cl_1_44 %self[9.5,9.9,9.11,9.15,9.17,9.20,9.21,9.26,9.29,9.30,9.35,2.0,] 	 SYMBOL:button_apply,	 ARGS:Symbol,
		 38: COPY TYPE_StringLiteral "$("#query_form").submit()" def_%cl_1_45 
		 39: COPY TYPE_StringLiteral "icon icon-checked" def_%cl_1_46 
		 40: HASH-class- def_%cl_1_47 %cl_1_46[9.39,] 
		 41: %self->link_to_function def_%cl_1_48 %self[9.5,9.9,9.11,9.15,9.17,9.20,9.21,9.26,9.29,9.30,9.35,9.37,2.0,] %cl_1_44[9.37,] %cl_1_45[9.38,] %cl_1_47[9.40,] 	 SYMBOL:	 ARGS:%cl_1_44,%cl_1_45,%cl_1_47,
		 42: Line Number 45
		 43: %self->l def_%cl_1_49 %self[9.5,9.9,9.11,9.15,9.17,9.20,9.21,9.26,9.29,9.30,9.35,9.37,9.41,2.0,] 	 SYMBOL:button_clear,	 ARGS:Symbol,
		 44: GETFIELD %self->project def_%cl_1_50 %self[9.5,9.9,9.11,9.15,9.17,9.20,9.21,9.26,9.29,9.30,9.35,9.37,9.41,9.43,2.0,] 
		 45: HASH-project_id-set_filter- def_%cl_1_51 %cl_1_50[9.44,] 
		 46: COPY TYPE_StringLiteral "icon icon-reload" def_%cl_1_52 
		 47: HASH-class- def_%cl_1_53 %cl_1_52[9.46,] 
		 48: %self->link_to def_%cl_1_54 %self[9.5,9.9,9.11,9.15,9.17,9.20,9.21,9.26,9.29,9.30,9.35,9.37,9.41,9.43,2.0,] %cl_1_49[9.43,] %cl_1_51[9.45,] %cl_1_53[9.47,] 	 SYMBOL:	 ARGS:%cl_1_49,%cl_1_51,%cl_1_53,
		 49: RETURN %cl_1_54[9.48,] %self[9.5,9.9,9.11,9.15,9.17,9.20,9.21,9.26,9.29,9.30,9.35,9.37,9.41,9.43,9.48,2.0,] 
BB 10
	outgoing: 12 
	datadep: 
	instructions:
		 0: def_%cl_1_55 
		 1: def_%cl_1_56 %cl_1_55[10.0,] 
		 2: RETURN %cl_1_56[10.1,] %self[2.0,] 
BB 12
	outgoing: 
	datadep: 
	instructions:
CLOSURE END: 
		 8: Line Number 47
		 9: COPY TYPE_StringLiteral "query" def_%v_98 
		 10: %self->error_messages_for def_%v_99 %self[35.7,26.6,21.4,17.4,10.4,2.0,5.4,] %v_98[35.9,] 	 SYMBOL:	 ARGS:%v_98,
		 11: Line Number 48
		 12: GETFIELD %self->query def_%v_100 %self[35.7,35.10,2.0,] 
		 13: %v_100->valid? def_%v_101 %v_100[35.12,] 	 SYMBOL:	 ARGS:
		 14: BRANCH %v_101[35.13,] 
BB 36
	outgoing: 38 
	datadep: 
	instructions:
		 0: Line Number 49
		 1: COPY TYPE_StringLiteral "common/calendar" def_%v_102 
		 2: GETFIELD %self->calendar def_%v_103 %self[26.6,2.0,] 
		 3: HASH-calendar- def_%v_104 %v_103[36.2,] 
		 4: HASH-partial-locals- def_%v_105 %v_102[36.1,] %v_104[36.3,] 
		 5: %self->render def_%v_106 %self[26.6,21.4,17.4,10.4,2.0,5.4,] %v_105[36.4,] 	 SYMBOL:	 ARGS:%v_105,
		 6: Line Number 50
		 7: GETFIELD %self->year def_%v_107 %self[36.5,17.4,2.0,5.4,] 
		 8: GETFIELD %self->month def_%v_108 %self[36.5,21.4,10.4,2.0,] 
		 9: GETFIELD %self->project def_%v_109 %self[36.5,2.0,] 
		 10: GETFIELD %self->query def_%v_110 %self[36.5,2.0,] 
		 11: HASH-year-month-project-query- def_%v_111 %v_107[36.7,] %v_108[36.8,] %v_109[36.9,] %v_110[36.10,] 
		 12: %self->call_hook def_%v_112 %self[36.5,26.6,21.4,17.4,10.4,2.0,5.4,] %v_111[36.11,] 	 SYMBOL:view_calendars_show_bottom,	 ARGS:Symbol,%v_111,
		 13: Line Number 51
		 14: %self->l def_%v_113 %self[36.5,36.12,26.6,21.4,17.4,10.4,2.0,5.4,] 	 SYMBOL:text_tip_issue_begin_day,	 ARGS:Symbol,
		 15: Line Number 52
		 16: %self->l def_%v_114 %self[36.5,36.12,36.14,26.6,21.4,17.4,10.4,2.0,5.4,] 	 SYMBOL:text_tip_issue_end_day,	 ARGS:Symbol,
		 17: Line Number 53
		 18: %self->l def_%v_115 %self[36.5,36.12,36.14,36.16,26.6,21.4,17.4,10.4,2.0,5.4,] 	 SYMBOL:text_tip_issue_begin_end_day,	 ARGS:Symbol,
		 19: 
BB 37
	outgoing: 38 
	datadep: 
	instructions:
		 0: COPY TYPE_Nil def_%v_115 
BB 38
	outgoing: 39 
	datadep: 
	instructions:
		 0: Line Number 55
		 1: %self->content_for def_%v_116 %self[26.6,21.4,17.4,10.4,2.0,5.4,] %self[26.6,21.4,17.4,10.4,2.0,5.4,] 	 SYMBOL:sidebar,	 ARGS:Symbol,%self,
CLOSURE BEGIN: %self[26.6,21.4,17.4,10.4,2.0,5.4,] 
BB 1
	outgoing: 6 2 
	datadep: 
	instructions:
BB 2
	outgoing: 3 
	datadep: 
	instructions:
		 0: def_%self 
		 1: def_%cl_2_0 
		 2: COPY TYPE_CurrentScope def_%current_scope 
		 3: COPY TYPE_ScopeModule def_%current_module 
BB 3
	outgoing: 4 6 
	datadep: 
	instructions:
		 0: Line Number 56
		 1: COPY TYPE_StringLiteral "issues/sidebar" def_%cl_2_3 
		 2: HASH-partial- def_%cl_2_4 %cl_2_3[3.1,] 
		 3: %self->render def_%cl_2_5 %self[2.0,] %cl_2_4[3.2,] 	 SYMBOL:	 ARGS:%cl_2_4,
		 4: RETURN %cl_2_5[3.3,] %self[3.3,2.0,] 
BB 4
	outgoing: 6 
	datadep: 
	instructions:
		 0: def_%cl_2_6 
		 1: def_%cl_2_7 %cl_2_6[4.0,] 
		 2: RETURN %cl_2_7[4.1,] %self[2.0,] 
BB 6
	outgoing: 
	datadep: 
	instructions:
CLOSURE END: 
		 2: Line Number 58
		 3: %self->l def_%v_117 %self[38.1,26.6,21.4,17.4,10.4,2.0,5.4,] 	 SYMBOL:label_calendar,	 ARGS:Symbol,
		 4: %self->html_title def_%v_118 %self[38.1,38.3,26.6,21.4,17.4,10.4,2.0,5.4,] %v_117[38.3,] 	 SYMBOL:	 ARGS:%v_117,
		 5: RETURN %v_118[38.4,] %self[38.1,38.3,38.4,26.6,21.4,17.4,10.4,2.0,5.4,] 
BB 39
	outgoing: 
	datadep: 
	instructions:

