SET IRMethod, name = index instanceMethod = true
BB 1
	outgoing: 3 2 
	datadep: 
	instructions:
BB 2
	outgoing: 3 
	datadep: 
	instructions:
		 0: def_%self 
		 1: def_%v_0 
		 2: COPY TYPE_CurrentScope def_%current_scope 
		 3: COPY TYPE_ScopeModule def_%current_module 
		 4: 
		 5: Line Number 8
		 6: %self->respond_to def_%v_3 %self[2.0,] %self[2.0,] 	 SYMBOL:	 ARGS:%self,
CLOSURE BEGIN: format[] %self[2.0,] f[] 
BB 1
	outgoing: 6 2 
	datadep: 
	instructions:
BB 2
	outgoing: 3 
	datadep: 
	instructions:
		 0: def_%self 
		 1: def_%cl_1_0 
		 2: RECEIVEARG def_format 
		 3: COPY TYPE_CurrentScope def_%current_scope 
		 4: COPY TYPE_ScopeModule def_%current_module 
BB 3
	outgoing: 4 6 
	datadep: 
	instructions:
		 0: Line Number 9
		 1: format->html def_%cl_1_3 format[2.2,] %self[2.0,] 	 SYMBOL:	 ARGS:format,
CLOSURE BEGIN: %self[2.0,] f[] 
BB 1
	outgoing: 6 2 
	datadep: 
	instructions:
BB 2
	outgoing: 3 
	datadep: 
	instructions:
		 0: def_%self 
		 1: def_%cl_2_0 
		 2: COPY TYPE_CurrentScope def_%current_scope 
		 3: COPY TYPE_ScopeModule def_%current_module 
BB 3
	outgoing: 4 6 
	datadep: 
	instructions:
		 0: Line Number 10
		 1: (CustomField) def_%cl_2_3 
		 2: %cl_2_3->all def_%cl_2_4 %cl_2_3[3.1,] 	 SYMBOL:	 ARGS:
		 3: %cl_2_4->group_by def_%cl_2_5 %cl_2_4[3.2,] %self[2.0,] 	 SYMBOL:	 ARGS:%cl_2_4,
CLOSURE BEGIN: f[] 
BB 1
	outgoing: 6 2 
	datadep: 
	instructions:
BB 2
	outgoing: 3 
	datadep: 
	instructions:
		 0: def_%self 
		 1: def_%cl_3_0 
		 2: RECEIVEARG def_f 
		 3: COPY TYPE_CurrentScope def_%current_scope 
		 4: COPY TYPE_ScopeModule def_%current_module 
BB 3
	outgoing: 4 6 
	datadep: 
	instructions:
		 0: Line Number 10
		 1: f->class def_%cl_3_3 f[2.2,] 	 SYMBOL:	 ARGS:
		 2: %cl_3_3->name def_%cl_3_4 %cl_3_3[3.1,] 	 SYMBOL:	 ARGS:
		 3: RETURN %cl_3_4[3.2,] %self[2.0,] 
BB 4
	outgoing: 6 
	datadep: 
	instructions:
		 0: def_%cl_3_5 
		 1: def_%cl_3_6 %cl_3_5[4.0,] 
		 2: RETURN %cl_3_6[4.1,] %self[2.0,] 
BB 6
	outgoing: 
	datadep: 
	instructions:
CLOSURE END: 
		 4: ATTRASSIGN %self->custom_fields_by_type %cl_2_5[3.3,] 
		 5: Line Number 11
		 6: (IssueCustomField) def_%cl_2_6 
		 7: HASH-is_for_all- def_%cl_2_7 
		 8: %cl_2_6->where def_%cl_2_8 %cl_2_6[3.6,] %cl_2_7[3.7,] 	 SYMBOL:	 ARGS:%cl_2_7,
		 9: %cl_2_8->joins def_%cl_2_9 %cl_2_8[3.8,] 	 SYMBOL:projects,	 ARGS:Symbol,
		 10: %cl_2_9->group def_%cl_2_10 %cl_2_9[3.9,] 	 SYMBOL:custom_field_id,	 ARGS:Symbol,
		 11: %cl_2_10->count def_%cl_2_11 %cl_2_10[3.10,] 	 SYMBOL:	 ARGS:
		 12: ATTRASSIGN %self->custom_fields_projects_count %cl_2_11[3.11,] 
		 13: RETURN %cl_2_11[3.11,] %self[3.4,3.12,2.0,] 
BB 4
	outgoing: 6 
	datadep: 
	instructions:
		 0: def_%cl_2_12 
		 1: def_%cl_2_13 %cl_2_12[4.0,] 
		 2: RETURN %cl_2_13[4.1,] %self[3.4,3.12,2.0,] 
BB 6
	outgoing: 
	datadep: 
	instructions:
CLOSURE END: 
		 2: Line Number 14
		 3: format->api def_%cl_1_4 format[3.1,2.2,] %self[2.0,] 	 SYMBOL:	 ARGS:format,
CLOSURE BEGIN: %self[2.0,] 
BB 1
	outgoing: 6 2 
	datadep: 
	instructions:
BB 2
	outgoing: 3 
	datadep: 
	instructions:
		 0: def_%self 
		 1: def_%cl_4_0 
		 2: COPY TYPE_CurrentScope def_%current_scope 
		 3: COPY TYPE_ScopeModule def_%current_module 
BB 3
	outgoing: 4 6 
	datadep: 
	instructions:
		 0: Line Number 15
		 1: (CustomField) def_%cl_4_3 
		 2: %cl_4_3->all def_%cl_4_4 %cl_4_3[3.1,] 	 SYMBOL:	 ARGS:
		 3: ATTRASSIGN %self->custom_fields %cl_4_4[3.2,] 
		 4: RETURN %cl_4_4[3.2,] %self[3.3,2.0,] 
BB 4
	outgoing: 6 
	datadep: 
	instructions:
		 0: def_%cl_4_5 
		 1: def_%cl_4_6 %cl_4_5[4.0,] 
		 2: RETURN %cl_4_6[4.1,] %self[3.3,2.0,] 
BB 6
	outgoing: 
	datadep: 
	instructions:
CLOSURE END: 
		 4: RETURN %cl_1_4[3.3,] %self[2.0,] 
BB 4
	outgoing: 6 
	datadep: 
	instructions:
		 0: def_%cl_1_5 
		 1: def_%cl_1_6 %cl_1_5[4.0,] 
		 2: RETURN %cl_1_6[4.1,] %self[2.0,] 
BB 6
	outgoing: 
	datadep: 
	instructions:
CLOSURE END: 
		 7: RETURN %v_3[2.6,] %self[2.0,2.6,] 
BB 3
	outgoing: 
	datadep: 
	instructions:

SET IRMethod, name = new instanceMethod = true
BB 1
	outgoing: 6 2 
	datadep: 
	instructions:
BB 2
	outgoing: 3 4 
	datadep: 
	instructions:
		 0: def_%self 
		 1: def_%v_0 
		 2: COPY TYPE_CurrentScope def_%current_scope 
		 3: COPY TYPE_ScopeModule def_%current_module 
		 4: 
		 5: Line Number 29
		 6: GETFIELD %self->custom_field def_%v_3 %self[2.0,] 
		 7: %v_3->field_format def_%v_4 %v_3[2.6,] 	 SYMBOL:	 ARGS:
		 8: %v_4->blank? def_%v_5 %v_4[2.7,] 	 SYMBOL:	 ARGS:
		 9: BRANCH %v_5[2.8,] 
BB 3
	outgoing: 5 
	datadep: 
	instructions:
		 0: GETFIELD %self->custom_field def_%v_6 %self[2.0,] 
		 1: COPY TYPE_StringLiteral "string" def_%v_7 
		 2: ATTRASSIGN %v_6->field_format %v_7[3.1,] 
		 3: 
BB 4
	outgoing: 5 
	datadep: 
	instructions:
		 0: COPY TYPE_Nil def_%v_7 
BB 5
	outgoing: 6 
	datadep: 
	instructions:
		 0: Line Number 30
		 1: GETFIELD %self->custom_field def_%v_8 %self[2.0,] 
		 2: ATTRASSIGN %v_8->default_value 
		 3: RETURN %self[2.0,] 
BB 6
	outgoing: 
	datadep: 
	instructions:

SET IRMethod, name = create instanceMethod = true
BB 1
	outgoing: 6 2 
	datadep: 
	instructions:
BB 2
	outgoing: 3 4 
	datadep: 
	instructions:
		 0: def_%self 
		 1: def_%v_0 
		 2: COPY TYPE_CurrentScope def_%current_scope 
		 3: COPY TYPE_ScopeModule def_%current_module 
		 4: 
		 5: Line Number 41
		 6: GETFIELD %self->custom_field def_%v_3 %self[2.0,] 
		 7: %v_3->save def_%v_4 %v_3[2.6,] 	 SYMBOL:	 ARGS:
		 8: BRANCH %v_4[2.7,] 
BB 3
	outgoing: 6 
	datadep: 
	instructions:
		 0: Line Number 42
		 1: %self->flash def_%v_5 %self[2.0,] 	 SYMBOL:	 ARGS:
		 2: %self->l def_%v_6 %self[3.1,2.0,] 	 SYMBOL:notice_successful_create,	 ARGS:Symbol,
		 3: ATTRASSIGN %v_5->[] %v_6[3.2,] 
		 4: Line Number 43
		 5: %self->params def_%v_7 %self[3.1,3.2,2.0,] 	 SYMBOL:	 ARGS:
		 6: GETFIELD %self->custom_field def_%v_8 %self[3.1,3.2,3.5,2.0,] 
		 7: HASH-params-custom_field- def_%v_9 %v_7[3.5,] %v_8[3.6,] 
		 8: %self->call_hook def_%v_10 %self[3.1,3.2,3.5,2.0,] %v_9[3.7,] 	 SYMBOL:controller_custom_fields_new_after_save,	 ARGS:Symbol,%v_9,
		 9: Line Number 44
		 10: GETFIELD %self->custom_field def_%v_11 %self[3.1,3.2,3.5,3.8,2.0,] 
		 11: %self->edit_custom_field_path def_%v_12 %self[3.1,3.2,3.5,3.8,2.0,] %v_11[3.10,] 	 SYMBOL:	 ARGS:%v_11,
		 12: %self->redirect_to def_%v_13 %self[3.1,3.2,3.5,3.8,3.11,2.0,] %v_12[3.11,] 	 SYMBOL:	 ARGS:%v_12,
		 13: RETURN %v_13[3.12,] %self[3.1,3.2,3.5,3.8,3.11,3.12,2.0,] 
BB 4
	outgoing: 6 
	datadep: 
	instructions:
		 0: Line Number 46
		 1: COPY TYPE_StringLiteral "new" def_%v_14 
		 2: HASH-action- def_%v_15 %v_14[4.1,] 
		 3: %self->render def_%v_16 %self[2.0,] %v_15[4.2,] 	 SYMBOL:	 ARGS:%v_15,
		 4: Line Number 47
		 5: GETFIELD %self->custom_field def_%v_17 %self[4.3,2.0,] 
		 6: %self->custom_field_title def_%v_18 %self[4.3,2.0,] %v_17[4.5,] 	 SYMBOL:	 ARGS:%v_17,
		 7: Line Number 48
		 8: GETFIELD %self->custom_field def_%v_19 %self[4.3,4.6,2.0,] 
		 9: %self->custom_fields_path def_%v_20 %self[4.3,4.6,2.0,] 	 SYMBOL:	 ARGS:
		 10: COPY TYPE_StringLiteral "custom_field_form" def_%v_21 
		 11: HASH-id- def_%v_22 %v_21[4.10,] 
		 12: HASH-url-html- def_%v_23 %v_20[4.9,] %v_22[4.11,] 
		 13: %self->labelled_form_for def_%v_24 %self[4.3,4.6,4.9,2.0,] %v_19[4.8,] %v_23[4.12,] %self[4.3,4.6,4.9,2.0,] 	 SYMBOL:custom_field,	 ARGS:Symbol,%v_19,%v_23,%self,
CLOSURE BEGIN: f[] %self[4.3,4.6,4.9,2.0,] 
BB 1
	outgoing: 6 2 
	datadep: 
	instructions:
BB 2
	outgoing: 3 
	datadep: 
	instructions:
		 0: def_%self 
		 1: def_%cl_1_0 
		 2: RECEIVEARG def_f 
		 3: COPY TYPE_CurrentScope def_%current_scope 
		 4: COPY TYPE_ScopeModule def_%current_module 
BB 3
	outgoing: 4 6 
	datadep: 
	instructions:
		 0: Line Number 49
		 1: COPY TYPE_StringLiteral "form" def_%cl_1_3 
		 2: HASH-f- def_%cl_1_4 f[2.2,] 
		 3: HASH-partial-locals- def_%cl_1_5 %cl_1_3[3.1,] %cl_1_4[3.2,] 
		 4: %self->render def_%cl_1_6 %self[2.0,] %cl_1_5[3.3,] 	 SYMBOL:	 ARGS:%cl_1_5,
		 5: Line Number 50
		 6: COPY TYPE_StringLiteral "type" def_%cl_1_7 
		 7: GETFIELD %self->custom_field def_%cl_1_8 %self[3.4,2.0,] 
		 8: %cl_1_8->type def_%cl_1_9 %cl_1_8[3.7,] 	 SYMBOL:	 ARGS:
		 9: %self->hidden_field_tag def_%cl_1_10 %self[3.4,2.0,] %cl_1_7[3.6,] %cl_1_9[3.8,] 	 SYMBOL:	 ARGS:%cl_1_7,%cl_1_9,
		 10: RETURN %cl_1_10[3.9,] %self[3.4,3.9,2.0,] 
BB 4
	outgoing: 6 
	datadep: 
	instructions:
		 0: def_%cl_1_11 
		 1: def_%cl_1_12 %cl_1_11[4.0,] 
		 2: RETURN %cl_1_12[4.1,] %self[2.0,] 
BB 6
	outgoing: 
	datadep: 
	instructions:
CLOSURE END: 
		 14: Line Number 52
		 15: %self->javascript_tag def_%v_25 %self[4.3,4.6,4.9,4.13,2.0,] %self[4.3,4.6,4.9,4.13,2.0,] 	 SYMBOL:	 ARGS:%self,
CLOSURE BEGIN: %self[4.3,4.6,4.9,4.13,2.0,] 
BB 1
	outgoing: 6 2 
	datadep: 
	instructions:
BB 2
	outgoing: 3 
	datadep: 
	instructions:
		 0: def_%self 
		 1: def_%cl_2_0 
		 2: COPY TYPE_CurrentScope def_%current_scope 
		 3: COPY TYPE_ScopeModule def_%current_module 
BB 3
	outgoing: 4 6 
	datadep: 
	instructions:
		 0: Line Number 53
		 1: COPY TYPE_StringLiteral "js" def_%cl_2_3 
		 2: HASH-format- def_%cl_2_4 %cl_2_3[3.1,] 
		 3: %self->new_custom_field_path def_%cl_2_5 %self[2.0,] %cl_2_4[3.2,] 	 SYMBOL:	 ARGS:%cl_2_4,
		 4: RETURN %cl_2_5[3.3,] %self[3.3,2.0,] 
BB 4
	outgoing: 6 
	datadep: 
	instructions:
		 0: def_%cl_2_6 
		 1: def_%cl_2_7 %cl_2_6[4.0,] 
		 2: RETURN %cl_2_7[4.1,] %self[2.0,] 
BB 6
	outgoing: 
	datadep: 
	instructions:
CLOSURE END: 
		 16: RETURN %v_25[4.15,] %self[4.3,4.6,4.9,4.13,4.15,2.0,] 
BB 6
	outgoing: 
	datadep: 
	instructions:

SET IRMethod, name = edit instanceMethod = true
BB 1
	outgoing: 3 2 
	datadep: 
	instructions:
BB 2
	outgoing: 3 
	datadep: 
	instructions:
		 0: def_%self 
		 1: def_%v_0 
		 2: COPY TYPE_CurrentScope def_%current_scope 
		 3: COPY TYPE_ScopeModule def_%current_module 
		 4: 
		 5: RETURN %self[2.0,] 
BB 3
	outgoing: 
	datadep: 
	instructions:

SET IRMethod, name = update instanceMethod = true
BB 1
	outgoing: 6 2 
	datadep: 
	instructions:
BB 2
	outgoing: 3 4 
	datadep: 
	instructions:
		 0: def_%self 
		 1: def_%v_0 
		 2: COPY TYPE_CurrentScope def_%current_scope 
		 3: COPY TYPE_ScopeModule def_%current_module 
		 4: 
		 5: Line Number 64
		 6: GETFIELD %self->custom_field def_%v_3 %self[2.0,] 
		 7: %self->params def_%v_4 %self[2.0,] 	 SYMBOL:	 ARGS:
		 8: %v_4->[] def_%v_5 %v_4[2.7,] 	 SYMBOL:custom_field,	 ARGS:Symbol,
		 9: ATTRASSIGN %v_3->safe_attributes %v_5[2.8,] 
		 10: Line Number 65
		 11: GETFIELD %self->custom_field def_%v_6 %self[2.0,2.7,] 
		 12: %v_6->save def_%v_7 %v_6[2.11,] 	 SYMBOL:	 ARGS:
		 13: BRANCH %v_7[2.12,] 
BB 3
	outgoing: 6 
	datadep: 
	instructions:
		 0: Line Number 66
		 1: %self->params def_%v_8 %self[2.0,] 	 SYMBOL:	 ARGS:
		 2: GETFIELD %self->custom_field def_%v_9 %self[3.1,2.0,] 
		 3: HASH-params-custom_field- def_%v_10 %v_8[3.1,] %v_9[3.2,] 
		 4: %self->call_hook def_%v_11 %self[3.1,2.0,] %v_10[3.3,] 	 SYMBOL:controller_custom_fields_edit_after_save,	 ARGS:Symbol,%v_10,
		 5: Line Number 67
		 6: %self->respond_to def_%v_12 %self[3.1,3.4,2.0,] %self[3.1,3.4,2.0,] 	 SYMBOL:	 ARGS:%self,
CLOSURE BEGIN: format[] %self[3.1,3.4,2.0,] 
BB 1
	outgoing: 6 2 
	datadep: 
	instructions:
BB 2
	outgoing: 3 
	datadep: 
	instructions:
		 0: def_%self 
		 1: def_%cl_1_0 
		 2: RECEIVEARG def_format 
		 3: COPY TYPE_CurrentScope def_%current_scope 
		 4: COPY TYPE_ScopeModule def_%current_module 
BB 3
	outgoing: 4 6 
	datadep: 
	instructions:
		 0: Line Number 68
		 1: format->html def_%cl_1_3 format[2.2,] %self[2.0,] 	 SYMBOL:	 ARGS:format,
CLOSURE BEGIN: %self[2.0,] 
BB 1
	outgoing: 6 2 
	datadep: 
	instructions:
BB 2
	outgoing: 3 
	datadep: 
	instructions:
		 0: def_%self 
		 1: def_%cl_2_0 
		 2: COPY TYPE_CurrentScope def_%current_scope 
		 3: COPY TYPE_ScopeModule def_%current_module 
BB 3
	outgoing: 4 6 
	datadep: 
	instructions:
		 0: Line Number 69
		 1: %self->flash def_%cl_2_3 %self[2.0,] 	 SYMBOL:	 ARGS:
		 2: %self->l def_%cl_2_4 %self[3.1,2.0,] 	 SYMBOL:notice_successful_update,	 ARGS:Symbol,
		 3: ATTRASSIGN %cl_2_3->[] %cl_2_4[3.2,] 
		 4: Line Number 70
		 5: GETFIELD %self->custom_field def_%cl_2_5 %self[3.1,3.2,2.0,] 
		 6: %self->edit_custom_field_path def_%cl_2_6 %self[3.1,3.2,2.0,] %cl_2_5[3.5,] 	 SYMBOL:	 ARGS:%cl_2_5,
		 7: %self->redirect_back_or_default def_%cl_2_7 %self[3.1,3.2,3.6,2.0,] %cl_2_6[3.6,] 	 SYMBOL:	 ARGS:%cl_2_6,
		 8: RETURN %cl_2_7[3.7,] %self[3.1,3.2,3.6,3.7,2.0,] 
BB 4
	outgoing: 6 
	datadep: 
	instructions:
		 0: def_%cl_2_8 
		 1: def_%cl_2_9 %cl_2_8[4.0,] 
		 2: RETURN %cl_2_9[4.1,] %self[2.0,] 
BB 6
	outgoing: 
	datadep: 
	instructions:
CLOSURE END: 
		 2: Line Number 72
		 3: format->js def_%cl_1_4 format[3.1,2.2,] %self[2.0,] 	 SYMBOL:	 ARGS:format,
CLOSURE BEGIN: %self[2.0,] 
BB 1
	outgoing: 6 2 
	datadep: 
	instructions:
BB 2
	outgoing: 3 
	datadep: 
	instructions:
		 0: def_%self 
		 1: def_%cl_3_0 
		 2: COPY TYPE_CurrentScope def_%current_scope 
		 3: COPY TYPE_ScopeModule def_%current_module 
BB 3
	outgoing: 4 6 
	datadep: 
	instructions:
		 0: Line Number 72
		 1: %self->head def_%cl_3_3 %self[2.0,] 	 SYMBOL:	 ARGS:Fixnum,
		 2: RETURN %cl_3_3[3.1,] %self[3.1,2.0,] 
BB 4
	outgoing: 6 
	datadep: 
	instructions:
		 0: def_%cl_3_4 
		 1: def_%cl_3_5 %cl_3_4[4.0,] 
		 2: RETURN %cl_3_5[4.1,] %self[2.0,] 
BB 6
	outgoing: 
	datadep: 
	instructions:
CLOSURE END: 
		 4: RETURN %cl_1_4[3.3,] %self[2.0,] 
BB 4
	outgoing: 6 
	datadep: 
	instructions:
		 0: def_%cl_1_5 
		 1: def_%cl_1_6 %cl_1_5[4.0,] 
		 2: RETURN %cl_1_6[4.1,] %self[2.0,] 
BB 6
	outgoing: 
	datadep: 
	instructions:
CLOSURE END: 
		 7: RETURN %v_12[3.6,] %self[3.1,3.4,3.6,2.0,] 
BB 4
	outgoing: 6 
	datadep: 
	instructions:
		 0: Line Number 75
		 1: %self->respond_to def_%v_13 %self[2.0,] %self[2.0,] 	 SYMBOL:	 ARGS:%self,
CLOSURE BEGIN: format[] %self[2.0,] f[] 
BB 1
	outgoing: 6 2 
	datadep: 
	instructions:
BB 2
	outgoing: 3 
	datadep: 
	instructions:
		 0: def_%self 
		 1: def_%cl_4_0 
		 2: RECEIVEARG def_format 
		 3: COPY TYPE_CurrentScope def_%current_scope 
		 4: COPY TYPE_ScopeModule def_%current_module 
BB 3
	outgoing: 4 6 
	datadep: 
	instructions:
		 0: Line Number 76
		 1: format->html def_%cl_4_3 format[2.2,] %self[2.0,] 	 SYMBOL:	 ARGS:format,
CLOSURE BEGIN: %self[2.0,] 
BB 1
	outgoing: 6 2 
	datadep: 
	instructions:
BB 2
	outgoing: 3 
	datadep: 
	instructions:
		 0: def_%self 
		 1: def_%cl_5_0 
		 2: COPY TYPE_CurrentScope def_%current_scope 
		 3: COPY TYPE_ScopeModule def_%current_module 
BB 3
	outgoing: 4 6 
	datadep: 
	instructions:
		 0: Line Number 76
		 1: COPY TYPE_StringLiteral "edit" def_%cl_5_3 
		 2: HASH-action- def_%cl_5_4 %cl_5_3[3.1,] 
		 3: %self->render def_%cl_5_5 %self[2.0,] %cl_5_4[3.2,] 	 SYMBOL:	 ARGS:%cl_5_4,
		 4: RETURN %cl_5_5[3.3,] %self[3.3,2.0,] 
BB 4
	outgoing: 6 
	datadep: 
	instructions:
		 0: def_%cl_5_6 
		 1: def_%cl_5_7 %cl_5_6[4.0,] 
		 2: RETURN %cl_5_7[4.1,] %self[2.0,] 
BB 6
	outgoing: 
	datadep: 
	instructions:
CLOSURE END: 
		 2: Line Number 77
		 3: GETFIELD %self->custom_field def_%cl_4_4 %self[2.0,] 
		 4: %self->custom_field_title def_%cl_4_5 %self[2.0,] %cl_4_4[3.3,] 	 SYMBOL:	 ARGS:%cl_4_4,
		 5: Line Number 78
		 6: GETFIELD %self->custom_field def_%cl_4_6 %self[3.4,2.0,] 
		 7: GETFIELD %self->custom_field def_%cl_4_7 %self[3.4,2.0,] 
		 8: %self->custom_field_path def_%cl_4_8 %self[3.4,2.0,] %cl_4_7[3.7,] 	 SYMBOL:	 ARGS:%cl_4_7,
		 9: COPY TYPE_StringLiteral "custom_field_form" def_%cl_4_9 
		 10: HASH-method-id- def_%cl_4_10 %cl_4_9[3.9,] 
		 11: HASH-url-html- def_%cl_4_11 %cl_4_8[3.8,] %cl_4_10[3.10,] 
		 12: %self->labelled_form_for def_%cl_4_12 %self[3.4,3.8,2.0,] %cl_4_6[3.6,] %cl_4_11[3.11,] %self[3.4,3.8,2.0,] 	 SYMBOL:custom_field,	 ARGS:Symbol,%cl_4_6,%cl_4_11,%self,
CLOSURE BEGIN: f[] %self[3.4,3.8,2.0,] 
BB 1
	outgoing: 6 2 
	datadep: 
	instructions:
BB 2
	outgoing: 3 
	datadep: 
	instructions:
		 0: def_%self 
		 1: def_%cl_6_0 
		 2: RECEIVEARG def_f 
		 3: COPY TYPE_CurrentScope def_%current_scope 
		 4: COPY TYPE_ScopeModule def_%current_module 
BB 3
	outgoing: 4 6 
	datadep: 
	instructions:
		 0: Line Number 79
		 1: COPY TYPE_StringLiteral "form" def_%cl_6_3 
		 2: HASH-f- def_%cl_6_4 f[2.2,] 
		 3: HASH-partial-locals- def_%cl_6_5 %cl_6_3[3.1,] %cl_6_4[3.2,] 
		 4: %self->render def_%cl_6_6 %self[2.0,] %cl_6_5[3.3,] 	 SYMBOL:	 ARGS:%cl_6_5,
		 5: RETURN %cl_6_6[3.4,] %self[3.4,2.0,] 
BB 4
	outgoing: 6 
	datadep: 
	instructions:
		 0: def_%cl_6_7 
		 1: def_%cl_6_8 %cl_6_7[4.0,] 
		 2: RETURN %cl_6_8[4.1,] %self[2.0,] 
BB 6
	outgoing: 
	datadep: 
	instructions:
CLOSURE END: 
		 13: Line Number 81
		 14: format->js def_%cl_4_13 format[3.1,2.2,] %self[3.4,3.8,3.12,2.0,] 	 SYMBOL:	 ARGS:format,
CLOSURE BEGIN: %self[3.4,3.8,3.12,2.0,] 
BB 1
	outgoing: 6 2 
	datadep: 
	instructions:
BB 2
	outgoing: 3 
	datadep: 
	instructions:
		 0: def_%self 
		 1: def_%cl_7_0 
		 2: COPY TYPE_CurrentScope def_%current_scope 
		 3: COPY TYPE_ScopeModule def_%current_module 
BB 3
	outgoing: 4 6 
	datadep: 
	instructions:
		 0: Line Number 81
		 1: %self->head def_%cl_7_3 %self[2.0,] 	 SYMBOL:	 ARGS:Fixnum,
		 2: RETURN %cl_7_3[3.1,] %self[3.1,2.0,] 
BB 4
	outgoing: 6 
	datadep: 
	instructions:
		 0: def_%cl_7_4 
		 1: def_%cl_7_5 %cl_7_4[4.0,] 
		 2: RETURN %cl_7_5[4.1,] %self[2.0,] 
BB 6
	outgoing: 
	datadep: 
	instructions:
CLOSURE END: 
		 15: RETURN %cl_4_13[3.14,] %self[3.4,3.8,3.12,2.0,] 
BB 4
	outgoing: 6 
	datadep: 
	instructions:
		 0: def_%cl_4_14 
		 1: def_%cl_4_15 %cl_4_14[4.0,] 
		 2: RETURN %cl_4_15[4.1,] %self[2.0,] 
BB 6
	outgoing: 
	datadep: 
	instructions:
CLOSURE END: 
		 2: RETURN %v_13[4.1,] %self[4.1,2.0,] 
BB 6
	outgoing: 
	datadep: 
	instructions:

SET IRMethod, name = destroy instanceMethod = true
BB 1
	outgoing: 15 2 
	datadep: 
	instructions:
BB 2
	outgoing: 4 
	datadep: 
	instructions:
		 0: def_%self 
		 1: def_%v_0 
		 2: COPY TYPE_CurrentScope def_%current_scope 
		 3: COPY TYPE_ScopeModule def_%current_module 
		 4: 
		 5: Line Number 86
		 6: GLOBALVAR $! def_%v_3 
BB 4
	outgoing: 5 6 9 
	datadep: 
	instructions:
		 0: 
		 1: Line Number 87
		 2: GETFIELD %self->custom_field def_%v_6 %self[2.0,] 
		 3: %v_6->destroy def_%v_7 %v_6[4.2,] 	 SYMBOL:	 ARGS:
		 4: BRANCH %v_7[4.3,] 
BB 5
	outgoing: 7 9 
	datadep: 
	instructions:
		 0: Line Number 88
		 1: %self->flash def_%v_8 %self[2.0,] 	 SYMBOL:	 ARGS:
		 2: %self->l def_%v_9 %self[5.1,2.0,] 	 SYMBOL:notice_successful_delete,	 ARGS:Symbol,
		 3: ATTRASSIGN %v_8->[] %v_9[5.2,] 
		 4: 
BB 6
	outgoing: 7 
	datadep: 
	instructions:
		 0: COPY TYPE_Nil def_%v_9 
BB 7
	outgoing: 8 9 
	datadep: 
	instructions:
		 0: COPY TYPE_PASS def_%v_5 %v_9[6.0,5.2,] 
		 1: %v_3[2.6,] 
BB 8
	outgoing: 14 
	datadep: 
	instructions:
		 0: 
BB 9
	outgoing: 10 11 13 
	datadep: 
	instructions:
		 0: def_%v_10 
		 1: def_%v_11 %v_10[9.0,] 
		 2: BRANCH %v_11[9.1,] 
BB 10
	outgoing: 13 15 
	datadep: 
	instructions:
		 0: %v_10[9.0,] 
BB 11
	outgoing: 12 13 
	datadep: 
	instructions:
		 0: Line Number 91
		 1: %self->flash def_%v_12 %self[2.0,] 	 SYMBOL:	 ARGS:
		 2: %self->l def_%v_13 %self[11.1,2.0,] 	 SYMBOL:error_can_not_delete_custom_field,	 ARGS:Symbol,
		 3: ATTRASSIGN %v_12->[] %v_13[11.2,] 
		 4: COPY TYPE_PASS def_%v_5 %v_13[11.2,] 
		 5: %v_3[2.6,] 
BB 12
	outgoing: 14 
	datadep: 
	instructions:
		 0: 
BB 13
	outgoing: 15 
	datadep: 
	instructions:
		 0: def_%v_14 
		 1: def_%v_15 %v_14[13.0,] %v_3[2.6,] 
		 2: %v_14[13.0,] 
BB 14
	outgoing: 15 
	datadep: 
	instructions:
		 0: Line Number 93
		 1: GETFIELD %self->custom_field def_%v_16 %self[2.0,] 
		 2: %v_16->class def_%v_17 %v_16[14.1,] 	 SYMBOL:	 ARGS:
		 3: %v_17->name def_%v_18 %v_17[14.2,] 	 SYMBOL:	 ARGS:
		 4: HASH-tab- def_%v_19 %v_18[14.3,] 
		 5: %self->custom_fields_path def_%v_20 %self[2.0,] %v_19[14.4,] 	 SYMBOL:	 ARGS:%v_19,
		 6: %self->redirect_to def_%v_21 %self[14.5,2.0,] %v_20[14.5,] 	 SYMBOL:	 ARGS:%v_20,
		 7: RETURN %v_21[14.6,] %self[14.5,14.6,2.0,] 
BB 15
	outgoing: 
	datadep: 
	instructions:

SET IRMethod, name = build_new_custom_field instanceMethod = true
BB 1
	outgoing: 6 2 
	datadep: 
	instructions:
BB 2
	outgoing: 3 4 
	datadep: 
	instructions:
		 0: def_%self 
		 1: def_%v_0 
		 2: COPY TYPE_CurrentScope def_%current_scope 
		 3: COPY TYPE_ScopeModule def_%current_module 
		 4: 
		 5: Line Number 97
		 6: (CustomField) def_%v_3 
		 7: %self->params def_%v_4 %self[2.0,] 	 SYMBOL:	 ARGS:
		 8: %v_4->[] def_%v_5 %v_4[2.7,] 	 SYMBOL:type,	 ARGS:Symbol,
		 9: %v_3->new_subclass_instance def_%v_6 %v_3[2.6,] %v_5[2.8,] 	 SYMBOL:	 ARGS:%v_5,
		 10: ATTRASSIGN %self->custom_field %v_6[2.9,] 
		 11: Line Number 98
		 12: GETFIELD %self->custom_field def_%v_7 %self[2.0,2.7,2.10,] 
		 13: %v_7->nil? def_%v_8 %v_7[2.12,] 	 SYMBOL:	 ARGS:
		 14: BRANCH %v_8[2.13,] 
BB 3
	outgoing: 6 
	datadep: 
	instructions:
		 0: Line Number 99
		 1: COPY TYPE_StringLiteral "select_type" def_%v_9 
		 2: HASH-action- def_%v_10 %v_9[3.1,] 
		 3: %self->render def_%v_11 %self[2.0,2.10,] %v_10[3.2,] 	 SYMBOL:	 ARGS:%v_10,
		 4: Line Number 100
		 5: GETFIELD %self->custom_field def_%v_12 %self[3.3,2.0,2.10,] 
		 6: %self->custom_field_title def_%v_13 %self[3.3,2.0,2.10,] %v_12[3.5,] 	 SYMBOL:	 ARGS:%v_12,
		 7: Line Number 101
		 8: COPY TYPE_Fixnum def_selected 
		 9: Line Number 102
		 10: %self->new_custom_field_path def_%v_14 %self[3.3,3.6,2.0,2.10,] 	 SYMBOL:	 ARGS:
		 11: COPY TYPE_StringLiteral "get" def_%v_15 
		 12: HASH-method- def_%v_16 %v_15[3.11,] 
		 13: %self->form_tag def_%v_17 %self[3.3,3.6,3.10,2.0,2.10,] %v_14[3.10,] %v_16[3.12,] %self[3.3,3.6,3.10,2.0,2.10,] 	 SYMBOL:	 ARGS:%v_14,%v_16,%self,
CLOSURE BEGIN: %self[3.3,3.6,3.10,2.0,2.10,] type[] selected[3.8,] name[] 
BB 1
	outgoing: 6 2 
	datadep: 
	instructions:
BB 2
	outgoing: 3 
	datadep: 
	instructions:
		 0: def_%self 
		 1: def_%cl_1_0 
		 2: COPY TYPE_CurrentScope def_%current_scope 
		 3: COPY TYPE_ScopeModule def_%current_module 
BB 3
	outgoing: 4 6 
	datadep: 
	instructions:
		 0: Line Number 103
		 1: %self->l def_%cl_1_3 %self[2.0,] 	 SYMBOL:label_custom_field_select_type,	 ARGS:Symbol,
		 2: Line Number 104
		 3: %self->custom_field_type_options def_%cl_1_4 %self[3.1,2.0,] 	 SYMBOL:	 ARGS:
		 4: %cl_1_4->each def_%cl_1_5 %cl_1_4[3.3,] %self[3.1,3.3,2.0,] 	 SYMBOL:	 ARGS:%cl_1_4,
CLOSURE BEGIN: type[] selected[] %self[3.1,3.3,2.0,] name[] 
BB 1
	outgoing: 6 2 
	datadep: 
	instructions:
BB 2
	outgoing: 3 
	datadep: 
	instructions:
		 0: def_%self 
		 1: def_%cl_2_0 
		 2: RECEIVEARG def_name 
		 3: RECEIVEARG def_type 
		 4: COPY TYPE_CurrentScope def_%current_scope 
		 5: COPY TYPE_ScopeModule def_%current_module 
BB 3
	outgoing: 4 6 
	datadep: 
	instructions:
		 0: Line Number 105
		 1: COPY TYPE_StringLiteral "type" def_%cl_2_3 
		 2: COPY TYPE_PASS def_%cl_2_4 %cl_2_3[3.1,] 
		 3: COPY TYPE_PASS def_%cl_2_5 type[2.3,] 
		 4: selected->+ def_%cl_2_6 selected[] 	 SYMBOL:	 ARGS:Fixnum,
		 5: COPY TYPE_PASS def_selected %cl_2_6[3.4,] 
		 6: COPY TYPE_PASS def_%cl_2_7 %cl_2_6[3.4,] 
		 7: %cl_2_6->== def_%cl_2_8 %cl_2_6[3.4,] 	 SYMBOL:	 ARGS:%cl_2_7,
		 8: COPY TYPE_PASS def_%cl_2_9 %cl_2_8[3.7,] 
		 9: %self->radio_button_tag def_%cl_2_10 %self[2.0,] %cl_2_4[3.2,] %cl_2_5[3.3,] %cl_2_8[3.7,] 	 SYMBOL:	 ARGS:%cl_2_4,%cl_2_5,%cl_2_9,
		 10: Line Number 106
		 11: RETURN name[2.2,] %self[3.9,2.0,] 
BB 4
	outgoing: 6 
	datadep: 
	instructions:
		 0: def_%cl_2_11 
		 1: def_%cl_2_12 %cl_2_11[4.0,] 
		 2: RETURN %cl_2_12[4.1,] %self[2.0,] 
BB 6
	outgoing: 
	datadep: 
	instructions:
CLOSURE END: type[2.3,] selected[3.5,] 
		 5: Line Number 108
		 6: %self->l def_%cl_1_6 %self[3.1,3.3,2.0,] 	 SYMBOL:label_next,	 ARGS:Symbol,
		 7: %cl_1_6->html_safe def_%cl_1_7 %cl_1_6[3.6,] 	 SYMBOL:	 ARGS:
		 8: COPY TYPE_StringLiteral " &#187;" def_%cl_1_8 
		 9: %cl_1_8->html_safe def_%cl_1_9 %cl_1_8[3.8,] 	 SYMBOL:	 ARGS:
		 10: %cl_1_7->+ def_%cl_1_10 %cl_1_7[3.7,] %cl_1_9[3.9,] 	 SYMBOL:	 ARGS:%cl_1_9,
		 11: HASH-name- def_%cl_1_11 
		 12: %self->submit_tag def_%cl_1_12 %self[3.1,3.3,3.6,2.0,] %cl_1_10[3.10,] %cl_1_11[3.11,] 	 SYMBOL:	 ARGS:%cl_1_10,%cl_1_11,
		 13: RETURN %cl_1_12[3.12,] %self[3.1,3.3,3.6,3.12,2.0,] 
BB 4
	outgoing: 6 
	datadep: 
	instructions:
		 0: def_%cl_1_13 
		 1: def_%cl_1_14 %cl_1_13[4.0,] 
		 2: RETURN %cl_1_14[4.1,] %self[2.0,] 
BB 6
	outgoing: 
	datadep: 
	instructions:
CLOSURE END: 
		 14: RETURN %v_17[3.13,] %self[3.3,3.6,3.10,3.13,2.0,2.10,] 
BB 4
	outgoing: 6 
	datadep: 
	instructions:
		 0: Line Number 111
		 1: GETFIELD %self->custom_field def_%v_18 %self[2.0,2.10,] 
		 2: %self->params def_%v_19 %self[2.0,2.10,] 	 SYMBOL:	 ARGS:
		 3: %v_19->[] def_%v_20 %v_19[4.2,] 	 SYMBOL:custom_field,	 ARGS:Symbol,
		 4: ATTRASSIGN %v_18->safe_attributes %v_20[4.3,] 
		 5: RETURN %v_20[4.3,] %self[4.2,2.0,2.10,] 
BB 6
	outgoing: 
	datadep: 
	instructions:

SET IRMethod, name = find_custom_field instanceMethod = true
BB 1
	outgoing: 14 2 
	datadep: 
	instructions:
BB 2
	outgoing: 4 
	datadep: 
	instructions:
		 0: def_%self 
		 1: def_%v_0 
		 2: COPY TYPE_CurrentScope def_%current_scope 
		 3: COPY TYPE_ScopeModule def_%current_module 
		 4: 
		 5: GLOBALVAR $! def_%v_3 
BB 4
	outgoing: 5 6 
	datadep: 
	instructions:
		 0: 
		 1: Line Number 115
		 2: (CustomField) def_%v_6 
		 3: %self->params def_%v_7 %self[2.0,] 	 SYMBOL:	 ARGS:
		 4: %v_7->[] def_%v_8 %v_7[4.3,] 	 SYMBOL:id,	 ARGS:Symbol,
		 5: %v_6->find def_%v_9 %v_6[4.2,] %v_8[4.4,] 	 SYMBOL:	 ARGS:%v_8,
		 6: ATTRASSIGN %self->custom_field %v_9[4.5,] 
		 7: COPY TYPE_PASS def_%v_5 %v_9[4.5,] 
		 8: %v_3[2.5,] 
BB 5
	outgoing: 13 
	datadep: 
	instructions:
		 0: 
BB 6
	outgoing: 7 8 12 
	datadep: 
	instructions:
		 0: def_%v_10 
		 1: (ActiveRecord) def_%v_11 
		 2: (inherit RecordNotFound) def_%v_12 %v_11[6.1,] 
		 3: %v_12[6.2,] 
BB 7
	outgoing: 8 12 
	datadep: 
	instructions:
		 0: %v_11->const_missing def_%v_12 %v_11[6.1,] 	 SYMBOL:RecordNotFound,	 ARGS:Symbol,
BB 8
	outgoing: 9 10 12 
	datadep: 
	instructions:
		 0: def_%v_13 %v_12[7.0,6.2,] %v_10[6.0,] 
		 1: BRANCH %v_13[8.0,] 
BB 9
	outgoing: 12 14 
	datadep: 
	instructions:
		 0: %v_10[6.0,] 
BB 10
	outgoing: 11 12 
	datadep: 
	instructions:
		 0: Line Number 117
		 1: %self->render_404 def_%v_14 %self[4.6,2.0,] 	 SYMBOL:	 ARGS:
		 2: COPY TYPE_PASS def_%v_5 %v_14[10.1,] 
		 3: %v_3[2.5,] 
BB 11
	outgoing: 13 
	datadep: 
	instructions:
		 0: 
BB 12
	outgoing: 14 
	datadep: 
	instructions:
		 0: def_%v_15 
		 1: def_%v_16 %v_15[12.0,] %v_3[2.5,] 
		 2: %v_15[12.0,] 
BB 13
	outgoing: 14 
	datadep: 
	instructions:
		 0: RETURN %v_5[4.7,10.2,] %self[4.6,2.0,] 
BB 14
	outgoing: 
	datadep: 
	instructions:

