SET IRMethod, name = index instanceMethod = true
BB 1
	outgoing: 7 2 
	datadep: 
	instructions:
BB 2
	outgoing: 3 4 
	datadep: 
	instructions:
		 0: def_%self 
		 1: def_%v_0 
		 2: COPY TYPE_CurrentScope def_%current_scope 
		 3: COPY TYPE_ScopeModule def_%current_module 
		 4: 
		 5: Line Number 6
		 6: GETFIELD %self->user def_%v_3 %self[2.0,] 
		 7: %v_3->email_addresses def_%v_4 %v_3[2.6,] 	 SYMBOL:	 ARGS:
		 8: %v_4->order def_%v_5 %v_4[2.7,] 	 SYMBOL:id,	 ARGS:Symbol,
		 9: HASH-is_default- def_%v_6 
		 10: %v_5->where def_%v_7 %v_5[2.8,] %v_6[2.9,] 	 SYMBOL:	 ARGS:%v_6,
		 11: %v_7->to_a def_%v_8 %v_7[2.10,] 	 SYMBOL:	 ARGS:
		 12: ATTRASSIGN %self->addresses %v_8[2.11,] 
		 13: Line Number 7
		 14: def_%v_10 %self[2.0,2.12,] 
		 15: COPY TYPE_PASS def_%v_9 %v_10[2.14,] 
		 16: %v_10[2.14,] 
BB 3
	outgoing: 4 
	datadep: 
	instructions:
		 0: GETFIELD %self->address def_%v_11 %self[2.0,] 
		 1: COPY TYPE_PASS def_%v_9 %v_11[3.0,] 
BB 4
	outgoing: 5 6 
	datadep: 
	instructions:
		 0: BRANCH %v_9[3.1,2.15,] 
BB 5
	outgoing: 7 
	datadep: 
	instructions:
		 0: (EmailAddress) def_%v_12 
		 1: %v_12->new def_%v_13 %v_12[5.0,] 	 SYMBOL:	 ARGS:
		 2: ATTRASSIGN %self->address %v_13[5.1,] 
		 3: RETURN %v_13[5.1,] %self[5.2,2.0,2.12,] 
BB 6
	outgoing: 7 
	datadep: 
	instructions:
		 0: RETURN %v_11[3.0,] %self[2.0,2.12,] 
BB 7
	outgoing: 
	datadep: 
	instructions:

SET IRMethod, name = create instanceMethod = true
BB 1
	outgoing: 6 2 
	datadep: 
	instructions:
BB 2
	outgoing: 3 4 
	datadep: 
	instructions:
		 0: def_%self 
		 1: def_%v_0 
		 2: COPY TYPE_CurrentScope def_%current_scope 
		 3: COPY TYPE_ScopeModule def_%current_module 
		 4: 
		 5: Line Number 27
		 6: COPY TYPE_Boolean def_saved 
		 7: Line Number 28
		 8: GETFIELD %self->user def_%v_3 %self[2.0,] 
		 9: %v_3->email_addresses def_%v_4 %v_3[2.8,] 	 SYMBOL:	 ARGS:
		 10: %v_4->count def_%v_5 %v_4[2.9,] 	 SYMBOL:	 ARGS:
		 11: (Setting) def_%v_6 
		 12: %v_6->max_additional_emails def_%v_7 %v_6[2.11,] 	 SYMBOL:	 ARGS:
		 13: %v_7->to_i def_%v_8 %v_7[2.12,] 	 SYMBOL:	 ARGS:
		 14: %v_5-><= def_%v_9 %v_5[2.10,] %v_8[2.13,] 	 SYMBOL:	 ARGS:%v_8,
		 15: BRANCH %v_9[2.14,] 
BB 3
	outgoing: 5 
	datadep: 
	instructions:
		 0: Line Number 29
		 1: (EmailAddress) def_%v_10 
		 2: GETFIELD %self->user def_%v_11 %self[2.0,] 
		 3: HASH-user-is_default- def_%v_12 %v_11[3.2,] 
		 4: %v_10->new def_%v_13 %v_10[3.1,] %v_12[3.3,] 	 SYMBOL:	 ARGS:%v_12,
		 5: ATTRASSIGN %self->address %v_13[3.4,] 
		 6: Line Number 30
		 7: GETFIELD %self->address def_%v_14 %self[3.5,2.0,] 
		 8: %self->params def_%v_15 %self[3.5,2.0,] 	 SYMBOL:	 ARGS:
		 9: %v_15->[] def_%v_16 %v_15[3.8,] 	 SYMBOL:email_address,	 ARGS:Symbol,
		 10: ATTRASSIGN %v_14->safe_attributes %v_16[3.9,] 
		 11: Line Number 31
		 12: GETFIELD %self->address def_%v_17 %self[3.5,3.8,2.0,] 
		 13: %v_17->save def_%v_18 %v_17[3.12,] 	 SYMBOL:	 ARGS:
		 14: COPY TYPE_PASS def_saved %v_18[3.13,] 
		 15: 
BB 4
	outgoing: 5 
	datadep: 
	instructions:
		 0: COPY TYPE_Nil def_%v_18 
BB 5
	outgoing: 6 
	datadep: 
	instructions:
		 0: Line Number 33
		 1: %self->respond_to def_%v_19 %self[3.5,2.0,] %self[3.5,2.0,] 	 SYMBOL:	 ARGS:%self,
CLOSURE BEGIN: format[] %self[3.5,2.0,] saved[3.14,2.6,] address[] f[] 
BB 1
	outgoing: 6 2 
	datadep: 
	instructions:
BB 2
	outgoing: 3 
	datadep: 
	instructions:
		 0: def_%self 
		 1: def_%cl_1_0 
		 2: RECEIVEARG def_format 
		 3: COPY TYPE_CurrentScope def_%current_scope 
		 4: COPY TYPE_ScopeModule def_%current_module 
BB 3
	outgoing: 4 6 
	datadep: 
	instructions:
		 0: Line Number 34
		 1: format->html def_%cl_1_3 format[2.2,] %self[2.0,] 	 SYMBOL:	 ARGS:format,
CLOSURE BEGIN: saved[] %self[2.0,] address[] f[] 
BB 1
	outgoing: 15 2 
	datadep: 
	instructions:
BB 2
	outgoing: 4 5 
	datadep: 
	instructions:
		 0: def_%self 
		 1: def_%cl_2_0 
		 2: COPY TYPE_CurrentScope def_%current_scope 
		 3: COPY TYPE_ScopeModule def_%current_module 
		 4: Line Number 35
		 5: BRANCH saved[] 
BB 4
	outgoing: 12 13 
	datadep: 
	instructions:
		 0: Line Number 36
		 1: GETFIELD %self->user def_%cl_2_3 %self[2.0,] 
		 2: %self->user_email_addresses_path def_%cl_2_4 %self[2.0,] %cl_2_3[4.1,] 	 SYMBOL:	 ARGS:%cl_2_3,
		 3: %self->redirect_to def_%cl_2_5 %self[4.2,2.0,] %cl_2_4[4.2,] 	 SYMBOL:	 ARGS:%cl_2_4,
		 4: 
BB 5
	outgoing: 6 7 13 
	datadep: 
	instructions:
		 0: Line Number 38
		 1: %self->index def_%cl_2_6 %self[2.0,] 	 SYMBOL:	 ARGS:
		 2: Line Number 39
		 3: COPY TYPE_StringLiteral "index" def_%cl_2_7 
		 4: HASH-action- def_%cl_2_8 %cl_2_7[5.3,] 
		 5: %self->render def_%cl_2_9 %self[5.1,2.0,] %cl_2_8[5.4,] 	 SYMBOL:	 ARGS:%cl_2_8,
		 6: Line Number 40
		 7: GETFIELD %self->user def_%cl_2_10 %self[5.1,5.5,2.0,] 
		 8: %cl_2_10->name def_%cl_2_11 %cl_2_10[5.7,] 	 SYMBOL:	 ARGS:
		 9: Line Number 41
		 10: COPY TYPE_StringLiteral "email_addresses/index" def_%cl_2_12 
		 11: HASH-partial- def_%cl_2_13 %cl_2_12[5.10,] 
		 12: %self->render def_%cl_2_14 %self[5.1,5.5,2.0,] %cl_2_13[5.11,] 	 SYMBOL:	 ARGS:%cl_2_13,
		 13: Line Number 42
		 14: GETFIELD %self->addresses def_%cl_2_15 %self[5.1,5.5,5.12,2.0,] 
		 15: %cl_2_15->present? def_%cl_2_16 %cl_2_15[5.14,] 	 SYMBOL:	 ARGS:
		 16: BRANCH %cl_2_16[5.15,] 
BB 6
	outgoing: 8 13 
	datadep: 
	instructions:
		 0: Line Number 43
		 1: GETFIELD %self->addresses def_%cl_2_17 %self[2.0,] 
		 2: %cl_2_17->each def_%cl_2_18 %cl_2_17[6.1,] %self[2.0,] 	 SYMBOL:	 ARGS:%cl_2_17,
CLOSURE BEGIN: address[] %self[2.0,] 
BB 1
	outgoing: 6 2 
	datadep: 
	instructions:
BB 2
	outgoing: 3 
	datadep: 
	instructions:
		 0: def_%self 
		 1: def_%cl_3_0 
		 2: RECEIVEARG def_address 
		 3: COPY TYPE_CurrentScope def_%current_scope 
		 4: COPY TYPE_ScopeModule def_%current_module 
BB 3
	outgoing: 4 6 
	datadep: 
	instructions:
		 0: Line Number 44
		 1: address->address def_%cl_3_3 address[2.2,] 	 SYMBOL:	 ARGS:
		 2: Line Number 45
		 3: %self->toggle_email_address_notify_link def_%cl_3_4 %self[2.0,] address[3.1,2.2,] 	 SYMBOL:	 ARGS:address,
		 4: Line Number 46
		 5: GETFIELD %self->user def_%cl_3_5 %self[3.3,2.0,] 
		 6: %self->user_email_address_path def_%cl_3_6 %self[3.3,2.0,] %cl_3_5[3.5,] address[3.1,2.2,] 	 SYMBOL:	 ARGS:%cl_3_5,address,
		 7: HASH-remote- def_%cl_3_7 
		 8: %self->delete_link def_%cl_3_8 %self[3.3,3.6,2.0,] %cl_3_6[3.6,] %cl_3_7[3.7,] 	 SYMBOL:	 ARGS:%cl_3_6,%cl_3_7,
		 9: RETURN %cl_3_8[3.8,] %self[3.3,3.6,3.8,2.0,] 
BB 4
	outgoing: 6 
	datadep: 
	instructions:
		 0: def_%cl_3_9 
		 1: def_%cl_3_10 %cl_3_9[4.0,] 
		 2: RETURN %cl_3_10[4.1,] %self[2.0,] 
BB 6
	outgoing: 
	datadep: 
	instructions:
CLOSURE END: 
		 3: 
BB 7
	outgoing: 8 
	datadep: 
	instructions:
		 0: COPY TYPE_Nil def_%cl_2_18 
BB 8
	outgoing: 9 10 13 
	datadep: 
	instructions:
		 0: Line Number 49
		 1: GETFIELD %self->addresses def_%cl_2_19 %self[2.0,] 
		 2: %cl_2_19->size def_%cl_2_20 %cl_2_19[8.1,] 	 SYMBOL:	 ARGS:
		 3: (Setting) def_%cl_2_21 
		 4: %cl_2_21->max_additional_emails def_%cl_2_22 %cl_2_21[8.3,] 	 SYMBOL:	 ARGS:
		 5: %cl_2_22->to_i def_%cl_2_23 %cl_2_22[8.4,] 	 SYMBOL:	 ARGS:
		 6: %cl_2_20->>= def_%cl_2_24 %cl_2_20[8.2,] %cl_2_23[8.5,] 	 SYMBOL:	 ARGS:%cl_2_23,
		 7: BRANCH %cl_2_24[8.6,] 
BB 9
	outgoing: 11 
	datadep: 
	instructions:
		 0: COPY TYPE_Nil def_%cl_2_25 
		 1: 
BB 10
	outgoing: 11 13 
	datadep: 
	instructions:
		 0: Line Number 50
		 1: GETFIELD %self->address def_%cl_2_26 %self[2.0,] 
		 2: GETFIELD %self->user def_%cl_2_27 %self[2.0,] 
		 3: %self->user_email_addresses_path def_%cl_2_28 %self[2.0,] %cl_2_27[10.2,] 	 SYMBOL:	 ARGS:%cl_2_27,
		 4: HASH-url-remote- def_%cl_2_29 %cl_2_28[10.3,] 
		 5: %self->form_for def_%cl_2_30 %self[10.3,2.0,] %cl_2_26[10.1,] %cl_2_29[10.4,] %self[10.3,2.0,] 	 SYMBOL:	 ARGS:%cl_2_26,%cl_2_29,%self,
CLOSURE BEGIN: %self[10.3,2.0,] f[] 
BB 1
	outgoing: 6 2 
	datadep: 
	instructions:
BB 2
	outgoing: 3 
	datadep: 
	instructions:
		 0: def_%self 
		 1: def_%cl_4_0 
		 2: RECEIVEARG def_f 
		 3: COPY TYPE_CurrentScope def_%current_scope 
		 4: COPY TYPE_ScopeModule def_%current_module 
BB 3
	outgoing: 4 6 
	datadep: 
	instructions:
		 0: Line Number 51
		 1: %self->l def_%cl_4_3 %self[2.0,] 	 SYMBOL:label_email_address_add,	 ARGS:Symbol,
		 2: Line Number 52
		 3: GETFIELD %self->address def_%cl_4_4 %self[3.1,2.0,] 
		 4: %self->error_messages_for def_%cl_4_5 %self[3.1,2.0,] %cl_4_4[3.3,] 	 SYMBOL:	 ARGS:%cl_4_4,
		 5: Line Number 53
		 6: HASH-size- def_%cl_4_6 
		 7: f->text_field def_%cl_4_7 f[2.2,] %cl_4_6[3.6,] 	 SYMBOL:address,	 ARGS:Symbol,%cl_4_6,
		 8: Line Number 54
		 9: %self->l def_%cl_4_8 %self[3.1,3.4,2.0,] 	 SYMBOL:button_add,	 ARGS:Symbol,
		 10: %self->submit_tag def_%cl_4_9 %self[3.1,3.4,3.9,2.0,] %cl_4_8[3.9,] 	 SYMBOL:	 ARGS:%cl_4_8,
		 11: RETURN %cl_4_9[3.10,] %self[3.1,3.4,3.9,3.10,2.0,] 
BB 4
	outgoing: 6 
	datadep: 
	instructions:
		 0: def_%cl_4_10 
		 1: def_%cl_4_11 %cl_4_10[4.0,] 
		 2: RETURN %cl_4_11[4.1,] %self[2.0,] 
BB 6
	outgoing: 
	datadep: 
	instructions:
CLOSURE END: 
		 6: COPY TYPE_PASS def_%cl_2_25 %cl_2_30[10.5,] 
BB 11
	outgoing: 15 
	datadep: 
	instructions:
		 0: RETURN %cl_2_25[10.6,9.0,] %self[2.0,] 
BB 12
	outgoing: 15 
	datadep: 
	instructions:
		 0: RETURN %cl_2_5[4.3,] %self[2.0,] 
BB 13
	outgoing: 15 
	datadep: 
	instructions:
		 0: def_%cl_2_31 
		 1: def_%cl_2_32 %cl_2_31[13.0,] 
		 2: RETURN %cl_2_32[13.1,] %self[2.0,] 
BB 15
	outgoing: 
	datadep: 
	instructions:
CLOSURE END: 
		 2: Line Number 59
		 3: format->js def_%cl_1_4 format[3.1,2.2,] %self[2.0,] 	 SYMBOL:	 ARGS:format,
CLOSURE BEGIN: saved[] %self[2.0,] address[] f[] 
BB 1
	outgoing: 15 2 
	datadep: 
	instructions:
BB 2
	outgoing: 4 5 
	datadep: 
	instructions:
		 0: def_%self 
		 1: def_%cl_5_0 
		 2: COPY TYPE_CurrentScope def_%current_scope 
		 3: COPY TYPE_ScopeModule def_%current_module 
		 4: Line Number 60
		 5: BRANCH saved[] 
BB 4
	outgoing: 6 13 
	datadep: 
	instructions:
		 0: ATTRASSIGN %self->address 
		 1: COPY TYPE_Nil def_%cl_5_3 
		 2: 
BB 5
	outgoing: 6 
	datadep: 
	instructions:
		 0: COPY TYPE_Nil def_%cl_5_3 
BB 6
	outgoing: 7 8 13 
	datadep: 
	instructions:
		 0: Line Number 61
		 1: %self->index def_%cl_5_4 %self[4.0,2.0,] 	 SYMBOL:	 ARGS:
		 2: Line Number 62
		 3: COPY TYPE_StringLiteral "index" def_%cl_5_5 
		 4: HASH-action- def_%cl_5_6 %cl_5_5[6.3,] 
		 5: %self->render def_%cl_5_7 %self[6.1,4.0,2.0,] %cl_5_6[6.4,] 	 SYMBOL:	 ARGS:%cl_5_6,
		 6: Line Number 63
		 7: GETFIELD %self->user def_%cl_5_8 %self[6.1,6.5,2.0,] 
		 8: %cl_5_8->name def_%cl_5_9 %cl_5_8[6.7,] 	 SYMBOL:	 ARGS:
		 9: Line Number 64
		 10: COPY TYPE_StringLiteral "email_addresses/index" def_%cl_5_10 
		 11: HASH-partial- def_%cl_5_11 %cl_5_10[6.10,] 
		 12: %self->render def_%cl_5_12 %self[6.1,6.5,4.0,2.0,] %cl_5_11[6.11,] 	 SYMBOL:	 ARGS:%cl_5_11,
		 13: Line Number 65
		 14: GETFIELD %self->addresses def_%cl_5_13 %self[6.1,6.5,6.12,2.0,] 
		 15: %cl_5_13->present? def_%cl_5_14 %cl_5_13[6.14,] 	 SYMBOL:	 ARGS:
		 16: BRANCH %cl_5_14[6.15,] 
BB 7
	outgoing: 9 13 
	datadep: 
	instructions:
		 0: Line Number 66
		 1: GETFIELD %self->addresses def_%cl_5_15 %self[2.0,] 
		 2: %cl_5_15->each def_%cl_5_16 %cl_5_15[7.1,] %self[4.0,2.0,] 	 SYMBOL:	 ARGS:%cl_5_15,
CLOSURE BEGIN: address[] %self[4.0,2.0,] 
BB 1
	outgoing: 6 2 
	datadep: 
	instructions:
BB 2
	outgoing: 3 
	datadep: 
	instructions:
		 0: def_%self 
		 1: def_%cl_6_0 
		 2: RECEIVEARG def_address 
		 3: COPY TYPE_CurrentScope def_%current_scope 
		 4: COPY TYPE_ScopeModule def_%current_module 
BB 3
	outgoing: 4 6 
	datadep: 
	instructions:
		 0: Line Number 67
		 1: address->address def_%cl_6_3 address[2.2,] 	 SYMBOL:	 ARGS:
		 2: Line Number 68
		 3: %self->toggle_email_address_notify_link def_%cl_6_4 %self[2.0,] address[3.1,2.2,] 	 SYMBOL:	 ARGS:address,
		 4: Line Number 69
		 5: GETFIELD %self->user def_%cl_6_5 %self[3.3,2.0,] 
		 6: %self->user_email_address_path def_%cl_6_6 %self[3.3,2.0,] %cl_6_5[3.5,] address[3.1,2.2,] 	 SYMBOL:	 ARGS:%cl_6_5,address,
		 7: HASH-remote- def_%cl_6_7 
		 8: %self->delete_link def_%cl_6_8 %self[3.3,3.6,2.0,] %cl_6_6[3.6,] %cl_6_7[3.7,] 	 SYMBOL:	 ARGS:%cl_6_6,%cl_6_7,
		 9: RETURN %cl_6_8[3.8,] %self[3.3,3.6,3.8,2.0,] 
BB 4
	outgoing: 6 
	datadep: 
	instructions:
		 0: def_%cl_6_9 
		 1: def_%cl_6_10 %cl_6_9[4.0,] 
		 2: RETURN %cl_6_10[4.1,] %self[2.0,] 
BB 6
	outgoing: 
	datadep: 
	instructions:
CLOSURE END: 
		 3: 
BB 8
	outgoing: 9 
	datadep: 
	instructions:
		 0: COPY TYPE_Nil def_%cl_5_16 
BB 9
	outgoing: 10 11 13 
	datadep: 
	instructions:
		 0: Line Number 72
		 1: GETFIELD %self->addresses def_%cl_5_17 %self[2.0,] 
		 2: %cl_5_17->size def_%cl_5_18 %cl_5_17[9.1,] 	 SYMBOL:	 ARGS:
		 3: (Setting) def_%cl_5_19 
		 4: %cl_5_19->max_additional_emails def_%cl_5_20 %cl_5_19[9.3,] 	 SYMBOL:	 ARGS:
		 5: %cl_5_20->to_i def_%cl_5_21 %cl_5_20[9.4,] 	 SYMBOL:	 ARGS:
		 6: %cl_5_18->>= def_%cl_5_22 %cl_5_18[9.2,] %cl_5_21[9.5,] 	 SYMBOL:	 ARGS:%cl_5_21,
		 7: BRANCH %cl_5_22[9.6,] 
BB 10
	outgoing: 15 
	datadep: 
	instructions:
		 0: COPY TYPE_Nil def_%cl_5_23 
		 1: RETURN %cl_5_23[10.0,] %self[4.0,2.0,] 
BB 11
	outgoing: 13 15 
	datadep: 
	instructions:
		 0: Line Number 73
		 1: GETFIELD %self->address def_%cl_5_24 %self[4.0,2.0,] 
		 2: GETFIELD %self->user def_%cl_5_25 %self[2.0,] 
		 3: %self->user_email_addresses_path def_%cl_5_26 %self[4.0,2.0,] %cl_5_25[11.2,] 	 SYMBOL:	 ARGS:%cl_5_25,
		 4: HASH-url-remote- def_%cl_5_27 %cl_5_26[11.3,] 
		 5: %self->form_for def_%cl_5_28 %self[11.3,4.0,2.0,] %cl_5_24[11.1,] %cl_5_27[11.4,] %self[11.3,4.0,2.0,] 	 SYMBOL:	 ARGS:%cl_5_24,%cl_5_27,%self,
CLOSURE BEGIN: %self[11.3,4.0,2.0,] f[] 
BB 1
	outgoing: 6 2 
	datadep: 
	instructions:
BB 2
	outgoing: 3 
	datadep: 
	instructions:
		 0: def_%self 
		 1: def_%cl_7_0 
		 2: RECEIVEARG def_f 
		 3: COPY TYPE_CurrentScope def_%current_scope 
		 4: COPY TYPE_ScopeModule def_%current_module 
BB 3
	outgoing: 4 6 
	datadep: 
	instructions:
		 0: Line Number 74
		 1: %self->l def_%cl_7_3 %self[2.0,] 	 SYMBOL:label_email_address_add,	 ARGS:Symbol,
		 2: Line Number 75
		 3: GETFIELD %self->address def_%cl_7_4 %self[3.1,2.0,] 
		 4: %self->error_messages_for def_%cl_7_5 %self[3.1,2.0,] %cl_7_4[3.3,] 	 SYMBOL:	 ARGS:%cl_7_4,
		 5: Line Number 76
		 6: HASH-size- def_%cl_7_6 
		 7: f->text_field def_%cl_7_7 f[2.2,] %cl_7_6[3.6,] 	 SYMBOL:address,	 ARGS:Symbol,%cl_7_6,
		 8: Line Number 77
		 9: %self->l def_%cl_7_8 %self[3.1,3.4,2.0,] 	 SYMBOL:button_add,	 ARGS:Symbol,
		 10: %self->submit_tag def_%cl_7_9 %self[3.1,3.4,3.9,2.0,] %cl_7_8[3.9,] 	 SYMBOL:	 ARGS:%cl_7_8,
		 11: RETURN %cl_7_9[3.10,] %self[3.1,3.4,3.9,3.10,2.0,] 
BB 4
	outgoing: 6 
	datadep: 
	instructions:
		 0: def_%cl_7_10 
		 1: def_%cl_7_11 %cl_7_10[4.0,] 
		 2: RETURN %cl_7_11[4.1,] %self[2.0,] 
BB 6
	outgoing: 
	datadep: 
	instructions:
CLOSURE END: 
		 6: RETURN %cl_5_28[11.5,] %self[11.3,11.5,4.0,2.0,] 
BB 13
	outgoing: 15 
	datadep: 
	instructions:
		 0: def_%cl_5_29 
		 1: def_%cl_5_30 %cl_5_29[13.0,] 
		 2: RETURN %cl_5_30[13.1,] %self[4.0,2.0,] 
BB 15
	outgoing: 
	datadep: 
	instructions:
CLOSURE END: 
		 4: RETURN %cl_1_4[3.3,] %self[2.0,] 
BB 4
	outgoing: 6 
	datadep: 
	instructions:
		 0: def_%cl_1_5 
		 1: def_%cl_1_6 %cl_1_5[4.0,] 
		 2: RETURN %cl_1_6[4.1,] %self[2.0,] 
BB 6
	outgoing: 
	datadep: 
	instructions:
CLOSURE END: 
		 2: RETURN %v_19[5.1,] %self[5.1,3.5,2.0,] 
BB 6
	outgoing: 
	datadep: 
	instructions:

SET IRMethod, name = update instanceMethod = true
BB 1
	outgoing: 6 2 
	datadep: 
	instructions:
BB 2
	outgoing: 3 4 
	datadep: 
	instructions:
		 0: def_%self 
		 1: def_%v_0 
		 2: COPY TYPE_CurrentScope def_%current_scope 
		 3: COPY TYPE_ScopeModule def_%current_module 
		 4: 
		 5: Line Number 84
		 6: %self->params def_%v_3 %self[2.0,] 	 SYMBOL:	 ARGS:
		 7: %v_3->[] def_%v_4 %v_3[2.6,] 	 SYMBOL:notify,	 ARGS:Symbol,
		 8: %v_4->present? def_%v_5 %v_4[2.7,] 	 SYMBOL:	 ARGS:
		 9: BRANCH %v_5[2.8,] 
BB 3
	outgoing: 5 
	datadep: 
	instructions:
		 0: Line Number 85
		 1: GETFIELD %self->address def_%v_6 %self[2.0,] 
		 2: %self->params def_%v_7 %self[2.0,] 	 SYMBOL:	 ARGS:
		 3: %v_7->[] def_%v_8 %v_7[3.2,] 	 SYMBOL:notify,	 ARGS:Symbol,
		 4: %v_8->to_s def_%v_9 %v_8[3.3,] 	 SYMBOL:	 ARGS:
		 5: ATTRASSIGN %v_6->notify %v_9[3.4,] 
		 6: 
BB 4
	outgoing: 5 
	datadep: 
	instructions:
		 0: COPY TYPE_Nil def_%v_9 
BB 5
	outgoing: 6 
	datadep: 
	instructions:
		 0: Line Number 87
		 1: GETFIELD %self->address def_%v_10 %self[2.0,] 
		 2: %v_10->save def_%v_11 %v_10[5.1,] 	 SYMBOL:	 ARGS:
		 3: Line Number 88
		 4: %self->respond_to def_%v_12 %self[2.0,] %self[2.0,] 	 SYMBOL:	 ARGS:%self,
CLOSURE BEGIN: format[] %self[2.0,] address[] f[] 
BB 1
	outgoing: 6 2 
	datadep: 
	instructions:
BB 2
	outgoing: 3 
	datadep: 
	instructions:
		 0: def_%self 
		 1: def_%cl_1_0 
		 2: RECEIVEARG def_format 
		 3: COPY TYPE_CurrentScope def_%current_scope 
		 4: COPY TYPE_ScopeModule def_%current_module 
BB 3
	outgoing: 4 6 
	datadep: 
	instructions:
		 0: Line Number 89
		 1: format->html def_%cl_1_3 format[2.2,] %self[2.0,] 	 SYMBOL:	 ARGS:format,
CLOSURE BEGIN: %self[2.0,] 
BB 1
	outgoing: 6 2 
	datadep: 
	instructions:
BB 2
	outgoing: 3 
	datadep: 
	instructions:
		 0: def_%self 
		 1: def_%cl_2_0 
		 2: COPY TYPE_CurrentScope def_%current_scope 
		 3: COPY TYPE_ScopeModule def_%current_module 
BB 3
	outgoing: 4 6 
	datadep: 
	instructions:
		 0: Line Number 90
		 1: GETFIELD %self->user def_%cl_2_3 %self[2.0,] 
		 2: %self->user_email_addresses_path def_%cl_2_4 %self[2.0,] %cl_2_3[3.1,] 	 SYMBOL:	 ARGS:%cl_2_3,
		 3: %self->redirect_to def_%cl_2_5 %self[3.2,2.0,] %cl_2_4[3.2,] 	 SYMBOL:	 ARGS:%cl_2_4,
		 4: RETURN %cl_2_5[3.3,] %self[3.2,3.3,2.0,] 
BB 4
	outgoing: 6 
	datadep: 
	instructions:
		 0: def_%cl_2_6 
		 1: def_%cl_2_7 %cl_2_6[4.0,] 
		 2: RETURN %cl_2_7[4.1,] %self[2.0,] 
BB 6
	outgoing: 
	datadep: 
	instructions:
CLOSURE END: 
		 2: Line Number 92
		 3: format->js def_%cl_1_4 format[3.1,2.2,] %self[2.0,] 	 SYMBOL:	 ARGS:format,
CLOSURE BEGIN: %self[2.0,] address[] f[] 
BB 1
	outgoing: 12 2 
	datadep: 
	instructions:
BB 2
	outgoing: 3 
	datadep: 
	instructions:
		 0: def_%self 
		 1: def_%cl_3_0 
		 2: COPY TYPE_CurrentScope def_%current_scope 
		 3: COPY TYPE_ScopeModule def_%current_module 
BB 3
	outgoing: 4 5 10 
	datadep: 
	instructions:
		 0: Line Number 93
		 1: ATTRASSIGN %self->address 
		 2: Line Number 94
		 3: %self->index def_%cl_3_3 %self[3.1,2.0,] 	 SYMBOL:	 ARGS:
		 4: Line Number 95
		 5: COPY TYPE_StringLiteral "index" def_%cl_3_4 
		 6: HASH-action- def_%cl_3_5 %cl_3_4[3.5,] 
		 7: %self->render def_%cl_3_6 %self[3.1,3.3,2.0,] %cl_3_5[3.6,] 	 SYMBOL:	 ARGS:%cl_3_5,
		 8: Line Number 96
		 9: GETFIELD %self->user def_%cl_3_7 %self[3.3,3.7,2.0,] 
		 10: %cl_3_7->name def_%cl_3_8 %cl_3_7[3.9,] 	 SYMBOL:	 ARGS:
		 11: Line Number 97
		 12: COPY TYPE_StringLiteral "email_addresses/index" def_%cl_3_9 
		 13: HASH-partial- def_%cl_3_10 %cl_3_9[3.12,] 
		 14: %self->render def_%cl_3_11 %self[3.1,3.3,3.7,2.0,] %cl_3_10[3.13,] 	 SYMBOL:	 ARGS:%cl_3_10,
		 15: Line Number 98
		 16: GETFIELD %self->addresses def_%cl_3_12 %self[3.3,3.7,3.14,2.0,] 
		 17: %cl_3_12->present? def_%cl_3_13 %cl_3_12[3.16,] 	 SYMBOL:	 ARGS:
		 18: BRANCH %cl_3_13[3.17,] 
BB 4
	outgoing: 6 10 
	datadep: 
	instructions:
		 0: Line Number 99
		 1: GETFIELD %self->addresses def_%cl_3_14 %self[2.0,] 
		 2: %cl_3_14->each def_%cl_3_15 %cl_3_14[4.1,] %self[3.1,2.0,] 	 SYMBOL:	 ARGS:%cl_3_14,
CLOSURE BEGIN: address[] %self[3.1,2.0,] 
BB 1
	outgoing: 6 2 
	datadep: 
	instructions:
BB 2
	outgoing: 3 
	datadep: 
	instructions:
		 0: def_%self 
		 1: def_%cl_4_0 
		 2: RECEIVEARG def_address 
		 3: COPY TYPE_CurrentScope def_%current_scope 
		 4: COPY TYPE_ScopeModule def_%current_module 
BB 3
	outgoing: 4 6 
	datadep: 
	instructions:
		 0: Line Number 100
		 1: address->address def_%cl_4_3 address[2.2,] 	 SYMBOL:	 ARGS:
		 2: Line Number 101
		 3: %self->toggle_email_address_notify_link def_%cl_4_4 %self[2.0,] address[3.1,2.2,] 	 SYMBOL:	 ARGS:address,
		 4: Line Number 102
		 5: GETFIELD %self->user def_%cl_4_5 %self[3.3,2.0,] 
		 6: %self->user_email_address_path def_%cl_4_6 %self[3.3,2.0,] %cl_4_5[3.5,] address[3.1,2.2,] 	 SYMBOL:	 ARGS:%cl_4_5,address,
		 7: HASH-remote- def_%cl_4_7 
		 8: %self->delete_link def_%cl_4_8 %self[3.3,3.6,2.0,] %cl_4_6[3.6,] %cl_4_7[3.7,] 	 SYMBOL:	 ARGS:%cl_4_6,%cl_4_7,
		 9: RETURN %cl_4_8[3.8,] %self[3.3,3.6,3.8,2.0,] 
BB 4
	outgoing: 6 
	datadep: 
	instructions:
		 0: def_%cl_4_9 
		 1: def_%cl_4_10 %cl_4_9[4.0,] 
		 2: RETURN %cl_4_10[4.1,] %self[2.0,] 
BB 6
	outgoing: 
	datadep: 
	instructions:
CLOSURE END: 
		 3: 
BB 5
	outgoing: 6 
	datadep: 
	instructions:
		 0: COPY TYPE_Nil def_%cl_3_15 
BB 6
	outgoing: 7 8 10 
	datadep: 
	instructions:
		 0: Line Number 105
		 1: GETFIELD %self->addresses def_%cl_3_16 %self[2.0,] 
		 2: %cl_3_16->size def_%cl_3_17 %cl_3_16[6.1,] 	 SYMBOL:	 ARGS:
		 3: (Setting) def_%cl_3_18 
		 4: %cl_3_18->max_additional_emails def_%cl_3_19 %cl_3_18[6.3,] 	 SYMBOL:	 ARGS:
		 5: %cl_3_19->to_i def_%cl_3_20 %cl_3_19[6.4,] 	 SYMBOL:	 ARGS:
		 6: %cl_3_17->>= def_%cl_3_21 %cl_3_17[6.2,] %cl_3_20[6.5,] 	 SYMBOL:	 ARGS:%cl_3_20,
		 7: BRANCH %cl_3_21[6.6,] 
BB 7
	outgoing: 12 
	datadep: 
	instructions:
		 0: COPY TYPE_Nil def_%cl_3_22 
		 1: RETURN %cl_3_22[7.0,] %self[3.1,2.0,] 
BB 8
	outgoing: 10 12 
	datadep: 
	instructions:
		 0: Line Number 106
		 1: GETFIELD %self->address def_%cl_3_23 %self[3.1,2.0,] 
		 2: GETFIELD %self->user def_%cl_3_24 %self[2.0,] 
		 3: %self->user_email_addresses_path def_%cl_3_25 %self[3.1,2.0,] %cl_3_24[8.2,] 	 SYMBOL:	 ARGS:%cl_3_24,
		 4: HASH-url-remote- def_%cl_3_26 %cl_3_25[8.3,] 
		 5: %self->form_for def_%cl_3_27 %self[8.3,3.1,2.0,] %cl_3_23[8.1,] %cl_3_26[8.4,] %self[8.3,3.1,2.0,] 	 SYMBOL:	 ARGS:%cl_3_23,%cl_3_26,%self,
CLOSURE BEGIN: %self[8.3,3.1,2.0,] f[] 
BB 1
	outgoing: 6 2 
	datadep: 
	instructions:
BB 2
	outgoing: 3 
	datadep: 
	instructions:
		 0: def_%self 
		 1: def_%cl_5_0 
		 2: RECEIVEARG def_f 
		 3: COPY TYPE_CurrentScope def_%current_scope 
		 4: COPY TYPE_ScopeModule def_%current_module 
BB 3
	outgoing: 4 6 
	datadep: 
	instructions:
		 0: Line Number 107
		 1: %self->l def_%cl_5_3 %self[2.0,] 	 SYMBOL:label_email_address_add,	 ARGS:Symbol,
		 2: Line Number 108
		 3: GETFIELD %self->address def_%cl_5_4 %self[3.1,2.0,] 
		 4: %self->error_messages_for def_%cl_5_5 %self[3.1,2.0,] %cl_5_4[3.3,] 	 SYMBOL:	 ARGS:%cl_5_4,
		 5: Line Number 109
		 6: HASH-size- def_%cl_5_6 
		 7: f->text_field def_%cl_5_7 f[2.2,] %cl_5_6[3.6,] 	 SYMBOL:address,	 ARGS:Symbol,%cl_5_6,
		 8: Line Number 110
		 9: %self->l def_%cl_5_8 %self[3.1,3.4,2.0,] 	 SYMBOL:button_add,	 ARGS:Symbol,
		 10: %self->submit_tag def_%cl_5_9 %self[3.1,3.4,3.9,2.0,] %cl_5_8[3.9,] 	 SYMBOL:	 ARGS:%cl_5_8,
		 11: RETURN %cl_5_9[3.10,] %self[3.1,3.4,3.9,3.10,2.0,] 
BB 4
	outgoing: 6 
	datadep: 
	instructions:
		 0: def_%cl_5_10 
		 1: def_%cl_5_11 %cl_5_10[4.0,] 
		 2: RETURN %cl_5_11[4.1,] %self[2.0,] 
BB 6
	outgoing: 
	datadep: 
	instructions:
CLOSURE END: 
		 6: RETURN %cl_3_27[8.5,] %self[8.3,8.5,3.1,2.0,] 
BB 10
	outgoing: 12 
	datadep: 
	instructions:
		 0: def_%cl_3_28 
		 1: def_%cl_3_29 %cl_3_28[10.0,] 
		 2: RETURN %cl_3_29[10.1,] %self[3.1,2.0,] 
BB 12
	outgoing: 
	datadep: 
	instructions:
CLOSURE END: 
		 4: RETURN %cl_1_4[3.3,] %self[2.0,] 
BB 4
	outgoing: 6 
	datadep: 
	instructions:
		 0: def_%cl_1_5 
		 1: def_%cl_1_6 %cl_1_5[4.0,] 
		 2: RETURN %cl_1_6[4.1,] %self[2.0,] 
BB 6
	outgoing: 
	datadep: 
	instructions:
CLOSURE END: 
		 5: RETURN %v_12[5.4,] %self[5.4,2.0,] 
BB 6
	outgoing: 
	datadep: 
	instructions:

SET IRMethod, name = destroy instanceMethod = true
BB 1
	outgoing: 3 2 
	datadep: 
	instructions:
BB 2
	outgoing: 3 
	datadep: 
	instructions:
		 0: def_%self 
		 1: def_%v_0 
		 2: COPY TYPE_CurrentScope def_%current_scope 
		 3: COPY TYPE_ScopeModule def_%current_module 
		 4: 
		 5: Line Number 117
		 6: GETFIELD %self->address def_%v_3 %self[2.0,] 
		 7: %v_3->destroy def_%v_4 %v_3[2.6,] 	 SYMBOL:	 ARGS:
		 8: Line Number 118
		 9: %self->respond_to def_%v_5 %self[2.0,] %self[2.0,] 	 SYMBOL:	 ARGS:%self,
CLOSURE BEGIN: format[] %self[2.0,] address[] f[] 
BB 1
	outgoing: 6 2 
	datadep: 
	instructions:
BB 2
	outgoing: 3 
	datadep: 
	instructions:
		 0: def_%self 
		 1: def_%cl_1_0 
		 2: RECEIVEARG def_format 
		 3: COPY TYPE_CurrentScope def_%current_scope 
		 4: COPY TYPE_ScopeModule def_%current_module 
BB 3
	outgoing: 4 6 
	datadep: 
	instructions:
		 0: Line Number 119
		 1: format->html def_%cl_1_3 format[2.2,] %self[2.0,] 	 SYMBOL:	 ARGS:format,
CLOSURE BEGIN: %self[2.0,] 
BB 1
	outgoing: 6 2 
	datadep: 
	instructions:
BB 2
	outgoing: 3 
	datadep: 
	instructions:
		 0: def_%self 
		 1: def_%cl_2_0 
		 2: COPY TYPE_CurrentScope def_%current_scope 
		 3: COPY TYPE_ScopeModule def_%current_module 
BB 3
	outgoing: 4 6 
	datadep: 
	instructions:
		 0: Line Number 120
		 1: GETFIELD %self->user def_%cl_2_3 %self[2.0,] 
		 2: %self->user_email_addresses_path def_%cl_2_4 %self[2.0,] %cl_2_3[3.1,] 	 SYMBOL:	 ARGS:%cl_2_3,
		 3: %self->redirect_to def_%cl_2_5 %self[3.2,2.0,] %cl_2_4[3.2,] 	 SYMBOL:	 ARGS:%cl_2_4,
		 4: RETURN %cl_2_5[3.3,] %self[3.2,3.3,2.0,] 
BB 4
	outgoing: 6 
	datadep: 
	instructions:
		 0: def_%cl_2_6 
		 1: def_%cl_2_7 %cl_2_6[4.0,] 
		 2: RETURN %cl_2_7[4.1,] %self[2.0,] 
BB 6
	outgoing: 
	datadep: 
	instructions:
CLOSURE END: 
		 2: Line Number 122
		 3: format->js def_%cl_1_4 format[3.1,2.2,] %self[2.0,] 	 SYMBOL:	 ARGS:format,
CLOSURE BEGIN: %self[2.0,] address[] f[] 
BB 1
	outgoing: 12 2 
	datadep: 
	instructions:
BB 2
	outgoing: 3 
	datadep: 
	instructions:
		 0: def_%self 
		 1: def_%cl_3_0 
		 2: COPY TYPE_CurrentScope def_%current_scope 
		 3: COPY TYPE_ScopeModule def_%current_module 
BB 3
	outgoing: 4 5 10 
	datadep: 
	instructions:
		 0: Line Number 123
		 1: ATTRASSIGN %self->address 
		 2: Line Number 124
		 3: %self->index def_%cl_3_3 %self[3.1,2.0,] 	 SYMBOL:	 ARGS:
		 4: Line Number 125
		 5: COPY TYPE_StringLiteral "index" def_%cl_3_4 
		 6: HASH-action- def_%cl_3_5 %cl_3_4[3.5,] 
		 7: %self->render def_%cl_3_6 %self[3.1,3.3,2.0,] %cl_3_5[3.6,] 	 SYMBOL:	 ARGS:%cl_3_5,
		 8: Line Number 126
		 9: GETFIELD %self->user def_%cl_3_7 %self[3.3,3.7,2.0,] 
		 10: %cl_3_7->name def_%cl_3_8 %cl_3_7[3.9,] 	 SYMBOL:	 ARGS:
		 11: Line Number 127
		 12: COPY TYPE_StringLiteral "email_addresses/index" def_%cl_3_9 
		 13: HASH-partial- def_%cl_3_10 %cl_3_9[3.12,] 
		 14: %self->render def_%cl_3_11 %self[3.1,3.3,3.7,2.0,] %cl_3_10[3.13,] 	 SYMBOL:	 ARGS:%cl_3_10,
		 15: Line Number 128
		 16: GETFIELD %self->addresses def_%cl_3_12 %self[3.3,3.7,3.14,2.0,] 
		 17: %cl_3_12->present? def_%cl_3_13 %cl_3_12[3.16,] 	 SYMBOL:	 ARGS:
		 18: BRANCH %cl_3_13[3.17,] 
BB 4
	outgoing: 6 10 
	datadep: 
	instructions:
		 0: Line Number 129
		 1: GETFIELD %self->addresses def_%cl_3_14 %self[2.0,] 
		 2: %cl_3_14->each def_%cl_3_15 %cl_3_14[4.1,] %self[3.1,2.0,] 	 SYMBOL:	 ARGS:%cl_3_14,
CLOSURE BEGIN: address[] %self[3.1,2.0,] 
BB 1
	outgoing: 6 2 
	datadep: 
	instructions:
BB 2
	outgoing: 3 
	datadep: 
	instructions:
		 0: def_%self 
		 1: def_%cl_4_0 
		 2: RECEIVEARG def_address 
		 3: COPY TYPE_CurrentScope def_%current_scope 
		 4: COPY TYPE_ScopeModule def_%current_module 
BB 3
	outgoing: 4 6 
	datadep: 
	instructions:
		 0: Line Number 130
		 1: address->address def_%cl_4_3 address[2.2,] 	 SYMBOL:	 ARGS:
		 2: Line Number 131
		 3: %self->toggle_email_address_notify_link def_%cl_4_4 %self[2.0,] address[3.1,2.2,] 	 SYMBOL:	 ARGS:address,
		 4: Line Number 132
		 5: GETFIELD %self->user def_%cl_4_5 %self[3.3,2.0,] 
		 6: %self->user_email_address_path def_%cl_4_6 %self[3.3,2.0,] %cl_4_5[3.5,] address[3.1,2.2,] 	 SYMBOL:	 ARGS:%cl_4_5,address,
		 7: HASH-remote- def_%cl_4_7 
		 8: %self->delete_link def_%cl_4_8 %self[3.3,3.6,2.0,] %cl_4_6[3.6,] %cl_4_7[3.7,] 	 SYMBOL:	 ARGS:%cl_4_6,%cl_4_7,
		 9: RETURN %cl_4_8[3.8,] %self[3.3,3.6,3.8,2.0,] 
BB 4
	outgoing: 6 
	datadep: 
	instructions:
		 0: def_%cl_4_9 
		 1: def_%cl_4_10 %cl_4_9[4.0,] 
		 2: RETURN %cl_4_10[4.1,] %self[2.0,] 
BB 6
	outgoing: 
	datadep: 
	instructions:
CLOSURE END: 
		 3: 
BB 5
	outgoing: 6 
	datadep: 
	instructions:
		 0: COPY TYPE_Nil def_%cl_3_15 
BB 6
	outgoing: 7 8 10 
	datadep: 
	instructions:
		 0: Line Number 135
		 1: GETFIELD %self->addresses def_%cl_3_16 %self[2.0,] 
		 2: %cl_3_16->size def_%cl_3_17 %cl_3_16[6.1,] 	 SYMBOL:	 ARGS:
		 3: (Setting) def_%cl_3_18 
		 4: %cl_3_18->max_additional_emails def_%cl_3_19 %cl_3_18[6.3,] 	 SYMBOL:	 ARGS:
		 5: %cl_3_19->to_i def_%cl_3_20 %cl_3_19[6.4,] 	 SYMBOL:	 ARGS:
		 6: %cl_3_17->>= def_%cl_3_21 %cl_3_17[6.2,] %cl_3_20[6.5,] 	 SYMBOL:	 ARGS:%cl_3_20,
		 7: BRANCH %cl_3_21[6.6,] 
BB 7
	outgoing: 12 
	datadep: 
	instructions:
		 0: COPY TYPE_Nil def_%cl_3_22 
		 1: RETURN %cl_3_22[7.0,] %self[3.1,2.0,] 
BB 8
	outgoing: 10 12 
	datadep: 
	instructions:
		 0: Line Number 136
		 1: GETFIELD %self->address def_%cl_3_23 %self[3.1,2.0,] 
		 2: GETFIELD %self->user def_%cl_3_24 %self[2.0,] 
		 3: %self->user_email_addresses_path def_%cl_3_25 %self[3.1,2.0,] %cl_3_24[8.2,] 	 SYMBOL:	 ARGS:%cl_3_24,
		 4: HASH-url-remote- def_%cl_3_26 %cl_3_25[8.3,] 
		 5: %self->form_for def_%cl_3_27 %self[8.3,3.1,2.0,] %cl_3_23[8.1,] %cl_3_26[8.4,] %self[8.3,3.1,2.0,] 	 SYMBOL:	 ARGS:%cl_3_23,%cl_3_26,%self,
CLOSURE BEGIN: %self[8.3,3.1,2.0,] f[] 
BB 1
	outgoing: 6 2 
	datadep: 
	instructions:
BB 2
	outgoing: 3 
	datadep: 
	instructions:
		 0: def_%self 
		 1: def_%cl_5_0 
		 2: RECEIVEARG def_f 
		 3: COPY TYPE_CurrentScope def_%current_scope 
		 4: COPY TYPE_ScopeModule def_%current_module 
BB 3
	outgoing: 4 6 
	datadep: 
	instructions:
		 0: Line Number 137
		 1: %self->l def_%cl_5_3 %self[2.0,] 	 SYMBOL:label_email_address_add,	 ARGS:Symbol,
		 2: Line Number 138
		 3: GETFIELD %self->address def_%cl_5_4 %self[3.1,2.0,] 
		 4: %self->error_messages_for def_%cl_5_5 %self[3.1,2.0,] %cl_5_4[3.3,] 	 SYMBOL:	 ARGS:%cl_5_4,
		 5: Line Number 139
		 6: HASH-size- def_%cl_5_6 
		 7: f->text_field def_%cl_5_7 f[2.2,] %cl_5_6[3.6,] 	 SYMBOL:address,	 ARGS:Symbol,%cl_5_6,
		 8: Line Number 140
		 9: %self->l def_%cl_5_8 %self[3.1,3.4,2.0,] 	 SYMBOL:button_add,	 ARGS:Symbol,
		 10: %self->submit_tag def_%cl_5_9 %self[3.1,3.4,3.9,2.0,] %cl_5_8[3.9,] 	 SYMBOL:	 ARGS:%cl_5_8,
		 11: RETURN %cl_5_9[3.10,] %self[3.1,3.4,3.9,3.10,2.0,] 
BB 4
	outgoing: 6 
	datadep: 
	instructions:
		 0: def_%cl_5_10 
		 1: def_%cl_5_11 %cl_5_10[4.0,] 
		 2: RETURN %cl_5_11[4.1,] %self[2.0,] 
BB 6
	outgoing: 
	datadep: 
	instructions:
CLOSURE END: 
		 6: RETURN %cl_3_27[8.5,] %self[8.3,8.5,3.1,2.0,] 
BB 10
	outgoing: 12 
	datadep: 
	instructions:
		 0: def_%cl_3_28 
		 1: def_%cl_3_29 %cl_3_28[10.0,] 
		 2: RETURN %cl_3_29[10.1,] %self[3.1,2.0,] 
BB 12
	outgoing: 
	datadep: 
	instructions:
CLOSURE END: 
		 4: RETURN %cl_1_4[3.3,] %self[2.0,] 
BB 4
	outgoing: 6 
	datadep: 
	instructions:
		 0: def_%cl_1_5 
		 1: def_%cl_1_6 %cl_1_5[4.0,] 
		 2: RETURN %cl_1_6[4.1,] %self[2.0,] 
BB 6
	outgoing: 
	datadep: 
	instructions:
CLOSURE END: 
		 10: RETURN %v_5[2.9,] %self[2.0,2.9,] 
BB 3
	outgoing: 
	datadep: 
	instructions:

SET IRMethod, name = find_user instanceMethod = true
BB 1
	outgoing: 3 2 
	datadep: 
	instructions:
BB 2
	outgoing: 3 
	datadep: 
	instructions:
		 0: def_%self 
		 1: def_%v_0 
		 2: COPY TYPE_CurrentScope def_%current_scope 
		 3: COPY TYPE_ScopeModule def_%current_module 
		 4: 
		 5: Line Number 148
		 6: (User) def_%v_3 
		 7: %self->params def_%v_4 %self[2.0,] 	 SYMBOL:	 ARGS:
		 8: %v_4->[] def_%v_5 %v_4[2.7,] 	 SYMBOL:user_id,	 ARGS:Symbol,
		 9: %v_3->find def_%v_6 %v_3[2.6,] %v_5[2.8,] 	 SYMBOL:	 ARGS:%v_5,
		 10: ATTRASSIGN %self->user %v_6[2.9,] 
		 11: RETURN %v_6[2.9,] %self[2.0,2.7,2.10,] 
BB 3
	outgoing: 
	datadep: 
	instructions:

SET IRMethod, name = find_email_address instanceMethod = true
BB 1
	outgoing: 14 2 
	datadep: 
	instructions:
BB 2
	outgoing: 4 
	datadep: 
	instructions:
		 0: def_%self 
		 1: def_%v_0 
		 2: COPY TYPE_CurrentScope def_%current_scope 
		 3: COPY TYPE_ScopeModule def_%current_module 
		 4: 
		 5: GLOBALVAR $! def_%v_3 
BB 4
	outgoing: 5 6 
	datadep: 
	instructions:
		 0: 
		 1: Line Number 151
		 2: GETFIELD %self->user def_%v_6 %self[2.0,] 
		 3: %v_6->email_addresses def_%v_7 %v_6[4.2,] 	 SYMBOL:	 ARGS:
		 4: HASH-is_default- def_%v_8 
		 5: %v_7->where def_%v_9 %v_7[4.3,] %v_8[4.4,] 	 SYMBOL:	 ARGS:%v_8,
		 6: %self->params def_%v_10 %self[2.0,] 	 SYMBOL:	 ARGS:
		 7: %v_10->[] def_%v_11 %v_10[4.6,] 	 SYMBOL:id,	 ARGS:Symbol,
		 8: %v_9->find def_%v_12 %v_9[4.5,] %v_11[4.7,] 	 SYMBOL:	 ARGS:%v_11,
		 9: ATTRASSIGN %self->address %v_12[4.8,] 
		 10: COPY TYPE_PASS def_%v_5 %v_12[4.8,] 
		 11: %v_3[2.5,] 
BB 5
	outgoing: 13 
	datadep: 
	instructions:
		 0: 
BB 6
	outgoing: 7 8 12 
	datadep: 
	instructions:
		 0: def_%v_13 
		 1: (ActiveRecord) def_%v_14 
		 2: (inherit RecordNotFound) def_%v_15 %v_14[6.1,] 
		 3: %v_15[6.2,] 
BB 7
	outgoing: 8 12 
	datadep: 
	instructions:
		 0: %v_14->const_missing def_%v_15 %v_14[6.1,] 	 SYMBOL:RecordNotFound,	 ARGS:Symbol,
BB 8
	outgoing: 9 10 12 
	datadep: 
	instructions:
		 0: def_%v_16 %v_15[7.0,6.2,] %v_13[6.0,] 
		 1: BRANCH %v_16[8.0,] 
BB 9
	outgoing: 12 14 
	datadep: 
	instructions:
		 0: %v_13[6.0,] 
BB 10
	outgoing: 11 12 
	datadep: 
	instructions:
		 0: Line Number 153
		 1: %self->render_404 def_%v_17 %self[4.9,2.0,] 	 SYMBOL:	 ARGS:
		 2: COPY TYPE_PASS def_%v_5 %v_17[10.1,] 
		 3: %v_3[2.5,] 
BB 11
	outgoing: 13 
	datadep: 
	instructions:
		 0: 
BB 12
	outgoing: 14 
	datadep: 
	instructions:
		 0: def_%v_18 
		 1: def_%v_19 %v_18[12.0,] %v_3[2.5,] 
		 2: %v_18[12.0,] 
BB 13
	outgoing: 14 
	datadep: 
	instructions:
		 0: RETURN %v_5[4.10,10.2,] %self[4.9,2.0,] 
BB 14
	outgoing: 
	datadep: 
	instructions:

SET IRMethod, name = require_admin_or_current_user instanceMethod = true
BB 1
	outgoing: 6 2 
	datadep: 
	instructions:
BB 2
	outgoing: 3 4 
	datadep: 
	instructions:
		 0: def_%self 
		 1: def_%v_0 
		 2: COPY TYPE_CurrentScope def_%current_scope 
		 3: COPY TYPE_ScopeModule def_%current_module 
		 4: 
		 5: Line Number 156
		 6: GETFIELD %self->user def_%v_3 %self[2.0,] 
		 7: (User) def_%v_4 
		 8: %v_4->current def_%v_5 %v_4[2.7,] 	 SYMBOL:	 ARGS:
		 9: %v_3->== def_%v_6 %v_3[2.6,] %v_5[2.8,] 	 SYMBOL:	 ARGS:%v_5,
		 10: BRANCH %v_6[2.9,] 
BB 3
	outgoing: 6 
	datadep: 
	instructions:
		 0: COPY TYPE_Nil def_%v_7 
		 1: RETURN %v_7[3.0,] %self[2.0,] 
BB 4
	outgoing: 6 
	datadep: 
	instructions:
		 0: Line Number 157
		 1: %self->require_admin def_%v_8 %self[2.0,] 	 SYMBOL:	 ARGS:
		 2: RETURN %v_8[4.1,] %self[4.1,2.0,] 
BB 6
	outgoing: 
	datadep: 
	instructions:

