SET IRMethod, name = index instanceMethod = true
BB 1
	outgoing: 3 2 
	datadep: 
	instructions:
BB 2
	outgoing: 3 
	datadep: 
	instructions:
		 0: def_%self 
		 1: def_%v_0 
		 2: COPY TYPE_CurrentScope def_%current_scope 
		 3: COPY TYPE_ScopeModule def_%current_module 
		 4: 
		 5: Line Number 10
		 6: %self->respond_to def_%v_3 %self[2.0,] %self[2.0,] 	 SYMBOL:	 ARGS:%self,
CLOSURE BEGIN: format[] %self[2.0,] 
BB 1
	outgoing: 6 2 
	datadep: 
	instructions:
BB 2
	outgoing: 3 
	datadep: 
	instructions:
		 0: def_%self 
		 1: def_%cl_1_0 
		 2: RECEIVEARG def_format 
		 3: COPY TYPE_CurrentScope def_%current_scope 
		 4: COPY TYPE_ScopeModule def_%current_module 
BB 3
	outgoing: 4 6 
	datadep: 
	instructions:
		 0: Line Number 11
		 1: format->html def_%cl_1_3 format[2.2,] 	 SYMBOL:	 ARGS:
		 2: Line Number 12
		 3: format->api def_%cl_1_4 format[3.1,2.2,] %self[2.0,] 	 SYMBOL:	 ARGS:format,
CLOSURE BEGIN: %self[2.0,] 
BB 1
	outgoing: 9 2 
	datadep: 
	instructions:
BB 2
	outgoing: 3 
	datadep: 
	instructions:
		 0: def_%self 
		 1: def_%cl_2_0 
		 2: COPY TYPE_CurrentScope def_%current_scope 
		 3: COPY TYPE_ScopeModule def_%current_module 
BB 3
	outgoing: 4 5 7 
	datadep: 
	instructions:
		 0: Line Number 13
		 1: (Enumeration) def_%cl_2_3 
		 2: %self->params def_%cl_2_4 %self[2.0,] 	 SYMBOL:	 ARGS:
		 3: %cl_2_4->[] def_%cl_2_5 %cl_2_4[3.2,] 	 SYMBOL:type,	 ARGS:Symbol,
		 4: %cl_2_3->get_subclass def_%cl_2_6 %cl_2_3[3.1,] %cl_2_5[3.3,] 	 SYMBOL:	 ARGS:%cl_2_5,
		 5: ATTRASSIGN %self->klass %cl_2_6[3.4,] 
		 6: Line Number 14
		 7: Line Number 15
		 8: GETFIELD %self->klass def_%cl_2_7 %self[3.2,3.5,2.0,] 
		 9: BRANCH %cl_2_7[3.8,] 
BB 4
	outgoing: 6 7 
	datadep: 
	instructions:
		 0: GETFIELD %self->klass def_%cl_2_8 %self[3.5,2.0,] 
		 1: %cl_2_8->shared def_%cl_2_9 %cl_2_8[4.0,] 	 SYMBOL:	 ARGS:
		 2: %cl_2_9->sorted def_%cl_2_10 %cl_2_9[4.1,] 	 SYMBOL:	 ARGS:
		 3: %cl_2_10->to_a def_%cl_2_11 %cl_2_10[4.2,] 	 SYMBOL:	 ARGS:
		 4: ATTRASSIGN %self->enumerations %cl_2_11[4.3,] 
		 5: 
BB 5
	outgoing: 7 9 
	datadep: 
	instructions:
		 0: Line Number 17
		 1: %self->render_404 def_%cl_2_12 %self[3.5,2.0,] 	 SYMBOL:	 ARGS:
		 2: RETURN %cl_2_12[5.1,] %self[5.1,3.5,2.0,] 
BB 6
	outgoing: 9 
	datadep: 
	instructions:
		 0: RETURN %cl_2_11[4.3,] %self[4.4,3.5,2.0,] 
BB 7
	outgoing: 9 
	datadep: 
	instructions:
		 0: def_%cl_2_13 
		 1: def_%cl_2_14 %cl_2_13[7.0,] 
		 2: RETURN %cl_2_14[7.1,] %self[3.5,4.4,2.0,] 
BB 9
	outgoing: 
	datadep: 
	instructions:
CLOSURE END: 
		 4: RETURN %cl_1_4[3.3,] %self[2.0,] 
BB 4
	outgoing: 6 
	datadep: 
	instructions:
		 0: def_%cl_1_5 
		 1: def_%cl_1_6 %cl_1_5[4.0,] 
		 2: RETURN %cl_1_6[4.1,] %self[2.0,] 
BB 6
	outgoing: 
	datadep: 
	instructions:
CLOSURE END: 
		 7: RETURN %v_3[2.6,] %self[2.0,2.6,] 
BB 3
	outgoing: 
	datadep: 
	instructions:

SET IRMethod, name = new instanceMethod = true
BB 1
	outgoing: 3 2 
	datadep: 
	instructions:
BB 2
	outgoing: 3 
	datadep: 
	instructions:
		 0: def_%self 
		 1: def_%v_0 
		 2: COPY TYPE_CurrentScope def_%current_scope 
		 3: COPY TYPE_ScopeModule def_%current_module 
		 4: 
		 5: RETURN %self[2.0,] 
BB 3
	outgoing: 
	datadep: 
	instructions:

SET IRMethod, name = create instanceMethod = true
BB 1
	outgoing: 8 2 
	datadep: 
	instructions:
BB 2
	outgoing: 3 4 
	datadep: 
	instructions:
		 0: def_%self 
		 1: def_%v_0 
		 2: COPY TYPE_CurrentScope def_%current_scope 
		 3: COPY TYPE_ScopeModule def_%current_module 
		 4: 
		 5: Line Number 54
		 6: %self->request def_%v_3 %self[2.0,] 	 SYMBOL:	 ARGS:
		 7: %v_3->post? def_%v_4 %v_3[2.6,] 	 SYMBOL:	 ARGS:
		 8: BRANCH %v_4[2.7,] 
BB 3
	outgoing: 4 
	datadep: 
	instructions:
		 0: GETFIELD %self->enumeration def_%v_5 %self[2.0,] 
		 1: %v_5->save def_%v_6 %v_5[3.0,] 	 SYMBOL:	 ARGS:
		 2: COPY TYPE_PASS def_%v_4 %v_6[3.1,] 
BB 4
	outgoing: 5 6 
	datadep: 
	instructions:
		 0: BRANCH %v_4[3.2,2.7,] 
BB 5
	outgoing: 8 
	datadep: 
	instructions:
		 0: Line Number 55
		 1: %self->flash def_%v_7 %self[2.0,] 	 SYMBOL:	 ARGS:
		 2: %self->l def_%v_8 %self[5.1,2.0,] 	 SYMBOL:notice_successful_create,	 ARGS:Symbol,
		 3: ATTRASSIGN %v_7->[] %v_8[5.2,] 
		 4: Line Number 56
		 5: %self->enumerations_path def_%v_9 %self[5.1,5.2,2.0,] 	 SYMBOL:	 ARGS:
		 6: %self->redirect_to def_%v_10 %self[5.1,5.2,5.5,2.0,] %v_9[5.5,] 	 SYMBOL:	 ARGS:%v_9,
		 7: RETURN %v_10[5.6,] %self[5.1,5.2,5.5,5.6,2.0,] 
BB 6
	outgoing: 8 
	datadep: 
	instructions:
		 0: Line Number 58
		 1: COPY TYPE_StringLiteral "new" def_%v_11 
		 2: HASH-action- def_%v_12 %v_11[6.1,] 
		 3: %self->render def_%v_13 %self[2.0,] %v_12[6.2,] 	 SYMBOL:	 ARGS:%v_12,
		 4: Line Number 59
		 5: GETFIELD %self->enumeration def_%v_14 %self[6.3,2.0,] 
		 6: %v_14->option_name def_%v_15 %v_14[6.5,] 	 SYMBOL:	 ARGS:
		 7: %self->l def_%v_16 %self[6.3,2.0,] %v_15[6.6,] 	 SYMBOL:	 ARGS:%v_15,
		 8: %self->enumerations_path def_%v_17 %self[6.3,6.7,2.0,] 	 SYMBOL:	 ARGS:
		 9: COPY TYPE_Array def_%v_18 %v_16[6.7,] %v_17[6.8,] 
		 10: %self->l def_%v_19 %self[6.3,6.7,6.8,2.0,] 	 SYMBOL:label_enumeration_new,	 ARGS:Symbol,
		 11: %self->title def_%v_20 %self[6.3,6.7,6.8,6.10,2.0,] %v_18[6.9,] %v_19[6.10,] 	 SYMBOL:	 ARGS:%v_18,%v_19,
		 12: Line Number 60
		 13: GETFIELD %self->enumeration def_%v_21 %self[6.3,6.7,6.8,6.10,6.11,2.0,] 
		 14: %self->enumerations_path def_%v_22 %self[6.3,6.7,6.8,6.10,6.11,2.0,] 	 SYMBOL:	 ARGS:
		 15: HASH-multipart- def_%v_23 
		 16: HASH-url-html- def_%v_24 %v_22[6.14,] %v_23[6.15,] 
		 17: %self->labelled_form_for def_%v_25 %self[6.3,6.7,6.8,6.10,6.11,6.14,2.0,] %v_21[6.13,] %v_24[6.16,] %self[6.3,6.7,6.8,6.10,6.11,6.14,2.0,] 	 SYMBOL:enumeration,	 ARGS:Symbol,%v_21,%v_24,%self,
CLOSURE BEGIN: f[] %self[6.3,6.7,6.8,6.10,6.11,6.14,2.0,] 
BB 1
	outgoing: 6 2 
	datadep: 
	instructions:
BB 2
	outgoing: 3 
	datadep: 
	instructions:
		 0: def_%self 
		 1: def_%cl_1_0 
		 2: RECEIVEARG def_f 
		 3: COPY TYPE_CurrentScope def_%current_scope 
		 4: COPY TYPE_ScopeModule def_%current_module 
BB 3
	outgoing: 4 6 
	datadep: 
	instructions:
		 0: Line Number 61
		 1: f->hidden_field def_%cl_1_3 f[2.2,] 	 SYMBOL:type,	 ARGS:Symbol,
		 2: Line Number 62
		 3: COPY TYPE_StringLiteral "form" def_%cl_1_4 
		 4: HASH-f- def_%cl_1_5 f[3.1,2.2,] 
		 5: HASH-partial-locals- def_%cl_1_6 %cl_1_4[3.3,] %cl_1_5[3.4,] 
		 6: %self->render def_%cl_1_7 %self[2.0,] %cl_1_6[3.5,] 	 SYMBOL:	 ARGS:%cl_1_6,
		 7: Line Number 63
		 8: %self->l def_%cl_1_8 %self[3.6,2.0,] 	 SYMBOL:button_create,	 ARGS:Symbol,
		 9: %self->submit_tag def_%cl_1_9 %self[3.6,3.8,2.0,] %cl_1_8[3.8,] 	 SYMBOL:	 ARGS:%cl_1_8,
		 10: RETURN %cl_1_9[3.9,] %self[3.6,3.8,3.9,2.0,] 
BB 4
	outgoing: 6 
	datadep: 
	instructions:
		 0: def_%cl_1_10 
		 1: def_%cl_1_11 %cl_1_10[4.0,] 
		 2: RETURN %cl_1_11[4.1,] %self[2.0,] 
BB 6
	outgoing: 
	datadep: 
	instructions:
CLOSURE END: 
		 18: RETURN %v_25[6.17,] %self[6.3,6.7,6.8,6.10,6.11,6.14,6.17,2.0,] 
BB 8
	outgoing: 
	datadep: 
	instructions:

SET IRMethod, name = edit instanceMethod = true
BB 1
	outgoing: 3 2 
	datadep: 
	instructions:
BB 2
	outgoing: 3 
	datadep: 
	instructions:
		 0: def_%self 
		 1: def_%v_0 
		 2: COPY TYPE_CurrentScope def_%current_scope 
		 3: COPY TYPE_ScopeModule def_%current_module 
		 4: 
		 5: RETURN %self[2.0,] 
BB 3
	outgoing: 
	datadep: 
	instructions:

SET IRMethod, name = update instanceMethod = true
BB 1
	outgoing: 6 2 
	datadep: 
	instructions:
BB 2
	outgoing: 3 4 
	datadep: 
	instructions:
		 0: def_%self 
		 1: def_%v_0 
		 2: COPY TYPE_CurrentScope def_%current_scope 
		 3: COPY TYPE_ScopeModule def_%current_module 
		 4: 
		 5: Line Number 75
		 6: GETFIELD %self->enumeration def_%v_3 %self[2.0,] 
		 7: %self->enumeration_params def_%v_4 %self[2.0,] 	 SYMBOL:	 ARGS:
		 8: %v_3->update_attributes def_%v_5 %v_3[2.6,] %v_4[2.7,] 	 SYMBOL:	 ARGS:%v_4,
		 9: BRANCH %v_5[2.8,] 
BB 3
	outgoing: 6 
	datadep: 
	instructions:
		 0: Line Number 76
		 1: %self->respond_to def_%v_6 %self[2.0,] %self[2.0,] 	 SYMBOL:	 ARGS:%self,
CLOSURE BEGIN: format[] %self[2.0,] 
BB 1
	outgoing: 6 2 
	datadep: 
	instructions:
BB 2
	outgoing: 3 
	datadep: 
	instructions:
		 0: def_%self 
		 1: def_%cl_1_0 
		 2: RECEIVEARG def_format 
		 3: COPY TYPE_CurrentScope def_%current_scope 
		 4: COPY TYPE_ScopeModule def_%current_module 
BB 3
	outgoing: 4 6 
	datadep: 
	instructions:
		 0: Line Number 77
		 1: format->html def_%cl_1_3 format[2.2,] %self[2.0,] 	 SYMBOL:	 ARGS:format,
CLOSURE BEGIN: %self[2.0,] 
BB 1
	outgoing: 6 2 
	datadep: 
	instructions:
BB 2
	outgoing: 3 
	datadep: 
	instructions:
		 0: def_%self 
		 1: def_%cl_2_0 
		 2: COPY TYPE_CurrentScope def_%current_scope 
		 3: COPY TYPE_ScopeModule def_%current_module 
BB 3
	outgoing: 4 6 
	datadep: 
	instructions:
		 0: Line Number 78
		 1: %self->flash def_%cl_2_3 %self[2.0,] 	 SYMBOL:	 ARGS:
		 2: %self->l def_%cl_2_4 %self[3.1,2.0,] 	 SYMBOL:notice_successful_update,	 ARGS:Symbol,
		 3: ATTRASSIGN %cl_2_3->[] %cl_2_4[3.2,] 
		 4: Line Number 79
		 5: %self->enumerations_path def_%cl_2_5 %self[3.1,3.2,2.0,] 	 SYMBOL:	 ARGS:
		 6: %self->redirect_to def_%cl_2_6 %self[3.1,3.2,3.5,2.0,] %cl_2_5[3.5,] 	 SYMBOL:	 ARGS:%cl_2_5,
		 7: RETURN %cl_2_6[3.6,] %self[3.1,3.2,3.5,3.6,2.0,] 
BB 4
	outgoing: 6 
	datadep: 
	instructions:
		 0: def_%cl_2_7 
		 1: def_%cl_2_8 %cl_2_7[4.0,] 
		 2: RETURN %cl_2_8[4.1,] %self[2.0,] 
BB 6
	outgoing: 
	datadep: 
	instructions:
CLOSURE END: 
		 2: Line Number 81
		 3: format->js def_%cl_1_4 format[3.1,2.2,] %self[2.0,] 	 SYMBOL:	 ARGS:format,
CLOSURE BEGIN: %self[2.0,] 
BB 1
	outgoing: 6 2 
	datadep: 
	instructions:
BB 2
	outgoing: 3 
	datadep: 
	instructions:
		 0: def_%self 
		 1: def_%cl_3_0 
		 2: COPY TYPE_CurrentScope def_%current_scope 
		 3: COPY TYPE_ScopeModule def_%current_module 
BB 3
	outgoing: 4 6 
	datadep: 
	instructions:
		 0: Line Number 81
		 1: %self->head def_%cl_3_3 %self[2.0,] 	 SYMBOL:	 ARGS:Fixnum,
		 2: RETURN %cl_3_3[3.1,] %self[3.1,2.0,] 
BB 4
	outgoing: 6 
	datadep: 
	instructions:
		 0: def_%cl_3_4 
		 1: def_%cl_3_5 %cl_3_4[4.0,] 
		 2: RETURN %cl_3_5[4.1,] %self[2.0,] 
BB 6
	outgoing: 
	datadep: 
	instructions:
CLOSURE END: 
		 4: RETURN %cl_1_4[3.3,] %self[2.0,] 
BB 4
	outgoing: 6 
	datadep: 
	instructions:
		 0: def_%cl_1_5 
		 1: def_%cl_1_6 %cl_1_5[4.0,] 
		 2: RETURN %cl_1_6[4.1,] %self[2.0,] 
BB 6
	outgoing: 
	datadep: 
	instructions:
CLOSURE END: 
		 2: RETURN %v_6[3.1,] %self[3.1,2.0,] 
BB 4
	outgoing: 6 
	datadep: 
	instructions:
		 0: Line Number 84
		 1: %self->respond_to def_%v_7 %self[2.0,] %self[2.0,] 	 SYMBOL:	 ARGS:%self,
CLOSURE BEGIN: format[] %self[2.0,] f[] 
BB 1
	outgoing: 6 2 
	datadep: 
	instructions:
BB 2
	outgoing: 3 
	datadep: 
	instructions:
		 0: def_%self 
		 1: def_%cl_4_0 
		 2: RECEIVEARG def_format 
		 3: COPY TYPE_CurrentScope def_%current_scope 
		 4: COPY TYPE_ScopeModule def_%current_module 
BB 3
	outgoing: 4 6 
	datadep: 
	instructions:
		 0: Line Number 85
		 1: format->html def_%cl_4_3 format[2.2,] %self[2.0,] 	 SYMBOL:	 ARGS:format,
CLOSURE BEGIN: %self[2.0,] 
BB 1
	outgoing: 6 2 
	datadep: 
	instructions:
BB 2
	outgoing: 3 
	datadep: 
	instructions:
		 0: def_%self 
		 1: def_%cl_5_0 
		 2: COPY TYPE_CurrentScope def_%current_scope 
		 3: COPY TYPE_ScopeModule def_%current_module 
BB 3
	outgoing: 4 6 
	datadep: 
	instructions:
		 0: Line Number 85
		 1: COPY TYPE_StringLiteral "edit" def_%cl_5_3 
		 2: HASH-action- def_%cl_5_4 %cl_5_3[3.1,] 
		 3: %self->render def_%cl_5_5 %self[2.0,] %cl_5_4[3.2,] 	 SYMBOL:	 ARGS:%cl_5_4,
		 4: RETURN %cl_5_5[3.3,] %self[3.3,2.0,] 
BB 4
	outgoing: 6 
	datadep: 
	instructions:
		 0: def_%cl_5_6 
		 1: def_%cl_5_7 %cl_5_6[4.0,] 
		 2: RETURN %cl_5_7[4.1,] %self[2.0,] 
BB 6
	outgoing: 
	datadep: 
	instructions:
CLOSURE END: 
		 2: Line Number 86
		 3: GETFIELD %self->enumeration def_%cl_4_4 %self[2.0,] 
		 4: %cl_4_4->option_name def_%cl_4_5 %cl_4_4[3.3,] 	 SYMBOL:	 ARGS:
		 5: %self->l def_%cl_4_6 %self[2.0,] %cl_4_5[3.4,] 	 SYMBOL:	 ARGS:%cl_4_5,
		 6: %self->enumerations_path def_%cl_4_7 %self[3.5,2.0,] 	 SYMBOL:	 ARGS:
		 7: COPY TYPE_Array def_%cl_4_8 %cl_4_6[3.5,] %cl_4_7[3.6,] 
		 8: GETFIELD %self->enumeration def_%cl_4_9 %self[3.5,3.6,2.0,] 
		 9: %cl_4_9->name def_%cl_4_10 %cl_4_9[3.8,] 	 SYMBOL:	 ARGS:
		 10: %self->title def_%cl_4_11 %self[3.5,3.6,2.0,] %cl_4_8[3.7,] %cl_4_10[3.9,] 	 SYMBOL:	 ARGS:%cl_4_8,%cl_4_10,
		 11: Line Number 87
		 12: GETFIELD %self->enumeration def_%cl_4_12 %self[3.5,3.6,3.10,2.0,] 
		 13: GETFIELD %self->enumeration def_%cl_4_13 %self[3.5,3.6,3.10,2.0,] 
		 14: %self->enumeration_path def_%cl_4_14 %self[3.5,3.6,3.10,2.0,] %cl_4_13[3.13,] 	 SYMBOL:	 ARGS:%cl_4_13,
		 15: HASH-method-multipart- def_%cl_4_15 
		 16: HASH-url-html- def_%cl_4_16 %cl_4_14[3.14,] %cl_4_15[3.15,] 
		 17: %self->labelled_form_for def_%cl_4_17 %self[3.5,3.6,3.10,3.14,2.0,] %cl_4_12[3.12,] %cl_4_16[3.16,] %self[3.5,3.6,3.10,3.14,2.0,] 	 SYMBOL:enumeration,	 ARGS:Symbol,%cl_4_12,%cl_4_16,%self,
CLOSURE BEGIN: f[] %self[3.5,3.6,3.10,3.14,2.0,] 
BB 1
	outgoing: 6 2 
	datadep: 
	instructions:
BB 2
	outgoing: 3 
	datadep: 
	instructions:
		 0: def_%self 
		 1: def_%cl_6_0 
		 2: RECEIVEARG def_f 
		 3: COPY TYPE_CurrentScope def_%current_scope 
		 4: COPY TYPE_ScopeModule def_%current_module 
BB 3
	outgoing: 4 6 
	datadep: 
	instructions:
		 0: Line Number 88
		 1: COPY TYPE_StringLiteral "form" def_%cl_6_3 
		 2: HASH-f- def_%cl_6_4 f[2.2,] 
		 3: HASH-partial-locals- def_%cl_6_5 %cl_6_3[3.1,] %cl_6_4[3.2,] 
		 4: %self->render def_%cl_6_6 %self[2.0,] %cl_6_5[3.3,] 	 SYMBOL:	 ARGS:%cl_6_5,
		 5: Line Number 89
		 6: %self->l def_%cl_6_7 %self[3.4,2.0,] 	 SYMBOL:button_save,	 ARGS:Symbol,
		 7: %self->submit_tag def_%cl_6_8 %self[3.4,3.6,2.0,] %cl_6_7[3.6,] 	 SYMBOL:	 ARGS:%cl_6_7,
		 8: RETURN %cl_6_8[3.7,] %self[3.4,3.6,3.7,2.0,] 
BB 4
	outgoing: 6 
	datadep: 
	instructions:
		 0: def_%cl_6_9 
		 1: def_%cl_6_10 %cl_6_9[4.0,] 
		 2: RETURN %cl_6_10[4.1,] %self[2.0,] 
BB 6
	outgoing: 
	datadep: 
	instructions:
CLOSURE END: 
		 18: Line Number 91
		 19: format->js def_%cl_4_18 format[3.1,2.2,] %self[3.5,3.6,3.10,3.14,3.17,2.0,] 	 SYMBOL:	 ARGS:format,
CLOSURE BEGIN: %self[3.5,3.6,3.10,3.14,3.17,2.0,] 
BB 1
	outgoing: 6 2 
	datadep: 
	instructions:
BB 2
	outgoing: 3 
	datadep: 
	instructions:
		 0: def_%self 
		 1: def_%cl_7_0 
		 2: COPY TYPE_CurrentScope def_%current_scope 
		 3: COPY TYPE_ScopeModule def_%current_module 
BB 3
	outgoing: 4 6 
	datadep: 
	instructions:
		 0: Line Number 91
		 1: %self->head def_%cl_7_3 %self[2.0,] 	 SYMBOL:	 ARGS:Fixnum,
		 2: RETURN %cl_7_3[3.1,] %self[3.1,2.0,] 
BB 4
	outgoing: 6 
	datadep: 
	instructions:
		 0: def_%cl_7_4 
		 1: def_%cl_7_5 %cl_7_4[4.0,] 
		 2: RETURN %cl_7_5[4.1,] %self[2.0,] 
BB 6
	outgoing: 
	datadep: 
	instructions:
CLOSURE END: 
		 20: RETURN %cl_4_18[3.19,] %self[3.5,3.6,3.10,3.14,3.17,2.0,] 
BB 4
	outgoing: 6 
	datadep: 
	instructions:
		 0: def_%cl_4_19 
		 1: def_%cl_4_20 %cl_4_19[4.0,] 
		 2: RETURN %cl_4_20[4.1,] %self[2.0,] 
BB 6
	outgoing: 
	datadep: 
	instructions:
CLOSURE END: 
		 2: RETURN %v_7[4.1,] %self[4.1,2.0,] 
BB 6
	outgoing: 
	datadep: 
	instructions:

SET IRMethod, name = destroy instanceMethod = true
BB 1
	outgoing: 11 2 
	datadep: 
	instructions:
BB 2
	outgoing: 3 4 
	datadep: 
	instructions:
		 0: def_%self 
		 1: def_%v_0 
		 2: COPY TYPE_CurrentScope def_%current_scope 
		 3: COPY TYPE_ScopeModule def_%current_module 
		 4: 
		 5: Line Number 96
		 6: GETFIELD %self->enumeration def_%v_3 %self[2.0,] 
		 7: %v_3->in_use? def_%v_4 %v_3[2.6,] 	 SYMBOL:	 ARGS:
		 8: %v_4->! def_%v_5 %v_4[2.7,] 	 SYMBOL:	 ARGS:
		 9: BRANCH %v_5[2.8,] 
BB 3
	outgoing: 11 
	datadep: 
	instructions:
		 0: Line Number 97
		 1: GETFIELD %self->enumeration def_%v_6 %self[2.0,] 
		 2: %v_6->destroy def_%v_7 %v_6[3.1,] 	 SYMBOL:	 ARGS:
		 3: Line Number 98
		 4: %self->enumerations_path def_%v_8 %self[2.0,] 	 SYMBOL:	 ARGS:
		 5: %self->redirect_to def_%v_9 %self[3.4,2.0,] %v_8[3.4,] 	 SYMBOL:	 ARGS:%v_8,
		 6: Line Number 99
		 7: RETURN %self[3.4,3.5,2.0,] 
BB 4
	outgoing: 5 6 
	datadep: 
	instructions:
		 0: Line Number 100
		 1: %self->params def_%v_11 %self[2.0,] 	 SYMBOL:	 ARGS:
		 2: %v_11->[] def_%v_12 %v_11[4.1,] 	 SYMBOL:reassign_to_id,	 ARGS:Symbol,
		 3: %v_12->present? def_%v_13 %v_12[4.2,] 	 SYMBOL:	 ARGS:
		 4: BRANCH %v_13[4.3,] 
BB 5
	outgoing: 6 
	datadep: 
	instructions:
		 0: GETFIELD %self->enumeration def_%v_14 %self[2.0,] 
		 1: %v_14->class def_%v_15 %v_14[5.0,] 	 SYMBOL:	 ARGS:
		 2: %self->params def_%v_16 %self[2.0,] 	 SYMBOL:	 ARGS:
		 3: %v_16->[] def_%v_17 %v_16[5.2,] 	 SYMBOL:reassign_to_id,	 ARGS:Symbol,
		 4: %v_17->to_i def_%v_18 %v_17[5.3,] 	 SYMBOL:	 ARGS:
		 5: %v_15->find_by_id def_%v_19 %v_15[5.1,] %v_18[5.4,] 	 SYMBOL:	 ARGS:%v_18,
		 6: COPY TYPE_PASS def_reassign_to %v_19[5.5,] 
		 7: COPY TYPE_PASS def_%v_13 %v_19[5.5,] 
BB 6
	outgoing: 7 8 
	datadep: 
	instructions:
		 0: BRANCH %v_13[5.7,4.3,] 
BB 7
	outgoing: 11 
	datadep: 
	instructions:
		 0: Line Number 101
		 1: GETFIELD %self->enumeration def_%v_20 %self[2.0,] 
		 2: %v_20->destroy def_%v_21 %v_20[7.1,] reassign_to[5.6,] 	 SYMBOL:	 ARGS:reassign_to,
		 3: Line Number 102
		 4: %self->enumerations_path def_%v_22 %self[2.0,] 	 SYMBOL:	 ARGS:
		 5: %self->redirect_to def_%v_23 %self[7.4,2.0,] %v_22[7.4,] 	 SYMBOL:	 ARGS:%v_22,
		 6: Line Number 103
		 7: RETURN %self[7.4,7.5,2.0,] 
BB 8
	outgoing: 10 
	datadep: 
	instructions:
		 0: COPY TYPE_Nil def_%v_24 
		 1: COPY TYPE_PASS def_%v_10 %v_24[8.0,] 
BB 10
	outgoing: 11 
	datadep: 
	instructions:
		 0: Line Number 105
		 1: GETFIELD %self->enumeration def_%v_25 %self[2.0,] 
		 2: %v_25->class def_%v_26 %v_25[10.1,] 	 SYMBOL:	 ARGS:
		 3: %v_26->system def_%v_27 %v_26[10.2,] 	 SYMBOL:	 ARGS:
		 4: %v_27->to_a def_%v_28 %v_27[10.3,] 	 SYMBOL:	 ARGS:
		 5: GETFIELD %self->enumeration def_%v_29 %self[2.0,] 
		 6: COPY TYPE_Array def_%v_30 %v_29[10.5,] 
		 7: %v_28->- def_%v_31 %v_28[10.4,] %v_30[10.6,] 	 SYMBOL:	 ARGS:%v_30,
		 8: ATTRASSIGN %self->enumerations %v_31[10.7,] 
		 9: RETURN %v_31[10.7,] %self[10.8,2.0,] 
BB 11
	outgoing: 
	datadep: 
	instructions:

SET IRMethod, name = build_new_enumeration instanceMethod = true
BB 1
	outgoing: 10 2 
	datadep: 
	instructions:
BB 2
	outgoing: 3 4 
	datadep: 
	instructions:
		 0: def_%self 
		 1: def_%v_0 
		 2: COPY TYPE_CurrentScope def_%current_scope 
		 3: COPY TYPE_ScopeModule def_%current_module 
		 4: 
		 5: Line Number 117
		 6: %self->params def_%v_3 %self[2.0,] 	 SYMBOL:	 ARGS:
		 7: %v_3->[] def_%v_4 %v_3[2.6,] 	 SYMBOL:enumeration,	 ARGS:Symbol,
		 8: BRANCH %v_4[2.7,] 
BB 3
	outgoing: 4 
	datadep: 
	instructions:
		 0: %self->params def_%v_5 %self[2.0,] 	 SYMBOL:	 ARGS:
		 1: %v_5->[] def_%v_6 %v_5[3.0,] 	 SYMBOL:enumeration,	 ARGS:Symbol,
		 2: %v_6->[] def_%v_7 %v_6[3.1,] 	 SYMBOL:type,	 ARGS:Symbol,
		 3: COPY TYPE_PASS def_%v_4 %v_7[3.2,] 
BB 4
	outgoing: 5 6 
	datadep: 
	instructions:
		 0: BRANCH %v_4[3.3,2.7,] 
BB 5
	outgoing: 6 
	datadep: 
	instructions:
		 0: %self->params def_%v_8 %self[2.0,] 	 SYMBOL:	 ARGS:
		 1: %v_8->[] def_%v_9 %v_8[5.0,] 	 SYMBOL:type,	 ARGS:Symbol,
		 2: COPY TYPE_PASS def_%v_4 %v_9[5.1,] 
BB 6
	outgoing: 7 8 
	datadep: 
	instructions:
		 0: COPY TYPE_PASS def_class_name %v_4[5.2,3.3,2.7,] 
		 1: Line Number 118
		 2: (Enumeration) def_%v_10 
		 3: %self->enumeration_params def_%v_11 %self[2.0,] 	 SYMBOL:	 ARGS:
		 4: %v_10->new_subclass_instance def_%v_12 %v_10[6.2,] class_name[6.0,] %v_11[6.3,] 	 SYMBOL:	 ARGS:class_name,%v_11,
		 5: ATTRASSIGN %self->enumeration %v_12[6.4,] 
		 6: Line Number 119
		 7: GETFIELD %self->enumeration def_%v_13 %self[6.3,6.5,2.0,] 
		 8: %v_13->nil? def_%v_14 %v_13[6.7,] 	 SYMBOL:	 ARGS:
		 9: BRANCH %v_14[6.8,] 
BB 7
	outgoing: 10 
	datadep: 
	instructions:
		 0: Line Number 120
		 1: %self->render_404 def_%v_15 %self[6.5,2.0,] 	 SYMBOL:	 ARGS:
		 2: RETURN %v_15[7.1,] %self[7.1,6.5,2.0,] 
BB 8
	outgoing: 10 
	datadep: 
	instructions:
		 0: RETURN %self[6.5,2.0,] 
BB 10
	outgoing: 
	datadep: 
	instructions:

SET IRMethod, name = find_enumeration instanceMethod = true
BB 1
	outgoing: 14 2 
	datadep: 
	instructions:
BB 2
	outgoing: 4 
	datadep: 
	instructions:
		 0: def_%self 
		 1: def_%v_0 
		 2: COPY TYPE_CurrentScope def_%current_scope 
		 3: COPY TYPE_ScopeModule def_%current_module 
		 4: 
		 5: GLOBALVAR $! def_%v_3 
BB 4
	outgoing: 5 6 
	datadep: 
	instructions:
		 0: 
		 1: Line Number 124
		 2: (Enumeration) def_%v_6 
		 3: %self->params def_%v_7 %self[2.0,] 	 SYMBOL:	 ARGS:
		 4: %v_7->[] def_%v_8 %v_7[4.3,] 	 SYMBOL:id,	 ARGS:Symbol,
		 5: %v_6->find def_%v_9 %v_6[4.2,] %v_8[4.4,] 	 SYMBOL:	 ARGS:%v_8,
		 6: ATTRASSIGN %self->enumeration %v_9[4.5,] 
		 7: COPY TYPE_PASS def_%v_5 %v_9[4.5,] 
		 8: %v_3[2.5,] 
BB 5
	outgoing: 13 
	datadep: 
	instructions:
		 0: 
BB 6
	outgoing: 7 8 12 
	datadep: 
	instructions:
		 0: def_%v_10 
		 1: (ActiveRecord) def_%v_11 
		 2: (inherit RecordNotFound) def_%v_12 %v_11[6.1,] 
		 3: %v_12[6.2,] 
BB 7
	outgoing: 8 12 
	datadep: 
	instructions:
		 0: %v_11->const_missing def_%v_12 %v_11[6.1,] 	 SYMBOL:RecordNotFound,	 ARGS:Symbol,
BB 8
	outgoing: 9 10 12 
	datadep: 
	instructions:
		 0: def_%v_13 %v_12[7.0,6.2,] %v_10[6.0,] 
		 1: BRANCH %v_13[8.0,] 
BB 9
	outgoing: 12 14 
	datadep: 
	instructions:
		 0: %v_10[6.0,] 
BB 10
	outgoing: 11 12 
	datadep: 
	instructions:
		 0: Line Number 126
		 1: %self->render_404 def_%v_14 %self[4.6,2.0,] 	 SYMBOL:	 ARGS:
		 2: COPY TYPE_PASS def_%v_5 %v_14[10.1,] 
		 3: %v_3[2.5,] 
BB 11
	outgoing: 13 
	datadep: 
	instructions:
		 0: 
BB 12
	outgoing: 14 
	datadep: 
	instructions:
		 0: def_%v_15 
		 1: def_%v_16 %v_15[12.0,] %v_3[2.5,] 
		 2: %v_15[12.0,] 
BB 13
	outgoing: 14 
	datadep: 
	instructions:
		 0: RETURN %v_5[4.7,10.2,] %self[4.6,2.0,] 
BB 14
	outgoing: 
	datadep: 
	instructions:

SET IRMethod, name = enumeration_params instanceMethod = true
BB 1
	outgoing: 3 2 
	datadep: 
	instructions:
BB 2
	outgoing: 3 
	datadep: 
	instructions:
		 0: def_%self 
		 1: def_%v_0 
		 2: COPY TYPE_CurrentScope def_%current_scope 
		 3: COPY TYPE_ScopeModule def_%current_module 
		 4: 
		 5: Line Number 129
		 6: %self->params def_%v_3 %self[2.0,] 	 SYMBOL:	 ARGS:
		 7: COPY TYPE_Array def_%v_4 
		 8: HASH-enumeration- def_%v_5 %v_4[2.7,] 
		 9: %v_3->permit def_%v_6 %v_3[2.6,] %v_5[2.8,] 	 SYMBOL:	 ARGS:%v_5,
		 10: %v_6->[] def_%v_7 %v_6[2.9,] 	 SYMBOL:enumeration,	 ARGS:Symbol,
		 11: RETURN %v_7[2.10,] %self[2.0,2.6,] 
BB 3
	outgoing: 
	datadep: 
	instructions:

