SET IRMethod, name = index instanceMethod = true
BB 1
	outgoing: 3 2 
	datadep: 
	instructions:
BB 2
	outgoing: 3 
	datadep: 
	instructions:
		 0: def_%self 
		 1: def_%v_0 
		 2: COPY TYPE_CurrentScope def_%current_scope 
		 3: COPY TYPE_ScopeModule def_%current_module 
		 4: 
		 5: Line Number 9
		 6: COPY TYPE_StringLiteral "filename" def_%v_3 
		 7: COPY TYPE_StringLiteral "asc" def_%v_4 
		 8: %self->sort_init def_%v_5 %self[2.0,] %v_3[2.6,] %v_4[2.7,] 	 SYMBOL:	 ARGS:%v_3,%v_4,
		 9: Line Number 10
		 10: COPY TYPE_StringLiteral "filename" def_%v_6 
		 11: (Attachment) def_%v_7 
		 12: %v_7->table_name def_%v_8 %v_7[2.11,] 	 SYMBOL:	 ARGS:
		 13: COPY TYPE_StringLiteral ".filename" def_%v_9 
		 14: BUILDSTRING def_%v_10 %v_8[2.12,] %v_9[2.13,] 
		 15: COPY TYPE_StringLiteral "created_on" def_%v_11 
		 16: Line Number 11
		 17: (Attachment) def_%v_12 
		 18: %v_12->table_name def_%v_13 %v_12[2.17,] 	 SYMBOL:	 ARGS:
		 19: COPY TYPE_StringLiteral ".created_on" def_%v_14 
		 20: BUILDSTRING def_%v_15 %v_13[2.18,] %v_14[2.19,] 
		 21: COPY TYPE_StringLiteral "size" def_%v_16 
		 22: Line Number 12
		 23: (Attachment) def_%v_17 
		 24: %v_17->table_name def_%v_18 %v_17[2.23,] 	 SYMBOL:	 ARGS:
		 25: COPY TYPE_StringLiteral ".filesize" def_%v_19 
		 26: BUILDSTRING def_%v_20 %v_18[2.24,] %v_19[2.25,] 
		 27: COPY TYPE_StringLiteral "downloads" def_%v_21 
		 28: Line Number 13
		 29: (Attachment) def_%v_22 
		 30: %v_22->table_name def_%v_23 %v_22[2.29,] 	 SYMBOL:	 ARGS:
		 31: COPY TYPE_StringLiteral ".downloads" def_%v_24 
		 32: BUILDSTRING def_%v_25 %v_23[2.30,] %v_24[2.31,] 
		 33: HASH- def_%v_26 %v_6[2.10,] %v_10[2.14,] %v_11[2.15,] %v_15[2.20,] %v_16[2.21,] %v_20[2.26,] %v_21[2.27,] %v_25[2.32,] 
		 34: %self->sort_update def_%v_27 %self[2.0,2.8,] %v_26[2.33,] 	 SYMBOL:	 ARGS:%v_26,
		 35: Line Number 14
		 36: (Project) def_%v_28 
		 37: %v_28->includes def_%v_29 %v_28[2.36,] 	 SYMBOL:attachments,	 ARGS:Symbol,
		 38: %v_29->references def_%v_30 %v_29[2.37,] 	 SYMBOL:attachments,	 ARGS:Symbol,
		 39: %self->sort_clause def_%v_31 %self[2.0,2.8,2.34,] 	 SYMBOL:	 ARGS:
		 40: %v_30->reorder def_%v_32 %v_30[2.38,] %v_31[2.39,] 	 SYMBOL:	 ARGS:%v_31,
		 41: GETFIELD %self->project def_%v_33 %self[2.0,2.8,2.34,2.39,] 
		 42: %v_33->id def_%v_34 %v_33[2.41,] 	 SYMBOL:	 ARGS:
		 43: %v_32->find def_%v_35 %v_32[2.40,] %v_34[2.42,] 	 SYMBOL:	 ARGS:%v_34,
		 44: COPY TYPE_Array def_%v_36 %v_35[2.43,] 
		 45: ATTRASSIGN %self->containers %v_36[2.44,] 
		 46: Line Number 16
		 47: GETFIELD %self->containers def_%v_37 %self[2.0,2.8,2.34,2.39,2.45,] 
		 48: GETFIELD %self->project def_%v_38 %self[2.0,2.8,2.34,2.39,] 
		 49: %v_38->versions def_%v_39 %v_38[2.48,] 	 SYMBOL:	 ARGS:
		 50: %v_39->includes def_%v_40 %v_39[2.49,] 	 SYMBOL:attachments,	 ARGS:Symbol,
		 51: %v_40->references def_%v_41 %v_40[2.50,] 	 SYMBOL:attachments,	 ARGS:Symbol,
		 52: %self->sort_clause def_%v_42 %self[2.0,2.8,2.34,2.39,2.45,] 	 SYMBOL:	 ARGS:
		 53: %v_41->reorder def_%v_43 %v_41[2.51,] %v_42[2.52,] 	 SYMBOL:	 ARGS:%v_42,
		 54: %v_43->to_a def_%v_44 %v_43[2.53,] 	 SYMBOL:	 ARGS:
		 55: %v_44->sort def_%v_45 %v_44[2.54,] 	 SYMBOL:	 ARGS:
		 56: %v_45->reverse def_%v_46 %v_45[2.55,] 	 SYMBOL:	 ARGS:
		 57: %v_37->+ def_%v_47 %v_37[2.47,] %v_46[2.56,] 	 SYMBOL:	 ARGS:%v_46,
		 58: ATTRASSIGN %self->containers %v_47[2.57,] 
		 59: Line Number 18
		 60: %self->respond_to def_%v_48 %self[2.0,2.8,2.34,2.39,2.45,2.52,2.58,] %self[2.0,2.8,2.34,2.39,2.45,2.52,2.58,] 	 SYMBOL:	 ARGS:%self,
CLOSURE BEGIN: format[] %self[2.0,2.8,2.34,2.39,2.45,2.52,2.58,] 
BB 1
	outgoing: 6 2 
	datadep: 
	instructions:
BB 2
	outgoing: 3 
	datadep: 
	instructions:
		 0: def_%self 
		 1: def_%cl_1_0 
		 2: RECEIVEARG def_format 
		 3: COPY TYPE_CurrentScope def_%current_scope 
		 4: COPY TYPE_ScopeModule def_%current_module 
BB 3
	outgoing: 4 6 
	datadep: 
	instructions:
		 0: Line Number 19
		 1: format->html def_%cl_1_3 format[2.2,] %self[2.0,] 	 SYMBOL:	 ARGS:format,
CLOSURE BEGIN: %self[2.0,] 
BB 1
	outgoing: 6 2 
	datadep: 
	instructions:
BB 2
	outgoing: 3 
	datadep: 
	instructions:
		 0: def_%self 
		 1: def_%cl_2_0 
		 2: COPY TYPE_CurrentScope def_%current_scope 
		 3: COPY TYPE_ScopeModule def_%current_module 
BB 3
	outgoing: 4 6 
	datadep: 
	instructions:
		 0: Line Number 19
		 1: %self->request def_%cl_2_3 %self[2.0,] 	 SYMBOL:	 ARGS:
		 2: %cl_2_3->xhr? def_%cl_2_4 %cl_2_3[3.1,] 	 SYMBOL:	 ARGS:
		 3: %cl_2_4->! def_%cl_2_5 %cl_2_4[3.2,] 	 SYMBOL:	 ARGS:
		 4: HASH-layout- def_%cl_2_6 %cl_2_5[3.3,] 
		 5: %self->render def_%cl_2_7 %self[3.1,2.0,] %cl_2_6[3.4,] 	 SYMBOL:	 ARGS:%cl_2_6,
		 6: RETURN %cl_2_7[3.5,] %self[3.1,3.5,2.0,] 
BB 4
	outgoing: 6 
	datadep: 
	instructions:
		 0: def_%cl_2_8 
		 1: def_%cl_2_9 %cl_2_8[4.0,] 
		 2: RETURN %cl_2_9[4.1,] %self[2.0,] 
BB 6
	outgoing: 
	datadep: 
	instructions:
CLOSURE END: 
		 2: Line Number 20
		 3: format->api def_%cl_1_4 format[3.1,2.2,] 	 SYMBOL:	 ARGS:
		 4: RETURN %cl_1_4[3.3,] %self[2.0,] 
BB 4
	outgoing: 6 
	datadep: 
	instructions:
		 0: def_%cl_1_5 
		 1: def_%cl_1_6 %cl_1_5[4.0,] 
		 2: RETURN %cl_1_6[4.1,] %self[2.0,] 
BB 6
	outgoing: 
	datadep: 
	instructions:
CLOSURE END: 
		 61: RETURN %v_48[2.60,] %self[2.0,2.8,2.34,2.39,2.45,2.52,2.58,2.60,] 
BB 3
	outgoing: 
	datadep: 
	instructions:

SET IRMethod, name = new instanceMethod = true
BB 1
	outgoing: 3 2 
	datadep: 
	instructions:
BB 2
	outgoing: 3 
	datadep: 
	instructions:
		 0: def_%self 
		 1: def_%v_0 
		 2: COPY TYPE_CurrentScope def_%current_scope 
		 3: COPY TYPE_ScopeModule def_%current_module 
		 4: 
		 5: Line Number 50
		 6: GETFIELD %self->project def_%v_3 %self[2.0,] 
		 7: %v_3->versions def_%v_4 %v_3[2.6,] 	 SYMBOL:	 ARGS:
		 8: %v_4->sort def_%v_5 %v_4[2.7,] 	 SYMBOL:	 ARGS:
		 9: ATTRASSIGN %self->versions %v_5[2.8,] 
		 10: RETURN %v_5[2.8,] %self[2.0,2.9,] 
BB 3
	outgoing: 
	datadep: 
	instructions:

SET IRMethod, name = create instanceMethod = true
BB 1
	outgoing: 22 2 
	datadep: 
	instructions:
BB 2
	outgoing: 3 6 
	datadep: 
	instructions:
		 0: def_%self 
		 1: def_%v_0 
		 2: COPY TYPE_CurrentScope def_%current_scope 
		 3: COPY TYPE_ScopeModule def_%current_module 
		 4: 
		 5: Line Number 105
		 6: %self->params def_%v_3 %self[2.0,] 	 SYMBOL:	 ARGS:
		 7: %v_3->[] def_%v_4 %v_3[2.6,] 	 SYMBOL:version_id,	 ARGS:Symbol,
		 8: BRANCH %v_4[2.7,] 
BB 3
	outgoing: 4 5 
	datadep: 
	instructions:
		 0: %self->params def_%v_5 %self[2.0,] 	 SYMBOL:	 ARGS:
		 1: %v_5->[] def_%v_6 %v_5[3.0,] 	 SYMBOL:file,	 ARGS:Symbol,
		 2: BRANCH %v_6[3.1,] 
BB 4
	outgoing: 5 
	datadep: 
	instructions:
		 0: %self->params def_%v_7 %self[2.0,] 	 SYMBOL:	 ARGS:
		 1: %v_7->[] def_%v_8 %v_7[4.0,] 	 SYMBOL:file,	 ARGS:Symbol,
		 2: %v_8->[] def_%v_9 %v_8[4.1,] 	 SYMBOL:version_id,	 ARGS:Symbol,
		 3: COPY TYPE_PASS def_%v_6 %v_9[4.2,] 
BB 5
	outgoing: 6 
	datadep: 
	instructions:
		 0: COPY TYPE_PASS def_%v_4 %v_6[4.3,3.1,] 
BB 6
	outgoing: 7 8 
	datadep: 
	instructions:
		 0: COPY TYPE_PASS def_version_id %v_4[5.0,2.7,] 
		 1: Line Number 106
		 2: %v_4->blank? def_%v_10 %v_4[5.0,2.7,] 	 SYMBOL:	 ARGS:
		 3: BRANCH %v_10[6.2,] 
BB 7
	outgoing: 9 
	datadep: 
	instructions:
		 0: GETFIELD %self->project def_%v_11 %self[2.0,] 
		 1: 
BB 8
	outgoing: 9 
	datadep: 
	instructions:
		 0: GETFIELD %self->project def_%v_12 %self[2.0,] 
		 1: %v_12->versions def_%v_13 %v_12[8.0,] 	 SYMBOL:	 ARGS:
		 2: %v_13->find_by_id def_%v_14 %v_13[8.1,] version_id[6.0,] 	 SYMBOL:	 ARGS:version_id,
		 3: COPY TYPE_PASS def_%v_11 %v_14[8.2,] 
BB 9
	outgoing: 10 15 
	datadep: 
	instructions:
		 0: COPY TYPE_PASS def_container %v_11[8.3,7.0,] 
		 1: Line Number 107
		 2: (Attachment) def_%v_15 
		 3: %self->params def_%v_16 %self[2.0,] 	 SYMBOL:	 ARGS:
		 4: %v_16->[] def_%v_17 %v_16[9.3,] 	 SYMBOL:attachments,	 ARGS:Symbol,
		 5: BRANCH %v_17[9.4,] 
BB 10
	outgoing: 11 12 
	datadep: 
	instructions:
		 0: %self->params def_%v_18 %self[2.0,] 	 SYMBOL:	 ARGS:
		 1: %v_18->[] def_%v_19 %v_18[10.0,] 	 SYMBOL:file,	 ARGS:Symbol,
		 2: BRANCH %v_19[10.1,] 
BB 11
	outgoing: 12 
	datadep: 
	instructions:
		 0: %self->params def_%v_20 %self[2.0,] 	 SYMBOL:	 ARGS:
		 1: %v_20->[] def_%v_21 %v_20[11.0,] 	 SYMBOL:file,	 ARGS:Symbol,
		 2: %v_21->[] def_%v_22 %v_21[11.1,] 	 SYMBOL:token,	 ARGS:Symbol,
		 3: COPY TYPE_PASS def_%v_19 %v_22[11.2,] 
BB 12
	outgoing: 13 14 
	datadep: 
	instructions:
		 0: BRANCH %v_19[11.3,10.1,] 
BB 13
	outgoing: 14 
	datadep: 
	instructions:
		 0: %self->params def_%v_23 %self[2.0,] 	 SYMBOL:	 ARGS:
		 1: COPY TYPE_PASS def_%v_19 %v_23[13.0,] 
BB 14
	outgoing: 15 
	datadep: 
	instructions:
		 0: COPY TYPE_PASS def_%v_17 %v_19[13.1,11.3,10.1,] 
BB 15
	outgoing: 16 20 
	datadep: 
	instructions:
		 0: %v_15->attach_files def_%v_24 %v_15[9.2,] container[9.0,] %v_17[14.0,9.4,] 	 SYMBOL:	 ARGS:container,%v_17,
		 1: COPY TYPE_PASS def_attachments %v_24[15.0,] 
		 2: Line Number 108
		 3: %self->render_attachment_warning_if_needed def_%v_25 %self[2.0,] container[9.0,] 	 SYMBOL:	 ARGS:container,
		 4: Line Number 109
		 5: attachments->[] def_%v_26 attachments[15.1,] 	 SYMBOL:files,	 ARGS:Symbol,
		 6: %v_26->present? def_%v_27 %v_26[15.5,] 	 SYMBOL:	 ARGS:
		 7: BRANCH %v_27[15.6,] 
BB 16
	outgoing: 17 18 
	datadep: 
	instructions:
		 0: Line Number 110
		 1: (Setting) def_%v_28 
		 2: %v_28->notified_events def_%v_29 %v_28[16.1,] 	 SYMBOL:	 ARGS:
		 3: COPY TYPE_StringLiteral "file_added" def_%v_30 
		 4: %v_29->include? def_%v_31 %v_29[16.2,] %v_30[16.3,] 	 SYMBOL:	 ARGS:%v_30,
		 5: BRANCH %v_31[16.4,] 
BB 17
	outgoing: 19 
	datadep: 
	instructions:
		 0: Line Number 111
		 1: (Mailer) def_%v_32 
		 2: attachments->[] def_%v_33 attachments[15.1,] 	 SYMBOL:files,	 ARGS:Symbol,
		 3: %v_32->attachments_added def_%v_34 %v_32[17.1,] %v_33[17.2,] 	 SYMBOL:	 ARGS:%v_33,
		 4: %v_34->deliver def_%v_35 %v_34[17.3,] 	 SYMBOL:	 ARGS:
		 5: 
BB 18
	outgoing: 19 
	datadep: 
	instructions:
		 0: COPY TYPE_Nil def_%v_35 
BB 19
	outgoing: 22 
	datadep: 
	instructions:
		 0: Line Number 113
		 1: %self->respond_to def_%v_36 %self[2.0,] %self[2.0,] 	 SYMBOL:	 ARGS:%self,
CLOSURE BEGIN: format[] %self[2.0,] 
BB 1
	outgoing: 6 2 
	datadep: 
	instructions:
BB 2
	outgoing: 3 
	datadep: 
	instructions:
		 0: def_%self 
		 1: def_%cl_1_0 
		 2: RECEIVEARG def_format 
		 3: COPY TYPE_CurrentScope def_%current_scope 
		 4: COPY TYPE_ScopeModule def_%current_module 
BB 3
	outgoing: 4 6 
	datadep: 
	instructions:
		 0: Line Number 114
		 1: format->html def_%cl_1_3 format[2.2,] %self[2.0,] 	 SYMBOL:	 ARGS:format,
CLOSURE BEGIN: %self[2.0,] 
BB 1
	outgoing: 6 2 
	datadep: 
	instructions:
BB 2
	outgoing: 3 
	datadep: 
	instructions:
		 0: def_%self 
		 1: def_%cl_2_0 
		 2: COPY TYPE_CurrentScope def_%current_scope 
		 3: COPY TYPE_ScopeModule def_%current_module 
BB 3
	outgoing: 4 6 
	datadep: 
	instructions:
		 0: Line Number 115
		 1: %self->flash def_%cl_2_3 %self[2.0,] 	 SYMBOL:	 ARGS:
		 2: %self->l def_%cl_2_4 %self[3.1,2.0,] 	 SYMBOL:label_file_added,	 ARGS:Symbol,
		 3: ATTRASSIGN %cl_2_3->[] %cl_2_4[3.2,] 
		 4: Line Number 116
		 5: GETFIELD %self->project def_%cl_2_5 %self[3.1,3.2,2.0,] 
		 6: %self->project_files_path def_%cl_2_6 %self[3.1,3.2,2.0,] %cl_2_5[3.5,] 	 SYMBOL:	 ARGS:%cl_2_5,
		 7: %self->redirect_to def_%cl_2_7 %self[3.1,3.2,3.6,2.0,] %cl_2_6[3.6,] 	 SYMBOL:	 ARGS:%cl_2_6,
		 8: RETURN %cl_2_7[3.7,] %self[3.1,3.2,3.6,3.7,2.0,] 
BB 4
	outgoing: 6 
	datadep: 
	instructions:
		 0: def_%cl_2_8 
		 1: def_%cl_2_9 %cl_2_8[4.0,] 
		 2: RETURN %cl_2_9[4.1,] %self[2.0,] 
BB 6
	outgoing: 
	datadep: 
	instructions:
CLOSURE END: 
		 2: Line Number 117
		 3: format->api def_%cl_1_4 format[3.1,2.2,] %self[2.0,] 	 SYMBOL:	 ARGS:format,
CLOSURE BEGIN: %self[2.0,] 
BB 1
	outgoing: 6 2 
	datadep: 
	instructions:
BB 2
	outgoing: 3 
	datadep: 
	instructions:
		 0: def_%self 
		 1: def_%cl_3_0 
		 2: COPY TYPE_CurrentScope def_%current_scope 
		 3: COPY TYPE_ScopeModule def_%current_module 
BB 3
	outgoing: 4 6 
	datadep: 
	instructions:
		 0: Line Number 117
		 1: %self->render_api_ok def_%cl_3_3 %self[2.0,] 	 SYMBOL:	 ARGS:
		 2: RETURN %cl_3_3[3.1,] %self[3.1,2.0,] 
BB 4
	outgoing: 6 
	datadep: 
	instructions:
		 0: def_%cl_3_4 
		 1: def_%cl_3_5 %cl_3_4[4.0,] 
		 2: RETURN %cl_3_5[4.1,] %self[2.0,] 
BB 6
	outgoing: 
	datadep: 
	instructions:
CLOSURE END: 
		 4: RETURN %cl_1_4[3.3,] %self[2.0,] 
BB 4
	outgoing: 6 
	datadep: 
	instructions:
		 0: def_%cl_1_5 
		 1: def_%cl_1_6 %cl_1_5[4.0,] 
		 2: RETURN %cl_1_6[4.1,] %self[2.0,] 
BB 6
	outgoing: 
	datadep: 
	instructions:
CLOSURE END: 
		 2: RETURN %v_36[19.1,] %self[19.1,2.0,] 
BB 20
	outgoing: 22 
	datadep: 
	instructions:
		 0: Line Number 120
		 1: %self->respond_to def_%v_37 %self[2.0,] %self[2.0,] 	 SYMBOL:	 ARGS:%self,
CLOSURE BEGIN: format[] %self[2.0,] attachment_param[] container[9.0,] saved_attachments[] multiple[] description[] i[] attachment[] show_add[] css_class[] 
BB 1
	outgoing: 6 2 
	datadep: 
	instructions:
BB 2
	outgoing: 3 
	datadep: 
	instructions:
		 0: def_%self 
		 1: def_%cl_4_0 
		 2: RECEIVEARG def_format 
		 3: COPY TYPE_CurrentScope def_%current_scope 
		 4: COPY TYPE_ScopeModule def_%current_module 
BB 3
	outgoing: 4 6 
	datadep: 
	instructions:
		 0: Line Number 121
		 1: format->html def_%cl_4_3 format[2.2,] %self[2.0,] 	 SYMBOL:	 ARGS:format,
CLOSURE BEGIN: %self[2.0,] 
BB 1
	outgoing: 6 2 
	datadep: 
	instructions:
BB 2
	outgoing: 3 
	datadep: 
	instructions:
		 0: def_%self 
		 1: def_%cl_5_0 
		 2: COPY TYPE_CurrentScope def_%current_scope 
		 3: COPY TYPE_ScopeModule def_%current_module 
BB 3
	outgoing: 4 6 
	datadep: 
	instructions:
		 0: Line Number 122
		 1: %self->flash def_%cl_5_3 %self[2.0,] 	 SYMBOL:	 ARGS:
		 2: %cl_5_3->now def_%cl_5_4 %cl_5_3[3.1,] 	 SYMBOL:	 ARGS:
		 3: %self->l def_%cl_5_5 %self[3.1,2.0,] 	 SYMBOL:label_attachment,	 ARGS:Symbol,
		 4: COPY TYPE_StringLiteral " " def_%cl_5_6 
		 5: %cl_5_5->+ def_%cl_5_7 %cl_5_5[3.3,] %cl_5_6[3.4,] 	 SYMBOL:	 ARGS:%cl_5_6,
		 6: COPY TYPE_StringLiteral "activerecord.errors.messages.invalid" def_%cl_5_8 
		 7: %self->l def_%cl_5_9 %self[3.1,3.3,2.0,] %cl_5_8[3.6,] 	 SYMBOL:	 ARGS:%cl_5_8,
		 8: %cl_5_7->+ def_%cl_5_10 %cl_5_7[3.5,] %cl_5_9[3.7,] 	 SYMBOL:	 ARGS:%cl_5_9,
		 9: ATTRASSIGN %cl_5_4->[] %cl_5_10[3.8,] 
		 10: Line Number 123
		 11: %self->new def_%cl_5_11 %self[3.1,3.3,3.7,2.0,] 	 SYMBOL:	 ARGS:
		 12: Line Number 124
		 13: COPY TYPE_StringLiteral "new" def_%cl_5_12 
		 14: HASH-action- def_%cl_5_13 %cl_5_12[3.13,] 
		 15: %self->render def_%cl_5_14 %self[3.1,3.3,3.7,3.11,2.0,] %cl_5_13[3.14,] 	 SYMBOL:	 ARGS:%cl_5_13,
		 16: RETURN %cl_5_14[3.15,] %self[3.1,3.3,3.7,3.11,3.15,2.0,] 
BB 4
	outgoing: 6 
	datadep: 
	instructions:
		 0: def_%cl_5_15 
		 1: def_%cl_5_16 %cl_5_15[4.0,] 
		 2: RETURN %cl_5_16[4.1,] %self[2.0,] 
BB 6
	outgoing: 
	datadep: 
	instructions:
CLOSURE END: 
		 2: Line Number 125
		 3: %self->l def_%cl_4_4 %self[2.0,] 	 SYMBOL:label_attachment_new,	 ARGS:Symbol,
		 4: Line Number 126
		 5: COPY TYPE_StringLiteral "attachment" def_%cl_4_5 
		 6: %self->error_messages_for def_%cl_4_6 %self[3.3,2.0,] %cl_4_5[3.5,] 	 SYMBOL:	 ARGS:%cl_4_5,
		 7: Line Number 127
		 8: GETFIELD %self->project def_%cl_4_7 %self[3.3,3.6,2.0,] 
		 9: %self->project_files_path def_%cl_4_8 %self[3.3,3.6,2.0,] %cl_4_7[3.8,] 	 SYMBOL:	 ARGS:%cl_4_7,
		 10: COPY TYPE_StringLiteral "tabular" def_%cl_4_9 
		 11: HASH-multipart-class- def_%cl_4_10 %cl_4_9[3.10,] 
		 12: %self->form_tag def_%cl_4_11 %self[3.3,3.6,3.9,2.0,] %cl_4_8[3.9,] %cl_4_10[3.11,] %self[3.3,3.6,3.9,2.0,] 	 SYMBOL:	 ARGS:%cl_4_8,%cl_4_10,%self,
CLOSURE BEGIN: %self[3.3,3.6,3.9,2.0,] attachment_param[] container[] saved_attachments[] multiple[] description[] i[] attachment[] show_add[] css_class[] 
BB 1
	outgoing: 43 2 
	datadep: 
	instructions:
BB 2
	outgoing: 3 
	datadep: 
	instructions:
		 0: def_%self 
		 1: def_%cl_6_0 
		 2: COPY TYPE_CurrentScope def_%current_scope 
		 3: COPY TYPE_ScopeModule def_%current_module 
BB 3
	outgoing: 4 5 41 
	datadep: 
	instructions:
		 0: Line Number 128
		 1: GETFIELD %self->versions def_%cl_6_3 %self[2.0,] 
		 2: %cl_6_3->any? def_%cl_6_4 %cl_6_3[3.1,] 	 SYMBOL:	 ARGS:
		 3: BRANCH %cl_6_4[3.2,] 
BB 4
	outgoing: 6 41 
	datadep: 
	instructions:
		 0: Line Number 129
		 1: %self->l def_%cl_6_5 %self[2.0,] 	 SYMBOL:field_version,	 ARGS:Symbol,
		 2: Line Number 130
		 3: COPY TYPE_StringLiteral "version_id" def_%cl_6_6 
		 4: COPY TYPE_StringLiteral "option" def_%cl_6_7 
		 5: COPY TYPE_StringLiteral "" def_%cl_6_8 
		 6: %self->content_tag def_%cl_6_9 %self[4.1,2.0,] %cl_6_7[4.4,] %cl_6_8[4.5,] 	 SYMBOL:	 ARGS:%cl_6_7,%cl_6_8,
		 7: GETFIELD %self->versions def_%cl_6_10 %self[4.1,4.6,2.0,] 
		 8: COPY TYPE_StringLiteral "id" def_%cl_6_11 
		 9: COPY TYPE_StringLiteral "name" def_%cl_6_12 
		 10: %self->options_from_collection_for_select def_%cl_6_13 %self[4.1,4.6,2.0,] %cl_6_10[4.7,] %cl_6_11[4.8,] %cl_6_12[4.9,] 	 SYMBOL:	 ARGS:%cl_6_10,%cl_6_11,%cl_6_12,
		 11: %cl_6_9->+ def_%cl_6_14 %cl_6_9[4.6,] %cl_6_13[4.10,] 	 SYMBOL:	 ARGS:%cl_6_13,
		 12: %self->select_tag def_%cl_6_15 %self[4.1,4.6,4.10,2.0,] %cl_6_6[4.3,] %cl_6_14[4.11,] 	 SYMBOL:	 ARGS:%cl_6_6,%cl_6_14,
		 13: 
BB 5
	outgoing: 6 
	datadep: 
	instructions:
		 0: COPY TYPE_Nil def_%cl_6_15 
BB 6
	outgoing: 7 8 41 
	datadep: 
	instructions:
		 0: Line Number 133
		 1: %self->l def_%cl_6_16 %self[2.0,] 	 SYMBOL:label_attachment_plural,	 ARGS:Symbol,
		 2: Line Number 134
		 3: COPY TYPE_StringLiteral "attachments/form" def_%cl_6_17 
		 4: HASH-partial- def_%cl_6_18 %cl_6_17[6.3,] 
		 5: %self->render def_%cl_6_19 %self[6.1,2.0,] %cl_6_18[6.4,] 	 SYMBOL:	 ARGS:%cl_6_18,
		 6: Line Number 135
		 7: COPY TYPE_PASS def_%cl_6_20 attachment_param[] 
		 8: COPY TYPE_PASS def_%cl_6_21 attachment_param[] 
		 9: BRANCH attachment_param[] 
BB 7
	outgoing: 8 
	datadep: 
	instructions:
		 0: COPY TYPE_StringLiteral "attachments" def_%cl_6_22 
		 1: COPY TYPE_PASS def_attachment_param %cl_6_22[7.0,] 
		 2: COPY TYPE_PASS def_%cl_6_21 %cl_6_22[7.0,] 
BB 8
	outgoing: 9 10 
	datadep: 
	instructions:
		 0: Line Number 136
		 1: COPY TYPE_FrozenString frozen:"local-variable" def_%cl_6_23 
		 2: BRANCH 
BB 9
	outgoing: 10 
	datadep: 
	instructions:
		 0: COPY TYPE_PASS def_%cl_6_23 container[] 
BB 10
	outgoing: 11 14 
	datadep: 
	instructions:
		 0: BRANCH %cl_6_23[9.0,8.1,] 
BB 11
	outgoing: 12 13 
	datadep: 
	instructions:
		 0: COPY TYPE_PASS def_%cl_6_24 saved_attachments[] 
		 1: COPY TYPE_PASS def_%cl_6_25 saved_attachments[] 
		 2: BRANCH saved_attachments[] 
BB 12
	outgoing: 13 41 
	datadep: 
	instructions:
		 0: container->saved_attachments def_%cl_6_26 container[] 	 SYMBOL:	 ARGS:
		 1: COPY TYPE_PASS def_saved_attachments %cl_6_26[12.0,] 
		 2: COPY TYPE_PASS def_%cl_6_25 %cl_6_26[12.0,] 
BB 13
	outgoing: 15 
	datadep: 
	instructions:
		 0: 
BB 14
	outgoing: 15 
	datadep: 
	instructions:
		 0: COPY TYPE_Nil def_%cl_6_25 
BB 15
	outgoing: 16 17 
	datadep: 
	instructions:
		 0: Line Number 137
		 1: COPY TYPE_FrozenString frozen:"local-variable" def_%cl_6_27 
		 2: BRANCH 
BB 16
	outgoing: 17 41 
	datadep: 
	instructions:
		 0: multiple->== def_%cl_6_28 multiple[] 	 SYMBOL:	 ARGS:Boolean,
		 1: COPY TYPE_PASS def_%cl_6_27 %cl_6_28[16.0,] 
BB 17
	outgoing: 18 19 
	datadep: 
	instructions:
		 0: BRANCH %cl_6_27[16.1,15.1,] 
BB 18
	outgoing: 20 
	datadep: 
	instructions:
		 0: COPY TYPE_Nil def_%cl_6_29 
		 1: 
BB 19
	outgoing: 20 
	datadep: 
	instructions:
		 0: COPY TYPE_Boolean def_multiple 
		 1: COPY TYPE_Boolean def_%cl_6_29 
BB 20
	outgoing: 21 22 
	datadep: 
	instructions:
		 0: Line Number 138
		 1: COPY TYPE_PASS def_%cl_6_30 multiple[19.0,] 
		 2: BRANCH multiple[19.0,] 
BB 21
	outgoing: 22 41 
	datadep: 
	instructions:
		 0: saved_attachments->blank? def_%cl_6_31 saved_attachments[12.1,] 	 SYMBOL:	 ARGS:
		 1: COPY TYPE_PASS def_%cl_6_30 %cl_6_31[21.0,] 
BB 22
	outgoing: 23 24 
	datadep: 
	instructions:
		 0: COPY TYPE_PASS def_show_add %cl_6_30[21.1,20.1,] 
		 1: Line Number 139
		 2: COPY TYPE_FrozenString frozen:"local-variable" def_%cl_6_32 
		 3: BRANCH 
BB 23
	outgoing: 24 41 
	datadep: 
	instructions:
		 0: description->== def_%cl_6_33 description[] 	 SYMBOL:	 ARGS:Boolean,
		 1: COPY TYPE_PASS def_%cl_6_32 %cl_6_33[23.0,] 
BB 24
	outgoing: 25 26 
	datadep: 
	instructions:
		 0: BRANCH %cl_6_32[23.1,22.2,] 
BB 25
	outgoing: 27 
	datadep: 
	instructions:
		 0: COPY TYPE_Boolean def_%cl_6_34 
		 1: 
BB 26
	outgoing: 27 
	datadep: 
	instructions:
		 0: COPY TYPE_Boolean def_%cl_6_34 
BB 27
	outgoing: 28 29 41 
	datadep: 
	instructions:
		 0: COPY TYPE_PASS def_description %cl_6_34[26.0,25.0,] 
		 1: Line Number 140
		 2: def_%cl_6_35 %self[2.0,] 
		 3: BRANCH %cl_6_35[27.2,] 
BB 28
	outgoing: 29 41 
	datadep: 
	instructions:
		 0: %self->filedrop def_%cl_6_36 %self[2.0,] 	 SYMBOL:	 ARGS:
		 1: %cl_6_36->== def_%cl_6_37 %cl_6_36[28.0,] 	 SYMBOL:	 ARGS:Boolean,
		 2: COPY TYPE_PASS def_%cl_6_35 %cl_6_37[28.1,] 
BB 29
	outgoing: 30 31 
	datadep: 
	instructions:
		 0: BRANCH %cl_6_35[28.2,27.2,] 
BB 30
	outgoing: 32 
	datadep: 
	instructions:
		 0: COPY TYPE_StringLiteral "" def_%cl_6_38 
		 1: 
BB 31
	outgoing: 32 
	datadep: 
	instructions:
		 0: COPY TYPE_StringLiteral "filedrop" def_%cl_6_39 
		 1: COPY TYPE_PASS def_%cl_6_38 %cl_6_39[31.0,] 
BB 32
	outgoing: 33 34 41 
	datadep: 
	instructions:
		 0: COPY TYPE_PASS def_css_class %cl_6_38[31.1,30.0,] 
		 1: Line Number 141
		 2: saved_attachments->present? def_%cl_6_40 saved_attachments[12.1,] 	 SYMBOL:	 ARGS:
		 3: BRANCH %cl_6_40[32.2,] 
BB 33
	outgoing: 35 41 
	datadep: 
	instructions:
		 0: Line Number 142
		 1: saved_attachments->each_with_index def_%cl_6_41 saved_attachments[12.1,] %self[2.0,] 	 SYMBOL:	 ARGS:saved_attachments,
CLOSURE BEGIN: attachment_param[7.1,] i[] attachment[] %self[2.0,] description[27.0,] 
BB 1
	outgoing: 12 2 
	datadep: 
	instructions:
BB 2
	outgoing: 3 
	datadep: 
	instructions:
		 0: def_%self 
		 1: def_%cl_7_0 
		 2: RECEIVEARG def_attachment 
		 3: RECEIVEARG def_i 
		 4: COPY TYPE_CurrentScope def_%current_scope 
		 5: COPY TYPE_ScopeModule def_%current_module 
BB 3
	outgoing: 4 5 10 
	datadep: 
	instructions:
		 0: Line Number 143
		 1: Line Number 144
		 2: COPY TYPE_StringLiteral "[p" def_%cl_7_3 
		 3: COPY TYPE_StringLiteral "][filename]" def_%cl_7_4 
		 4: BUILDSTRING def_%cl_7_5 attachment_param[] %cl_7_3[3.2,] i[2.3,] %cl_7_4[3.3,] 
		 5: attachment->filename def_%cl_7_6 attachment[2.2,] 	 SYMBOL:	 ARGS:
		 6: COPY TYPE_StringLiteral "filename" def_%cl_7_7 
		 7: HASH-class- def_%cl_7_8 %cl_7_7[3.6,] 
		 8: %self->text_field_tag def_%cl_7_9 %self[2.0,] %cl_7_5[3.4,] %cl_7_6[3.5,] %cl_7_8[3.7,] 	 SYMBOL:	 ARGS:%cl_7_5,%cl_7_6,%cl_7_8,
		 9: Line Number 145
		 10: attachment->container_id def_%cl_7_10 attachment[3.5,2.2,] 	 SYMBOL:	 ARGS:
		 11: %cl_7_10->present? def_%cl_7_11 %cl_7_10[3.10,] 	 SYMBOL:	 ARGS:
		 12: BRANCH %cl_7_11[3.11,] 
BB 4
	outgoing: 9 10 
	datadep: 
	instructions:
		 0: Line Number 146
		 1: %self->l def_%cl_7_12 %self[2.0,] 	 SYMBOL:label_delete,	 ARGS:Symbol,
		 2: COPY TYPE_StringLiteral "#" def_%cl_7_13 
		 3: COPY TYPE_StringLiteral "$(this).closest('.attachments_form').find('.add_attachment').show(); $(this).parent().remove(); return false;" def_%cl_7_14 
		 4: COPY TYPE_StringLiteral "icon-only icon-del" def_%cl_7_15 
		 5: HASH-onclick-class- def_%cl_7_16 %cl_7_14[4.3,] %cl_7_15[4.4,] 
		 6: %self->link_to def_%cl_7_17 %self[4.1,2.0,] %cl_7_12[4.1,] %cl_7_13[4.2,] %cl_7_16[4.5,] 	 SYMBOL:	 ARGS:%cl_7_12,%cl_7_13,%cl_7_16,
		 7: Line Number 147
		 8: COPY TYPE_StringLiteral "[p" def_%cl_7_18 
		 9: COPY TYPE_StringLiteral "][id]" def_%cl_7_19 
		 10: BUILDSTRING def_%cl_7_20 attachment_param[] %cl_7_18[4.8,] i[2.3,] %cl_7_19[4.9,] 
		 11: attachment->id def_%cl_7_21 attachment[2.2,] 	 SYMBOL:	 ARGS:
		 12: %self->hidden_field_tag def_%cl_7_22 %self[4.1,4.6,2.0,] %cl_7_20[4.10,] %cl_7_21[4.11,] 	 SYMBOL:	 ARGS:%cl_7_20,%cl_7_21,
		 13: 
BB 5
	outgoing: 6 7 
	datadep: 
	instructions:
		 0: Line Number 149
		 1: BRANCH description[] 
BB 6
	outgoing: 8 10 
	datadep: 
	instructions:
		 0: COPY TYPE_StringLiteral "[p" def_%cl_7_23 
		 1: COPY TYPE_StringLiteral "][description]" def_%cl_7_24 
		 2: BUILDSTRING def_%cl_7_25 attachment_param[] %cl_7_23[6.0,] i[2.3,] %cl_7_24[6.1,] 
		 3: attachment->description def_%cl_7_26 attachment[2.2,] 	 SYMBOL:	 ARGS:
		 4: %self->l def_%cl_7_27 %self[2.0,] 	 SYMBOL:label_optional_description,	 ARGS:Symbol,
		 5: COPY TYPE_StringLiteral "description" def_%cl_7_28 
		 6: HASH-maxlength-placeholder-class- def_%cl_7_29 %cl_7_27[6.4,] %cl_7_28[6.5,] 
		 7: %self->text_field_tag def_%cl_7_30 %self[6.4,2.0,] %cl_7_25[6.2,] %cl_7_26[6.3,] %cl_7_29[6.6,] 	 SYMBOL:	 ARGS:%cl_7_25,%cl_7_26,%cl_7_29,
		 8: 
BB 7
	outgoing: 8 
	datadep: 
	instructions:
		 0: COPY TYPE_Nil def_%cl_7_30 
BB 8
	outgoing: 10 12 
	datadep: 
	instructions:
		 0: Line Number 150
		 1: COPY TYPE_StringLiteral "&nbsp;" def_%cl_7_31 
		 2: %cl_7_31->html_safe def_%cl_7_32 %cl_7_31[8.1,] 	 SYMBOL:	 ARGS:
		 3: COPY TYPE_StringLiteral "p" def_%cl_7_33 
		 4: BUILDSTRING def_%cl_7_34 %cl_7_33[8.3,] i[2.3,] 
		 5: COPY TYPE_StringLiteral "js" def_%cl_7_35 
		 6: HASH-attachment_id-format- def_%cl_7_36 %cl_7_34[8.4,] %cl_7_35[8.5,] 
		 7: %self->attachment_path def_%cl_7_37 %self[2.0,] attachment[2.2,] %cl_7_36[8.6,] 	 SYMBOL:	 ARGS:attachment,%cl_7_36,
		 8: COPY TYPE_StringLiteral "delete" def_%cl_7_38 
		 9: COPY TYPE_StringLiteral "icon-only icon-del remove-upload" def_%cl_7_39 
		 10: HASH-method-remote-class- def_%cl_7_40 %cl_7_38[8.8,] %cl_7_39[8.9,] 
		 11: %self->link_to def_%cl_7_41 %self[8.7,2.0,] %cl_7_32[8.2,] %cl_7_37[8.7,] %cl_7_40[8.10,] 	 SYMBOL:	 ARGS:%cl_7_32,%cl_7_37,%cl_7_40,
		 12: Line Number 151
		 13: COPY TYPE_StringLiteral "[p" def_%cl_7_42 
		 14: COPY TYPE_StringLiteral "][token]" def_%cl_7_43 
		 15: BUILDSTRING def_%cl_7_44 attachment_param[] %cl_7_42[8.13,] i[2.3,] %cl_7_43[8.14,] 
		 16: attachment->token def_%cl_7_45 attachment[2.2,] 	 SYMBOL:	 ARGS:
		 17: %self->hidden_field_tag def_%cl_7_46 %self[8.7,8.11,2.0,] %cl_7_44[8.15,] %cl_7_45[8.16,] 	 SYMBOL:	 ARGS:%cl_7_44,%cl_7_45,
		 18: RETURN %cl_7_46[8.17,] %self[8.7,8.11,8.17,2.0,] 
BB 9
	outgoing: 12 
	datadep: 
	instructions:
		 0: RETURN %cl_7_22[4.12,] %self[2.0,] 
BB 10
	outgoing: 12 
	datadep: 
	instructions:
		 0: def_%cl_7_47 
		 1: def_%cl_7_48 %cl_7_47[10.0,] 
		 2: RETURN %cl_7_48[10.1,] %self[2.0,] 
BB 12
	outgoing: 
	datadep: 
	instructions:
CLOSURE END: i[2.3,] 
		 2: 
BB 34
	outgoing: 35 
	datadep: 
	instructions:
		 0: COPY TYPE_Nil def_%cl_6_41 
BB 35
	outgoing: 36 37 
	datadep: 
	instructions:
		 0: Line Number 155
		 1: BRANCH show_add[22.0,] 
BB 36
	outgoing: 38 
	datadep: 
	instructions:
		 0: COPY TYPE_Nil def_%cl_6_42 
		 1: 
BB 37
	outgoing: 38 
	datadep: 
	instructions:
		 0: COPY TYPE_StringLiteral "display:none;" def_%cl_6_43 
		 1: COPY TYPE_PASS def_%cl_6_42 %cl_6_43[37.0,] 
BB 38
	outgoing: 39 40 41 
	datadep: 
	instructions:
		 0: Line Number 156
		 1: COPY TYPE_StringLiteral "[dummy][file]" def_%cl_6_44 
		 2: BUILDSTRING def_%cl_6_45 attachment_param[7.1,] %cl_6_44[38.1,] 
		 3: COPY TYPE_StringLiteral "file_selector " def_%cl_6_46 
		 4: Line Number 158
		 5: BUILDSTRING def_%cl_6_47 %cl_6_46[38.3,] css_class[32.0,] 
		 6: COPY TYPE_StringLiteral "addInputFiles(this);" def_%cl_6_48 
		 7: (Setting) def_%cl_6_49 
		 8: %cl_6_49->attachment_max_size def_%cl_6_50 %cl_6_49[38.7,] 	 SYMBOL:	 ARGS:
		 9: %cl_6_50->to_i def_%cl_6_51 %cl_6_50[38.8,] 	 SYMBOL:	 ARGS:
		 10: %cl_6_51->kilobytes def_%cl_6_52 %cl_6_51[38.9,] 	 SYMBOL:	 ARGS:
		 11: (Setting) def_%cl_6_53 
		 12: %cl_6_53->attachment_max_size def_%cl_6_54 %cl_6_53[38.11,] 	 SYMBOL:	 ARGS:
		 13: %cl_6_54->to_i def_%cl_6_55 %cl_6_54[38.12,] 	 SYMBOL:	 ARGS:
		 14: %cl_6_55->kilobytes def_%cl_6_56 %cl_6_55[38.13,] 	 SYMBOL:	 ARGS:
		 15: %self->number_to_human_size def_%cl_6_57 %self[2.0,] %cl_6_56[38.14,] 	 SYMBOL:	 ARGS:%cl_6_56,
		 16: HASH-max_size- def_%cl_6_58 %cl_6_57[38.15,] 
		 17: %self->l def_%cl_6_59 %self[38.15,2.0,] %cl_6_58[38.16,] 	 SYMBOL:error_attachment_too_big,	 ARGS:Symbol,%cl_6_58,
		 18: (Redmine) def_%cl_6_60 
		 19: (inherit Configuration) def_%cl_6_61 %cl_6_60[38.18,] 
		 20: %cl_6_61[38.19,] 
BB 39
	outgoing: 40 41 
	datadep: 
	instructions:
		 0: %cl_6_60->const_missing def_%cl_6_61 %cl_6_60[38.18,] 	 SYMBOL:Configuration,	 ARGS:Symbol,
BB 40
	outgoing: 41 43 
	datadep: 
	instructions:
		 0: COPY TYPE_StringLiteral "max_concurrent_ajax_uploads" def_%cl_6_62 
		 1: %cl_6_61->[] def_%cl_6_63 %cl_6_61[39.0,38.19,] %cl_6_62[40.0,] 	 SYMBOL:	 ARGS:%cl_6_62,
		 2: %cl_6_63->to_i def_%cl_6_64 %cl_6_63[40.1,] 	 SYMBOL:	 ARGS:
		 3: COPY TYPE_StringLiteral "js" def_%cl_6_65 
		 4: HASH-format- def_%cl_6_66 %cl_6_65[40.3,] 
		 5: %self->uploads_path def_%cl_6_67 %self[2.0,] %cl_6_66[40.4,] 	 SYMBOL:	 ARGS:%cl_6_66,
		 6: %self->l def_%cl_6_68 %self[40.5,2.0,] 	 SYMBOL:label_optional_description,	 ARGS:Symbol,
		 7: HASH-max_file_size-max_file_size_message-max_concurrent_uploads-upload_path-param-description-description_placeholder- def_%cl_6_69 %cl_6_52[38.10,] %cl_6_59[38.17,] %cl_6_64[40.2,] %cl_6_67[40.5,] attachment_param[7.1,] description[27.0,] %cl_6_68[40.6,] 
		 8: HASH-id-class-multiple-onchange-data- def_%cl_6_70 %cl_6_47[38.5,] multiple[19.0,] %cl_6_48[38.6,] %cl_6_69[40.7,] 
		 9: %self->file_field_tag def_%cl_6_71 %self[40.5,40.6,2.0,] %cl_6_45[38.2,] %cl_6_70[40.8,] 	 SYMBOL:	 ARGS:%cl_6_45,%cl_6_70,
		 10: Line Number 170
		 11: %self->l def_%cl_6_72 %self[40.5,40.6,40.9,2.0,] 	 SYMBOL:label_max_size,	 ARGS:Symbol,
		 12: Line Number 171
		 13: (Setting) def_%cl_6_73 
		 14: %cl_6_73->attachment_max_size def_%cl_6_74 %cl_6_73[40.13,] 	 SYMBOL:	 ARGS:
		 15: %cl_6_74->to_i def_%cl_6_75 %cl_6_74[40.14,] 	 SYMBOL:	 ARGS:
		 16: %cl_6_75->kilobytes def_%cl_6_76 %cl_6_75[40.15,] 	 SYMBOL:	 ARGS:
		 17: %self->number_to_human_size def_%cl_6_77 %self[40.5,40.6,40.9,40.11,2.0,] %cl_6_76[40.16,] 	 SYMBOL:	 ARGS:%cl_6_76,
		 18: Line Number 172
		 19: %self->content_for def_%cl_6_78 %self[40.5,40.6,40.9,40.11,40.17,2.0,] %self[40.5,40.6,40.9,40.11,40.17,2.0,] 	 SYMBOL:header_tags,	 ARGS:Symbol,%self,
CLOSURE BEGIN: %self[40.5,40.6,40.9,40.11,40.17,2.0,] 
BB 1
	outgoing: 6 2 
	datadep: 
	instructions:
BB 2
	outgoing: 3 
	datadep: 
	instructions:
		 0: def_%self 
		 1: def_%cl_8_0 
		 2: COPY TYPE_CurrentScope def_%current_scope 
		 3: COPY TYPE_ScopeModule def_%current_module 
BB 3
	outgoing: 4 6 
	datadep: 
	instructions:
		 0: Line Number 173
		 1: COPY TYPE_StringLiteral "attachments" def_%cl_8_3 
		 2: %self->javascript_include_tag def_%cl_8_4 %self[2.0,] %cl_8_3[3.1,] 	 SYMBOL:	 ARGS:%cl_8_3,
		 3: RETURN %cl_8_4[3.2,] %self[3.2,2.0,] 
BB 4
	outgoing: 6 
	datadep: 
	instructions:
		 0: def_%cl_8_5 
		 1: def_%cl_8_6 %cl_8_5[4.0,] 
		 2: RETURN %cl_8_6[4.1,] %self[2.0,] 
BB 6
	outgoing: 
	datadep: 
	instructions:
CLOSURE END: 
		 20: Line Number 175
		 21: %self->l def_%cl_6_79 %self[40.5,40.6,40.9,40.11,40.17,40.19,2.0,] 	 SYMBOL:button_add,	 ARGS:Symbol,
		 22: %self->submit_tag def_%cl_6_80 %self[40.5,40.6,40.9,40.11,40.17,40.19,40.21,2.0,] %cl_6_79[40.21,] 	 SYMBOL:	 ARGS:%cl_6_79,
		 23: RETURN %cl_6_80[40.22,] %self[40.5,40.6,40.9,40.11,40.17,40.19,40.21,40.22,2.0,] 
BB 41
	outgoing: 43 
	datadep: 
	instructions:
		 0: def_%cl_6_81 
		 1: def_%cl_6_82 %cl_6_81[41.0,] 
		 2: RETURN %cl_6_82[41.1,] %self[2.0,] 
BB 43
	outgoing: 
	datadep: 
	instructions:
CLOSURE END: css_class[32.0,] multiple[19.0,] description[27.0,] show_add[22.0,] saved_attachments[12.1,] 
		 13: Line Number 177
		 14: format->api def_%cl_4_12 format[3.1,2.2,] %self[3.3,3.6,3.9,3.12,2.0,] 	 SYMBOL:	 ARGS:format,
CLOSURE BEGIN: %self[3.3,3.6,3.9,3.12,2.0,] 
BB 1
	outgoing: 6 2 
	datadep: 
	instructions:
BB 2
	outgoing: 3 
	datadep: 
	instructions:
		 0: def_%self 
		 1: def_%cl_9_0 
		 2: COPY TYPE_CurrentScope def_%current_scope 
		 3: COPY TYPE_ScopeModule def_%current_module 
BB 3
	outgoing: 4 6 
	datadep: 
	instructions:
		 0: Line Number 177
		 1: HASH-status- def_%cl_9_3 
		 2: %self->render def_%cl_9_4 %self[2.0,] %cl_9_3[3.1,] 	 SYMBOL:	 ARGS:%cl_9_3,
		 3: RETURN %cl_9_4[3.2,] %self[3.2,2.0,] 
BB 4
	outgoing: 6 
	datadep: 
	instructions:
		 0: def_%cl_9_5 
		 1: def_%cl_9_6 %cl_9_5[4.0,] 
		 2: RETURN %cl_9_6[4.1,] %self[2.0,] 
BB 6
	outgoing: 
	datadep: 
	instructions:
CLOSURE END: 
		 15: RETURN %cl_4_12[3.14,] %self[3.3,3.6,3.9,3.12,2.0,] 
BB 4
	outgoing: 6 
	datadep: 
	instructions:
		 0: def_%cl_4_13 
		 1: def_%cl_4_14 %cl_4_13[4.0,] 
		 2: RETURN %cl_4_14[4.1,] %self[2.0,] 
BB 6
	outgoing: 
	datadep: 
	instructions:
CLOSURE END: 
		 2: RETURN %v_37[20.1,] %self[20.1,2.0,] 
BB 22
	outgoing: 
	datadep: 
	instructions:

