SET IRMethod, name = show instanceMethod = true
BB 1
	outgoing: 13 2 
	datadep: 
	instructions:
BB 2
	outgoing: 3 4 
	datadep: 
	instructions:
		 0: def_%self 
		 1: def_%v_0 
		 2: COPY TYPE_CurrentScope def_%current_scope 
		 3: COPY TYPE_ScopeModule def_%current_module 
		 4: 
		 5: Line Number 11
		 6: (Redmine) def_%v_3 
		 7: (inherit Helpers) def_%v_4 %v_3[2.6,] 
		 8: %v_4[2.7,] 
BB 3
	outgoing: 4 
	datadep: 
	instructions:
		 0: %v_3->const_missing def_%v_4 %v_3[2.6,] 	 SYMBOL:Helpers,	 ARGS:Symbol,
BB 4
	outgoing: 5 6 
	datadep: 
	instructions:
		 0: (inherit Gantt) def_%v_5 %v_4[3.0,2.7,] 
		 1: %v_5[4.0,] 
BB 5
	outgoing: 6 
	datadep: 
	instructions:
		 0: %v_4->const_missing def_%v_5 %v_4[3.0,2.7,] 	 SYMBOL:Gantt,	 ARGS:Symbol,
BB 6
	outgoing: 7 8 
	datadep: 
	instructions:
		 0: %self->params def_%v_6 %self[2.0,] 	 SYMBOL:	 ARGS:
		 1: %v_5->new def_%v_7 %v_5[5.0,4.0,] %v_6[6.0,] 	 SYMBOL:	 ARGS:%v_6,
		 2: ATTRASSIGN %self->gantt %v_7[6.1,] 
		 3: Line Number 12
		 4: GETFIELD %self->gantt def_%v_8 %self[6.0,6.2,2.0,] 
		 5: GETFIELD %self->project def_%v_9 %self[6.0,2.0,] 
		 6: ATTRASSIGN %v_8->project %v_9[6.5,] 
		 7: Line Number 13
		 8: %self->retrieve_query def_%v_10 %self[6.0,6.2,2.0,] 	 SYMBOL:	 ARGS:
		 9: Line Number 14
		 10: GETFIELD %self->query def_%v_11 %self[6.0,6.8,2.0,] 
		 11: ATTRASSIGN %v_11->group_by 
		 12: Line Number 15
		 13: GETFIELD %self->query def_%v_12 %self[6.0,6.8,2.0,] 
		 14: %v_12->valid? def_%v_13 %v_12[6.13,] 	 SYMBOL:	 ARGS:
		 15: BRANCH %v_13[6.14,] 
BB 7
	outgoing: 9 
	datadep: 
	instructions:
		 0: GETFIELD %self->gantt def_%v_14 %self[6.2,2.0,] 
		 1: GETFIELD %self->query def_%v_15 %self[2.0,] 
		 2: ATTRASSIGN %v_14->query %v_15[7.1,] 
		 3: 
BB 8
	outgoing: 9 
	datadep: 
	instructions:
		 0: COPY TYPE_Nil def_%v_15 
BB 9
	outgoing: 10 11 
	datadep: 
	instructions:
		 0: Line Number 16
		 1: GETFIELD %self->project def_%v_16 %self[2.0,] 
		 2: BRANCH %v_16[9.1,] 
BB 10
	outgoing: 12 
	datadep: 
	instructions:
		 0: GETFIELD %self->project def_%v_17 %self[2.0,] 
		 1: %v_17->identifier def_%v_18 %v_17[10.0,] 	 SYMBOL:	 ARGS:
		 2: COPY TYPE_StringLiteral "-" def_%v_19 
		 3: BUILDSTRING def_%v_20 %v_18[10.1,] %v_19[10.2,] 
		 4: 
BB 11
	outgoing: 12 
	datadep: 
	instructions:
		 0: COPY TYPE_StringLiteral "" def_%v_21 
		 1: COPY TYPE_PASS def_%v_20 %v_21[11.0,] 
BB 12
	outgoing: 13 
	datadep: 
	instructions:
		 0: COPY TYPE_StringLiteral "gantt" def_%v_22 
		 1: %v_20->+ def_%v_23 %v_20[11.1,10.3,] %v_22[12.0,] 	 SYMBOL:	 ARGS:%v_22,
		 2: COPY TYPE_PASS def_basename %v_23[12.1,] 
		 3: Line Number 17
		 4: %self->respond_to def_%v_24 %self[6.2,2.0,] %self[6.2,2.0,] 	 SYMBOL:	 ARGS:%self,
CLOSURE BEGIN: format[] %self[6.2,2.0,] rel[] color[] zoom[] header_height[] headers_height[] g_width[] subject_width[] t_height[] style[] show_weeks[] g_height[] month_f[] left[] width[] height[] show_days[] width[] week_f[] show_day_num[] wday[] clss[] day_num[] top[] today_left[] f[] basename[12.2,] 
BB 1
	outgoing: 66 2 
	datadep: 
	instructions:
BB 2
	outgoing: 3 
	datadep: 
	instructions:
		 0: def_%self 
		 1: def_%cl_1_0 
		 2: RECEIVEARG def_format 
		 3: COPY TYPE_CurrentScope def_%current_scope 
		 4: COPY TYPE_ScopeModule def_%current_module 
BB 3
	outgoing: 4 5 64 
	datadep: 
	instructions:
		 0: Line Number 18
		 1: format->html def_%cl_1_3 format[2.2,] %self[2.0,] 	 SYMBOL:	 ARGS:format,
CLOSURE BEGIN: %self[2.0,] 
BB 1
	outgoing: 6 2 
	datadep: 
	instructions:
BB 2
	outgoing: 3 
	datadep: 
	instructions:
		 0: def_%self 
		 1: def_%cl_2_0 
		 2: COPY TYPE_CurrentScope def_%current_scope 
		 3: COPY TYPE_ScopeModule def_%current_module 
BB 3
	outgoing: 4 6 
	datadep: 
	instructions:
		 0: Line Number 18
		 1: COPY TYPE_StringLiteral "show" def_%cl_2_3 
		 2: %self->request def_%cl_2_4 %self[2.0,] 	 SYMBOL:	 ARGS:
		 3: %cl_2_4->xhr? def_%cl_2_5 %cl_2_4[3.2,] 	 SYMBOL:	 ARGS:
		 4: %cl_2_5->! def_%cl_2_6 %cl_2_5[3.3,] 	 SYMBOL:	 ARGS:
		 5: HASH-action-layout- def_%cl_2_7 %cl_2_3[3.1,] %cl_2_6[3.4,] 
		 6: %self->render def_%cl_2_8 %self[3.2,2.0,] %cl_2_7[3.5,] 	 SYMBOL:	 ARGS:%cl_2_7,
		 7: RETURN %cl_2_8[3.6,] %self[3.2,3.6,2.0,] 
BB 4
	outgoing: 6 
	datadep: 
	instructions:
		 0: def_%cl_2_9 
		 1: def_%cl_2_10 %cl_2_9[4.0,] 
		 2: RETURN %cl_2_10[4.1,] %self[2.0,] 
BB 6
	outgoing: 
	datadep: 
	instructions:
CLOSURE END: 
		 2: Line Number 19
		 3: GETFIELD %self->gantt def_%cl_1_4 %self[2.0,] 
		 4: ATTRASSIGN %cl_1_4->view %self[2.0,] 
		 5: Line Number 20
		 6: GETFIELD %self->query def_%cl_1_5 %self[2.0,] 
		 7: %cl_1_5->new_record? def_%cl_1_6 %cl_1_5[3.6,] 	 SYMBOL:	 ARGS:
		 8: %cl_1_6->! def_%cl_1_7 %cl_1_6[3.7,] 	 SYMBOL:	 ARGS:
		 9: BRANCH %cl_1_7[3.8,] 
BB 4
	outgoing: 5 64 
	datadep: 
	instructions:
		 0: GETFIELD %self->query def_%cl_1_8 %self[2.0,] 
		 1: (User) def_%cl_1_9 
		 2: %cl_1_9->current def_%cl_1_10 %cl_1_9[4.1,] 	 SYMBOL:	 ARGS:
		 3: %cl_1_8->editable_by? def_%cl_1_11 %cl_1_8[4.0,] %cl_1_10[4.2,] 	 SYMBOL:	 ARGS:%cl_1_10,
		 4: COPY TYPE_PASS def_%cl_1_7 %cl_1_11[4.3,] 
BB 5
	outgoing: 6 7 
	datadep: 
	instructions:
		 0: BRANCH %cl_1_7[4.4,3.8,] 
BB 6
	outgoing: 8 64 
	datadep: 
	instructions:
		 0: Line Number 21
		 1: %self->l def_%cl_1_12 %self[2.0,] 	 SYMBOL:button_edit,	 ARGS:Symbol,
		 2: GETFIELD %self->query def_%cl_1_13 %self[6.1,2.0,] 
		 3: HASH-gantt- def_%cl_1_14 
		 4: %self->edit_query_path def_%cl_1_15 %self[6.1,2.0,] %cl_1_13[6.2,] %cl_1_14[6.3,] 	 SYMBOL:	 ARGS:%cl_1_13,%cl_1_14,
		 5: COPY TYPE_StringLiteral "icon icon-edit" def_%cl_1_16 
		 6: HASH-class- def_%cl_1_17 %cl_1_16[6.5,] 
		 7: %self->link_to def_%cl_1_18 %self[6.1,6.4,2.0,] %cl_1_12[6.1,] %cl_1_15[6.4,] %cl_1_17[6.6,] 	 SYMBOL:	 ARGS:%cl_1_12,%cl_1_15,%cl_1_17,
		 8: Line Number 22
		 9: GETFIELD %self->query def_%cl_1_19 %self[6.1,6.4,6.7,2.0,] 
		 10: HASH-gantt- def_%cl_1_20 
		 11: %self->query_path def_%cl_1_21 %self[6.1,6.4,6.7,2.0,] %cl_1_19[6.9,] %cl_1_20[6.10,] 	 SYMBOL:	 ARGS:%cl_1_19,%cl_1_20,
		 12: %self->delete_link def_%cl_1_22 %self[6.1,6.4,6.7,6.11,2.0,] %cl_1_21[6.11,] 	 SYMBOL:	 ARGS:%cl_1_21,
		 13: 
BB 7
	outgoing: 8 
	datadep: 
	instructions:
		 0: COPY TYPE_Nil def_%cl_1_22 
BB 8
	outgoing: 9 10 64 
	datadep: 
	instructions:
		 0: Line Number 24
		 1: GETFIELD %self->query def_%cl_1_23 %self[2.0,] 
		 2: %cl_1_23->new_record? def_%cl_1_24 %cl_1_23[8.1,] 	 SYMBOL:	 ARGS:
		 3: BRANCH %cl_1_24[8.2,] 
BB 9
	outgoing: 11 64 
	datadep: 
	instructions:
		 0: %self->l def_%cl_1_25 %self[2.0,] 	 SYMBOL:label_gantt,	 ARGS:Symbol,
		 1: 
BB 10
	outgoing: 11 64 
	datadep: 
	instructions:
		 0: GETFIELD %self->query def_%cl_1_26 %self[2.0,] 
		 1: %cl_1_26->name def_%cl_1_27 %cl_1_26[10.0,] 	 SYMBOL:	 ARGS:
		 2: COPY TYPE_PASS def_%cl_1_25 %cl_1_27[10.1,] 
BB 11
	outgoing: 12 59 64 
	datadep: 
	instructions:
		 0: Line Number 25
		 1: COPY TYPE_StringLiteral "gantts" def_%cl_1_28 
		 2: COPY TYPE_StringLiteral "show" def_%cl_1_29 
		 3: GETFIELD %self->project def_%cl_1_30 %self[2.0,] 
		 4: %self->params def_%cl_1_31 %self[2.0,] 	 SYMBOL:	 ARGS:
		 5: %cl_1_31->[] def_%cl_1_32 %cl_1_31[11.4,] 	 SYMBOL:month,	 ARGS:Symbol,
		 6: %self->params def_%cl_1_33 %self[11.4,2.0,] 	 SYMBOL:	 ARGS:
		 7: %cl_1_33->[] def_%cl_1_34 %cl_1_33[11.6,] 	 SYMBOL:year,	 ARGS:Symbol,
		 8: %self->params def_%cl_1_35 %self[11.4,11.6,2.0,] 	 SYMBOL:	 ARGS:
		 9: %cl_1_35->[] def_%cl_1_36 %cl_1_35[11.8,] 	 SYMBOL:months,	 ARGS:Symbol,
		 10: HASH-controller-action-project_id-month-year-months- def_%cl_1_37 %cl_1_28[11.1,] %cl_1_29[11.2,] %cl_1_30[11.3,] %cl_1_32[11.5,] %cl_1_34[11.7,] %cl_1_36[11.9,] 
		 11: COPY TYPE_StringLiteral "query_form" def_%cl_1_38 
		 12: HASH-method-id- def_%cl_1_39 %cl_1_38[11.11,] 
		 13: %self->form_tag def_%cl_1_40 %self[11.4,11.6,11.8,2.0,] %cl_1_37[11.10,] %cl_1_39[11.12,] %self[11.4,11.6,11.8,2.0,] 	 SYMBOL:	 ARGS:%cl_1_37,%cl_1_39,%self,
CLOSURE BEGIN: %self[11.4,11.6,11.8,2.0,] rel[] color[] 
BB 1
	outgoing: 24 2 
	datadep: 
	instructions:
BB 2
	outgoing: 3 
	datadep: 
	instructions:
		 0: def_%self 
		 1: def_%cl_3_0 
		 2: COPY TYPE_CurrentScope def_%current_scope 
		 3: COPY TYPE_ScopeModule def_%current_module 
BB 3
	outgoing: 4 5 22 
	datadep: 
	instructions:
		 0: Line Number 29
		 1: COPY TYPE_StringLiteral "set_filter" def_%cl_3_3 
		 2: COPY TYPE_StringLiteral "1" def_%cl_3_4 
		 3: %self->hidden_field_tag def_%cl_3_5 %self[2.0,] %cl_3_3[3.1,] %cl_3_4[3.2,] 	 SYMBOL:	 ARGS:%cl_3_3,%cl_3_4,
		 4: Line Number 30
		 5: COPY TYPE_StringLiteral "gantt" def_%cl_3_6 
		 6: COPY TYPE_StringLiteral "1" def_%cl_3_7 
		 7: %self->hidden_field_tag def_%cl_3_8 %self[3.3,2.0,] %cl_3_6[3.5,] %cl_3_7[3.6,] 	 SYMBOL:	 ARGS:%cl_3_6,%cl_3_7,
		 8: Line Number 31
		 9: GETFIELD %self->query def_%cl_3_9 %self[3.3,3.7,2.0,] 
		 10: %cl_3_9->new_record? def_%cl_3_10 %cl_3_9[3.9,] 	 SYMBOL:	 ARGS:
		 11: BRANCH %cl_3_10[3.10,] 
BB 4
	outgoing: 6 
	datadep: 
	instructions:
		 0: COPY TYPE_StringLiteral "" def_%cl_3_11 
		 1: 
BB 5
	outgoing: 6 
	datadep: 
	instructions:
		 0: COPY TYPE_StringLiteral "collapsed" def_%cl_3_12 
		 1: COPY TYPE_PASS def_%cl_3_11 %cl_3_12[5.0,] 
BB 6
	outgoing: 7 8 22 
	datadep: 
	instructions:
		 0: Line Number 32
		 1: %self->l def_%cl_3_13 %self[2.0,] 	 SYMBOL:label_filter_plural,	 ARGS:Symbol,
		 2: Line Number 33
		 3: GETFIELD %self->query def_%cl_3_14 %self[6.1,2.0,] 
		 4: %cl_3_14->new_record? def_%cl_3_15 %cl_3_14[6.3,] 	 SYMBOL:	 ARGS:
		 5: BRANCH %cl_3_15[6.4,] 
BB 7
	outgoing: 9 
	datadep: 
	instructions:
		 0: COPY TYPE_StringLiteral "" def_%cl_3_16 
		 1: 
BB 8
	outgoing: 9 
	datadep: 
	instructions:
		 0: COPY TYPE_StringLiteral "display: none;" def_%cl_3_17 
		 1: COPY TYPE_PASS def_%cl_3_16 %cl_3_17[8.0,] 
BB 9
	outgoing: 10 11 22 
	datadep: 
	instructions:
		 0: Line Number 34
		 1: COPY TYPE_StringLiteral "queries/filters" def_%cl_3_18 
		 2: GETFIELD %self->query def_%cl_3_19 %self[2.0,] 
		 3: HASH-query- def_%cl_3_20 %cl_3_19[9.2,] 
		 4: HASH-partial-locals- def_%cl_3_21 %cl_3_18[9.1,] %cl_3_20[9.3,] 
		 5: %self->render def_%cl_3_22 %self[2.0,] %cl_3_21[9.4,] 	 SYMBOL:	 ARGS:%cl_3_21,
		 6: Line Number 35
		 7: %self->l def_%cl_3_23 %self[9.5,2.0,] 	 SYMBOL:label_options,	 ARGS:Symbol,
		 8: Line Number 36
		 9: %self->l def_%cl_3_24 %self[9.5,9.7,2.0,] 	 SYMBOL:label_related_issues,	 ARGS:Symbol,
		 10: Line Number 37
		 11: COPY TYPE_StringLiteral "query" def_%cl_3_25 
		 12: COPY TYPE_StringLiteral "draw_relations" def_%cl_3_26 
		 13: COPY TYPE_StringLiteral "draw_relations" def_%cl_3_27 
		 14: HASH-id- def_%cl_3_28 %cl_3_27[9.13,] 
		 15: %self->check_box def_%cl_3_29 %self[9.5,9.7,9.9,2.0,] %cl_3_25[9.11,] %cl_3_26[9.12,] %cl_3_28[9.14,] 	 SYMBOL:	 ARGS:%cl_3_25,%cl_3_26,%cl_3_28,
		 16: Line Number 38
		 17: (IssueRelation) def_%cl_3_30 
		 18: (inherit TYPE_BLOCKS) def_%cl_3_31 %cl_3_30[9.17,] 
		 19: %cl_3_31[9.18,] 
BB 10
	outgoing: 11 22 
	datadep: 
	instructions:
		 0: %cl_3_30->const_missing def_%cl_3_31 %cl_3_30[9.17,] 	 SYMBOL:TYPE_BLOCKS,	 ARGS:Symbol,
BB 11
	outgoing: 12 13 22 
	datadep: 
	instructions:
		 0: (IssueRelation) def_%cl_3_32 
		 1: (inherit TYPE_PRECEDES) def_%cl_3_33 %cl_3_32[11.0,] 
		 2: %cl_3_33[11.1,] 
BB 12
	outgoing: 13 22 
	datadep: 
	instructions:
		 0: %cl_3_32->const_missing def_%cl_3_33 %cl_3_32[11.0,] 	 SYMBOL:TYPE_PRECEDES,	 ARGS:Symbol,
BB 13
	outgoing: 14 15 22 
	datadep: 
	instructions:
		 0: COPY TYPE_Array def_%cl_3_34 %cl_3_31[10.0,9.18,] %cl_3_33[12.0,11.1,] 
		 1: COPY TYPE_PASS def_rels %cl_3_34[13.0,] 
		 2: Line Number 39
		 3: %cl_3_34->each def_%cl_3_35 %cl_3_34[13.0,] %self[2.0,] 	 SYMBOL:	 ARGS:%cl_3_34,
CLOSURE BEGIN: rel[] color[] %self[2.0,] 
BB 1
	outgoing: 14 2 
	datadep: 
	instructions:
BB 2
	outgoing: 3 
	datadep: 
	instructions:
		 0: def_%self 
		 1: def_%cl_4_0 
		 2: RECEIVEARG def_rel 
		 3: COPY TYPE_CurrentScope def_%current_scope 
		 4: COPY TYPE_ScopeModule def_%current_module 
BB 3
	outgoing: 4 5 12 
	datadep: 
	instructions:
		 0: Line Number 40
		 1: (Redmine) def_%cl_4_3 
		 2: (inherit Helpers) def_%cl_4_4 %cl_4_3[3.1,] 
		 3: %cl_4_4[3.2,] 
BB 4
	outgoing: 5 12 
	datadep: 
	instructions:
		 0: %cl_4_3->const_missing def_%cl_4_4 %cl_4_3[3.1,] 	 SYMBOL:Helpers,	 ARGS:Symbol,
BB 5
	outgoing: 6 7 12 
	datadep: 
	instructions:
		 0: (inherit Gantt) def_%cl_4_5 %cl_4_4[4.0,3.2,] 
		 1: %cl_4_5[5.0,] 
BB 6
	outgoing: 7 12 
	datadep: 
	instructions:
		 0: %cl_4_4->const_missing def_%cl_4_5 %cl_4_4[4.0,3.2,] 	 SYMBOL:Gantt,	 ARGS:Symbol,
BB 7
	outgoing: 8 9 12 
	datadep: 
	instructions:
		 0: (inherit DRAW_TYPES) def_%cl_4_6 %cl_4_5[6.0,5.0,] 
		 1: %cl_4_6[7.0,] 
BB 8
	outgoing: 9 12 
	datadep: 
	instructions:
		 0: %cl_4_5->const_missing def_%cl_4_6 %cl_4_5[6.0,5.0,] 	 SYMBOL:DRAW_TYPES,	 ARGS:Symbol,
BB 9
	outgoing: 10 11 12 
	datadep: 
	instructions:
		 0: %cl_4_6->[] def_%cl_4_7 %cl_4_6[8.0,7.0,] rel[2.2,] 	 SYMBOL:	 ARGS:rel,
		 1: %cl_4_7->[] def_%cl_4_8 %cl_4_7[9.0,] 	 SYMBOL:color,	 ARGS:Symbol,
		 2: COPY TYPE_PASS def_color %cl_4_8[9.1,] 
		 3: Line Number 41
		 4: COPY TYPE_StringLiteral "&nbsp;&nbsp;&nbsp;" def_%cl_4_9 
		 5: %cl_4_9->html_safe def_%cl_4_10 %cl_4_9[9.4,] 	 SYMBOL:	 ARGS:
		 6: COPY TYPE_StringLiteral "background-color: " def_%cl_4_11 
		 7: Line Number 42
		 8: BUILDSTRING def_%cl_4_12 %cl_4_11[9.6,] color[9.2,] 
		 9: HASH-style- def_%cl_4_13 %cl_4_12[9.8,] 
		 10: %self->content_tag def_%cl_4_14 %self[2.0,] %cl_4_10[9.5,] %cl_4_13[9.9,] 	 SYMBOL:span,	 ARGS:Symbol,%cl_4_10,%cl_4_13,
		 11: Line Number 43
		 12: (IssueRelation) def_%cl_4_15 
		 13: (inherit TYPES) def_%cl_4_16 %cl_4_15[9.12,] 
		 14: %cl_4_16[9.13,] 
BB 10
	outgoing: 11 12 
	datadep: 
	instructions:
		 0: %cl_4_15->const_missing def_%cl_4_16 %cl_4_15[9.12,] 	 SYMBOL:TYPES,	 ARGS:Symbol,
BB 11
	outgoing: 12 14 
	datadep: 
	instructions:
		 0: %cl_4_16->[] def_%cl_4_17 %cl_4_16[10.0,9.13,] rel[2.2,] 	 SYMBOL:	 ARGS:rel,
		 1: %cl_4_17->[] def_%cl_4_18 %cl_4_17[11.0,] 	 SYMBOL:name,	 ARGS:Symbol,
		 2: %self->l def_%cl_4_19 %self[2.0,] %cl_4_18[11.1,] 	 SYMBOL:	 ARGS:%cl_4_18,
		 3: RETURN %cl_4_19[11.2,] %self[11.2,2.0,] 
BB 12
	outgoing: 14 
	datadep: 
	instructions:
		 0: def_%cl_4_20 
		 1: def_%cl_4_21 %cl_4_20[12.0,] 
		 2: RETURN %cl_4_21[12.1,] %self[2.0,] 
BB 14
	outgoing: 
	datadep: 
	instructions:
CLOSURE END: color[9.2,] 
		 4: Line Number 45
		 5: %self->l def_%cl_3_36 %self[2.0,] 	 SYMBOL:label_gantt_progress_line,	 ARGS:Symbol,
		 6: Line Number 46
		 7: COPY TYPE_StringLiteral "query" def_%cl_3_37 
		 8: COPY TYPE_StringLiteral "draw_progress_line" def_%cl_3_38 
		 9: COPY TYPE_StringLiteral "draw_progress_line" def_%cl_3_39 
		 10: HASH-id- def_%cl_3_40 %cl_3_39[13.9,] 
		 11: %self->check_box def_%cl_3_41 %self[13.5,2.0,] %cl_3_37[13.7,] %cl_3_38[13.8,] %cl_3_40[13.10,] 	 SYMBOL:	 ARGS:%cl_3_37,%cl_3_38,%cl_3_40,
		 12: Line Number 47
		 13: %self->l def_%cl_3_42 %self[13.5,13.11,2.0,] 	 SYMBOL:label_display,	 ARGS:Symbol,
		 14: Line Number 48
		 15: GETFIELD %self->gantt def_%cl_3_43 %self[13.5,13.11,13.13,2.0,] 
		 16: %self->gantt_zoom_link def_%cl_3_44 %self[13.5,13.11,13.13,2.0,] %cl_3_43[13.15,] 	 SYMBOL:in,	 ARGS:%cl_3_43,Symbol,
		 17: Line Number 49
		 18: GETFIELD %self->gantt def_%cl_3_45 %self[13.5,13.11,13.13,13.16,2.0,] 
		 19: %self->gantt_zoom_link def_%cl_3_46 %self[13.5,13.11,13.13,13.16,2.0,] %cl_3_45[13.18,] 	 SYMBOL:out,	 ARGS:%cl_3_45,Symbol,
		 20: Line Number 50
		 21: COPY TYPE_StringLiteral "months" def_%cl_3_47 
		 22: GETFIELD %self->gantt def_%cl_3_48 %self[13.5,13.11,13.13,13.16,13.19,2.0,] 
		 23: %cl_3_48->months def_%cl_3_49 %cl_3_48[13.22,] 	 SYMBOL:	 ARGS:
		 24: HASH-min-max-autocomplete- def_%cl_3_50 
		 25: %self->number_field_tag def_%cl_3_51 %self[13.5,13.11,13.13,13.16,13.19,2.0,] %cl_3_47[13.21,] %cl_3_49[13.23,] %cl_3_50[13.24,] 	 SYMBOL:	 ARGS:%cl_3_47,%cl_3_49,%cl_3_50,
		 26: Line Number 51
		 27: %self->l def_%cl_3_52 %self[13.5,13.11,13.13,13.16,13.19,13.25,2.0,] 	 SYMBOL:label_months_from,	 ARGS:Symbol,
		 28: Line Number 52
		 29: GETFIELD %self->gantt def_%cl_3_53 %self[13.5,13.11,13.13,13.16,13.19,13.25,13.27,2.0,] 
		 30: %cl_3_53->month_from def_%cl_3_54 %cl_3_53[13.29,] 	 SYMBOL:	 ARGS:
		 31: COPY TYPE_StringLiteral "month" def_%cl_3_55 
		 32: HASH-prefix-discard_type- def_%cl_3_56 %cl_3_55[13.31,] 
		 33: %self->select_month def_%cl_3_57 %self[13.5,13.11,13.13,13.16,13.19,13.25,13.27,2.0,] %cl_3_54[13.30,] %cl_3_56[13.32,] 	 SYMBOL:	 ARGS:%cl_3_54,%cl_3_56,
		 34: Line Number 53
		 35: GETFIELD %self->gantt def_%cl_3_58 %self[13.5,13.11,13.13,13.16,13.19,13.25,13.27,13.33,2.0,] 
		 36: %cl_3_58->year_from def_%cl_3_59 %cl_3_58[13.35,] 	 SYMBOL:	 ARGS:
		 37: COPY TYPE_StringLiteral "year" def_%cl_3_60 
		 38: HASH-prefix-discard_type- def_%cl_3_61 %cl_3_60[13.37,] 
		 39: %self->select_year def_%cl_3_62 %self[13.5,13.11,13.13,13.16,13.19,13.25,13.27,13.33,2.0,] %cl_3_59[13.36,] %cl_3_61[13.38,] 	 SYMBOL:	 ARGS:%cl_3_59,%cl_3_61,
		 40: Line Number 54
		 41: COPY TYPE_StringLiteral "zoom" def_%cl_3_63 
		 42: GETFIELD %self->gantt def_%cl_3_64 %self[13.5,13.11,13.13,13.16,13.19,13.25,13.27,13.33,13.39,2.0,] 
		 43: %cl_3_64->zoom def_%cl_3_65 %cl_3_64[13.42,] 	 SYMBOL:	 ARGS:
		 44: %self->hidden_field_tag def_%cl_3_66 %self[13.5,13.11,13.13,13.16,13.19,13.25,13.27,13.33,13.39,2.0,] %cl_3_63[13.41,] %cl_3_65[13.43,] 	 SYMBOL:	 ARGS:%cl_3_63,%cl_3_65,
		 45: Line Number 55
		 46: %self->l def_%cl_3_67 %self[13.5,13.11,13.13,13.16,13.19,13.25,13.27,13.33,13.39,13.44,2.0,] 	 SYMBOL:button_apply,	 ARGS:Symbol,
		 47: COPY TYPE_StringLiteral "$("#query_form").submit()" def_%cl_3_68 
		 48: COPY TYPE_StringLiteral "icon icon-checked" def_%cl_3_69 
		 49: HASH-class- def_%cl_3_70 %cl_3_69[13.48,] 
		 50: %self->link_to_function def_%cl_3_71 %self[13.5,13.11,13.13,13.16,13.19,13.25,13.27,13.33,13.39,13.44,13.46,2.0,] %cl_3_67[13.46,] %cl_3_68[13.47,] %cl_3_70[13.49,] 	 SYMBOL:	 ARGS:%cl_3_67,%cl_3_68,%cl_3_70,
		 51: Line Number 57
		 52: %self->l def_%cl_3_72 %self[13.5,13.11,13.13,13.16,13.19,13.25,13.27,13.33,13.39,13.44,13.46,13.50,2.0,] 	 SYMBOL:button_clear,	 ARGS:Symbol,
		 53: GETFIELD %self->project def_%cl_3_73 %self[13.5,13.11,13.13,13.16,13.19,13.25,13.27,13.33,13.39,13.44,13.46,13.50,13.52,2.0,] 
		 54: HASH-project_id-set_filter- def_%cl_3_74 %cl_3_73[13.53,] 
		 55: COPY TYPE_StringLiteral "icon icon-reload" def_%cl_3_75 
		 56: HASH-class- def_%cl_3_76 %cl_3_75[13.55,] 
		 57: %self->link_to def_%cl_3_77 %self[13.5,13.11,13.13,13.16,13.19,13.25,13.27,13.33,13.39,13.44,13.46,13.50,13.52,2.0,] %cl_3_72[13.52,] %cl_3_74[13.54,] %cl_3_76[13.56,] 	 SYMBOL:	 ARGS:%cl_3_72,%cl_3_74,%cl_3_76,
		 58: Line Number 59
		 59: GETFIELD %self->query def_%cl_3_78 %self[13.5,13.11,13.13,13.16,13.19,13.25,13.27,13.33,13.39,13.44,13.46,13.50,13.52,13.57,2.0,] 
		 60: %cl_3_78->new_record? def_%cl_3_79 %cl_3_78[13.59,] 	 SYMBOL:	 ARGS:
		 61: BRANCH %cl_3_79[13.60,] 
BB 14
	outgoing: 15 22 
	datadep: 
	instructions:
		 0: (User) def_%cl_3_80 
		 1: %cl_3_80->current def_%cl_3_81 %cl_3_80[14.0,] 	 SYMBOL:	 ARGS:
		 2: GETFIELD %self->project def_%cl_3_82 %self[2.0,] 
		 3: HASH-global- def_%cl_3_83 
		 4: %cl_3_81->allowed_to? def_%cl_3_84 %cl_3_81[14.1,] %cl_3_82[14.2,] %cl_3_83[14.3,] 	 SYMBOL:save_queries,	 ARGS:Symbol,%cl_3_82,%cl_3_83,
		 5: COPY TYPE_PASS def_%cl_3_79 %cl_3_84[14.4,] 
BB 15
	outgoing: 16 20 
	datadep: 
	instructions:
		 0: BRANCH %cl_3_79[14.5,13.60,] 
BB 16
	outgoing: 17 18 22 
	datadep: 
	instructions:
		 0: Line Number 60
		 1: %self->l def_%cl_3_85 %self[2.0,] 	 SYMBOL:button_save,	 ARGS:Symbol,
		 2: COPY TYPE_StringLiteral "$('#query_form').attr('action', '" def_%cl_3_86 
		 3: Line Number 61
		 4: GETFIELD %self->project def_%cl_3_87 %self[16.1,2.0,] 
		 5: BRANCH %cl_3_87[16.4,] 
BB 17
	outgoing: 19 22 
	datadep: 
	instructions:
		 0: GETFIELD %self->project def_%cl_3_88 %self[2.0,] 
		 1: %self->new_project_query_path def_%cl_3_89 %self[2.0,] %cl_3_88[17.0,] 	 SYMBOL:	 ARGS:%cl_3_88,
		 2: 
BB 18
	outgoing: 19 22 
	datadep: 
	instructions:
		 0: %self->new_query_path def_%cl_3_90 %self[2.0,] 	 SYMBOL:	 ARGS:
		 1: COPY TYPE_PASS def_%cl_3_89 %cl_3_90[18.0,] 
BB 19
	outgoing: 21 22 
	datadep: 
	instructions:
		 0: COPY TYPE_StringLiteral "').submit();" def_%cl_3_91 
		 1: BUILDSTRING def_%cl_3_92 %cl_3_86[16.2,] %cl_3_89[18.1,17.1,] %cl_3_91[19.0,] 
		 2: COPY TYPE_StringLiteral "icon icon-save" def_%cl_3_93 
		 3: HASH-class- def_%cl_3_94 %cl_3_93[19.2,] 
		 4: %self->link_to_function def_%cl_3_95 %self[2.0,] %cl_3_85[16.1,] %cl_3_92[19.1,] %cl_3_94[19.3,] 	 SYMBOL:	 ARGS:%cl_3_85,%cl_3_92,%cl_3_94,
		 5: 
BB 20
	outgoing: 24 
	datadep: 
	instructions:
		 0: RETURN %self[2.0,] 
BB 21
	outgoing: 24 
	datadep: 
	instructions:
		 0: RETURN %cl_3_95[19.4,] %self[2.0,] 
BB 22
	outgoing: 24 
	datadep: 
	instructions:
		 0: def_%cl_3_96 
		 1: def_%cl_3_97 %cl_3_96[22.0,] 
		 2: RETURN %cl_3_97[22.1,] %self[2.0,] 
BB 24
	outgoing: 
	datadep: 
	instructions:
CLOSURE END: 
		 14: Line Number 65
		 15: COPY TYPE_StringLiteral "query" def_%cl_1_41 
		 16: %self->error_messages_for def_%cl_1_42 %self[11.4,11.6,11.8,11.13,2.0,] %cl_1_41[11.15,] 	 SYMBOL:	 ARGS:%cl_1_41,
		 17: Line Number 66
		 18: GETFIELD %self->query def_%cl_1_43 %self[11.4,11.6,11.8,11.13,11.16,2.0,] 
		 19: %cl_1_43->valid? def_%cl_1_44 %cl_1_43[11.18,] 	 SYMBOL:	 ARGS:
		 20: BRANCH %cl_1_44[11.19,] 
BB 12
	outgoing: 13 20 64 
	datadep: 
	instructions:
		 0: Line Number 67
		 1: COPY TYPE_Fixnum def_zoom 
		 2: Line Number 68
		 3: GETFIELD %self->gantt def_%cl_1_45 %self[2.0,] 
		 4: %cl_1_45->zoom def_%cl_1_46 %cl_1_45[12.3,] 	 SYMBOL:	 ARGS:
		 5: %cl_1_46->times def_%cl_1_47 %cl_1_46[12.4,] %self[2.0,] 	 SYMBOL:	 ARGS:%cl_1_46,
CLOSURE BEGIN: zoom[12.1,] 
BB 1
	outgoing: 6 2 
	datadep: 
	instructions:
BB 2
	outgoing: 3 
	datadep: 
	instructions:
		 0: def_%self 
		 1: def_%cl_5_0 
		 2: COPY TYPE_CurrentScope def_%current_scope 
		 3: COPY TYPE_ScopeModule def_%current_module 
BB 3
	outgoing: 4 6 
	datadep: 
	instructions:
		 0: Line Number 68
		 1: zoom->* def_%cl_5_3 zoom[] 	 SYMBOL:	 ARGS:Fixnum,
		 2: COPY TYPE_PASS def_zoom %cl_5_3[3.1,] 
		 3: RETURN %cl_5_3[3.1,] %self[2.0,] 
BB 4
	outgoing: 6 
	datadep: 
	instructions:
		 0: def_%cl_5_4 
		 1: def_%cl_5_5 %cl_5_4[4.0,] 
		 2: RETURN %cl_5_5[4.1,] %self[2.0,] 
BB 6
	outgoing: 
	datadep: 
	instructions:
CLOSURE END: zoom[3.2,] 
		 6: Line Number 69
		 7: COPY TYPE_Fixnum def_subject_width 
		 8: Line Number 70
		 9: COPY TYPE_Fixnum def_header_height 
		 10: Line Number 71
		 11: COPY TYPE_Fixnum def_headers_height 
		 12: Line Number 72
		 13: COPY TYPE_Boolean def_show_weeks 
		 14: Line Number 73
		 15: COPY TYPE_Boolean def_show_days 
		 16: Line Number 74
		 17: COPY TYPE_Boolean def_show_day_num 
		 18: Line Number 75
		 19: GETFIELD %self->gantt def_%cl_1_48 %self[2.0,] 
		 20: %cl_1_48->zoom def_%cl_1_49 %cl_1_48[12.19,] 	 SYMBOL:	 ARGS:
		 21: %cl_1_49->> def_%cl_1_50 %cl_1_49[12.20,] 	 SYMBOL:	 ARGS:Fixnum,
		 22: BRANCH %cl_1_50[12.21,] 
BB 13
	outgoing: 14 18 64 
	datadep: 
	instructions:
		 0: Line Number 76
		 1: COPY TYPE_Boolean def_show_weeks 
		 2: Line Number 77
		 3: header_height->* def_%cl_1_51 header_height[12.9,] 	 SYMBOL:	 ARGS:header_height,
		 4: COPY TYPE_PASS def_headers_height %cl_1_51[13.3,] 
		 5: Line Number 78
		 6: GETFIELD %self->gantt def_%cl_1_52 %self[2.0,] 
		 7: %cl_1_52->zoom def_%cl_1_53 %cl_1_52[13.6,] 	 SYMBOL:	 ARGS:
		 8: %cl_1_53->> def_%cl_1_54 %cl_1_53[13.7,] 	 SYMBOL:	 ARGS:Fixnum,
		 9: BRANCH %cl_1_54[13.8,] 
BB 14
	outgoing: 15 16 64 
	datadep: 
	instructions:
		 0: Line Number 79
		 1: COPY TYPE_Boolean def_show_days 
		 2: Line Number 80
		 3: header_height->* def_%cl_1_55 header_height[12.9,] 	 SYMBOL:	 ARGS:header_height,
		 4: COPY TYPE_PASS def_headers_height %cl_1_55[14.3,] 
		 5: Line Number 81
		 6: GETFIELD %self->gantt def_%cl_1_56 %self[2.0,] 
		 7: %cl_1_56->zoom def_%cl_1_57 %cl_1_56[14.6,] 	 SYMBOL:	 ARGS:
		 8: %cl_1_57->> def_%cl_1_58 %cl_1_57[14.7,] 	 SYMBOL:	 ARGS:Fixnum,
		 9: BRANCH %cl_1_58[14.8,] 
BB 15
	outgoing: 17 64 
	datadep: 
	instructions:
		 0: Line Number 82
		 1: COPY TYPE_Boolean def_show_day_num 
		 2: Line Number 83
		 3: header_height->* def_%cl_1_59 header_height[12.9,] 	 SYMBOL:	 ARGS:header_height,
		 4: COPY TYPE_PASS def_headers_height %cl_1_59[15.3,] 
		 5: 
BB 16
	outgoing: 17 
	datadep: 
	instructions:
		 0: COPY TYPE_Nil def_%cl_1_59 
BB 17
	outgoing: 19 
	datadep: 
	instructions:
		 0: 
BB 18
	outgoing: 19 
	datadep: 
	instructions:
		 0: COPY TYPE_Nil def_%cl_1_59 
BB 19
	outgoing: 21 
	datadep: 
	instructions:
		 0: 
BB 20
	outgoing: 21 
	datadep: 
	instructions:
		 0: COPY TYPE_Nil def_%cl_1_59 
BB 21
	outgoing: 22 23 64 
	datadep: 
	instructions:
		 0: Line Number 87
		 1: GETFIELD %self->gantt def_%cl_1_60 %self[2.0,] 
		 2: %cl_1_60->date_to def_%cl_1_61 %cl_1_60[21.1,] 	 SYMBOL:	 ARGS:
		 3: GETFIELD %self->gantt def_%cl_1_62 %self[2.0,] 
		 4: %cl_1_62->date_from def_%cl_1_63 %cl_1_62[21.3,] 	 SYMBOL:	 ARGS:
		 5: %cl_1_61->- def_%cl_1_64 %cl_1_61[21.2,] %cl_1_63[21.4,] 	 SYMBOL:	 ARGS:%cl_1_63,
		 6: %cl_1_64->+ def_%cl_1_65 %cl_1_64[21.5,] 	 SYMBOL:	 ARGS:Fixnum,
		 7: %cl_1_65->* def_%cl_1_66 %cl_1_65[21.6,] zoom[12.1,12.5,] 	 SYMBOL:	 ARGS:zoom,
		 8: %cl_1_66->to_i def_%cl_1_67 %cl_1_66[21.7,] 	 SYMBOL:	 ARGS:
		 9: COPY TYPE_PASS def_g_width %cl_1_67[21.8,] 
		 10: Line Number 88
		 11: GETFIELD %self->gantt def_%cl_1_68 %self[2.0,] 
		 12: headers_height->+ def_%cl_1_69 headers_height[12.11,13.4,15.4,14.4,] 	 SYMBOL:	 ARGS:Fixnum,
		 13: HASH-top-zoom-g_width-subject_width- def_%cl_1_70 %cl_1_69[21.12,] zoom[12.1,12.5,] g_width[21.9,] subject_width[12.7,] 
		 14: %cl_1_68->render def_%cl_1_71 %cl_1_68[21.11,] %cl_1_70[21.13,] 	 SYMBOL:	 ARGS:%cl_1_70,
		 15: Line Number 92
		 16: GETFIELD %self->gantt def_%cl_1_72 %self[2.0,] 
		 17: %cl_1_72->number_of_rows def_%cl_1_73 %cl_1_72[21.16,] 	 SYMBOL:	 ARGS:
		 18: %cl_1_73->+ def_%cl_1_74 %cl_1_73[21.17,] 	 SYMBOL:	 ARGS:Fixnum,
		 19: %cl_1_74->* def_%cl_1_75 %cl_1_74[21.18,] 	 SYMBOL:	 ARGS:%cl_1_74,
		 20: %cl_1_75->+ def_%cl_1_76 %cl_1_75[21.19,] 	 SYMBOL:	 ARGS:Fixnum,
		 21: COPY TYPE_Array def_%cl_1_77 %cl_1_76[21.20,] 
		 22: %cl_1_77->max def_%cl_1_78 %cl_1_77[21.21,] 	 SYMBOL:	 ARGS:
		 23: COPY TYPE_PASS def_g_height %cl_1_78[21.22,] 
		 24: Line Number 93
		 25: %cl_1_78->+ def_%cl_1_79 %cl_1_78[21.22,] headers_height[21.12,12.11,13.4,15.4,14.4,] 	 SYMBOL:	 ARGS:headers_height,
		 26: COPY TYPE_PASS def_t_height %cl_1_79[21.25,] 
		 27: Line Number 94
		 28: GETFIELD %self->gantt def_%cl_1_80 %self[2.0,] 
		 29: %cl_1_80->truncated def_%cl_1_81 %cl_1_80[21.28,] 	 SYMBOL:	 ARGS:
		 30: BRANCH %cl_1_81[21.29,] 
BB 22
	outgoing: 24 64 
	datadep: 
	instructions:
		 0: Line Number 95
		 1: GETFIELD %self->gantt def_%cl_1_82 %self[2.0,] 
		 2: %cl_1_82->max_rows def_%cl_1_83 %cl_1_82[22.1,] 	 SYMBOL:	 ARGS:
		 3: HASH-max- def_%cl_1_84 %cl_1_83[22.2,] 
		 4: %self->l def_%cl_1_85 %self[2.0,] %cl_1_84[22.3,] 	 SYMBOL:notice_gantt_chart_truncated,	 ARGS:Symbol,%cl_1_84,
		 5: 
BB 23
	outgoing: 24 
	datadep: 
	instructions:
		 0: COPY TYPE_Nil def_%cl_1_85 
BB 24
	outgoing: 25 26 64 
	datadep: 
	instructions:
		 0: Line Number 97
		 1: Line Number 98
		 2: COPY TYPE_StringLiteral "" def_%cl_1_86 
		 3: COPY TYPE_PASS def_style %cl_1_86[24.2,] 
		 4: Line Number 99
		 5: COPY TYPE_StringLiteral "position:relative;" def_%cl_1_87 
		 6: %cl_1_86->+ def_%cl_1_88 %cl_1_86[24.2,] %cl_1_87[24.5,] 	 SYMBOL:	 ARGS:%cl_1_87,
		 7: COPY TYPE_PASS def_style %cl_1_88[24.6,] 
		 8: Line Number 100
		 9: COPY TYPE_StringLiteral "height: " def_%cl_1_89 
		 10: t_height->+ def_%cl_1_90 t_height[21.26,] 	 SYMBOL:	 ARGS:Fixnum,
		 11: COPY TYPE_StringLiteral "px;" def_%cl_1_91 
		 12: BUILDSTRING def_%cl_1_92 %cl_1_89[24.9,] %cl_1_90[24.10,] %cl_1_91[24.11,] 
		 13: style->+ def_%cl_1_93 style[24.3,24.7,] %cl_1_92[24.12,] 	 SYMBOL:	 ARGS:%cl_1_92,
		 14: COPY TYPE_PASS def_style %cl_1_93[24.13,] 
		 15: Line Number 101
		 16: COPY TYPE_StringLiteral "width: " def_%cl_1_94 
		 17: subject_width->+ def_%cl_1_95 subject_width[12.7,] 	 SYMBOL:	 ARGS:Fixnum,
		 18: COPY TYPE_StringLiteral "px;" def_%cl_1_96 
		 19: BUILDSTRING def_%cl_1_97 %cl_1_94[24.16,] %cl_1_95[24.17,] %cl_1_96[24.18,] 
		 20: style->+ def_%cl_1_98 style[24.3,24.7,24.13,24.14,] %cl_1_97[24.19,] 	 SYMBOL:	 ARGS:%cl_1_97,
		 21: COPY TYPE_PASS def_style %cl_1_98[24.20,] 
		 22: Line Number 102
		 23: COPY TYPE_StringLiteral "gantt_subjects_container" def_%cl_1_99 
		 24: HASH-style-class- def_%cl_1_100 %cl_1_98[24.20,] %cl_1_99[24.23,] 
		 25: %self->content_tag def_%cl_1_101 %self[2.0,] %cl_1_100[24.24,] %self[2.0,] 	 SYMBOL:div,	 ARGS:Symbol,%cl_1_100,%self,
CLOSURE BEGIN: subject_width[24.17,12.7,] headers_height[12.11,13.4,15.4,14.4,] %self[2.0,] t_height[24.10,21.26,] 
BB 1
	outgoing: 6 2 
	datadep: 
	instructions:
BB 2
	outgoing: 3 
	datadep: 
	instructions:
		 0: def_%self 
		 1: def_%cl_6_0 
		 2: COPY TYPE_CurrentScope def_%current_scope 
		 3: COPY TYPE_ScopeModule def_%current_module 
BB 3
	outgoing: 4 6 
	datadep: 
	instructions:
		 0: Line Number 103
		 1: COPY TYPE_StringLiteral "" def_%cl_6_3 
		 2: COPY TYPE_PASS def_style %cl_6_3[3.1,] 
		 3: Line Number 104
		 4: COPY TYPE_StringLiteral "width: " def_%cl_6_4 
		 5: COPY TYPE_StringLiteral "px;" def_%cl_6_5 
		 6: BUILDSTRING def_%cl_6_6 %cl_6_4[3.4,] subject_width[] %cl_6_5[3.5,] 
		 7: %cl_6_3->+ def_%cl_6_7 %cl_6_3[3.1,] %cl_6_6[3.6,] 	 SYMBOL:	 ARGS:%cl_6_6,
		 8: COPY TYPE_PASS def_style %cl_6_7[3.7,] 
		 9: Line Number 105
		 10: COPY TYPE_StringLiteral "height: " def_%cl_6_8 
		 11: COPY TYPE_StringLiteral "px;" def_%cl_6_9 
		 12: BUILDSTRING def_%cl_6_10 %cl_6_8[3.10,] headers_height[] %cl_6_9[3.11,] 
		 13: %cl_6_7->+ def_%cl_6_11 %cl_6_7[3.7,] %cl_6_10[3.12,] 	 SYMBOL:	 ARGS:%cl_6_10,
		 14: COPY TYPE_PASS def_style %cl_6_11[3.13,] 
		 15: Line Number 106
		 16: COPY TYPE_StringLiteral "background: #eee;" def_%cl_6_12 
		 17: %cl_6_11->+ def_%cl_6_13 %cl_6_11[3.13,] %cl_6_12[3.16,] 	 SYMBOL:	 ARGS:%cl_6_12,
		 18: COPY TYPE_PASS def_style %cl_6_13[3.17,] 
		 19: Line Number 107
		 20: COPY TYPE_StringLiteral "" def_%cl_6_14 
		 21: COPY TYPE_StringLiteral "gantt_hdr" def_%cl_6_15 
		 22: HASH-style-class- def_%cl_6_16 %cl_6_13[3.17,] %cl_6_15[3.21,] 
		 23: %self->content_tag def_%cl_6_17 %self[2.0,] %cl_6_14[3.20,] %cl_6_16[3.22,] 	 SYMBOL:div,	 ARGS:Symbol,%cl_6_14,%cl_6_16,
		 24: Line Number 108
		 25: COPY TYPE_StringLiteral "" def_%cl_6_18 
		 26: COPY TYPE_PASS def_style %cl_6_18[3.25,] 
		 27: Line Number 109
		 28: COPY TYPE_StringLiteral "width: " def_%cl_6_19 
		 29: COPY TYPE_StringLiteral "px;" def_%cl_6_20 
		 30: BUILDSTRING def_%cl_6_21 %cl_6_19[3.28,] subject_width[] %cl_6_20[3.29,] 
		 31: %cl_6_18->+ def_%cl_6_22 %cl_6_18[3.25,] %cl_6_21[3.30,] 	 SYMBOL:	 ARGS:%cl_6_21,
		 32: COPY TYPE_PASS def_style %cl_6_22[3.31,] 
		 33: Line Number 110
		 34: COPY TYPE_StringLiteral "height: " def_%cl_6_23 
		 35: COPY TYPE_StringLiteral "px;" def_%cl_6_24 
		 36: BUILDSTRING def_%cl_6_25 %cl_6_23[3.34,] t_height[] %cl_6_24[3.35,] 
		 37: %cl_6_22->+ def_%cl_6_26 %cl_6_22[3.31,] %cl_6_25[3.36,] 	 SYMBOL:	 ARGS:%cl_6_25,
		 38: COPY TYPE_PASS def_style %cl_6_26[3.37,] 
		 39: Line Number 111
		 40: COPY TYPE_StringLiteral "border-left: 1px solid #c0c0c0;" def_%cl_6_27 
		 41: %cl_6_26->+ def_%cl_6_28 %cl_6_26[3.37,] %cl_6_27[3.40,] 	 SYMBOL:	 ARGS:%cl_6_27,
		 42: COPY TYPE_PASS def_style %cl_6_28[3.41,] 
		 43: Line Number 112
		 44: COPY TYPE_StringLiteral "overflow: hidden;" def_%cl_6_29 
		 45: %cl_6_28->+ def_%cl_6_30 %cl_6_28[3.41,] %cl_6_29[3.44,] 	 SYMBOL:	 ARGS:%cl_6_29,
		 46: COPY TYPE_PASS def_style %cl_6_30[3.45,] 
		 47: Line Number 113
		 48: COPY TYPE_StringLiteral "" def_%cl_6_31 
		 49: COPY TYPE_StringLiteral "gantt_hdr" def_%cl_6_32 
		 50: HASH-style-class- def_%cl_6_33 %cl_6_30[3.45,] %cl_6_32[3.49,] 
		 51: %self->content_tag def_%cl_6_34 %self[3.23,2.0,] %cl_6_31[3.48,] %cl_6_33[3.50,] 	 SYMBOL:div,	 ARGS:Symbol,%cl_6_31,%cl_6_33,
		 52: Line Number 114
		 53: COPY TYPE_StringLiteral "gantt_subjects" def_%cl_6_35 
		 54: HASH-class- def_%cl_6_36 %cl_6_35[3.53,] 
		 55: %self->content_tag def_%cl_6_37 %self[3.23,3.51,2.0,] %cl_6_36[3.54,] %self[3.23,3.51,2.0,] 	 SYMBOL:div,	 ARGS:Symbol,%cl_6_36,%self,
CLOSURE BEGIN: %self[3.23,3.51,2.0,] 
BB 1
	outgoing: 6 2 
	datadep: 
	instructions:
BB 2
	outgoing: 3 
	datadep: 
	instructions:
		 0: def_%self 
		 1: def_%cl_7_0 
		 2: COPY TYPE_CurrentScope def_%current_scope 
		 3: COPY TYPE_ScopeModule def_%current_module 
BB 3
	outgoing: 4 6 
	datadep: 
	instructions:
		 0: Line Number 115
		 1: HASH- def_%cl_7_3 
		 2: %self->issues_context_menu_path def_%cl_7_4 %self[2.0,] 	 SYMBOL:	 ARGS:
		 3: HASH-cm_url- def_%cl_7_5 %cl_7_4[3.2,] 
		 4: HASH-data- def_%cl_7_6 %cl_7_5[3.3,] 
		 5: %self->form_tag def_%cl_7_7 %self[3.2,2.0,] %cl_7_3[3.1,] %cl_7_6[3.4,] %self[3.2,2.0,] 	 SYMBOL:	 ARGS:%cl_7_3,%cl_7_6,%self,
CLOSURE BEGIN: %self[3.2,2.0,] 
BB 1
	outgoing: 6 2 
	datadep: 
	instructions:
BB 2
	outgoing: 3 
	datadep: 
	instructions:
		 0: def_%self 
		 1: def_%cl_8_0 
		 2: COPY TYPE_CurrentScope def_%current_scope 
		 3: COPY TYPE_ScopeModule def_%current_module 
BB 3
	outgoing: 4 6 
	datadep: 
	instructions:
		 0: Line Number 116
		 1: GETFIELD %self->gantt def_%cl_8_3 %self[2.0,] 
		 2: %cl_8_3->subjects def_%cl_8_4 %cl_8_3[3.1,] 	 SYMBOL:	 ARGS:
		 3: %cl_8_4->html_safe def_%cl_8_5 %cl_8_4[3.2,] 	 SYMBOL:	 ARGS:
		 4: RETURN %cl_8_5[3.3,] %self[2.0,] 
BB 4
	outgoing: 6 
	datadep: 
	instructions:
		 0: def_%cl_8_6 
		 1: def_%cl_8_7 %cl_8_6[4.0,] 
		 2: RETURN %cl_8_7[4.1,] %self[2.0,] 
BB 6
	outgoing: 
	datadep: 
	instructions:
CLOSURE END: 
		 6: RETURN %cl_7_7[3.5,] %self[3.2,3.5,2.0,] 
BB 4
	outgoing: 6 
	datadep: 
	instructions:
		 0: def_%cl_7_8 
		 1: def_%cl_7_9 %cl_7_8[4.0,] 
		 2: RETURN %cl_7_9[4.1,] %self[2.0,] 
BB 6
	outgoing: 
	datadep: 
	instructions:
CLOSURE END: 
		 56: RETURN %cl_6_37[3.55,] %self[3.23,3.51,3.55,2.0,] 
BB 4
	outgoing: 6 
	datadep: 
	instructions:
		 0: def_%cl_6_38 
		 1: def_%cl_6_39 %cl_6_38[4.0,] 
		 2: RETURN %cl_6_39[4.1,] %self[2.0,] 
BB 6
	outgoing: 
	datadep: 
	instructions:
CLOSURE END: style[3.2,3.8,3.14,3.18,3.26,3.32,3.38,3.42,3.46,] 
		 26: Line Number 120
		 27: t_height->+ def_%cl_1_102 t_height[24.10,21.26,] 	 SYMBOL:	 ARGS:Fixnum,
		 28: Line Number 121
		 29: COPY TYPE_StringLiteral "" def_%cl_1_103 
		 30: COPY TYPE_PASS def_style %cl_1_103[24.29,] 
		 31: Line Number 122
		 32: COPY TYPE_StringLiteral "width: " def_%cl_1_104 
		 33: g_width->- def_%cl_1_105 g_width[21.9,] 	 SYMBOL:	 ARGS:Fixnum,
		 34: COPY TYPE_StringLiteral "px;" def_%cl_1_106 
		 35: BUILDSTRING def_%cl_1_107 %cl_1_104[24.32,] %cl_1_105[24.33,] %cl_1_106[24.34,] 
		 36: style->+ def_%cl_1_108 style[24.3,24.7,24.13,24.14,24.20,24.21,24.25,24.30,] %cl_1_107[24.35,] 	 SYMBOL:	 ARGS:%cl_1_107,
		 37: COPY TYPE_PASS def_style %cl_1_108[24.36,] 
		 38: Line Number 123
		 39: COPY TYPE_StringLiteral "height: " def_%cl_1_109 
		 40: COPY TYPE_StringLiteral "px;" def_%cl_1_110 
		 41: BUILDSTRING def_%cl_1_111 %cl_1_109[24.39,] headers_height[12.11,13.4,15.4,14.4,] %cl_1_110[24.40,] 
		 42: %cl_1_108->+ def_%cl_1_112 %cl_1_108[24.36,] %cl_1_111[24.41,] 	 SYMBOL:	 ARGS:%cl_1_111,
		 43: COPY TYPE_PASS def_style %cl_1_112[24.42,] 
		 44: Line Number 124
		 45: COPY TYPE_StringLiteral "background: #eee;" def_%cl_1_113 
		 46: %cl_1_112->+ def_%cl_1_114 %cl_1_112[24.42,] %cl_1_113[24.45,] 	 SYMBOL:	 ARGS:%cl_1_113,
		 47: COPY TYPE_PASS def_style %cl_1_114[24.46,] 
		 48: Line Number 125
		 49: COPY TYPE_StringLiteral "&nbsp;" def_%cl_1_115 
		 50: %cl_1_115->html_safe def_%cl_1_116 %cl_1_115[24.49,] 	 SYMBOL:	 ARGS:
		 51: COPY TYPE_StringLiteral "gantt_hdr" def_%cl_1_117 
		 52: HASH-style-class- def_%cl_1_118 style[24.3,24.7,24.13,24.14,24.20,24.21,24.25,24.30,24.36,24.37,24.43,24.47,] %cl_1_117[24.51,] 
		 53: %self->content_tag def_%cl_1_119 %self[24.25,2.0,] %cl_1_116[24.50,] %cl_1_118[24.52,] 	 SYMBOL:div,	 ARGS:Symbol,%cl_1_116,%cl_1_118,
		 54: Line Number 126
		 55: GETFIELD %self->gantt def_%cl_1_120 %self[24.25,24.53,2.0,] 
		 56: %cl_1_120->date_from def_%cl_1_121 %cl_1_120[24.55,] 	 SYMBOL:	 ARGS:
		 57: COPY TYPE_PASS def_month_f %cl_1_121[24.56,] 
		 58: Line Number 127
		 59: COPY TYPE_Fixnum def_left 
		 60: Line Number 128
		 61: BRANCH show_weeks[12.13,13.1,] 
BB 25
	outgoing: 27 
	datadep: 
	instructions:
		 0: COPY TYPE_PASS def_%cl_1_122 header_height[12.9,] 
		 1: 
BB 26
	outgoing: 27 64 
	datadep: 
	instructions:
		 0: header_height->+ def_%cl_1_123 header_height[12.9,] g_height[21.23,] 	 SYMBOL:	 ARGS:g_height,
		 1: COPY TYPE_PASS def_%cl_1_122 %cl_1_123[26.0,] 
BB 27
	outgoing: 28 43 64 
	datadep: 
	instructions:
		 0: COPY TYPE_PASS def_height %cl_1_122[26.1,25.0,] 
		 1: Line Number 129
		 2: GETFIELD %self->gantt def_%cl_1_124 %self[2.0,] 
		 3: %cl_1_124->months def_%cl_1_125 %cl_1_124[27.2,] 	 SYMBOL:	 ARGS:
		 4: %cl_1_125->times def_%cl_1_126 %cl_1_125[27.3,] %self[2.0,] 	 SYMBOL:	 ARGS:%cl_1_125,
CLOSURE BEGIN: month_f[24.57,] zoom[12.1,12.5,] left[24.59,] width[] height[27.0,] %self[2.0,] 
BB 1
	outgoing: 6 2 
	datadep: 
	instructions:
BB 2
	outgoing: 3 
	datadep: 
	instructions:
		 0: def_%self 
		 1: def_%cl_9_0 
		 2: COPY TYPE_CurrentScope def_%current_scope 
		 3: COPY TYPE_ScopeModule def_%current_module 
BB 3
	outgoing: 4 6 
	datadep: 
	instructions:
		 0: Line Number 130
		 1: month_f->>> def_%cl_9_3 month_f[] 	 SYMBOL:	 ARGS:Fixnum,
		 2: %cl_9_3->- def_%cl_9_4 %cl_9_3[3.1,] month_f[3.1,] 	 SYMBOL:	 ARGS:month_f,
		 3: %cl_9_4->* def_%cl_9_5 %cl_9_4[3.2,] zoom[] 	 SYMBOL:	 ARGS:zoom,
		 4: %cl_9_5->- def_%cl_9_6 %cl_9_5[3.3,] 	 SYMBOL:	 ARGS:Fixnum,
		 5: %cl_9_6->to_i def_%cl_9_7 %cl_9_6[3.4,] 	 SYMBOL:	 ARGS:
		 6: COPY TYPE_PASS def_width %cl_9_7[3.5,] 
		 7: Line Number 131
		 8: COPY TYPE_StringLiteral "" def_%cl_9_8 
		 9: COPY TYPE_PASS def_style %cl_9_8[3.8,] 
		 10: Line Number 132
		 11: COPY TYPE_StringLiteral "left: " def_%cl_9_9 
		 12: COPY TYPE_StringLiteral "px;" def_%cl_9_10 
		 13: BUILDSTRING def_%cl_9_11 %cl_9_9[3.11,] left[] %cl_9_10[3.12,] 
		 14: %cl_9_8->+ def_%cl_9_12 %cl_9_8[3.8,] %cl_9_11[3.13,] 	 SYMBOL:	 ARGS:%cl_9_11,
		 15: COPY TYPE_PASS def_style %cl_9_12[3.14,] 
		 16: Line Number 133
		 17: COPY TYPE_StringLiteral "width: " def_%cl_9_13 
		 18: COPY TYPE_StringLiteral "px;" def_%cl_9_14 
		 19: BUILDSTRING def_%cl_9_15 %cl_9_13[3.17,] width[3.6,] %cl_9_14[3.18,] 
		 20: %cl_9_12->+ def_%cl_9_16 %cl_9_12[3.14,] %cl_9_15[3.19,] 	 SYMBOL:	 ARGS:%cl_9_15,
		 21: COPY TYPE_PASS def_style %cl_9_16[3.20,] 
		 22: Line Number 134
		 23: COPY TYPE_StringLiteral "height: " def_%cl_9_17 
		 24: COPY TYPE_StringLiteral "px;" def_%cl_9_18 
		 25: BUILDSTRING def_%cl_9_19 %cl_9_17[3.23,] height[] %cl_9_18[3.24,] 
		 26: %cl_9_16->+ def_%cl_9_20 %cl_9_16[3.20,] %cl_9_19[3.25,] 	 SYMBOL:	 ARGS:%cl_9_19,
		 27: COPY TYPE_PASS def_style %cl_9_20[3.26,] 
		 28: Line Number 135
		 29: COPY TYPE_StringLiteral "gantt_hdr" def_%cl_9_21 
		 30: HASH-style-class- def_%cl_9_22 %cl_9_20[3.26,] %cl_9_21[3.29,] 
		 31: %self->content_tag def_%cl_9_23 %self[2.0,] %cl_9_22[3.30,] %self[2.0,] 	 SYMBOL:div,	 ARGS:Symbol,%cl_9_22,%self,
CLOSURE BEGIN: month_f[3.1,] %self[2.0,] 
BB 1
	outgoing: 6 2 
	datadep: 
	instructions:
BB 2
	outgoing: 3 
	datadep: 
	instructions:
		 0: def_%self 
		 1: def_%cl_10_0 
		 2: COPY TYPE_CurrentScope def_%current_scope 
		 3: COPY TYPE_ScopeModule def_%current_module 
BB 3
	outgoing: 4 6 
	datadep: 
	instructions:
		 0: Line Number 136
		 1: month_f->year def_%cl_10_3 month_f[] 	 SYMBOL:	 ARGS:
		 2: COPY TYPE_StringLiteral "-" def_%cl_10_4 
		 3: month_f->month def_%cl_10_5 month_f[3.1,] 	 SYMBOL:	 ARGS:
		 4: BUILDSTRING def_%cl_10_6 %cl_10_3[3.1,] %cl_10_4[3.2,] %cl_10_5[3.3,] 
		 5: GETFIELD %self->gantt def_%cl_10_7 %self[2.0,] 
		 6: %cl_10_7->params def_%cl_10_8 %cl_10_7[3.5,] 	 SYMBOL:	 ARGS:
		 7: month_f->year def_%cl_10_9 month_f[3.1,3.3,] 	 SYMBOL:	 ARGS:
		 8: month_f->month def_%cl_10_10 month_f[3.1,3.3,3.7,] 	 SYMBOL:	 ARGS:
		 9: HASH-year-month- def_%cl_10_11 %cl_10_9[3.7,] %cl_10_10[3.8,] 
		 10: %cl_10_8->merge def_%cl_10_12 %cl_10_8[3.6,] %cl_10_11[3.9,] 	 SYMBOL:	 ARGS:%cl_10_11,
		 11: Line Number 138
		 12: month_f->month def_%cl_10_13 month_f[3.1,3.3,3.7,3.8,] 	 SYMBOL:	 ARGS:
		 13: %self->month_name def_%cl_10_14 %self[2.0,] %cl_10_13[3.12,] 	 SYMBOL:	 ARGS:%cl_10_13,
		 14: COPY TYPE_StringLiteral " " def_%cl_10_15 
		 15: month_f->year def_%cl_10_16 month_f[3.1,3.3,3.7,3.8,3.12,] 	 SYMBOL:	 ARGS:
		 16: BUILDSTRING def_%cl_10_17 %cl_10_14[3.13,] %cl_10_15[3.14,] %cl_10_16[3.15,] 
		 17: HASH-title- def_%cl_10_18 %cl_10_17[3.16,] 
		 18: %self->link_to def_%cl_10_19 %self[3.13,2.0,] %cl_10_6[3.4,] %cl_10_12[3.10,] %cl_10_18[3.17,] 	 SYMBOL:	 ARGS:%cl_10_6,%cl_10_12,%cl_10_18,
		 19: RETURN %cl_10_19[3.18,] %self[3.13,3.18,2.0,] 
BB 4
	outgoing: 6 
	datadep: 
	instructions:
		 0: def_%cl_10_20 
		 1: def_%cl_10_21 %cl_10_20[4.0,] 
		 2: RETURN %cl_10_21[4.1,] %self[2.0,] 
BB 6
	outgoing: 
	datadep: 
	instructions:
CLOSURE END: 
		 32: Line Number 140
		 33: left->+ def_%cl_9_24 left[] width[3.6,] 	 SYMBOL:	 ARGS:width,
		 34: %cl_9_24->+ def_%cl_9_25 %cl_9_24[3.33,] 	 SYMBOL:	 ARGS:Fixnum,
		 35: COPY TYPE_PASS def_left %cl_9_25[3.34,] 
		 36: Line Number 141
		 37: month_f->>> def_%cl_9_26 month_f[3.1,] 	 SYMBOL:	 ARGS:Fixnum,
		 38: COPY TYPE_PASS def_month_f %cl_9_26[3.37,] 
		 39: RETURN %cl_9_26[3.37,] %self[3.31,2.0,] 
BB 4
	outgoing: 6 
	datadep: 
	instructions:
		 0: def_%cl_9_27 
		 1: def_%cl_9_28 %cl_9_27[4.0,] 
		 2: RETURN %cl_9_28[4.1,] %self[2.0,] 
BB 6
	outgoing: 
	datadep: 
	instructions:
CLOSURE END: month_f[3.38,] left[3.35,] style[3.9,3.15,3.21,3.27,] 
		 5: Line Number 143
		 6: BRANCH show_weeks[12.13,13.1,] 
BB 28
	outgoing: 29 30 
	datadep: 
	instructions:
		 0: Line Number 144
		 1: COPY TYPE_Fixnum def_left 
		 2: Line Number 145
		 3: BRANCH show_days[12.15,14.1,] 
BB 29
	outgoing: 31 64 
	datadep: 
	instructions:
		 0: header_height->- def_%cl_1_127 header_height[12.9,] 	 SYMBOL:	 ARGS:Fixnum,
		 1: 
BB 30
	outgoing: 31 64 
	datadep: 
	instructions:
		 0: header_height->- def_%cl_1_128 header_height[12.9,] 	 SYMBOL:	 ARGS:Fixnum,
		 1: %cl_1_128->+ def_%cl_1_129 %cl_1_128[30.0,] g_height[21.23,] 	 SYMBOL:	 ARGS:g_height,
		 2: COPY TYPE_PASS def_%cl_1_127 %cl_1_129[30.1,] 
BB 31
	outgoing: 32 33 64 
	datadep: 
	instructions:
		 0: COPY TYPE_PASS def_height %cl_1_127[30.2,29.0,] 
		 1: Line Number 146
		 2: GETFIELD %self->gantt def_%cl_1_130 %self[2.0,] 
		 3: %cl_1_130->date_from def_%cl_1_131 %cl_1_130[31.2,] 	 SYMBOL:	 ARGS:
		 4: %cl_1_131->cwday def_%cl_1_132 %cl_1_131[31.3,] 	 SYMBOL:	 ARGS:
		 5: %cl_1_132->== def_%cl_1_133 %cl_1_132[31.4,] 	 SYMBOL:	 ARGS:Fixnum,
		 6: BRANCH %cl_1_133[31.5,] 
BB 32
	outgoing: 34 64 
	datadep: 
	instructions:
		 0: Line Number 147
		 1: GETFIELD %self->gantt def_%cl_1_134 %self[2.0,] 
		 2: %cl_1_134->date_from def_%cl_1_135 %cl_1_134[32.1,] 	 SYMBOL:	 ARGS:
		 3: COPY TYPE_PASS def_week_f %cl_1_135[32.2,] 
		 4: 
BB 33
	outgoing: 34 64 
	datadep: 
	instructions:
		 0: Line Number 149
		 1: GETFIELD %self->gantt def_%cl_1_136 %self[2.0,] 
		 2: %cl_1_136->date_from def_%cl_1_137 %cl_1_136[33.1,] 	 SYMBOL:	 ARGS:
		 3: GETFIELD %self->gantt def_%cl_1_138 %self[2.0,] 
		 4: %cl_1_138->date_from def_%cl_1_139 %cl_1_138[33.3,] 	 SYMBOL:	 ARGS:
		 5: %cl_1_139->cwday def_%cl_1_140 %cl_1_139[33.4,] 	 SYMBOL:	 ARGS:
		 6: %cl_1_140->- def_%cl_1_141 %cl_1_140[33.5,] 	 SYMBOL:	 ARGS:%cl_1_140,
		 7: %cl_1_141->+ def_%cl_1_142 %cl_1_141[33.6,] 	 SYMBOL:	 ARGS:Fixnum,
		 8: %cl_1_137->+ def_%cl_1_143 %cl_1_137[33.2,] %cl_1_142[33.7,] 	 SYMBOL:	 ARGS:%cl_1_142,
		 9: COPY TYPE_PASS def_week_f %cl_1_143[33.8,] 
		 10: Line Number 150
		 11: GETFIELD %self->gantt def_%cl_1_144 %self[2.0,] 
		 12: %cl_1_144->date_from def_%cl_1_145 %cl_1_144[33.11,] 	 SYMBOL:	 ARGS:
		 13: %cl_1_145->cwday def_%cl_1_146 %cl_1_145[33.12,] 	 SYMBOL:	 ARGS:
		 14: %cl_1_146->- def_%cl_1_147 %cl_1_146[33.13,] 	 SYMBOL:	 ARGS:%cl_1_146,
		 15: %cl_1_147->+ def_%cl_1_148 %cl_1_147[33.14,] 	 SYMBOL:	 ARGS:Fixnum,
		 16: %cl_1_148->* def_%cl_1_149 %cl_1_148[33.15,] zoom[12.1,12.5,] 	 SYMBOL:	 ARGS:zoom,
		 17: %cl_1_149->- def_%cl_1_150 %cl_1_149[33.16,] 	 SYMBOL:	 ARGS:Fixnum,
		 18: COPY TYPE_PASS def_width %cl_1_150[33.17,] 
		 19: Line Number 151
		 20: COPY TYPE_StringLiteral "" def_%cl_1_151 
		 21: COPY TYPE_PASS def_style %cl_1_151[33.20,] 
		 22: Line Number 152
		 23: COPY TYPE_StringLiteral "left: " def_%cl_1_152 
		 24: COPY TYPE_StringLiteral "px;" def_%cl_1_153 
		 25: BUILDSTRING def_%cl_1_154 %cl_1_152[33.23,] left[28.1,] %cl_1_153[33.24,] 
		 26: %cl_1_151->+ def_%cl_1_155 %cl_1_151[33.20,] %cl_1_154[33.25,] 	 SYMBOL:	 ARGS:%cl_1_154,
		 27: COPY TYPE_PASS def_style %cl_1_155[33.26,] 
		 28: Line Number 153
		 29: COPY TYPE_StringLiteral "top: 19px;" def_%cl_1_156 
		 30: %cl_1_155->+ def_%cl_1_157 %cl_1_155[33.26,] %cl_1_156[33.29,] 	 SYMBOL:	 ARGS:%cl_1_156,
		 31: COPY TYPE_PASS def_style %cl_1_157[33.30,] 
		 32: Line Number 154
		 33: COPY TYPE_StringLiteral "width: " def_%cl_1_158 
		 34: COPY TYPE_StringLiteral "px;" def_%cl_1_159 
		 35: BUILDSTRING def_%cl_1_160 %cl_1_158[33.33,] width[33.18,] %cl_1_159[33.34,] 
		 36: %cl_1_157->+ def_%cl_1_161 %cl_1_157[33.30,] %cl_1_160[33.35,] 	 SYMBOL:	 ARGS:%cl_1_160,
		 37: COPY TYPE_PASS def_style %cl_1_161[33.36,] 
		 38: Line Number 155
		 39: COPY TYPE_StringLiteral "height: " def_%cl_1_162 
		 40: COPY TYPE_StringLiteral "px;" def_%cl_1_163 
		 41: BUILDSTRING def_%cl_1_164 %cl_1_162[33.39,] height[31.0,] %cl_1_163[33.40,] 
		 42: %cl_1_161->+ def_%cl_1_165 %cl_1_161[33.36,] %cl_1_164[33.41,] 	 SYMBOL:	 ARGS:%cl_1_164,
		 43: COPY TYPE_PASS def_style %cl_1_165[33.42,] 
		 44: Line Number 156
		 45: COPY TYPE_StringLiteral "&nbsp;" def_%cl_1_166 
		 46: %cl_1_166->html_safe def_%cl_1_167 %cl_1_166[33.45,] 	 SYMBOL:	 ARGS:
		 47: COPY TYPE_StringLiteral "gantt_hdr" def_%cl_1_168 
		 48: HASH-style-class- def_%cl_1_169 style[33.21,33.27,33.31,33.37,33.43,] %cl_1_168[33.47,] 
		 49: %self->content_tag def_%cl_1_170 %self[2.0,] %cl_1_167[33.46,] %cl_1_169[33.48,] 	 SYMBOL:div,	 ARGS:Symbol,%cl_1_167,%cl_1_169,
		 50: Line Number 158
		 51: left->+ def_%cl_1_171 left[28.1,] width[33.18,] 	 SYMBOL:	 ARGS:width,
		 52: %cl_1_171->+ def_%cl_1_172 %cl_1_171[33.51,] 	 SYMBOL:	 ARGS:Fixnum,
		 53: COPY TYPE_PASS def_left %cl_1_172[33.52,] 
		 54: COPY TYPE_PASS def_%cl_1_135 %cl_1_172[33.52,] 
BB 34
	outgoing: 35 
	datadep: 
	instructions:
		 0: Line Number 160
BB 35
	outgoing: 36 41 64 
	datadep: 
	instructions:
		 0: GETFIELD %self->gantt def_%cl_1_174 %self[2.0,] 
		 1: %cl_1_174->date_to def_%cl_1_175 %cl_1_174[35.0,] 	 SYMBOL:	 ARGS:
		 2: week_f-><= def_%cl_1_176 week_f[33.9,32.3,39.37,] %cl_1_175[35.1,] 	 SYMBOL:	 ARGS:%cl_1_175,
		 3: BRANCH %cl_1_176[35.2,] 
BB 36
	outgoing: 37 38 64 
	datadep: 
	instructions:
		 0: 
		 1: Line Number 161
		 2: week_f->+ def_%cl_1_177 week_f[35.2,33.9,32.3,39.37,] 	 SYMBOL:	 ARGS:Fixnum,
		 3: GETFIELD %self->gantt def_%cl_1_178 %self[2.0,] 
		 4: %cl_1_178->date_to def_%cl_1_179 %cl_1_178[36.3,] 	 SYMBOL:	 ARGS:
		 5: %cl_1_177-><= def_%cl_1_180 %cl_1_177[36.2,] %cl_1_179[36.4,] 	 SYMBOL:	 ARGS:%cl_1_179,
		 6: BRANCH %cl_1_180[36.5,] 
BB 37
	outgoing: 39 64 
	datadep: 
	instructions:
		 0: zoom->* def_%cl_1_181 zoom[12.1,12.5,] 	 SYMBOL:	 ARGS:zoom,
		 1: %cl_1_181->- def_%cl_1_182 %cl_1_181[37.0,] 	 SYMBOL:	 ARGS:Fixnum,
		 2: 
BB 38
	outgoing: 39 64 
	datadep: 
	instructions:
		 0: Line Number 163
		 1: GETFIELD %self->gantt def_%cl_1_183 %self[2.0,] 
		 2: %cl_1_183->date_to def_%cl_1_184 %cl_1_183[38.1,] 	 SYMBOL:	 ARGS:
		 3: %cl_1_184->- def_%cl_1_185 %cl_1_184[38.2,] week_f[35.2,33.9,32.3,39.37,] 	 SYMBOL:	 ARGS:week_f,
		 4: %cl_1_185->+ def_%cl_1_186 %cl_1_185[38.3,] 	 SYMBOL:	 ARGS:Fixnum,
		 5: %cl_1_186->* def_%cl_1_187 %cl_1_186[38.4,] zoom[12.1,12.5,] 	 SYMBOL:	 ARGS:zoom,
		 6: %cl_1_187->- def_%cl_1_188 %cl_1_187[38.5,] 	 SYMBOL:	 ARGS:Fixnum,
		 7: COPY TYPE_PASS def_%cl_1_182 %cl_1_188[38.6,] 
BB 39
	outgoing: 40 64 
	datadep: 
	instructions:
		 0: %cl_1_182->to_i def_%cl_1_189 %cl_1_182[38.7,37.1,] 	 SYMBOL:	 ARGS:
		 1: COPY TYPE_PASS def_width %cl_1_189[39.0,] 
		 2: Line Number 164
		 3: COPY TYPE_StringLiteral "" def_%cl_1_190 
		 4: COPY TYPE_PASS def_style %cl_1_190[39.3,] 
		 5: Line Number 165
		 6: COPY TYPE_StringLiteral "left: " def_%cl_1_191 
		 7: COPY TYPE_StringLiteral "px;" def_%cl_1_192 
		 8: BUILDSTRING def_%cl_1_193 %cl_1_191[39.6,] left[33.53,28.1,] %cl_1_192[39.7,] 
		 9: %cl_1_190->+ def_%cl_1_194 %cl_1_190[39.3,] %cl_1_193[39.8,] 	 SYMBOL:	 ARGS:%cl_1_193,
		 10: COPY TYPE_PASS def_style %cl_1_194[39.9,] 
		 11: Line Number 166
		 12: COPY TYPE_StringLiteral "top: 19px;" def_%cl_1_195 
		 13: %cl_1_194->+ def_%cl_1_196 %cl_1_194[39.9,] %cl_1_195[39.12,] 	 SYMBOL:	 ARGS:%cl_1_195,
		 14: COPY TYPE_PASS def_style %cl_1_196[39.13,] 
		 15: Line Number 167
		 16: COPY TYPE_StringLiteral "width: " def_%cl_1_197 
		 17: COPY TYPE_StringLiteral "px;" def_%cl_1_198 
		 18: BUILDSTRING def_%cl_1_199 %cl_1_197[39.16,] width[39.1,] %cl_1_198[39.17,] 
		 19: %cl_1_196->+ def_%cl_1_200 %cl_1_196[39.13,] %cl_1_199[39.18,] 	 SYMBOL:	 ARGS:%cl_1_199,
		 20: COPY TYPE_PASS def_style %cl_1_200[39.19,] 
		 21: Line Number 168
		 22: COPY TYPE_StringLiteral "height: " def_%cl_1_201 
		 23: COPY TYPE_StringLiteral "px;" def_%cl_1_202 
		 24: BUILDSTRING def_%cl_1_203 %cl_1_201[39.22,] height[31.0,] %cl_1_202[39.23,] 
		 25: %cl_1_200->+ def_%cl_1_204 %cl_1_200[39.19,] %cl_1_203[39.24,] 	 SYMBOL:	 ARGS:%cl_1_203,
		 26: COPY TYPE_PASS def_style %cl_1_204[39.25,] 
		 27: Line Number 169
		 28: COPY TYPE_StringLiteral "gantt_hdr" def_%cl_1_205 
		 29: HASH-style-class- def_%cl_1_206 %cl_1_204[39.25,] %cl_1_205[39.28,] 
		 30: %self->content_tag def_%cl_1_207 %self[2.0,] %cl_1_206[39.29,] %self[2.0,] 	 SYMBOL:div,	 ARGS:Symbol,%cl_1_206,%self,
CLOSURE BEGIN: %self[2.0,] width[39.1,] week_f[35.2,33.9,32.3,] 
BB 1
	outgoing: 6 2 
	datadep: 
	instructions:
BB 2
	outgoing: 3 
	datadep: 
	instructions:
		 0: def_%self 
		 1: def_%cl_11_0 
		 2: COPY TYPE_CurrentScope def_%current_scope 
		 3: COPY TYPE_ScopeModule def_%current_module 
BB 3
	outgoing: 4 6 
	datadep: 
	instructions:
		 0: Line Number 170
		 1: %self->content_tag def_%cl_11_3 %self[2.0,] %self[2.0,] 	 SYMBOL:small,	 ARGS:Symbol,%self,
CLOSURE BEGIN: width[] week_f[] 
BB 1
	outgoing: 9 2 
	datadep: 
	instructions:
BB 2
	outgoing: 3 
	datadep: 
	instructions:
		 0: def_%self 
		 1: def_%cl_12_0 
		 2: COPY TYPE_CurrentScope def_%current_scope 
		 3: COPY TYPE_ScopeModule def_%current_module 
BB 3
	outgoing: 4 5 7 
	datadep: 
	instructions:
		 0: Line Number 171
		 1: width->>= def_%cl_12_3 width[] 	 SYMBOL:	 ARGS:Fixnum,
		 2: BRANCH %cl_12_3[3.1,] 
BB 4
	outgoing: 6 7 
	datadep: 
	instructions:
		 0: week_f->cweek def_%cl_12_4 week_f[] 	 SYMBOL:	 ARGS:
		 1: 
BB 5
	outgoing: 9 
	datadep: 
	instructions:
		 0: RETURN %self[2.0,] 
BB 6
	outgoing: 9 
	datadep: 
	instructions:
		 0: RETURN %cl_12_4[4.0,] %self[2.0,] 
BB 7
	outgoing: 9 
	datadep: 
	instructions:
		 0: def_%cl_12_5 
		 1: def_%cl_12_6 %cl_12_5[7.0,] 
		 2: RETURN %cl_12_6[7.1,] %self[2.0,] 
BB 9
	outgoing: 
	datadep: 
	instructions:
CLOSURE END: 
		 2: RETURN %cl_11_3[3.1,] %self[3.1,2.0,] 
BB 4
	outgoing: 6 
	datadep: 
	instructions:
		 0: def_%cl_11_4 
		 1: def_%cl_11_5 %cl_11_4[4.0,] 
		 2: RETURN %cl_11_5[4.1,] %self[2.0,] 
BB 6
	outgoing: 
	datadep: 
	instructions:
CLOSURE END: 
		 31: Line Number 174
		 32: left->+ def_%cl_1_208 left[33.53,28.1,] width[39.1,] 	 SYMBOL:	 ARGS:width,
		 33: %cl_1_208->+ def_%cl_1_209 %cl_1_208[39.32,] 	 SYMBOL:	 ARGS:Fixnum,
		 34: COPY TYPE_PASS def_left %cl_1_209[39.33,] 
		 35: Line Number 175
		 36: week_f->+ def_%cl_1_210 week_f[35.2,33.9,32.3,] 	 SYMBOL:	 ARGS:Fixnum,
		 37: COPY TYPE_PASS def_week_f %cl_1_210[39.36,] 
BB 40
	outgoing: 35 
	datadep: 
	instructions:
		 0: 
BB 41
	outgoing: 44 
	datadep: 
	instructions:
		 0: COPY TYPE_Nil def_%cl_1_173 
		 1: 
BB 43
	outgoing: 44 
	datadep: 
	instructions:
		 0: COPY TYPE_Nil def_%cl_1_173 
BB 44
	outgoing: 45 46 
	datadep: 
	instructions:
		 0: Line Number 178
		 1: BRANCH show_day_num[12.17,15.1,] 
BB 45
	outgoing: 47 64 
	datadep: 
	instructions:
		 0: Line Number 179
		 1: COPY TYPE_Fixnum def_left 
		 2: Line Number 180
		 3: header_height->* def_%cl_1_211 header_height[12.9,] 	 SYMBOL:	 ARGS:Fixnum,
		 4: g_height->+ def_%cl_1_212 g_height[21.23,] %cl_1_211[45.3,] 	 SYMBOL:	 ARGS:%cl_1_211,
		 5: %cl_1_212->- def_%cl_1_213 %cl_1_212[45.4,] 	 SYMBOL:	 ARGS:Fixnum,
		 6: COPY TYPE_PASS def_height %cl_1_213[45.5,] 
		 7: Line Number 181
		 8: GETFIELD %self->gantt def_%cl_1_214 %self[2.0,] 
		 9: %cl_1_214->date_from def_%cl_1_215 %cl_1_214[45.8,] 	 SYMBOL:	 ARGS:
		 10: %cl_1_215->cwday def_%cl_1_216 %cl_1_215[45.9,] 	 SYMBOL:	 ARGS:
		 11: COPY TYPE_PASS def_wday %cl_1_216[45.10,] 
		 12: Line Number 182
		 13: GETFIELD %self->gantt def_%cl_1_217 %self[2.0,] 
		 14: %cl_1_217->date_from def_%cl_1_218 %cl_1_217[45.13,] 	 SYMBOL:	 ARGS:
		 15: COPY TYPE_PASS def_day_num %cl_1_218[45.14,] 
		 16: Line Number 183
		 17: GETFIELD %self->gantt def_%cl_1_219 %self[2.0,] 
		 18: %cl_1_219->date_to def_%cl_1_220 %cl_1_219[45.17,] 	 SYMBOL:	 ARGS:
		 19: GETFIELD %self->gantt def_%cl_1_221 %self[2.0,] 
		 20: %cl_1_221->date_from def_%cl_1_222 %cl_1_221[45.19,] 	 SYMBOL:	 ARGS:
		 21: %cl_1_220->- def_%cl_1_223 %cl_1_220[45.18,] %cl_1_222[45.20,] 	 SYMBOL:	 ARGS:%cl_1_222,
		 22: %cl_1_223->+ def_%cl_1_224 %cl_1_223[45.21,] 	 SYMBOL:	 ARGS:Fixnum,
		 23: %cl_1_224->to_i def_%cl_1_225 %cl_1_224[45.22,] 	 SYMBOL:	 ARGS:
		 24: %cl_1_225->times def_%cl_1_226 %cl_1_225[45.23,] %self[2.0,] 	 SYMBOL:	 ARGS:%cl_1_225,
CLOSURE BEGIN: zoom[12.1,12.5,] left[45.1,] width[27.4,33.18,39.1,] height[45.6,] %self[2.0,] wday[45.11,] clss[] style[27.4,33.21,33.27,33.31,33.37,33.43,39.4,39.10,39.14,39.20,39.26,] day_num[45.15,] 
BB 1
	outgoing: 12 2 
	datadep: 
	instructions:
BB 2
	outgoing: 3 
	datadep: 
	instructions:
		 0: def_%self 
		 1: def_%cl_13_0 
		 2: COPY TYPE_CurrentScope def_%current_scope 
		 3: COPY TYPE_ScopeModule def_%current_module 
BB 3
	outgoing: 4 5 10 
	datadep: 
	instructions:
		 0: Line Number 184
		 1: zoom->- def_%cl_13_3 zoom[] 	 SYMBOL:	 ARGS:Fixnum,
		 2: COPY TYPE_PASS def_width %cl_13_3[3.1,] 
		 3: Line Number 185
		 4: COPY TYPE_StringLiteral "" def_%cl_13_4 
		 5: COPY TYPE_PASS def_style %cl_13_4[3.4,] 
		 6: Line Number 186
		 7: COPY TYPE_StringLiteral "left:" def_%cl_13_5 
		 8: COPY TYPE_StringLiteral "px;" def_%cl_13_6 
		 9: BUILDSTRING def_%cl_13_7 %cl_13_5[3.7,] left[] %cl_13_6[3.8,] 
		 10: %cl_13_4->+ def_%cl_13_8 %cl_13_4[3.4,] %cl_13_7[3.9,] 	 SYMBOL:	 ARGS:%cl_13_7,
		 11: COPY TYPE_PASS def_style %cl_13_8[3.10,] 
		 12: Line Number 187
		 13: COPY TYPE_StringLiteral "top:37px;" def_%cl_13_9 
		 14: %cl_13_8->+ def_%cl_13_10 %cl_13_8[3.10,] %cl_13_9[3.13,] 	 SYMBOL:	 ARGS:%cl_13_9,
		 15: COPY TYPE_PASS def_style %cl_13_10[3.14,] 
		 16: Line Number 188
		 17: COPY TYPE_StringLiteral "width:" def_%cl_13_11 
		 18: COPY TYPE_StringLiteral "px;" def_%cl_13_12 
		 19: BUILDSTRING def_%cl_13_13 %cl_13_11[3.17,] width[3.2,] %cl_13_12[3.18,] 
		 20: %cl_13_10->+ def_%cl_13_14 %cl_13_10[3.14,] %cl_13_13[3.19,] 	 SYMBOL:	 ARGS:%cl_13_13,
		 21: COPY TYPE_PASS def_style %cl_13_14[3.20,] 
		 22: Line Number 189
		 23: COPY TYPE_StringLiteral "height:" def_%cl_13_15 
		 24: COPY TYPE_StringLiteral "px;" def_%cl_13_16 
		 25: BUILDSTRING def_%cl_13_17 %cl_13_15[3.23,] height[] %cl_13_16[3.24,] 
		 26: %cl_13_14->+ def_%cl_13_18 %cl_13_14[3.20,] %cl_13_17[3.25,] 	 SYMBOL:	 ARGS:%cl_13_17,
		 27: COPY TYPE_PASS def_style %cl_13_18[3.26,] 
		 28: Line Number 190
		 29: COPY TYPE_StringLiteral "font-size:0.7em;" def_%cl_13_19 
		 30: %cl_13_18->+ def_%cl_13_20 %cl_13_18[3.26,] %cl_13_19[3.29,] 	 SYMBOL:	 ARGS:%cl_13_19,
		 31: COPY TYPE_PASS def_style %cl_13_20[3.30,] 
		 32: Line Number 191
		 33: COPY TYPE_StringLiteral "gantt_hdr" def_%cl_13_21 
		 34: COPY TYPE_PASS def_clss %cl_13_21[3.33,] 
		 35: Line Number 192
		 36: GETFIELD %self->gantt def_%cl_13_22 %self[2.0,] 
		 37: %cl_13_22->non_working_week_days def_%cl_13_23 %cl_13_22[3.36,] 	 SYMBOL:	 ARGS:
		 38: %cl_13_23->include? def_%cl_13_24 %cl_13_23[3.37,] wday[] 	 SYMBOL:	 ARGS:wday,
		 39: BRANCH %cl_13_24[3.38,] 
BB 4
	outgoing: 6 10 
	datadep: 
	instructions:
		 0: COPY TYPE_StringLiteral " nwday" def_%cl_13_25 
		 1: clss-><< def_%cl_13_26 clss[3.34,] %cl_13_25[4.0,] 	 SYMBOL:	 ARGS:%cl_13_25,
		 2: 
BB 5
	outgoing: 6 
	datadep: 
	instructions:
		 0: COPY TYPE_Nil def_%cl_13_26 
BB 6
	outgoing: 7 8 10 
	datadep: 
	instructions:
		 0: Line Number 193
		 1: HASH-style-class- def_%cl_13_27 style[3.5,3.11,3.15,3.21,3.27,3.31,] clss[3.34,] 
		 2: %self->content_tag def_%cl_13_28 %self[2.0,] %cl_13_27[6.1,] %self[2.0,] 	 SYMBOL:div,	 ARGS:Symbol,%cl_13_27,%self,
CLOSURE BEGIN: day_num[] 
BB 1
	outgoing: 6 2 
	datadep: 
	instructions:
BB 2
	outgoing: 3 
	datadep: 
	instructions:
		 0: def_%self 
		 1: def_%cl_14_0 
		 2: COPY TYPE_CurrentScope def_%current_scope 
		 3: COPY TYPE_ScopeModule def_%current_module 
BB 3
	outgoing: 4 6 
	datadep: 
	instructions:
		 0: Line Number 194
		 1: day_num->day def_%cl_14_3 day_num[] 	 SYMBOL:	 ARGS:
		 2: RETURN %cl_14_3[3.1,] %self[2.0,] 
BB 4
	outgoing: 6 
	datadep: 
	instructions:
		 0: def_%cl_14_4 
		 1: def_%cl_14_5 %cl_14_4[4.0,] 
		 2: RETURN %cl_14_5[4.1,] %self[2.0,] 
BB 6
	outgoing: 
	datadep: 
	instructions:
CLOSURE END: 
		 3: Line Number 196
		 4: left->+ def_%cl_13_29 left[] width[3.2,] 	 SYMBOL:	 ARGS:width,
		 5: %cl_13_29->+ def_%cl_13_30 %cl_13_29[6.4,] 	 SYMBOL:	 ARGS:Fixnum,
		 6: COPY TYPE_PASS def_left %cl_13_30[6.5,] 
		 7: Line Number 197
		 8: day_num->+ def_%cl_13_31 day_num[] 	 SYMBOL:	 ARGS:Fixnum,
		 9: COPY TYPE_PASS def_day_num %cl_13_31[6.8,] 
		 10: Line Number 198
		 11: wday->+ def_%cl_13_32 wday[] 	 SYMBOL:	 ARGS:Fixnum,
		 12: COPY TYPE_PASS def_wday %cl_13_32[6.11,] 
		 13: Line Number 199
		 14: %cl_13_32->> def_%cl_13_33 %cl_13_32[6.11,] 	 SYMBOL:	 ARGS:Fixnum,
		 15: BRANCH %cl_13_33[6.14,] 
BB 7
	outgoing: 12 
	datadep: 
	instructions:
		 0: COPY TYPE_Fixnum def_wday 
		 1: COPY TYPE_Fixnum def_%cl_13_34 
		 2: RETURN %self[2.0,] 
BB 8
	outgoing: 12 
	datadep: 
	instructions:
		 0: RETURN %self[2.0,] 
BB 10
	outgoing: 12 
	datadep: 
	instructions:
		 0: def_%cl_13_35 
		 1: def_%cl_13_36 %cl_13_35[10.0,] 
		 2: RETURN %cl_13_36[10.1,] %self[2.0,] 
BB 12
	outgoing: 
	datadep: 
	instructions:
CLOSURE END: wday[7.0,6.12,] left[6.6,] width[3.2,] day_num[6.9,] style[3.5,3.11,3.15,3.21,3.27,3.31,] 
		 25: 
BB 46
	outgoing: 47 
	datadep: 
	instructions:
		 0: COPY TYPE_Nil def_%cl_1_226 
BB 47
	outgoing: 48 52 
	datadep: 
	instructions:
		 0: Line Number 202
		 1: BRANCH show_days[12.15,14.1,] 
BB 48
	outgoing: 49 50 64 
	datadep: 
	instructions:
		 0: Line Number 203
		 1: COPY TYPE_Fixnum def_left 
		 2: Line Number 204
		 3: g_height->+ def_%cl_1_227 g_height[21.23,] header_height[12.9,] 	 SYMBOL:	 ARGS:header_height,
		 4: %cl_1_227->- def_%cl_1_228 %cl_1_227[48.3,] 	 SYMBOL:	 ARGS:Fixnum,
		 5: COPY TYPE_PASS def_height %cl_1_228[48.4,] 
		 6: Line Number 205
		 7: BRANCH show_day_num[12.17,15.1,] 
BB 49
	outgoing: 51 
	datadep: 
	instructions:
		 0: COPY TYPE_Fixnum def_%cl_1_229 
		 1: 
BB 50
	outgoing: 51 
	datadep: 
	instructions:
		 0: COPY TYPE_Fixnum def_%cl_1_229 
BB 51
	outgoing: 53 64 
	datadep: 
	instructions:
		 0: COPY TYPE_PASS def_top %cl_1_229[50.0,49.0,] 
		 1: Line Number 206
		 2: GETFIELD %self->gantt def_%cl_1_230 %self[2.0,] 
		 3: %cl_1_230->date_from def_%cl_1_231 %cl_1_230[51.2,] 	 SYMBOL:	 ARGS:
		 4: %cl_1_231->cwday def_%cl_1_232 %cl_1_231[51.3,] 	 SYMBOL:	 ARGS:
		 5: COPY TYPE_PASS def_wday %cl_1_232[51.4,] 
		 6: Line Number 207
		 7: GETFIELD %self->gantt def_%cl_1_233 %self[2.0,] 
		 8: %cl_1_233->date_to def_%cl_1_234 %cl_1_233[51.7,] 	 SYMBOL:	 ARGS:
		 9: GETFIELD %self->gantt def_%cl_1_235 %self[2.0,] 
		 10: %cl_1_235->date_from def_%cl_1_236 %cl_1_235[51.9,] 	 SYMBOL:	 ARGS:
		 11: %cl_1_234->- def_%cl_1_237 %cl_1_234[51.8,] %cl_1_236[51.10,] 	 SYMBOL:	 ARGS:%cl_1_236,
		 12: %cl_1_237->+ def_%cl_1_238 %cl_1_237[51.11,] 	 SYMBOL:	 ARGS:Fixnum,
		 13: %cl_1_238->to_i def_%cl_1_239 %cl_1_238[51.12,] 	 SYMBOL:	 ARGS:
		 14: %cl_1_239->times def_%cl_1_240 %cl_1_239[51.13,] %self[2.0,] 	 SYMBOL:	 ARGS:%cl_1_239,
CLOSURE BEGIN: zoom[12.1,12.5,] left[48.1,] top[51.0,] width[45.24,27.4,33.18,39.1,] height[48.5,] %self[2.0,] wday[51.5,] clss[45.24,] style[45.24,27.4,33.21,33.27,33.31,33.37,33.43,39.4,39.10,39.14,39.20,39.26,] 
BB 1
	outgoing: 12 2 
	datadep: 
	instructions:
BB 2
	outgoing: 3 
	datadep: 
	instructions:
		 0: def_%self 
		 1: def_%cl_15_0 
		 2: COPY TYPE_CurrentScope def_%current_scope 
		 3: COPY TYPE_ScopeModule def_%current_module 
BB 3
	outgoing: 4 5 10 
	datadep: 
	instructions:
		 0: Line Number 208
		 1: zoom->- def_%cl_15_3 zoom[] 	 SYMBOL:	 ARGS:Fixnum,
		 2: COPY TYPE_PASS def_width %cl_15_3[3.1,] 
		 3: Line Number 209
		 4: COPY TYPE_StringLiteral "" def_%cl_15_4 
		 5: COPY TYPE_PASS def_style %cl_15_4[3.4,] 
		 6: Line Number 210
		 7: COPY TYPE_StringLiteral "left: " def_%cl_15_5 
		 8: COPY TYPE_StringLiteral "px;" def_%cl_15_6 
		 9: BUILDSTRING def_%cl_15_7 %cl_15_5[3.7,] left[] %cl_15_6[3.8,] 
		 10: %cl_15_4->+ def_%cl_15_8 %cl_15_4[3.4,] %cl_15_7[3.9,] 	 SYMBOL:	 ARGS:%cl_15_7,
		 11: COPY TYPE_PASS def_style %cl_15_8[3.10,] 
		 12: Line Number 211
		 13: COPY TYPE_StringLiteral "top: " def_%cl_15_9 
		 14: COPY TYPE_StringLiteral "px;" def_%cl_15_10 
		 15: BUILDSTRING def_%cl_15_11 %cl_15_9[3.13,] top[] %cl_15_10[3.14,] 
		 16: %cl_15_8->+ def_%cl_15_12 %cl_15_8[3.10,] %cl_15_11[3.15,] 	 SYMBOL:	 ARGS:%cl_15_11,
		 17: COPY TYPE_PASS def_style %cl_15_12[3.16,] 
		 18: Line Number 212
		 19: COPY TYPE_StringLiteral "width: " def_%cl_15_13 
		 20: COPY TYPE_StringLiteral "px;" def_%cl_15_14 
		 21: BUILDSTRING def_%cl_15_15 %cl_15_13[3.19,] width[3.2,] %cl_15_14[3.20,] 
		 22: %cl_15_12->+ def_%cl_15_16 %cl_15_12[3.16,] %cl_15_15[3.21,] 	 SYMBOL:	 ARGS:%cl_15_15,
		 23: COPY TYPE_PASS def_style %cl_15_16[3.22,] 
		 24: Line Number 213
		 25: COPY TYPE_StringLiteral "height: " def_%cl_15_17 
		 26: COPY TYPE_StringLiteral "px;" def_%cl_15_18 
		 27: BUILDSTRING def_%cl_15_19 %cl_15_17[3.25,] height[] %cl_15_18[3.26,] 
		 28: %cl_15_16->+ def_%cl_15_20 %cl_15_16[3.22,] %cl_15_19[3.27,] 	 SYMBOL:	 ARGS:%cl_15_19,
		 29: COPY TYPE_PASS def_style %cl_15_20[3.28,] 
		 30: Line Number 214
		 31: COPY TYPE_StringLiteral "font-size:0.7em;" def_%cl_15_21 
		 32: %cl_15_20->+ def_%cl_15_22 %cl_15_20[3.28,] %cl_15_21[3.31,] 	 SYMBOL:	 ARGS:%cl_15_21,
		 33: COPY TYPE_PASS def_style %cl_15_22[3.32,] 
		 34: Line Number 215
		 35: COPY TYPE_StringLiteral "gantt_hdr" def_%cl_15_23 
		 36: COPY TYPE_PASS def_clss %cl_15_23[3.35,] 
		 37: Line Number 216
		 38: GETFIELD %self->gantt def_%cl_15_24 %self[2.0,] 
		 39: %cl_15_24->non_working_week_days def_%cl_15_25 %cl_15_24[3.38,] 	 SYMBOL:	 ARGS:
		 40: %cl_15_25->include? def_%cl_15_26 %cl_15_25[3.39,] wday[] 	 SYMBOL:	 ARGS:wday,
		 41: BRANCH %cl_15_26[3.40,] 
BB 4
	outgoing: 6 10 
	datadep: 
	instructions:
		 0: COPY TYPE_StringLiteral " nwday" def_%cl_15_27 
		 1: clss-><< def_%cl_15_28 clss[3.36,] %cl_15_27[4.0,] 	 SYMBOL:	 ARGS:%cl_15_27,
		 2: 
BB 5
	outgoing: 6 
	datadep: 
	instructions:
		 0: COPY TYPE_Nil def_%cl_15_28 
BB 6
	outgoing: 7 8 10 
	datadep: 
	instructions:
		 0: Line Number 217
		 1: HASH-style-class- def_%cl_15_29 style[3.5,3.11,3.17,3.23,3.29,3.33,] clss[3.36,] 
		 2: %self->content_tag def_%cl_15_30 %self[2.0,] %cl_15_29[6.1,] %self[2.0,] 	 SYMBOL:div,	 ARGS:Symbol,%cl_15_29,%self,
CLOSURE BEGIN: %self[2.0,] wday[] 
BB 1
	outgoing: 6 2 
	datadep: 
	instructions:
BB 2
	outgoing: 3 
	datadep: 
	instructions:
		 0: def_%self 
		 1: def_%cl_16_0 
		 2: COPY TYPE_CurrentScope def_%current_scope 
		 3: COPY TYPE_ScopeModule def_%current_module 
BB 3
	outgoing: 4 6 
	datadep: 
	instructions:
		 0: Line Number 218
		 1: %self->day_letter def_%cl_16_3 %self[2.0,] wday[] 	 SYMBOL:	 ARGS:wday,
		 2: RETURN %cl_16_3[3.1,] %self[3.1,2.0,] 
BB 4
	outgoing: 6 
	datadep: 
	instructions:
		 0: def_%cl_16_4 
		 1: def_%cl_16_5 %cl_16_4[4.0,] 
		 2: RETURN %cl_16_5[4.1,] %self[2.0,] 
BB 6
	outgoing: 
	datadep: 
	instructions:
CLOSURE END: 
		 3: Line Number 220
		 4: left->+ def_%cl_15_31 left[] width[3.2,] 	 SYMBOL:	 ARGS:width,
		 5: %cl_15_31->+ def_%cl_15_32 %cl_15_31[6.4,] 	 SYMBOL:	 ARGS:Fixnum,
		 6: COPY TYPE_PASS def_left %cl_15_32[6.5,] 
		 7: Line Number 221
		 8: wday->+ def_%cl_15_33 wday[] 	 SYMBOL:	 ARGS:Fixnum,
		 9: COPY TYPE_PASS def_wday %cl_15_33[6.8,] 
		 10: Line Number 222
		 11: %cl_15_33->> def_%cl_15_34 %cl_15_33[6.8,] 	 SYMBOL:	 ARGS:Fixnum,
		 12: BRANCH %cl_15_34[6.11,] 
BB 7
	outgoing: 12 
	datadep: 
	instructions:
		 0: COPY TYPE_Fixnum def_wday 
		 1: COPY TYPE_Fixnum def_%cl_15_35 
		 2: RETURN %self[2.0,] 
BB 8
	outgoing: 12 
	datadep: 
	instructions:
		 0: RETURN %self[2.0,] 
BB 10
	outgoing: 12 
	datadep: 
	instructions:
		 0: def_%cl_15_36 
		 1: def_%cl_15_37 %cl_15_36[10.0,] 
		 2: RETURN %cl_15_37[10.1,] %self[2.0,] 
BB 12
	outgoing: 
	datadep: 
	instructions:
CLOSURE END: wday[7.0,6.9,] left[6.6,] width[3.2,] style[3.5,3.11,3.17,3.23,3.29,3.33,] 
		 15: 
BB 52
	outgoing: 53 
	datadep: 
	instructions:
		 0: COPY TYPE_Nil def_%cl_1_240 
BB 53
	outgoing: 54 55 64 
	datadep: 
	instructions:
		 0: Line Number 225
		 1: HASH- def_%cl_1_241 
		 2: %self->issues_context_menu_path def_%cl_1_242 %self[2.0,] 	 SYMBOL:	 ARGS:
		 3: HASH-cm_url- def_%cl_1_243 %cl_1_242[53.2,] 
		 4: HASH-data- def_%cl_1_244 %cl_1_243[53.3,] 
		 5: %self->form_tag def_%cl_1_245 %self[53.2,2.0,] %cl_1_241[53.1,] %cl_1_244[53.4,] %self[53.2,2.0,] 	 SYMBOL:	 ARGS:%cl_1_241,%cl_1_244,%self,
CLOSURE BEGIN: %self[53.2,2.0,] 
BB 1
	outgoing: 6 2 
	datadep: 
	instructions:
BB 2
	outgoing: 3 
	datadep: 
	instructions:
		 0: def_%self 
		 1: def_%cl_17_0 
		 2: COPY TYPE_CurrentScope def_%current_scope 
		 3: COPY TYPE_ScopeModule def_%current_module 
BB 3
	outgoing: 4 6 
	datadep: 
	instructions:
		 0: Line Number 226
		 1: GETFIELD %self->gantt def_%cl_17_3 %self[2.0,] 
		 2: %cl_17_3->lines def_%cl_17_4 %cl_17_3[3.1,] 	 SYMBOL:	 ARGS:
		 3: %cl_17_4->html_safe def_%cl_17_5 %cl_17_4[3.2,] 	 SYMBOL:	 ARGS:
		 4: RETURN %cl_17_5[3.3,] %self[2.0,] 
BB 4
	outgoing: 6 
	datadep: 
	instructions:
		 0: def_%cl_17_6 
		 1: def_%cl_17_7 %cl_17_6[4.0,] 
		 2: RETURN %cl_17_7[4.1,] %self[2.0,] 
BB 6
	outgoing: 
	datadep: 
	instructions:
CLOSURE END: 
		 6: Line Number 228
		 7: (User) def_%cl_1_246 
		 8: %cl_1_246->current def_%cl_1_247 %cl_1_246[53.7,] 	 SYMBOL:	 ARGS:
		 9: %cl_1_247->today def_%cl_1_248 %cl_1_247[53.8,] 	 SYMBOL:	 ARGS:
		 10: GETFIELD %self->gantt def_%cl_1_249 %self[53.2,53.5,2.0,] 
		 11: %cl_1_249->date_from def_%cl_1_250 %cl_1_249[53.10,] 	 SYMBOL:	 ARGS:
		 12: %cl_1_248->>= def_%cl_1_251 %cl_1_248[53.9,] %cl_1_250[53.11,] 	 SYMBOL:	 ARGS:%cl_1_250,
		 13: BRANCH %cl_1_251[53.12,] 
BB 54
	outgoing: 55 64 
	datadep: 
	instructions:
		 0: (User) def_%cl_1_252 
		 1: %cl_1_252->current def_%cl_1_253 %cl_1_252[54.0,] 	 SYMBOL:	 ARGS:
		 2: %cl_1_253->today def_%cl_1_254 %cl_1_253[54.1,] 	 SYMBOL:	 ARGS:
		 3: GETFIELD %self->gantt def_%cl_1_255 %self[2.0,] 
		 4: %cl_1_255->date_to def_%cl_1_256 %cl_1_255[54.3,] 	 SYMBOL:	 ARGS:
		 5: %cl_1_254-><= def_%cl_1_257 %cl_1_254[54.2,] %cl_1_256[54.4,] 	 SYMBOL:	 ARGS:%cl_1_256,
		 6: COPY TYPE_PASS def_%cl_1_251 %cl_1_257[54.5,] 
BB 55
	outgoing: 56 57 
	datadep: 
	instructions:
		 0: BRANCH %cl_1_251[54.6,53.12,] 
BB 56
	outgoing: 58 64 
	datadep: 
	instructions:
		 0: Line Number 229
		 1: (User) def_%cl_1_258 
		 2: %cl_1_258->current def_%cl_1_259 %cl_1_258[56.1,] 	 SYMBOL:	 ARGS:
		 3: %cl_1_259->today def_%cl_1_260 %cl_1_259[56.2,] 	 SYMBOL:	 ARGS:
		 4: GETFIELD %self->gantt def_%cl_1_261 %self[2.0,] 
		 5: %cl_1_261->date_from def_%cl_1_262 %cl_1_261[56.4,] 	 SYMBOL:	 ARGS:
		 6: %cl_1_260->- def_%cl_1_263 %cl_1_260[56.3,] %cl_1_262[56.5,] 	 SYMBOL:	 ARGS:%cl_1_262,
		 7: %cl_1_263->+ def_%cl_1_264 %cl_1_263[56.6,] 	 SYMBOL:	 ARGS:Fixnum,
		 8: %cl_1_264->* def_%cl_1_265 %cl_1_264[56.7,] zoom[12.1,12.5,] 	 SYMBOL:	 ARGS:zoom,
		 9: %cl_1_265->floor def_%cl_1_266 %cl_1_265[56.8,] 	 SYMBOL:	 ARGS:
		 10: %cl_1_266->- def_%cl_1_267 %cl_1_266[56.9,] 	 SYMBOL:	 ARGS:Fixnum,
		 11: %cl_1_267->to_i def_%cl_1_268 %cl_1_267[56.10,] 	 SYMBOL:	 ARGS:
		 12: COPY TYPE_PASS def_today_left %cl_1_268[56.11,] 
		 13: Line Number 230
		 14: COPY TYPE_StringLiteral "" def_%cl_1_269 
		 15: COPY TYPE_PASS def_style %cl_1_269[56.14,] 
		 16: Line Number 231
		 17: COPY TYPE_StringLiteral "position: absolute;" def_%cl_1_270 
		 18: %cl_1_269->+ def_%cl_1_271 %cl_1_269[56.14,] %cl_1_270[56.17,] 	 SYMBOL:	 ARGS:%cl_1_270,
		 19: COPY TYPE_PASS def_style %cl_1_271[56.18,] 
		 20: Line Number 232
		 21: COPY TYPE_StringLiteral "height: " def_%cl_1_272 
		 22: COPY TYPE_StringLiteral "px;" def_%cl_1_273 
		 23: BUILDSTRING def_%cl_1_274 %cl_1_272[56.21,] g_height[21.23,] %cl_1_273[56.22,] 
		 24: %cl_1_271->+ def_%cl_1_275 %cl_1_271[56.18,] %cl_1_274[56.23,] 	 SYMBOL:	 ARGS:%cl_1_274,
		 25: COPY TYPE_PASS def_style %cl_1_275[56.24,] 
		 26: Line Number 233
		 27: COPY TYPE_StringLiteral "top: " def_%cl_1_276 
		 28: headers_height->+ def_%cl_1_277 headers_height[12.11,13.4,15.4,14.4,] 	 SYMBOL:	 ARGS:Fixnum,
		 29: COPY TYPE_StringLiteral "px;" def_%cl_1_278 
		 30: BUILDSTRING def_%cl_1_279 %cl_1_276[56.27,] %cl_1_277[56.28,] %cl_1_278[56.29,] 
		 31: style->+ def_%cl_1_280 style[56.15,56.19,56.25,] %cl_1_279[56.30,] 	 SYMBOL:	 ARGS:%cl_1_279,
		 32: COPY TYPE_PASS def_style %cl_1_280[56.31,] 
		 33: Line Number 234
		 34: COPY TYPE_StringLiteral "left: " def_%cl_1_281 
		 35: COPY TYPE_StringLiteral "px;" def_%cl_1_282 
		 36: BUILDSTRING def_%cl_1_283 %cl_1_281[56.34,] today_left[56.12,] %cl_1_282[56.35,] 
		 37: %cl_1_280->+ def_%cl_1_284 %cl_1_280[56.31,] %cl_1_283[56.36,] 	 SYMBOL:	 ARGS:%cl_1_283,
		 38: COPY TYPE_PASS def_style %cl_1_284[56.37,] 
		 39: Line Number 235
		 40: COPY TYPE_StringLiteral "width:10px;" def_%cl_1_285 
		 41: %cl_1_284->+ def_%cl_1_286 %cl_1_284[56.37,] %cl_1_285[56.40,] 	 SYMBOL:	 ARGS:%cl_1_285,
		 42: COPY TYPE_PASS def_style %cl_1_286[56.41,] 
		 43: Line Number 236
		 44: COPY TYPE_StringLiteral "border-left: 1px dashed red;" def_%cl_1_287 
		 45: %cl_1_286->+ def_%cl_1_288 %cl_1_286[56.41,] %cl_1_287[56.44,] 	 SYMBOL:	 ARGS:%cl_1_287,
		 46: COPY TYPE_PASS def_style %cl_1_288[56.45,] 
		 47: Line Number 237
		 48: COPY TYPE_StringLiteral "&nbsp;" def_%cl_1_289 
		 49: %cl_1_289->html_safe def_%cl_1_290 %cl_1_289[56.48,] 	 SYMBOL:	 ARGS:
		 50: COPY TYPE_StringLiteral "today_line" def_%cl_1_291 
		 51: HASH-style-id- def_%cl_1_292 style[56.15,56.19,56.25,56.31,56.32,56.38,56.42,56.46,] %cl_1_291[56.50,] 
		 52: %self->content_tag def_%cl_1_293 %self[2.0,] %cl_1_290[56.49,] %cl_1_292[56.51,] 	 SYMBOL:div,	 ARGS:Symbol,%cl_1_290,%cl_1_292,
		 53: 
BB 57
	outgoing: 58 
	datadep: 
	instructions:
		 0: COPY TYPE_Nil def_%cl_1_293 
BB 58
	outgoing: 60 64 
	datadep: 
	instructions:
		 0: Line Number 239
		 1: COPY TYPE_StringLiteral "" def_%cl_1_294 
		 2: COPY TYPE_PASS def_style %cl_1_294[58.1,] 
		 3: Line Number 240
		 4: COPY TYPE_StringLiteral "position: absolute;" def_%cl_1_295 
		 5: %cl_1_294->+ def_%cl_1_296 %cl_1_294[58.1,] %cl_1_295[58.4,] 	 SYMBOL:	 ARGS:%cl_1_295,
		 6: COPY TYPE_PASS def_style %cl_1_296[58.5,] 
		 7: Line Number 241
		 8: COPY TYPE_StringLiteral "height: " def_%cl_1_297 
		 9: COPY TYPE_StringLiteral "px;" def_%cl_1_298 
		 10: BUILDSTRING def_%cl_1_299 %cl_1_297[58.8,] g_height[21.23,] %cl_1_298[58.9,] 
		 11: %cl_1_296->+ def_%cl_1_300 %cl_1_296[58.5,] %cl_1_299[58.10,] 	 SYMBOL:	 ARGS:%cl_1_299,
		 12: COPY TYPE_PASS def_style %cl_1_300[58.11,] 
		 13: Line Number 242
		 14: COPY TYPE_StringLiteral "top: " def_%cl_1_301 
		 15: headers_height->+ def_%cl_1_302 headers_height[12.11,13.4,15.4,14.4,] 	 SYMBOL:	 ARGS:Fixnum,
		 16: COPY TYPE_StringLiteral "px;" def_%cl_1_303 
		 17: BUILDSTRING def_%cl_1_304 %cl_1_301[58.14,] %cl_1_302[58.15,] %cl_1_303[58.16,] 
		 18: style->+ def_%cl_1_305 style[58.2,58.6,58.12,] %cl_1_304[58.17,] 	 SYMBOL:	 ARGS:%cl_1_304,
		 19: COPY TYPE_PASS def_style %cl_1_305[58.18,] 
		 20: Line Number 243
		 21: COPY TYPE_StringLiteral "left: 0px;" def_%cl_1_306 
		 22: %cl_1_305->+ def_%cl_1_307 %cl_1_305[58.18,] %cl_1_306[58.21,] 	 SYMBOL:	 ARGS:%cl_1_306,
		 23: COPY TYPE_PASS def_style %cl_1_307[58.22,] 
		 24: Line Number 244
		 25: COPY TYPE_StringLiteral "width: " def_%cl_1_308 
		 26: g_width->- def_%cl_1_309 g_width[21.9,] 	 SYMBOL:	 ARGS:Fixnum,
		 27: COPY TYPE_StringLiteral "px;" def_%cl_1_310 
		 28: BUILDSTRING def_%cl_1_311 %cl_1_308[58.25,] %cl_1_309[58.26,] %cl_1_310[58.27,] 
		 29: style->+ def_%cl_1_312 style[58.2,58.6,58.12,58.18,58.19,58.23,] %cl_1_311[58.28,] 	 SYMBOL:	 ARGS:%cl_1_311,
		 30: COPY TYPE_PASS def_style %cl_1_312[58.29,] 
		 31: Line Number 245
		 32: COPY TYPE_StringLiteral "" def_%cl_1_313 
		 33: COPY TYPE_StringLiteral "gantt_draw_area" def_%cl_1_314 
		 34: HASH-style-id- def_%cl_1_315 %cl_1_312[58.29,] %cl_1_314[58.33,] 
		 35: %self->content_tag def_%cl_1_316 %self[2.0,] %cl_1_313[58.32,] %cl_1_315[58.34,] 	 SYMBOL:div,	 ARGS:Symbol,%cl_1_313,%cl_1_315,
		 36: Line Number 246
		 37: COPY TYPE_StringLiteral " " def_%cl_1_317 
		 38: %self->l def_%cl_1_318 %self[58.35,2.0,] 	 SYMBOL:label_previous,	 ARGS:Symbol,
		 39: %cl_1_317->+ def_%cl_1_319 %cl_1_317[58.37,] %cl_1_318[58.38,] 	 SYMBOL:	 ARGS:%cl_1_318,
		 40: %self->request def_%cl_1_320 %self[58.35,58.38,2.0,] 	 SYMBOL:	 ARGS:
		 41: %cl_1_320->query_parameters def_%cl_1_321 %cl_1_320[58.40,] 	 SYMBOL:	 ARGS:
		 42: GETFIELD %self->gantt def_%cl_1_322 %self[58.35,58.38,58.40,2.0,] 
		 43: %cl_1_322->params_previous def_%cl_1_323 %cl_1_322[58.42,] 	 SYMBOL:	 ARGS:
		 44: %cl_1_321->merge def_%cl_1_324 %cl_1_321[58.41,] %cl_1_323[58.43,] 	 SYMBOL:	 ARGS:%cl_1_323,
		 45: HASH-params- def_%cl_1_325 %cl_1_324[58.44,] 
		 46: %self->accesskey def_%cl_1_326 %self[58.35,58.38,58.40,2.0,] 	 SYMBOL:previous,	 ARGS:Symbol,
		 47: HASH-accesskey- def_%cl_1_327 %cl_1_326[58.46,] 
		 48: %self->link_to def_%cl_1_328 %self[58.35,58.38,58.40,58.46,2.0,] %cl_1_319[58.39,] %cl_1_325[58.45,] %cl_1_327[58.47,] 	 SYMBOL:	 ARGS:%cl_1_319,%cl_1_325,%cl_1_327,
		 49: Line Number 249
		 50: %self->l def_%cl_1_329 %self[58.35,58.38,58.40,58.46,58.48,2.0,] 	 SYMBOL:label_next,	 ARGS:Symbol,
		 51: COPY TYPE_StringLiteral " " def_%cl_1_330 
		 52: %cl_1_329->+ def_%cl_1_331 %cl_1_329[58.50,] %cl_1_330[58.51,] 	 SYMBOL:	 ARGS:%cl_1_330,
		 53: %self->request def_%cl_1_332 %self[58.35,58.38,58.40,58.46,58.48,58.50,2.0,] 	 SYMBOL:	 ARGS:
		 54: %cl_1_332->query_parameters def_%cl_1_333 %cl_1_332[58.53,] 	 SYMBOL:	 ARGS:
		 55: GETFIELD %self->gantt def_%cl_1_334 %self[58.35,58.38,58.40,58.46,58.48,58.50,58.53,2.0,] 
		 56: %cl_1_334->params_next def_%cl_1_335 %cl_1_334[58.55,] 	 SYMBOL:	 ARGS:
		 57: %cl_1_333->merge def_%cl_1_336 %cl_1_333[58.54,] %cl_1_335[58.56,] 	 SYMBOL:	 ARGS:%cl_1_335,
		 58: HASH-params- def_%cl_1_337 %cl_1_336[58.57,] 
		 59: %self->accesskey def_%cl_1_338 %self[58.35,58.38,58.40,58.46,58.48,58.50,58.53,2.0,] 	 SYMBOL:next,	 ARGS:Symbol,
		 60: HASH-accesskey- def_%cl_1_339 %cl_1_338[58.59,] 
		 61: %self->link_to def_%cl_1_340 %self[58.35,58.38,58.40,58.46,58.48,58.50,58.53,58.59,2.0,] %cl_1_331[58.52,] %cl_1_337[58.58,] %cl_1_339[58.60,] 	 SYMBOL:	 ARGS:%cl_1_331,%cl_1_337,%cl_1_339,
		 62: Line Number 252
		 63: %self->other_formats_links def_%cl_1_341 %self[58.35,58.38,58.40,58.46,58.48,58.50,58.53,58.59,58.61,2.0,] %self[58.35,58.38,58.40,58.46,58.48,58.50,58.53,58.59,58.61,2.0,] 	 SYMBOL:	 ARGS:%self,
CLOSURE BEGIN: %self[58.35,58.38,58.40,58.46,58.48,58.50,58.53,58.59,58.61,2.0,] f[] 
BB 1
	outgoing: 9 2 
	datadep: 
	instructions:
BB 2
	outgoing: 3 
	datadep: 
	instructions:
		 0: def_%self 
		 1: def_%cl_18_0 
		 2: RECEIVEARG def_f 
		 3: COPY TYPE_CurrentScope def_%current_scope 
		 4: COPY TYPE_ScopeModule def_%current_module 
BB 3
	outgoing: 4 5 7 
	datadep: 
	instructions:
		 0: Line Number 253
		 1: COPY TYPE_StringLiteral "PDF" def_%cl_18_3 
		 2: GETFIELD %self->gantt def_%cl_18_4 %self[2.0,] 
		 3: %cl_18_4->params def_%cl_18_5 %cl_18_4[3.2,] 	 SYMBOL:	 ARGS:
		 4: f->link_to_with_query_parameters def_%cl_18_6 f[2.2,] %cl_18_3[3.1,] %cl_18_5[3.3,] 	 SYMBOL:	 ARGS:%cl_18_3,%cl_18_5,
		 5: Line Number 254
		 6: GETFIELD %self->gantt def_%cl_18_7 %self[2.0,] 
		 7: COPY TYPE_StringLiteral "to_image" def_%cl_18_8 
		 8: %cl_18_7->respond_to? def_%cl_18_9 %cl_18_7[3.6,] %cl_18_8[3.7,] 	 SYMBOL:	 ARGS:%cl_18_8,
		 9: BRANCH %cl_18_9[3.8,] 
BB 4
	outgoing: 6 7 
	datadep: 
	instructions:
		 0: COPY TYPE_StringLiteral "PNG" def_%cl_18_10 
		 1: GETFIELD %self->gantt def_%cl_18_11 %self[2.0,] 
		 2: %cl_18_11->params def_%cl_18_12 %cl_18_11[4.1,] 	 SYMBOL:	 ARGS:
		 3: f->link_to_with_query_parameters def_%cl_18_13 f[2.2,] %cl_18_10[4.0,] %cl_18_12[4.2,] 	 SYMBOL:	 ARGS:%cl_18_10,%cl_18_12,
		 4: 
BB 5
	outgoing: 9 
	datadep: 
	instructions:
		 0: RETURN %self[2.0,] 
BB 6
	outgoing: 9 
	datadep: 
	instructions:
		 0: RETURN %cl_18_13[4.3,] %self[2.0,] 
BB 7
	outgoing: 9 
	datadep: 
	instructions:
		 0: def_%cl_18_14 
		 1: def_%cl_18_15 %cl_18_14[7.0,] 
		 2: RETURN %cl_18_15[7.1,] %self[2.0,] 
BB 9
	outgoing: 
	datadep: 
	instructions:
CLOSURE END: 
		 64: 
BB 59
	outgoing: 60 
	datadep: 
	instructions:
		 0: COPY TYPE_Nil def_%cl_1_341 
BB 60
	outgoing: 61 62 64 
	datadep: 
	instructions:
		 0: Line Number 257
		 1: %self->content_for def_%cl_1_342 %self[2.0,] %self[2.0,] 	 SYMBOL:sidebar,	 ARGS:Symbol,%self,
CLOSURE BEGIN: %self[2.0,] 
BB 1
	outgoing: 6 2 
	datadep: 
	instructions:
BB 2
	outgoing: 3 
	datadep: 
	instructions:
		 0: def_%self 
		 1: def_%cl_19_0 
		 2: COPY TYPE_CurrentScope def_%current_scope 
		 3: COPY TYPE_ScopeModule def_%current_module 
BB 3
	outgoing: 4 6 
	datadep: 
	instructions:
		 0: Line Number 258
		 1: COPY TYPE_StringLiteral "issues/sidebar" def_%cl_19_3 
		 2: HASH-partial- def_%cl_19_4 %cl_19_3[3.1,] 
		 3: %self->render def_%cl_19_5 %self[2.0,] %cl_19_4[3.2,] 	 SYMBOL:	 ARGS:%cl_19_4,
		 4: RETURN %cl_19_5[3.3,] %self[3.3,2.0,] 
BB 4
	outgoing: 6 
	datadep: 
	instructions:
		 0: def_%cl_19_6 
		 1: def_%cl_19_7 %cl_19_6[4.0,] 
		 2: RETURN %cl_19_7[4.1,] %self[2.0,] 
BB 6
	outgoing: 
	datadep: 
	instructions:
CLOSURE END: 
		 2: Line Number 260
		 3: %self->l def_%cl_1_343 %self[60.1,2.0,] 	 SYMBOL:label_gantt,	 ARGS:Symbol,
		 4: %self->html_title def_%cl_1_344 %self[60.1,60.3,2.0,] %cl_1_343[60.3,] 	 SYMBOL:	 ARGS:%cl_1_343,
		 5: Line Number 261
		 6: %self->content_for def_%cl_1_345 %self[60.1,60.3,60.4,2.0,] %self[60.1,60.3,60.4,2.0,] 	 SYMBOL:header_tags,	 ARGS:Symbol,%self,
CLOSURE BEGIN: %self[60.1,60.3,60.4,2.0,] 
BB 1
	outgoing: 6 2 
	datadep: 
	instructions:
BB 2
	outgoing: 3 
	datadep: 
	instructions:
		 0: def_%self 
		 1: def_%cl_20_0 
		 2: COPY TYPE_CurrentScope def_%current_scope 
		 3: COPY TYPE_ScopeModule def_%current_module 
BB 3
	outgoing: 4 6 
	datadep: 
	instructions:
		 0: Line Number 262
		 1: COPY TYPE_StringLiteral "raphael" def_%cl_20_3 
		 2: %self->javascript_include_tag def_%cl_20_4 %self[2.0,] %cl_20_3[3.1,] 	 SYMBOL:	 ARGS:%cl_20_3,
		 3: Line Number 263
		 4: COPY TYPE_StringLiteral "gantt" def_%cl_20_5 
		 5: %self->javascript_include_tag def_%cl_20_6 %self[3.2,2.0,] %cl_20_5[3.4,] 	 SYMBOL:	 ARGS:%cl_20_5,
		 6: RETURN %cl_20_6[3.5,] %self[3.2,3.5,2.0,] 
BB 4
	outgoing: 6 
	datadep: 
	instructions:
		 0: def_%cl_20_7 
		 1: def_%cl_20_8 %cl_20_7[4.0,] 
		 2: RETURN %cl_20_8[4.1,] %self[2.0,] 
BB 6
	outgoing: 
	datadep: 
	instructions:
CLOSURE END: 
		 7: Line Number 265
		 8: %self->javascript_tag def_%cl_1_346 %self[60.1,60.3,60.4,60.6,2.0,] %self[60.1,60.3,60.4,60.6,2.0,] 	 SYMBOL:	 ARGS:%self,
CLOSURE BEGIN: %self[60.1,60.3,60.4,60.6,2.0,] 
BB 1
	outgoing: 12 2 
	datadep: 
	instructions:
BB 2
	outgoing: 3 
	datadep: 
	instructions:
		 0: def_%self 
		 1: def_%cl_21_0 
		 2: COPY TYPE_CurrentScope def_%current_scope 
		 3: COPY TYPE_ScopeModule def_%current_module 
BB 3
	outgoing: 4 5 10 
	datadep: 
	instructions:
		 0: Line Number 266
		 1: (Redmine) def_%cl_21_3 
		 2: (inherit Helpers) def_%cl_21_4 %cl_21_3[3.1,] 
		 3: %cl_21_4[3.2,] 
BB 4
	outgoing: 5 10 
	datadep: 
	instructions:
		 0: %cl_21_3->const_missing def_%cl_21_4 %cl_21_3[3.1,] 	 SYMBOL:Helpers,	 ARGS:Symbol,
BB 5
	outgoing: 6 7 10 
	datadep: 
	instructions:
		 0: (inherit Gantt) def_%cl_21_5 %cl_21_4[4.0,3.2,] 
		 1: %cl_21_5[5.0,] 
BB 6
	outgoing: 7 10 
	datadep: 
	instructions:
		 0: %cl_21_4->const_missing def_%cl_21_5 %cl_21_4[4.0,3.2,] 	 SYMBOL:Gantt,	 ARGS:Symbol,
BB 7
	outgoing: 8 9 10 
	datadep: 
	instructions:
		 0: (inherit DRAW_TYPES) def_%cl_21_6 %cl_21_5[6.0,5.0,] 
		 1: %cl_21_6[7.0,] 
BB 8
	outgoing: 9 10 
	datadep: 
	instructions:
		 0: %cl_21_5->const_missing def_%cl_21_6 %cl_21_5[6.0,5.0,] 	 SYMBOL:DRAW_TYPES,	 ARGS:Symbol,
BB 9
	outgoing: 10 12 
	datadep: 
	instructions:
		 0: %cl_21_6->to_json def_%cl_21_7 %cl_21_6[8.0,7.0,] 	 SYMBOL:	 ARGS:
		 1: %self->raw def_%cl_21_8 %self[2.0,] %cl_21_7[9.0,] 	 SYMBOL:	 ARGS:%cl_21_7,
		 2: RETURN %cl_21_8[9.1,] %self[9.1,2.0,] 
BB 10
	outgoing: 12 
	datadep: 
	instructions:
		 0: def_%cl_21_9 
		 1: def_%cl_21_10 %cl_21_9[10.0,] 
		 2: RETURN %cl_21_10[10.1,] %self[2.0,] 
BB 12
	outgoing: 
	datadep: 
	instructions:
CLOSURE END: 
		 9: Line Number 268
		 10: %self->context_menu def_%cl_1_347 %self[60.1,60.3,60.4,60.6,60.8,2.0,] 	 SYMBOL:	 ARGS:
		 11: Line Number 269
		 12: GETFIELD %self->gantt def_%cl_1_348 %self[60.1,60.3,60.4,60.6,60.8,60.10,2.0,] 
		 13: COPY TYPE_StringLiteral "to_image" def_%cl_1_349 
		 14: %cl_1_348->respond_to? def_%cl_1_350 %cl_1_348[60.12,] %cl_1_349[60.13,] 	 SYMBOL:	 ARGS:%cl_1_349,
		 15: BRANCH %cl_1_350[60.14,] 
BB 61
	outgoing: 63 64 
	datadep: 
	instructions:
		 0: format->png def_%cl_1_351 format[2.2,] %self[2.0,] 	 SYMBOL:	 ARGS:format,
CLOSURE BEGIN: %self[2.0,] basename[] 
BB 1
	outgoing: 6 2 
	datadep: 
	instructions:
BB 2
	outgoing: 3 
	datadep: 
	instructions:
		 0: def_%self 
		 1: def_%cl_22_0 
		 2: COPY TYPE_CurrentScope def_%current_scope 
		 3: COPY TYPE_ScopeModule def_%current_module 
BB 3
	outgoing: 4 6 
	datadep: 
	instructions:
		 0: Line Number 269
		 1: GETFIELD %self->gantt def_%cl_22_3 %self[2.0,] 
		 2: %cl_22_3->to_image def_%cl_22_4 %cl_22_3[3.1,] 	 SYMBOL:	 ARGS:
		 3: COPY TYPE_StringLiteral "inline" def_%cl_22_5 
		 4: COPY TYPE_StringLiteral "image/png" def_%cl_22_6 
		 5: COPY TYPE_StringLiteral ".png" def_%cl_22_7 
		 6: BUILDSTRING def_%cl_22_8 basename[] %cl_22_7[3.5,] 
		 7: HASH-disposition-type-filename- def_%cl_22_9 %cl_22_5[3.3,] %cl_22_6[3.4,] %cl_22_8[3.6,] 
		 8: %self->send_data def_%cl_22_10 %self[2.0,] %cl_22_4[3.2,] %cl_22_9[3.7,] 	 SYMBOL:	 ARGS:%cl_22_4,%cl_22_9,
		 9: RETURN %cl_22_10[3.8,] %self[3.8,2.0,] 
BB 4
	outgoing: 6 
	datadep: 
	instructions:
		 0: def_%cl_22_11 
		 1: def_%cl_22_12 %cl_22_11[4.0,] 
		 2: RETURN %cl_22_12[4.1,] %self[2.0,] 
BB 6
	outgoing: 
	datadep: 
	instructions:
CLOSURE END: 
		 1: 
BB 62
	outgoing: 63 
	datadep: 
	instructions:
		 0: COPY TYPE_Nil def_%cl_1_351 
BB 63
	outgoing: 64 66 
	datadep: 
	instructions:
		 0: Line Number 270
		 1: format->pdf def_%cl_1_352 format[2.2,] %self[2.0,] 	 SYMBOL:	 ARGS:format,
CLOSURE BEGIN: %self[2.0,] basename[] 
BB 1
	outgoing: 6 2 
	datadep: 
	instructions:
BB 2
	outgoing: 3 
	datadep: 
	instructions:
		 0: def_%self 
		 1: def_%cl_23_0 
		 2: COPY TYPE_CurrentScope def_%current_scope 
		 3: COPY TYPE_ScopeModule def_%current_module 
BB 3
	outgoing: 4 6 
	datadep: 
	instructions:
		 0: Line Number 270
		 1: GETFIELD %self->gantt def_%cl_23_3 %self[2.0,] 
		 2: %cl_23_3->to_pdf def_%cl_23_4 %cl_23_3[3.1,] 	 SYMBOL:	 ARGS:
		 3: COPY TYPE_StringLiteral "application/pdf" def_%cl_23_5 
		 4: COPY TYPE_StringLiteral ".pdf" def_%cl_23_6 
		 5: BUILDSTRING def_%cl_23_7 basename[] %cl_23_6[3.4,] 
		 6: HASH-type-filename- def_%cl_23_8 %cl_23_5[3.3,] %cl_23_7[3.5,] 
		 7: %self->send_data def_%cl_23_9 %self[2.0,] %cl_23_4[3.2,] %cl_23_8[3.6,] 	 SYMBOL:	 ARGS:%cl_23_4,%cl_23_8,
		 8: RETURN %cl_23_9[3.7,] %self[3.7,2.0,] 
BB 4
	outgoing: 6 
	datadep: 
	instructions:
		 0: def_%cl_23_10 
		 1: def_%cl_23_11 %cl_23_10[4.0,] 
		 2: RETURN %cl_23_11[4.1,] %self[2.0,] 
BB 6
	outgoing: 
	datadep: 
	instructions:
CLOSURE END: 
		 2: RETURN %cl_1_352[63.1,] %self[2.0,] 
BB 64
	outgoing: 66 
	datadep: 
	instructions:
		 0: def_%cl_1_353 
		 1: def_%cl_1_354 %cl_1_353[64.0,] 
		 2: RETURN %cl_1_354[64.1,] %self[2.0,] 
BB 66
	outgoing: 
	datadep: 
	instructions:
CLOSURE END: t_height[21.26,] day_num[45.15,45.24,] today_left[56.12,] zoom[12.1,12.5,] header_height[12.9,] subject_width[12.7,] g_width[21.9,] month_f[24.57,27.4,] wday[45.11,45.24,51.5,51.14,] headers_height[12.11,13.4,14.4,15.4,] week_f[32.3,33.9,35.2,39.37,] top[51.0,] left[24.59,27.4,33.53,39.34,45.1,45.24,48.1,51.14,28.1,] show_weeks[12.13,13.1,] width[27.4,33.18,39.1,45.24,51.14,] show_day_num[12.17,15.1,] style[24.3,24.7,24.14,24.21,24.25,24.30,24.37,24.43,24.47,27.4,33.21,33.27,33.31,33.37,33.43,39.4,39.10,39.14,39.20,39.26,45.24,51.14,56.15,56.19,56.25,56.32,56.38,56.42,56.46,58.2,58.6,58.12,58.19,58.23,58.30,] g_height[21.23,] show_days[12.15,14.1,] height[27.0,31.0,45.6,48.5,] 
		 5: RETURN %v_24[12.4,] %self[12.4,6.2,2.0,] 
BB 13
	outgoing: 
	datadep: 
	instructions:

