SET IRMethod, name = new instanceMethod = true
BB 1
	outgoing: 3 2 
	datadep: 
	instructions:
BB 2
	outgoing: 3 
	datadep: 
	instructions:
		 0: def_%self 
		 1: def_%v_0 
		 2: COPY TYPE_CurrentScope def_%current_scope 
		 3: COPY TYPE_ScopeModule def_%current_module 
		 4: 
		 5: RETURN %self[2.0,] 
BB 3
	outgoing: 
	datadep: 
	instructions:

SET IRMethod, name = create instanceMethod = true
BB 1
	outgoing: 6 2 
	datadep: 
	instructions:
BB 2
	outgoing: 3 4 
	datadep: 
	instructions:
		 0: def_%self 
		 1: def_%v_0 
		 2: COPY TYPE_CurrentScope def_%current_scope 
		 3: COPY TYPE_ScopeModule def_%current_module 
		 4: 
		 5: Line Number 19
		 6: (IssueImport) def_%v_3 
		 7: %v_3->new def_%v_4 %v_3[2.6,] 	 SYMBOL:	 ARGS:
		 8: ATTRASSIGN %self->import %v_4[2.7,] 
		 9: Line Number 20
		 10: GETFIELD %self->import def_%v_5 %self[2.0,2.8,] 
		 11: (User) def_%v_6 
		 12: %v_6->current def_%v_7 %v_6[2.11,] 	 SYMBOL:	 ARGS:
		 13: ATTRASSIGN %v_5->user %v_7[2.12,] 
		 14: Line Number 21
		 15: GETFIELD %self->import def_%v_8 %self[2.0,2.8,] 
		 16: %self->params def_%v_9 %self[2.0,2.8,] 	 SYMBOL:	 ARGS:
		 17: %v_9->[] def_%v_10 %v_9[2.16,] 	 SYMBOL:file,	 ARGS:Symbol,
		 18: ATTRASSIGN %v_8->file %v_10[2.17,] 
		 19: Line Number 22
		 20: GETFIELD %self->import def_%v_11 %self[2.0,2.8,2.16,] 
		 21: %v_11->set_default_settings def_%v_12 %v_11[2.20,] 	 SYMBOL:	 ARGS:
		 22: Line Number 23
		 23: GETFIELD %self->import def_%v_13 %self[2.0,2.8,2.16,] 
		 24: %v_13->save def_%v_14 %v_13[2.23,] 	 SYMBOL:	 ARGS:
		 25: BRANCH %v_14[2.24,] 
BB 3
	outgoing: 6 
	datadep: 
	instructions:
		 0: Line Number 24
		 1: GETFIELD %self->import def_%v_15 %self[2.0,2.8,] 
		 2: %self->import_settings_path def_%v_16 %self[2.0,2.8,] %v_15[3.1,] 	 SYMBOL:	 ARGS:%v_15,
		 3: %self->redirect_to def_%v_17 %self[3.2,2.0,2.8,] %v_16[3.2,] 	 SYMBOL:	 ARGS:%v_16,
		 4: RETURN %v_17[3.3,] %self[3.2,3.3,2.0,2.8,] 
BB 4
	outgoing: 6 
	datadep: 
	instructions:
		 0: Line Number 26
		 1: COPY TYPE_StringLiteral "new" def_%v_18 
		 2: HASH-action- def_%v_19 %v_18[4.1,] 
		 3: %self->render def_%v_20 %self[2.0,2.8,] %v_19[4.2,] 	 SYMBOL:	 ARGS:%v_19,
		 4: Line Number 27
		 5: %self->l def_%v_21 %self[4.3,2.0,2.8,] 	 SYMBOL:label_import_issues,	 ARGS:Symbol,
		 6: Line Number 28
		 7: %self->imports_path def_%v_22 %self[4.3,4.5,2.0,2.8,] 	 SYMBOL:	 ARGS:
		 8: HASH-multipart- def_%v_23 
		 9: %self->form_tag def_%v_24 %self[4.3,4.5,4.7,2.0,2.8,] %v_22[4.7,] %v_23[4.8,] %self[4.3,4.5,4.7,2.0,2.8,] 	 SYMBOL:	 ARGS:%v_22,%v_23,%self,
CLOSURE BEGIN: %self[4.3,4.5,4.7,2.0,2.8,] 
BB 1
	outgoing: 6 2 
	datadep: 
	instructions:
BB 2
	outgoing: 3 
	datadep: 
	instructions:
		 0: def_%self 
		 1: def_%cl_1_0 
		 2: COPY TYPE_CurrentScope def_%current_scope 
		 3: COPY TYPE_ScopeModule def_%current_module 
BB 3
	outgoing: 4 6 
	datadep: 
	instructions:
		 0: Line Number 29
		 1: %self->l def_%cl_1_3 %self[2.0,] 	 SYMBOL:label_select_file_to_import,	 ARGS:Symbol,
		 2: Line Number 30
		 3: COPY TYPE_StringLiteral "file" def_%cl_1_4 
		 4: %self->file_field_tag def_%cl_1_5 %self[3.1,2.0,] %cl_1_4[3.3,] 	 SYMBOL:	 ARGS:%cl_1_4,
		 5: Line Number 31
		 6: %self->l def_%cl_1_6 %self[3.1,3.4,2.0,] 	 SYMBOL:label_next,	 ARGS:Symbol,
		 7: %cl_1_6->html_safe def_%cl_1_7 %cl_1_6[3.6,] 	 SYMBOL:	 ARGS:
		 8: COPY TYPE_StringLiteral " &#187;" def_%cl_1_8 
		 9: %cl_1_8->html_safe def_%cl_1_9 %cl_1_8[3.8,] 	 SYMBOL:	 ARGS:
		 10: %cl_1_7->+ def_%cl_1_10 %cl_1_7[3.7,] %cl_1_9[3.9,] 	 SYMBOL:	 ARGS:%cl_1_9,
		 11: HASH-name- def_%cl_1_11 
		 12: %self->submit_tag def_%cl_1_12 %self[3.1,3.4,3.6,2.0,] %cl_1_10[3.10,] %cl_1_11[3.11,] 	 SYMBOL:	 ARGS:%cl_1_10,%cl_1_11,
		 13: RETURN %cl_1_12[3.12,] %self[3.1,3.4,3.6,3.12,2.0,] 
BB 4
	outgoing: 6 
	datadep: 
	instructions:
		 0: def_%cl_1_13 
		 1: def_%cl_1_14 %cl_1_13[4.0,] 
		 2: RETURN %cl_1_14[4.1,] %self[2.0,] 
BB 6
	outgoing: 
	datadep: 
	instructions:
CLOSURE END: 
		 10: Line Number 33
		 11: %self->content_for def_%v_25 %self[4.3,4.5,4.7,4.9,2.0,2.8,] %self[4.3,4.5,4.7,4.9,2.0,2.8,] 	 SYMBOL:sidebar,	 ARGS:Symbol,%self,
CLOSURE BEGIN: %self[4.3,4.5,4.7,4.9,2.0,2.8,] 
BB 1
	outgoing: 6 2 
	datadep: 
	instructions:
BB 2
	outgoing: 3 
	datadep: 
	instructions:
		 0: def_%self 
		 1: def_%cl_2_0 
		 2: COPY TYPE_CurrentScope def_%current_scope 
		 3: COPY TYPE_ScopeModule def_%current_module 
BB 3
	outgoing: 4 6 
	datadep: 
	instructions:
		 0: Line Number 34
		 1: COPY TYPE_StringLiteral "issues/sidebar" def_%cl_2_3 
		 2: HASH-partial- def_%cl_2_4 %cl_2_3[3.1,] 
		 3: %self->render def_%cl_2_5 %self[2.0,] %cl_2_4[3.2,] 	 SYMBOL:	 ARGS:%cl_2_4,
		 4: RETURN %cl_2_5[3.3,] %self[3.3,2.0,] 
BB 4
	outgoing: 6 
	datadep: 
	instructions:
		 0: def_%cl_2_6 
		 1: def_%cl_2_7 %cl_2_6[4.0,] 
		 2: RETURN %cl_2_7[4.1,] %self[2.0,] 
BB 6
	outgoing: 
	datadep: 
	instructions:
CLOSURE END: 
		 12: RETURN %v_25[4.11,] %self[4.3,4.5,4.7,4.9,4.11,2.0,2.8,] 
BB 6
	outgoing: 
	datadep: 
	instructions:

SET IRMethod, name = show instanceMethod = true
BB 1
	outgoing: 3 2 
	datadep: 
	instructions:
BB 2
	outgoing: 3 
	datadep: 
	instructions:
		 0: def_%self 
		 1: def_%v_0 
		 2: COPY TYPE_CurrentScope def_%current_scope 
		 3: COPY TYPE_ScopeModule def_%current_module 
		 4: 
		 5: RETURN %self[2.0,] 
BB 3
	outgoing: 
	datadep: 
	instructions:

SET IRMethod, name = settings instanceMethod = true
BB 1
	outgoing: 27 2 
	datadep: 
	instructions:
BB 2
	outgoing: 4 
	datadep: 
	instructions:
		 0: def_%self 
		 1: def_%v_0 
		 2: COPY TYPE_CurrentScope def_%current_scope 
		 3: COPY TYPE_ScopeModule def_%current_module 
		 4: 
		 5: GLOBALVAR $! def_%v_3 
BB 4
	outgoing: 5 6 11 
	datadep: 
	instructions:
		 0: 
		 1: Line Number 59
		 2: %self->request def_%v_6 %self[2.0,] 	 SYMBOL:	 ARGS:
		 3: %v_6->post? def_%v_7 %v_6[4.2,] 	 SYMBOL:	 ARGS:
		 4: BRANCH %v_7[4.3,] 
BB 5
	outgoing: 6 11 
	datadep: 
	instructions:
		 0: GETFIELD %self->import def_%v_8 %self[2.0,] 
		 1: %v_8->parse_file def_%v_9 %v_8[5.0,] 	 SYMBOL:	 ARGS:
		 2: COPY TYPE_PASS def_%v_7 %v_9[5.1,] 
BB 6
	outgoing: 7 8 
	datadep: 
	instructions:
		 0: BRANCH %v_7[5.2,4.3,] 
BB 7
	outgoing: 9 11 
	datadep: 
	instructions:
		 0: Line Number 60
		 1: GETFIELD %self->import def_%v_10 %self[2.0,] 
		 2: %self->import_mapping_path def_%v_11 %self[2.0,] %v_10[7.1,] 	 SYMBOL:	 ARGS:%v_10,
		 3: %self->redirect_to def_%v_12 %self[7.2,2.0,] %v_11[7.2,] 	 SYMBOL:	 ARGS:%v_11,
		 4: 
BB 8
	outgoing: 9 
	datadep: 
	instructions:
		 0: COPY TYPE_Nil def_%v_12 
BB 9
	outgoing: 10 11 
	datadep: 
	instructions:
		 0: COPY TYPE_PASS def_%v_5 %v_12[8.0,7.3,] 
		 1: %v_3[2.5,] 
BB 10
	outgoing: 26 
	datadep: 
	instructions:
		 0: 
BB 11
	outgoing: 12 13 25 
	datadep: 
	instructions:
		 0: def_%v_13 
		 1: (CSV) def_%v_14 
		 2: (inherit MalformedCSVError) def_%v_15 %v_14[11.1,] 
		 3: %v_15[11.2,] 
BB 12
	outgoing: 13 25 
	datadep: 
	instructions:
		 0: %v_14->const_missing def_%v_15 %v_14[11.1,] 	 SYMBOL:MalformedCSVError,	 ARGS:Symbol,
BB 13
	outgoing: 14 23 25 
	datadep: 
	instructions:
		 0: def_%v_16 %v_15[12.0,11.2,] %v_13[11.0,] 
		 1: BRANCH %v_16[13.0,] 
BB 14
	outgoing: 15 19 25 
	datadep: 
	instructions:
		 0: (ArgumentError) def_%v_17 
		 1: (EncodingError) def_%v_18 
		 2: def_%v_19 %v_17[14.0,] %v_18[14.1,] %v_13[11.0,] 
		 3: BRANCH %v_19[14.2,] 
BB 15
	outgoing: 16 17 25 
	datadep: 
	instructions:
		 0: (SystemCallError) def_%v_20 
		 1: def_%v_21 %v_20[15.0,] %v_13[11.0,] 
		 2: BRANCH %v_21[15.1,] 
BB 16
	outgoing: 25 27 
	datadep: 
	instructions:
		 0: %v_13[11.0,] 
BB 17
	outgoing: 18 25 
	datadep: 
	instructions:
		 0: GLOBALVAR $! def_%v_22 
		 1: COPY TYPE_PASS def_e %v_22[17.0,] 
		 2: Line Number 67
		 3: %self->flash def_%v_23 %self[2.0,] 	 SYMBOL:	 ARGS:
		 4: %v_23->now def_%v_24 %v_23[17.3,] 	 SYMBOL:	 ARGS:
		 5: %self->l def_%v_25 %self[17.3,2.0,] 	 SYMBOL:error_can_not_read_import_file,	 ARGS:Symbol,
		 6: ATTRASSIGN %v_24->[] %v_25[17.5,] 
		 7: COPY TYPE_PASS def_%v_5 %v_25[17.5,] 
		 8: %v_3[2.5,] 
BB 18
	outgoing: 26 
	datadep: 
	instructions:
		 0: 
BB 19
	outgoing: 20 21 25 
	datadep: 
	instructions:
		 0: GLOBALVAR $! def_%v_26 
		 1: COPY TYPE_PASS def_e %v_26[19.0,] 
		 2: Line Number 65
		 3: %self->flash def_%v_27 %self[2.0,] 	 SYMBOL:	 ARGS:
		 4: %v_27->now def_%v_28 %v_27[19.3,] 	 SYMBOL:	 ARGS:
		 5: (ERB) def_%v_29 
		 6: (inherit Util) def_%v_30 %v_29[19.5,] 
		 7: %v_30[19.6,] 
BB 20
	outgoing: 21 25 
	datadep: 
	instructions:
		 0: %v_29->const_missing def_%v_30 %v_29[19.5,] 	 SYMBOL:Util,	 ARGS:Symbol,
BB 21
	outgoing: 22 25 
	datadep: 
	instructions:
		 0: GETFIELD %self->import def_%v_31 %self[2.0,] 
		 1: %v_31->settings def_%v_32 %v_31[21.0,] 	 SYMBOL:	 ARGS:
		 2: COPY TYPE_StringLiteral "encoding" def_%v_33 
		 3: %v_32->[] def_%v_34 %v_32[21.1,] %v_33[21.2,] 	 SYMBOL:	 ARGS:%v_33,
		 4: %v_30->h def_%v_35 %v_30[20.0,19.6,] %v_34[21.3,] 	 SYMBOL:	 ARGS:%v_34,
		 5: HASH-encoding- def_%v_36 %v_35[21.4,] 
		 6: %self->l def_%v_37 %self[2.0,] %v_36[21.5,] 	 SYMBOL:error_invalid_file_encoding,	 ARGS:Symbol,%v_36,
		 7: ATTRASSIGN %v_28->[] %v_37[21.6,] 
		 8: COPY TYPE_PASS def_%v_5 %v_37[21.6,] 
		 9: %v_3[2.5,] 
BB 22
	outgoing: 26 
	datadep: 
	instructions:
		 0: 
BB 23
	outgoing: 24 25 
	datadep: 
	instructions:
		 0: GLOBALVAR $! def_%v_38 
		 1: COPY TYPE_PASS def_e %v_38[23.0,] 
		 2: Line Number 63
		 3: %self->flash def_%v_39 %self[2.0,] 	 SYMBOL:	 ARGS:
		 4: %v_39->now def_%v_40 %v_39[23.3,] 	 SYMBOL:	 ARGS:
		 5: %self->l def_%v_41 %self[23.3,2.0,] 	 SYMBOL:error_invalid_csv_file_or_settings,	 ARGS:Symbol,
		 6: ATTRASSIGN %v_40->[] %v_41[23.5,] 
		 7: COPY TYPE_PASS def_%v_5 %v_41[23.5,] 
		 8: %v_3[2.5,] 
BB 24
	outgoing: 26 
	datadep: 
	instructions:
		 0: 
BB 25
	outgoing: 27 
	datadep: 
	instructions:
		 0: def_%v_42 
		 1: def_%v_43 %v_42[25.0,] %v_3[2.5,] 
		 2: %v_42[25.0,] 
BB 26
	outgoing: 27 
	datadep: 
	instructions:
		 0: RETURN %v_5[9.0,17.7,21.8,23.7,] %self[2.0,] 
BB 27
	outgoing: 
	datadep: 
	instructions:

SET IRMethod, name = mapping instanceMethod = true
BB 1
	outgoing: 6 2 
	datadep: 
	instructions:
BB 2
	outgoing: 3 4 
	datadep: 
	instructions:
		 0: def_%self 
		 1: def_%v_0 
		 2: COPY TYPE_CurrentScope def_%current_scope 
		 3: COPY TYPE_ScopeModule def_%current_module 
		 4: 
		 5: Line Number 88
		 6: GETFIELD %self->import def_%v_3 %self[2.0,] 
		 7: %v_3->mappable_custom_fields def_%v_4 %v_3[2.6,] 	 SYMBOL:	 ARGS:
		 8: ATTRASSIGN %self->custom_fields %v_4[2.7,] 
		 9: Line Number 89
		 10: %self->request def_%v_5 %self[2.0,2.8,] 	 SYMBOL:	 ARGS:
		 11: %v_5->post? def_%v_6 %v_5[2.10,] 	 SYMBOL:	 ARGS:
		 12: BRANCH %v_6[2.11,] 
BB 3
	outgoing: 6 
	datadep: 
	instructions:
		 0: Line Number 90
		 1: %self->respond_to def_%v_7 %self[2.0,2.8,] %self[2.0,2.8,] 	 SYMBOL:	 ARGS:%self,
CLOSURE BEGIN: format[] %self[2.0,2.8,] 
BB 1
	outgoing: 6 2 
	datadep: 
	instructions:
BB 2
	outgoing: 3 
	datadep: 
	instructions:
		 0: def_%self 
		 1: def_%cl_1_0 
		 2: RECEIVEARG def_format 
		 3: COPY TYPE_CurrentScope def_%current_scope 
		 4: COPY TYPE_ScopeModule def_%current_module 
BB 3
	outgoing: 4 6 
	datadep: 
	instructions:
		 0: Line Number 91
		 1: format->html def_%cl_1_3 format[2.2,] %self[2.0,] 	 SYMBOL:	 ARGS:format,
CLOSURE BEGIN: %self[2.0,] 
BB 1
	outgoing: 9 2 
	datadep: 
	instructions:
BB 2
	outgoing: 3 
	datadep: 
	instructions:
		 0: def_%self 
		 1: def_%cl_2_0 
		 2: COPY TYPE_CurrentScope def_%current_scope 
		 3: COPY TYPE_ScopeModule def_%current_module 
BB 3
	outgoing: 4 5 7 
	datadep: 
	instructions:
		 0: Line Number 92
		 1: %self->params def_%cl_2_3 %self[2.0,] 	 SYMBOL:	 ARGS:
		 2: %cl_2_3->[] def_%cl_2_4 %cl_2_3[3.1,] 	 SYMBOL:previous,	 ARGS:Symbol,
		 3: BRANCH %cl_2_4[3.2,] 
BB 4
	outgoing: 6 7 
	datadep: 
	instructions:
		 0: Line Number 93
		 1: GETFIELD %self->import def_%cl_2_5 %self[2.0,] 
		 2: %self->import_settings_path def_%cl_2_6 %self[2.0,] %cl_2_5[4.1,] 	 SYMBOL:	 ARGS:%cl_2_5,
		 3: %self->redirect_to def_%cl_2_7 %self[4.2,2.0,] %cl_2_6[4.2,] 	 SYMBOL:	 ARGS:%cl_2_6,
		 4: 
BB 5
	outgoing: 7 9 
	datadep: 
	instructions:
		 0: Line Number 95
		 1: GETFIELD %self->import def_%cl_2_8 %self[2.0,] 
		 2: %self->import_run_path def_%cl_2_9 %self[2.0,] %cl_2_8[5.1,] 	 SYMBOL:	 ARGS:%cl_2_8,
		 3: %self->redirect_to def_%cl_2_10 %self[5.2,2.0,] %cl_2_9[5.2,] 	 SYMBOL:	 ARGS:%cl_2_9,
		 4: RETURN %cl_2_10[5.3,] %self[5.2,5.3,2.0,] 
BB 6
	outgoing: 9 
	datadep: 
	instructions:
		 0: RETURN %cl_2_7[4.3,] %self[2.0,] 
BB 7
	outgoing: 9 
	datadep: 
	instructions:
		 0: def_%cl_2_11 
		 1: def_%cl_2_12 %cl_2_11[7.0,] 
		 2: RETURN %cl_2_12[7.1,] %self[2.0,] 
BB 9
	outgoing: 
	datadep: 
	instructions:
CLOSURE END: 
		 2: Line Number 98
		 3: format->js def_%cl_1_4 format[3.1,2.2,] 	 SYMBOL:	 ARGS:
		 4: RETURN %cl_1_4[3.3,] %self[2.0,] 
BB 4
	outgoing: 6 
	datadep: 
	instructions:
		 0: def_%cl_1_5 
		 1: def_%cl_1_6 %cl_1_5[4.0,] 
		 2: RETURN %cl_1_6[4.1,] %self[2.0,] 
BB 6
	outgoing: 
	datadep: 
	instructions:
CLOSURE END: 
		 2: RETURN %v_7[3.1,] %self[3.1,2.0,2.8,] 
BB 4
	outgoing: 6 
	datadep: 
	instructions:
		 0: RETURN %self[2.0,2.8,] 
BB 6
	outgoing: 
	datadep: 
	instructions:

SET IRMethod, name = run instanceMethod = true
BB 1
	outgoing: 6 2 
	datadep: 
	instructions:
BB 2
	outgoing: 3 4 
	datadep: 
	instructions:
		 0: def_%self 
		 1: def_%v_0 
		 2: COPY TYPE_CurrentScope def_%current_scope 
		 3: COPY TYPE_ScopeModule def_%current_module 
		 4: 
		 5: Line Number 167
		 6: %self->request def_%v_3 %self[2.0,] 	 SYMBOL:	 ARGS:
		 7: %v_3->post? def_%v_4 %v_3[2.6,] 	 SYMBOL:	 ARGS:
		 8: BRANCH %v_4[2.7,] 
BB 3
	outgoing: 6 
	datadep: 
	instructions:
		 0: Line Number 168
		 1: GETFIELD %self->import def_%v_5 %self[2.0,] 
		 2: %self->max_items_per_request def_%v_6 %self[2.0,] 	 SYMBOL:	 ARGS:
		 3: CONSTANT def_%v_7 	 SYMBOL:	 ARGS:
		 4: HASH-max_items-max_time- def_%v_8 %v_6[3.2,] %v_7[3.3,] 
		 5: %v_5->run def_%v_9 %v_5[3.1,] %v_8[3.4,] 	 SYMBOL:	 ARGS:%v_8,
		 6: ATTRASSIGN %self->current %v_9[3.5,] 
		 7: Line Number 172
		 8: %self->respond_to def_%v_10 %self[3.2,3.6,2.0,] %self[3.2,3.6,2.0,] 	 SYMBOL:	 ARGS:%self,
CLOSURE BEGIN: format[] %self[3.2,3.6,2.0,] 
BB 1
	outgoing: 6 2 
	datadep: 
	instructions:
BB 2
	outgoing: 3 
	datadep: 
	instructions:
		 0: def_%self 
		 1: def_%cl_1_0 
		 2: RECEIVEARG def_format 
		 3: COPY TYPE_CurrentScope def_%current_scope 
		 4: COPY TYPE_ScopeModule def_%current_module 
BB 3
	outgoing: 4 6 
	datadep: 
	instructions:
		 0: Line Number 173
		 1: format->html def_%cl_1_3 format[2.2,] %self[2.0,] 	 SYMBOL:	 ARGS:format,
CLOSURE BEGIN: %self[2.0,] 
BB 1
	outgoing: 9 2 
	datadep: 
	instructions:
BB 2
	outgoing: 3 
	datadep: 
	instructions:
		 0: def_%self 
		 1: def_%cl_2_0 
		 2: COPY TYPE_CurrentScope def_%current_scope 
		 3: COPY TYPE_ScopeModule def_%current_module 
BB 3
	outgoing: 4 5 7 
	datadep: 
	instructions:
		 0: Line Number 174
		 1: GETFIELD %self->import def_%cl_2_3 %self[2.0,] 
		 2: %cl_2_3->finished? def_%cl_2_4 %cl_2_3[3.1,] 	 SYMBOL:	 ARGS:
		 3: BRANCH %cl_2_4[3.2,] 
BB 4
	outgoing: 6 7 
	datadep: 
	instructions:
		 0: Line Number 175
		 1: GETFIELD %self->import def_%cl_2_5 %self[2.0,] 
		 2: %self->import_path def_%cl_2_6 %self[2.0,] %cl_2_5[4.1,] 	 SYMBOL:	 ARGS:%cl_2_5,
		 3: %self->redirect_to def_%cl_2_7 %self[4.2,2.0,] %cl_2_6[4.2,] 	 SYMBOL:	 ARGS:%cl_2_6,
		 4: 
BB 5
	outgoing: 7 9 
	datadep: 
	instructions:
		 0: Line Number 177
		 1: GETFIELD %self->import def_%cl_2_8 %self[2.0,] 
		 2: %self->import_run_path def_%cl_2_9 %self[2.0,] %cl_2_8[5.1,] 	 SYMBOL:	 ARGS:%cl_2_8,
		 3: %self->redirect_to def_%cl_2_10 %self[5.2,2.0,] %cl_2_9[5.2,] 	 SYMBOL:	 ARGS:%cl_2_9,
		 4: RETURN %cl_2_10[5.3,] %self[5.2,5.3,2.0,] 
BB 6
	outgoing: 9 
	datadep: 
	instructions:
		 0: RETURN %cl_2_7[4.3,] %self[2.0,] 
BB 7
	outgoing: 9 
	datadep: 
	instructions:
		 0: def_%cl_2_11 
		 1: def_%cl_2_12 %cl_2_11[7.0,] 
		 2: RETURN %cl_2_12[7.1,] %self[2.0,] 
BB 9
	outgoing: 
	datadep: 
	instructions:
CLOSURE END: 
		 2: Line Number 180
		 3: format->js def_%cl_1_4 format[3.1,2.2,] 	 SYMBOL:	 ARGS:
		 4: RETURN %cl_1_4[3.3,] %self[2.0,] 
BB 4
	outgoing: 6 
	datadep: 
	instructions:
		 0: def_%cl_1_5 
		 1: def_%cl_1_6 %cl_1_5[4.0,] 
		 2: RETURN %cl_1_6[4.1,] %self[2.0,] 
BB 6
	outgoing: 
	datadep: 
	instructions:
CLOSURE END: 
		 9: RETURN %v_10[3.8,] %self[3.2,3.6,3.8,2.0,] 
BB 4
	outgoing: 6 
	datadep: 
	instructions:
		 0: RETURN %self[2.0,] 
BB 6
	outgoing: 
	datadep: 
	instructions:

SET IRMethod, name = find_import instanceMethod = true
BB 1
	outgoing: 14 2 
	datadep: 
	instructions:
BB 2
	outgoing: 3 4 
	datadep: 
	instructions:
		 0: def_%self 
		 1: def_%v_0 
		 2: COPY TYPE_CurrentScope def_%current_scope 
		 3: COPY TYPE_ScopeModule def_%current_module 
		 4: 
		 5: Line Number 195
		 6: (Import) def_%v_3 
		 7: (User) def_%v_4 
		 8: %v_4->current def_%v_5 %v_4[2.7,] 	 SYMBOL:	 ARGS:
		 9: %v_5->id def_%v_6 %v_5[2.8,] 	 SYMBOL:	 ARGS:
		 10: %self->params def_%v_7 %self[2.0,] 	 SYMBOL:	 ARGS:
		 11: %v_7->[] def_%v_8 %v_7[2.10,] 	 SYMBOL:id,	 ARGS:Symbol,
		 12: HASH-user_id-filename- def_%v_9 %v_6[2.9,] %v_8[2.11,] 
		 13: %v_3->where def_%v_10 %v_3[2.6,] %v_9[2.12,] 	 SYMBOL:	 ARGS:%v_9,
		 14: %v_10->first def_%v_11 %v_10[2.13,] 	 SYMBOL:	 ARGS:
		 15: ATTRASSIGN %self->import %v_11[2.14,] 
		 16: Line Number 196
		 17: GETFIELD %self->import def_%v_12 %self[2.0,2.10,2.15,] 
		 18: %v_12->nil? def_%v_13 %v_12[2.17,] 	 SYMBOL:	 ARGS:
		 19: BRANCH %v_13[2.18,] 
BB 3
	outgoing: 14 
	datadep: 
	instructions:
		 0: Line Number 197
		 1: %self->render_404 def_%v_14 %self[2.0,2.15,] 	 SYMBOL:	 ARGS:
		 2: Line Number 198
		 3: RETURN %self[3.1,2.0,2.15,] 
BB 4
	outgoing: 5 6 
	datadep: 
	instructions:
		 0: Line Number 199
		 1: GETFIELD %self->import def_%v_16 %self[2.0,2.15,] 
		 2: %v_16->finished? def_%v_17 %v_16[4.1,] 	 SYMBOL:	 ARGS:
		 3: BRANCH %v_17[4.2,] 
BB 5
	outgoing: 6 
	datadep: 
	instructions:
		 0: %self->action_name def_%v_18 %self[2.0,2.15,] 	 SYMBOL:	 ARGS:
		 1: COPY TYPE_StringLiteral "show" def_%v_19 
		 2: %v_18->!= def_%v_20 %v_18[5.0,] %v_19[5.1,] 	 SYMBOL:	 ARGS:%v_19,
		 3: COPY TYPE_PASS def_%v_17 %v_20[5.2,] 
BB 6
	outgoing: 7 8 
	datadep: 
	instructions:
		 0: BRANCH %v_17[5.3,4.2,] 
BB 7
	outgoing: 14 
	datadep: 
	instructions:
		 0: Line Number 200
		 1: GETFIELD %self->import def_%v_21 %self[2.0,2.15,] 
		 2: %self->import_path def_%v_22 %self[2.0,2.15,] %v_21[7.1,] 	 SYMBOL:	 ARGS:%v_21,
		 3: %self->redirect_to def_%v_23 %self[7.2,2.0,2.15,] %v_22[7.2,] 	 SYMBOL:	 ARGS:%v_22,
		 4: Line Number 201
		 5: RETURN %self[7.2,7.3,2.0,2.15,] 
BB 8
	outgoing: 10 
	datadep: 
	instructions:
		 0: COPY TYPE_Nil def_%v_24 
		 1: COPY TYPE_PASS def_%v_15 %v_24[8.0,] 
BB 10
	outgoing: 11 12 
	datadep: 
	instructions:
		 0: Line Number 203
		 1: %self->request def_%v_25 %self[2.0,2.15,] 	 SYMBOL:	 ARGS:
		 2: %v_25->post? def_%v_26 %v_25[10.1,] 	 SYMBOL:	 ARGS:
		 3: BRANCH %v_26[10.2,] 
BB 11
	outgoing: 14 
	datadep: 
	instructions:
		 0: %self->update_from_params def_%v_27 %self[2.0,2.15,] 	 SYMBOL:	 ARGS:
		 1: RETURN %v_27[11.0,] %self[11.0,2.0,2.15,] 
BB 12
	outgoing: 14 
	datadep: 
	instructions:
		 0: RETURN %self[2.0,2.15,] 
BB 14
	outgoing: 
	datadep: 
	instructions:

SET IRMethod, name = update_from_params instanceMethod = true
BB 1
	outgoing: 8 2 
	datadep: 
	instructions:
BB 2
	outgoing: 3 6 
	datadep: 
	instructions:
		 0: def_%self 
		 1: def_%v_0 
		 2: COPY TYPE_CurrentScope def_%current_scope 
		 3: COPY TYPE_ScopeModule def_%current_module 
		 4: 
		 5: Line Number 206
		 6: %self->params def_%v_3 %self[2.0,] 	 SYMBOL:	 ARGS:
		 7: %v_3->[] def_%v_4 %v_3[2.6,] 	 SYMBOL:import_settings,	 ARGS:Symbol,
		 8: %v_4->present? def_%v_5 %v_4[2.7,] 	 SYMBOL:	 ARGS:
		 9: BRANCH %v_5[2.8,] 
BB 3
	outgoing: 4 5 
	datadep: 
	instructions:
		 0: Line Number 207
		 1: GETFIELD %self->import def_%v_8 %self[2.0,] 
		 2: %v_8->settings def_%v_6 %v_8[3.1,] 	 SYMBOL:	 ARGS:
		 3: BRANCH %v_6[3.2,] 
BB 4
	outgoing: 5 
	datadep: 
	instructions:
		 0: HASH- def_%v_9 
		 1: %v_8->settings= def_%v_7 %v_9[4.0,] 	 SYMBOL:	 ARGS:%v_9,
		 2: COPY TYPE_PASS def_%v_6 %v_9[4.0,] 
BB 5
	outgoing: 8 
	datadep: 
	instructions:
		 0: Line Number 208
		 1: GETFIELD %self->import def_%v_10 %self[2.0,] 
		 2: %v_10->settings def_%v_11 %v_10[5.1,] 	 SYMBOL:	 ARGS:
		 3: %self->params def_%v_12 %self[2.0,] 	 SYMBOL:	 ARGS:
		 4: %v_12->[] def_%v_13 %v_12[5.3,] 	 SYMBOL:import_settings,	 ARGS:Symbol,
		 5: %v_13->to_unsafe_hash def_%v_14 %v_13[5.4,] 	 SYMBOL:	 ARGS:
		 6: %v_11->merge! def_%v_15 %v_11[5.2,] %v_14[5.5,] 	 SYMBOL:	 ARGS:%v_14,
		 7: Line Number 209
		 8: GETFIELD %self->import def_%v_16 %self[5.3,2.0,] 
		 9: %v_16->save! def_%v_17 %v_16[5.8,] 	 SYMBOL:	 ARGS:
		 10: RETURN %v_17[5.9,] %self[5.3,2.0,] 
BB 6
	outgoing: 8 
	datadep: 
	instructions:
		 0: RETURN %self[2.0,] 
BB 8
	outgoing: 
	datadep: 
	instructions:

SET IRMethod, name = max_items_per_request instanceMethod = true
BB 1
	outgoing: 3 2 
	datadep: 
	instructions:
BB 2
	outgoing: 3 
	datadep: 
	instructions:
		 0: def_%self 
		 1: def_%v_0 
		 2: COPY TYPE_CurrentScope def_%current_scope 
		 3: COPY TYPE_ScopeModule def_%current_module 
		 4: 
		 5: Line Number 213
		 6: RETURN %self[2.0,] 
BB 3
	outgoing: 
	datadep: 
	instructions:

