SET IRMethod, name = index instanceMethod = true
BB 1
	outgoing: 3 2 
	datadep: 
	instructions:
BB 2
	outgoing: 3 
	datadep: 
	instructions:
		 0: def_%self 
		 1: def_%v_0 
		 2: COPY TYPE_CurrentScope def_%current_scope 
		 3: COPY TYPE_ScopeModule def_%current_module 
		 4: 
		 5: Line Number 7
		 6: (IssueStatus) def_%v_3 
		 7: %v_3->sorted def_%v_4 %v_3[2.6,] 	 SYMBOL:	 ARGS:
		 8: %v_4->to_a def_%v_5 %v_4[2.7,] 	 SYMBOL:	 ARGS:
		 9: ATTRASSIGN %self->issue_statuses %v_5[2.8,] 
		 10: Line Number 8
		 11: %self->respond_to def_%v_6 %self[2.0,2.9,] %self[2.0,2.9,] 	 SYMBOL:	 ARGS:%self,
CLOSURE BEGIN: format[] %self[2.0,2.9,] 
BB 1
	outgoing: 6 2 
	datadep: 
	instructions:
BB 2
	outgoing: 3 
	datadep: 
	instructions:
		 0: def_%self 
		 1: def_%cl_1_0 
		 2: RECEIVEARG def_format 
		 3: COPY TYPE_CurrentScope def_%current_scope 
		 4: COPY TYPE_ScopeModule def_%current_module 
BB 3
	outgoing: 4 6 
	datadep: 
	instructions:
		 0: Line Number 9
		 1: format->html def_%cl_1_3 format[2.2,] %self[2.0,] 	 SYMBOL:	 ARGS:format,
CLOSURE BEGIN: %self[2.0,] 
BB 1
	outgoing: 9 2 
	datadep: 
	instructions:
BB 2
	outgoing: 3 
	datadep: 
	instructions:
		 0: def_%self 
		 1: def_%cl_2_0 
		 2: COPY TYPE_CurrentScope def_%current_scope 
		 3: COPY TYPE_ScopeModule def_%current_module 
BB 3
	outgoing: 4 5 7 
	datadep: 
	instructions:
		 0: Line Number 9
		 1: %self->request def_%cl_2_3 %self[2.0,] 	 SYMBOL:	 ARGS:
		 2: %cl_2_3->xhr? def_%cl_2_4 %cl_2_3[3.1,] 	 SYMBOL:	 ARGS:
		 3: BRANCH %cl_2_4[3.2,] 
BB 4
	outgoing: 6 7 
	datadep: 
	instructions:
		 0: HASH-layout- def_%cl_2_5 
		 1: %self->render def_%cl_2_6 %self[2.0,] %cl_2_5[4.0,] 	 SYMBOL:	 ARGS:%cl_2_5,
		 2: 
BB 5
	outgoing: 9 
	datadep: 
	instructions:
		 0: RETURN %self[2.0,] 
BB 6
	outgoing: 9 
	datadep: 
	instructions:
		 0: RETURN %cl_2_6[4.1,] %self[2.0,] 
BB 7
	outgoing: 9 
	datadep: 
	instructions:
		 0: def_%cl_2_7 
		 1: def_%cl_2_8 %cl_2_7[7.0,] 
		 2: RETURN %cl_2_8[7.1,] %self[2.0,] 
BB 9
	outgoing: 
	datadep: 
	instructions:
CLOSURE END: 
		 2: Line Number 10
		 3: format->api def_%cl_1_4 format[3.1,2.2,] 	 SYMBOL:	 ARGS:
		 4: RETURN %cl_1_4[3.3,] %self[2.0,] 
BB 4
	outgoing: 6 
	datadep: 
	instructions:
		 0: def_%cl_1_5 
		 1: def_%cl_1_6 %cl_1_5[4.0,] 
		 2: RETURN %cl_1_6[4.1,] %self[2.0,] 
BB 6
	outgoing: 
	datadep: 
	instructions:
CLOSURE END: 
		 12: RETURN %v_6[2.11,] %self[2.0,2.9,2.11,] 
BB 3
	outgoing: 
	datadep: 
	instructions:

SET IRMethod, name = new instanceMethod = true
BB 1
	outgoing: 3 2 
	datadep: 
	instructions:
BB 2
	outgoing: 3 
	datadep: 
	instructions:
		 0: def_%self 
		 1: def_%v_0 
		 2: COPY TYPE_CurrentScope def_%current_scope 
		 3: COPY TYPE_ScopeModule def_%current_module 
		 4: 
		 5: Line Number 34
		 6: (IssueStatus) def_%v_3 
		 7: %v_3->new def_%v_4 %v_3[2.6,] 	 SYMBOL:	 ARGS:
		 8: ATTRASSIGN %self->issue_status %v_4[2.7,] 
		 9: RETURN %v_4[2.7,] %self[2.0,2.8,] 
BB 3
	outgoing: 
	datadep: 
	instructions:

SET IRMethod, name = create instanceMethod = true
BB 1
	outgoing: 6 2 
	datadep: 
	instructions:
BB 2
	outgoing: 3 4 
	datadep: 
	instructions:
		 0: def_%self 
		 1: def_%v_0 
		 2: COPY TYPE_CurrentScope def_%current_scope 
		 3: COPY TYPE_ScopeModule def_%current_module 
		 4: 
		 5: Line Number 42
		 6: (IssueStatus) def_%v_3 
		 7: %v_3->new def_%v_4 %v_3[2.6,] 	 SYMBOL:	 ARGS:
		 8: ATTRASSIGN %self->issue_status %v_4[2.7,] 
		 9: Line Number 43
		 10: GETFIELD %self->issue_status def_%v_5 %self[2.0,2.8,] 
		 11: %self->params def_%v_6 %self[2.0,2.8,] 	 SYMBOL:	 ARGS:
		 12: %v_6->[] def_%v_7 %v_6[2.11,] 	 SYMBOL:issue_status,	 ARGS:Symbol,
		 13: ATTRASSIGN %v_5->safe_attributes %v_7[2.12,] 
		 14: Line Number 44
		 15: GETFIELD %self->issue_status def_%v_8 %self[2.0,2.8,2.11,] 
		 16: %v_8->save def_%v_9 %v_8[2.15,] 	 SYMBOL:	 ARGS:
		 17: BRANCH %v_9[2.16,] 
BB 3
	outgoing: 6 
	datadep: 
	instructions:
		 0: Line Number 45
		 1: %self->flash def_%v_10 %self[2.0,2.8,] 	 SYMBOL:	 ARGS:
		 2: %self->l def_%v_11 %self[3.1,2.0,2.8,] 	 SYMBOL:notice_successful_create,	 ARGS:Symbol,
		 3: ATTRASSIGN %v_10->[] %v_11[3.2,] 
		 4: Line Number 46
		 5: %self->issue_statuses_path def_%v_12 %self[3.1,3.2,2.0,2.8,] 	 SYMBOL:	 ARGS:
		 6: %self->redirect_to def_%v_13 %self[3.1,3.2,3.5,2.0,2.8,] %v_12[3.5,] 	 SYMBOL:	 ARGS:%v_12,
		 7: RETURN %v_13[3.6,] %self[3.1,3.2,3.5,3.6,2.0,2.8,] 
BB 4
	outgoing: 6 
	datadep: 
	instructions:
		 0: Line Number 48
		 1: COPY TYPE_StringLiteral "new" def_%v_14 
		 2: HASH-action- def_%v_15 %v_14[4.1,] 
		 3: %self->render def_%v_16 %self[2.0,2.8,] %v_15[4.2,] 	 SYMBOL:	 ARGS:%v_15,
		 4: Line Number 49
		 5: %self->l def_%v_17 %self[4.3,2.0,2.8,] 	 SYMBOL:label_issue_status_plural,	 ARGS:Symbol,
		 6: %self->issue_statuses_path def_%v_18 %self[4.3,4.5,2.0,2.8,] 	 SYMBOL:	 ARGS:
		 7: COPY TYPE_Array def_%v_19 %v_17[4.5,] %v_18[4.6,] 
		 8: %self->l def_%v_20 %self[4.3,4.5,4.6,2.0,2.8,] 	 SYMBOL:label_issue_status_new,	 ARGS:Symbol,
		 9: %self->title def_%v_21 %self[4.3,4.5,4.6,4.8,2.0,2.8,] %v_19[4.7,] %v_20[4.8,] 	 SYMBOL:	 ARGS:%v_19,%v_20,
		 10: Line Number 50
		 11: GETFIELD %self->issue_status def_%v_22 %self[4.3,4.5,4.6,4.8,4.9,2.0,2.8,] 
		 12: %self->labelled_form_for def_%v_23 %self[4.3,4.5,4.6,4.8,4.9,2.0,2.8,] %v_22[4.11,] %self[4.3,4.5,4.6,4.8,4.9,2.0,2.8,] 	 SYMBOL:	 ARGS:%v_22,%self,
CLOSURE BEGIN: f[] %self[4.3,4.5,4.6,4.8,4.9,2.0,2.8,] 
BB 1
	outgoing: 6 2 
	datadep: 
	instructions:
BB 2
	outgoing: 3 
	datadep: 
	instructions:
		 0: def_%self 
		 1: def_%cl_1_0 
		 2: RECEIVEARG def_f 
		 3: COPY TYPE_CurrentScope def_%current_scope 
		 4: COPY TYPE_ScopeModule def_%current_module 
BB 3
	outgoing: 4 6 
	datadep: 
	instructions:
		 0: Line Number 51
		 1: COPY TYPE_StringLiteral "form" def_%cl_1_3 
		 2: HASH-f- def_%cl_1_4 f[2.2,] 
		 3: HASH-partial-locals- def_%cl_1_5 %cl_1_3[3.1,] %cl_1_4[3.2,] 
		 4: %self->render def_%cl_1_6 %self[2.0,] %cl_1_5[3.3,] 	 SYMBOL:	 ARGS:%cl_1_5,
		 5: Line Number 52
		 6: %self->l def_%cl_1_7 %self[3.4,2.0,] 	 SYMBOL:button_create,	 ARGS:Symbol,
		 7: %self->submit_tag def_%cl_1_8 %self[3.4,3.6,2.0,] %cl_1_7[3.6,] 	 SYMBOL:	 ARGS:%cl_1_7,
		 8: RETURN %cl_1_8[3.7,] %self[3.4,3.6,3.7,2.0,] 
BB 4
	outgoing: 6 
	datadep: 
	instructions:
		 0: def_%cl_1_9 
		 1: def_%cl_1_10 %cl_1_9[4.0,] 
		 2: RETURN %cl_1_10[4.1,] %self[2.0,] 
BB 6
	outgoing: 
	datadep: 
	instructions:
CLOSURE END: 
		 13: RETURN %v_23[4.12,] %self[4.3,4.5,4.6,4.8,4.9,4.12,2.0,2.8,] 
BB 6
	outgoing: 
	datadep: 
	instructions:

SET IRMethod, name = edit instanceMethod = true
BB 1
	outgoing: 3 2 
	datadep: 
	instructions:
BB 2
	outgoing: 3 
	datadep: 
	instructions:
		 0: def_%self 
		 1: def_%v_0 
		 2: COPY TYPE_CurrentScope def_%current_scope 
		 3: COPY TYPE_ScopeModule def_%current_module 
		 4: 
		 5: Line Number 57
		 6: (IssueStatus) def_%v_3 
		 7: %self->params def_%v_4 %self[2.0,] 	 SYMBOL:	 ARGS:
		 8: %v_4->[] def_%v_5 %v_4[2.7,] 	 SYMBOL:id,	 ARGS:Symbol,
		 9: %v_3->find def_%v_6 %v_3[2.6,] %v_5[2.8,] 	 SYMBOL:	 ARGS:%v_5,
		 10: ATTRASSIGN %self->issue_status %v_6[2.9,] 
		 11: RETURN %v_6[2.9,] %self[2.0,2.7,2.10,] 
BB 3
	outgoing: 
	datadep: 
	instructions:

SET IRMethod, name = update instanceMethod = true
BB 1
	outgoing: 6 2 
	datadep: 
	instructions:
BB 2
	outgoing: 3 4 
	datadep: 
	instructions:
		 0: def_%self 
		 1: def_%v_0 
		 2: COPY TYPE_CurrentScope def_%current_scope 
		 3: COPY TYPE_ScopeModule def_%current_module 
		 4: 
		 5: Line Number 65
		 6: (IssueStatus) def_%v_3 
		 7: %self->params def_%v_4 %self[2.0,] 	 SYMBOL:	 ARGS:
		 8: %v_4->[] def_%v_5 %v_4[2.7,] 	 SYMBOL:id,	 ARGS:Symbol,
		 9: %v_3->find def_%v_6 %v_3[2.6,] %v_5[2.8,] 	 SYMBOL:	 ARGS:%v_5,
		 10: ATTRASSIGN %self->issue_status %v_6[2.9,] 
		 11: Line Number 66
		 12: GETFIELD %self->issue_status def_%v_7 %self[2.0,2.7,2.10,] 
		 13: %self->params def_%v_8 %self[2.0,2.7,2.10,] 	 SYMBOL:	 ARGS:
		 14: %v_8->[] def_%v_9 %v_8[2.13,] 	 SYMBOL:issue_status,	 ARGS:Symbol,
		 15: ATTRASSIGN %v_7->safe_attributes %v_9[2.14,] 
		 16: Line Number 67
		 17: GETFIELD %self->issue_status def_%v_10 %self[2.0,2.7,2.10,2.13,] 
		 18: %v_10->save def_%v_11 %v_10[2.17,] 	 SYMBOL:	 ARGS:
		 19: BRANCH %v_11[2.18,] 
BB 3
	outgoing: 6 
	datadep: 
	instructions:
		 0: Line Number 68
		 1: %self->respond_to def_%v_12 %self[2.0,2.10,] %self[2.0,2.10,] 	 SYMBOL:	 ARGS:%self,
CLOSURE BEGIN: format[] %self[2.0,2.10,] 
BB 1
	outgoing: 6 2 
	datadep: 
	instructions:
BB 2
	outgoing: 3 
	datadep: 
	instructions:
		 0: def_%self 
		 1: def_%cl_1_0 
		 2: RECEIVEARG def_format 
		 3: COPY TYPE_CurrentScope def_%current_scope 
		 4: COPY TYPE_ScopeModule def_%current_module 
BB 3
	outgoing: 4 6 
	datadep: 
	instructions:
		 0: Line Number 69
		 1: format->html def_%cl_1_3 format[2.2,] %self[2.0,] 	 SYMBOL:	 ARGS:format,
CLOSURE BEGIN: %self[2.0,] 
BB 1
	outgoing: 6 2 
	datadep: 
	instructions:
BB 2
	outgoing: 3 
	datadep: 
	instructions:
		 0: def_%self 
		 1: def_%cl_2_0 
		 2: COPY TYPE_CurrentScope def_%current_scope 
		 3: COPY TYPE_ScopeModule def_%current_module 
BB 3
	outgoing: 4 6 
	datadep: 
	instructions:
		 0: Line Number 70
		 1: %self->flash def_%cl_2_3 %self[2.0,] 	 SYMBOL:	 ARGS:
		 2: %self->l def_%cl_2_4 %self[3.1,2.0,] 	 SYMBOL:notice_successful_update,	 ARGS:Symbol,
		 3: ATTRASSIGN %cl_2_3->[] %cl_2_4[3.2,] 
		 4: Line Number 71
		 5: %self->params def_%cl_2_5 %self[3.1,3.2,2.0,] 	 SYMBOL:	 ARGS:
		 6: %cl_2_5->[] def_%cl_2_6 %cl_2_5[3.5,] 	 SYMBOL:page,	 ARGS:Symbol,
		 7: HASH-page- def_%cl_2_7 %cl_2_6[3.6,] 
		 8: %self->issue_statuses_path def_%cl_2_8 %self[3.1,3.2,3.5,2.0,] %cl_2_7[3.7,] 	 SYMBOL:	 ARGS:%cl_2_7,
		 9: %self->redirect_to def_%cl_2_9 %self[3.1,3.2,3.5,3.8,2.0,] %cl_2_8[3.8,] 	 SYMBOL:	 ARGS:%cl_2_8,
		 10: RETURN %cl_2_9[3.9,] %self[3.1,3.2,3.5,3.8,3.9,2.0,] 
BB 4
	outgoing: 6 
	datadep: 
	instructions:
		 0: def_%cl_2_10 
		 1: def_%cl_2_11 %cl_2_10[4.0,] 
		 2: RETURN %cl_2_11[4.1,] %self[2.0,] 
BB 6
	outgoing: 
	datadep: 
	instructions:
CLOSURE END: 
		 2: Line Number 73
		 3: format->js def_%cl_1_4 format[3.1,2.2,] %self[2.0,] 	 SYMBOL:	 ARGS:format,
CLOSURE BEGIN: %self[2.0,] 
BB 1
	outgoing: 6 2 
	datadep: 
	instructions:
BB 2
	outgoing: 3 
	datadep: 
	instructions:
		 0: def_%self 
		 1: def_%cl_3_0 
		 2: COPY TYPE_CurrentScope def_%current_scope 
		 3: COPY TYPE_ScopeModule def_%current_module 
BB 3
	outgoing: 4 6 
	datadep: 
	instructions:
		 0: Line Number 73
		 1: %self->head def_%cl_3_3 %self[2.0,] 	 SYMBOL:	 ARGS:Fixnum,
		 2: RETURN %cl_3_3[3.1,] %self[3.1,2.0,] 
BB 4
	outgoing: 6 
	datadep: 
	instructions:
		 0: def_%cl_3_4 
		 1: def_%cl_3_5 %cl_3_4[4.0,] 
		 2: RETURN %cl_3_5[4.1,] %self[2.0,] 
BB 6
	outgoing: 
	datadep: 
	instructions:
CLOSURE END: 
		 4: RETURN %cl_1_4[3.3,] %self[2.0,] 
BB 4
	outgoing: 6 
	datadep: 
	instructions:
		 0: def_%cl_1_5 
		 1: def_%cl_1_6 %cl_1_5[4.0,] 
		 2: RETURN %cl_1_6[4.1,] %self[2.0,] 
BB 6
	outgoing: 
	datadep: 
	instructions:
CLOSURE END: 
		 2: RETURN %v_12[3.1,] %self[3.1,2.0,2.10,] 
BB 4
	outgoing: 6 
	datadep: 
	instructions:
		 0: Line Number 76
		 1: %self->respond_to def_%v_13 %self[2.0,2.10,] %self[2.0,2.10,] 	 SYMBOL:	 ARGS:%self,
CLOSURE BEGIN: format[] %self[2.0,2.10,] f[] 
BB 1
	outgoing: 6 2 
	datadep: 
	instructions:
BB 2
	outgoing: 3 
	datadep: 
	instructions:
		 0: def_%self 
		 1: def_%cl_4_0 
		 2: RECEIVEARG def_format 
		 3: COPY TYPE_CurrentScope def_%current_scope 
		 4: COPY TYPE_ScopeModule def_%current_module 
BB 3
	outgoing: 4 6 
	datadep: 
	instructions:
		 0: Line Number 77
		 1: format->html def_%cl_4_3 format[2.2,] %self[2.0,] 	 SYMBOL:	 ARGS:format,
CLOSURE BEGIN: %self[2.0,] 
BB 1
	outgoing: 6 2 
	datadep: 
	instructions:
BB 2
	outgoing: 3 
	datadep: 
	instructions:
		 0: def_%self 
		 1: def_%cl_5_0 
		 2: COPY TYPE_CurrentScope def_%current_scope 
		 3: COPY TYPE_ScopeModule def_%current_module 
BB 3
	outgoing: 4 6 
	datadep: 
	instructions:
		 0: Line Number 77
		 1: COPY TYPE_StringLiteral "edit" def_%cl_5_3 
		 2: HASH-action- def_%cl_5_4 %cl_5_3[3.1,] 
		 3: %self->render def_%cl_5_5 %self[2.0,] %cl_5_4[3.2,] 	 SYMBOL:	 ARGS:%cl_5_4,
		 4: RETURN %cl_5_5[3.3,] %self[3.3,2.0,] 
BB 4
	outgoing: 6 
	datadep: 
	instructions:
		 0: def_%cl_5_6 
		 1: def_%cl_5_7 %cl_5_6[4.0,] 
		 2: RETURN %cl_5_7[4.1,] %self[2.0,] 
BB 6
	outgoing: 
	datadep: 
	instructions:
CLOSURE END: 
		 2: Line Number 78
		 3: %self->l def_%cl_4_4 %self[2.0,] 	 SYMBOL:label_issue_status_plural,	 ARGS:Symbol,
		 4: %self->issue_statuses_path def_%cl_4_5 %self[3.3,2.0,] 	 SYMBOL:	 ARGS:
		 5: COPY TYPE_Array def_%cl_4_6 %cl_4_4[3.3,] %cl_4_5[3.4,] 
		 6: GETFIELD %self->issue_status def_%cl_4_7 %self[3.3,3.4,2.0,] 
		 7: %cl_4_7->name def_%cl_4_8 %cl_4_7[3.6,] 	 SYMBOL:	 ARGS:
		 8: %self->title def_%cl_4_9 %self[3.3,3.4,2.0,] %cl_4_6[3.5,] %cl_4_8[3.7,] 	 SYMBOL:	 ARGS:%cl_4_6,%cl_4_8,
		 9: Line Number 79
		 10: GETFIELD %self->issue_status def_%cl_4_10 %self[3.3,3.4,3.8,2.0,] 
		 11: %self->labelled_form_for def_%cl_4_11 %self[3.3,3.4,3.8,2.0,] %cl_4_10[3.10,] %self[3.3,3.4,3.8,2.0,] 	 SYMBOL:	 ARGS:%cl_4_10,%self,
CLOSURE BEGIN: f[] %self[3.3,3.4,3.8,2.0,] 
BB 1
	outgoing: 6 2 
	datadep: 
	instructions:
BB 2
	outgoing: 3 
	datadep: 
	instructions:
		 0: def_%self 
		 1: def_%cl_6_0 
		 2: RECEIVEARG def_f 
		 3: COPY TYPE_CurrentScope def_%current_scope 
		 4: COPY TYPE_ScopeModule def_%current_module 
BB 3
	outgoing: 4 6 
	datadep: 
	instructions:
		 0: Line Number 80
		 1: COPY TYPE_StringLiteral "form" def_%cl_6_3 
		 2: HASH-f- def_%cl_6_4 f[2.2,] 
		 3: HASH-partial-locals- def_%cl_6_5 %cl_6_3[3.1,] %cl_6_4[3.2,] 
		 4: %self->render def_%cl_6_6 %self[2.0,] %cl_6_5[3.3,] 	 SYMBOL:	 ARGS:%cl_6_5,
		 5: Line Number 81
		 6: %self->l def_%cl_6_7 %self[3.4,2.0,] 	 SYMBOL:button_save,	 ARGS:Symbol,
		 7: %self->submit_tag def_%cl_6_8 %self[3.4,3.6,2.0,] %cl_6_7[3.6,] 	 SYMBOL:	 ARGS:%cl_6_7,
		 8: RETURN %cl_6_8[3.7,] %self[3.4,3.6,3.7,2.0,] 
BB 4
	outgoing: 6 
	datadep: 
	instructions:
		 0: def_%cl_6_9 
		 1: def_%cl_6_10 %cl_6_9[4.0,] 
		 2: RETURN %cl_6_10[4.1,] %self[2.0,] 
BB 6
	outgoing: 
	datadep: 
	instructions:
CLOSURE END: 
		 12: Line Number 83
		 13: format->js def_%cl_4_12 format[3.1,2.2,] %self[3.3,3.4,3.8,3.11,2.0,] 	 SYMBOL:	 ARGS:format,
CLOSURE BEGIN: %self[3.3,3.4,3.8,3.11,2.0,] 
BB 1
	outgoing: 6 2 
	datadep: 
	instructions:
BB 2
	outgoing: 3 
	datadep: 
	instructions:
		 0: def_%self 
		 1: def_%cl_7_0 
		 2: COPY TYPE_CurrentScope def_%current_scope 
		 3: COPY TYPE_ScopeModule def_%current_module 
BB 3
	outgoing: 4 6 
	datadep: 
	instructions:
		 0: Line Number 83
		 1: %self->head def_%cl_7_3 %self[2.0,] 	 SYMBOL:	 ARGS:Fixnum,
		 2: RETURN %cl_7_3[3.1,] %self[3.1,2.0,] 
BB 4
	outgoing: 6 
	datadep: 
	instructions:
		 0: def_%cl_7_4 
		 1: def_%cl_7_5 %cl_7_4[4.0,] 
		 2: RETURN %cl_7_5[4.1,] %self[2.0,] 
BB 6
	outgoing: 
	datadep: 
	instructions:
CLOSURE END: 
		 14: RETURN %cl_4_12[3.13,] %self[3.3,3.4,3.8,3.11,2.0,] 
BB 4
	outgoing: 6 
	datadep: 
	instructions:
		 0: def_%cl_4_13 
		 1: def_%cl_4_14 %cl_4_13[4.0,] 
		 2: RETURN %cl_4_14[4.1,] %self[2.0,] 
BB 6
	outgoing: 
	datadep: 
	instructions:
CLOSURE END: 
		 2: RETURN %v_13[4.1,] %self[4.1,2.0,2.10,] 
BB 6
	outgoing: 
	datadep: 
	instructions:

SET IRMethod, name = destroy instanceMethod = true
BB 1
	outgoing: 12 2 
	datadep: 
	instructions:
BB 2
	outgoing: 4 
	datadep: 
	instructions:
		 0: def_%self 
		 1: def_%v_0 
		 2: COPY TYPE_CurrentScope def_%current_scope 
		 3: COPY TYPE_ScopeModule def_%current_module 
		 4: 
		 5: GLOBALVAR $! def_%v_3 
BB 4
	outgoing: 5 6 
	datadep: 
	instructions:
		 0: 
		 1: Line Number 88
		 2: (IssueStatus) def_%v_6 
		 3: %self->params def_%v_7 %self[2.0,] 	 SYMBOL:	 ARGS:
		 4: %v_7->[] def_%v_8 %v_7[4.3,] 	 SYMBOL:id,	 ARGS:Symbol,
		 5: %v_6->find def_%v_9 %v_6[4.2,] %v_8[4.4,] 	 SYMBOL:	 ARGS:%v_8,
		 6: %v_9->destroy def_%v_10 %v_9[4.5,] 	 SYMBOL:	 ARGS:
		 7: Line Number 89
		 8: %self->issue_statuses_path def_%v_11 %self[4.3,2.0,] 	 SYMBOL:	 ARGS:
		 9: %self->redirect_to def_%v_12 %self[4.3,4.8,2.0,] %v_11[4.8,] 	 SYMBOL:	 ARGS:%v_11,
		 10: COPY TYPE_PASS def_%v_5 %v_12[4.9,] 
		 11: %v_3[2.5,] 
BB 5
	outgoing: 11 
	datadep: 
	instructions:
		 0: 
BB 6
	outgoing: 7 8 10 
	datadep: 
	instructions:
		 0: def_%v_13 
		 1: def_%v_14 %v_13[6.0,] 
		 2: BRANCH %v_14[6.1,] 
BB 7
	outgoing: 10 12 
	datadep: 
	instructions:
		 0: %v_13[6.0,] 
BB 8
	outgoing: 9 10 
	datadep: 
	instructions:
		 0: Line Number 91
		 1: %self->flash def_%v_15 %self[2.0,] 	 SYMBOL:	 ARGS:
		 2: %self->l def_%v_16 %self[8.1,2.0,] 	 SYMBOL:error_unable_delete_issue_status,	 ARGS:Symbol,
		 3: ATTRASSIGN %v_15->[] %v_16[8.2,] 
		 4: Line Number 92
		 5: %self->issue_statuses_path def_%v_17 %self[8.1,8.2,2.0,] 	 SYMBOL:	 ARGS:
		 6: %self->redirect_to def_%v_18 %self[8.1,8.2,8.5,2.0,] %v_17[8.5,] 	 SYMBOL:	 ARGS:%v_17,
		 7: COPY TYPE_PASS def_%v_5 %v_18[8.6,] 
		 8: %v_3[2.5,] 
BB 9
	outgoing: 11 
	datadep: 
	instructions:
		 0: 
BB 10
	outgoing: 12 
	datadep: 
	instructions:
		 0: def_%v_19 
		 1: def_%v_20 %v_19[10.0,] %v_3[2.5,] 
		 2: %v_19[10.0,] 
BB 11
	outgoing: 12 
	datadep: 
	instructions:
		 0: RETURN %v_5[4.10,8.7,] %self[2.0,] 
BB 12
	outgoing: 
	datadep: 
	instructions:

SET IRMethod, name = update_issue_done_ratio instanceMethod = true
BB 1
	outgoing: 8 2 
	datadep: 
	instructions:
BB 2
	outgoing: 3 4 
	datadep: 
	instructions:
		 0: def_%self 
		 1: def_%v_0 
		 2: COPY TYPE_CurrentScope def_%current_scope 
		 3: COPY TYPE_ScopeModule def_%current_module 
		 4: 
		 5: Line Number 95
		 6: %self->request def_%v_3 %self[2.0,] 	 SYMBOL:	 ARGS:
		 7: %v_3->post? def_%v_4 %v_3[2.6,] 	 SYMBOL:	 ARGS:
		 8: BRANCH %v_4[2.7,] 
BB 3
	outgoing: 4 
	datadep: 
	instructions:
		 0: (IssueStatus) def_%v_5 
		 1: %v_5->update_issue_done_ratios def_%v_6 %v_5[3.0,] 	 SYMBOL:	 ARGS:
		 2: COPY TYPE_PASS def_%v_4 %v_6[3.1,] 
BB 4
	outgoing: 5 6 
	datadep: 
	instructions:
		 0: BRANCH %v_4[3.2,2.7,] 
BB 5
	outgoing: 7 
	datadep: 
	instructions:
		 0: Line Number 96
		 1: %self->flash def_%v_7 %self[2.0,] 	 SYMBOL:	 ARGS:
		 2: %self->l def_%v_8 %self[5.1,2.0,] 	 SYMBOL:notice_issue_done_ratios_updated,	 ARGS:Symbol,
		 3: ATTRASSIGN %v_7->[] %v_8[5.2,] 
		 4: 
BB 6
	outgoing: 7 
	datadep: 
	instructions:
		 0: Line Number 98
		 1: %self->flash def_%v_9 %self[2.0,] 	 SYMBOL:	 ARGS:
		 2: %self->l def_%v_10 %self[6.1,2.0,] 	 SYMBOL:error_issue_done_ratios_not_updated,	 ARGS:Symbol,
		 3: ATTRASSIGN %v_9->[] %v_10[6.2,] 
		 4: COPY TYPE_PASS def_%v_8 %v_10[6.2,] 
BB 7
	outgoing: 8 
	datadep: 
	instructions:
		 0: Line Number 100
		 1: %self->issue_statuses_path def_%v_11 %self[2.0,] 	 SYMBOL:	 ARGS:
		 2: %self->redirect_to def_%v_12 %self[7.1,2.0,] %v_11[7.1,] 	 SYMBOL:	 ARGS:%v_11,
		 3: RETURN %v_12[7.2,] %self[7.1,7.2,2.0,] 
BB 8
	outgoing: 
	datadep: 
	instructions:

