SET IRMethod, name = index instanceMethod = true
BB 1
	outgoing: 7 2 
	datadep: 
	instructions:
BB 2
	outgoing: 3 4 
	datadep: 
	instructions:
		 0: def_%self 
		 1: def_%v_0 
		 2: COPY TYPE_CurrentScope def_%current_scope 
		 3: COPY TYPE_ScopeModule def_%current_module 
		 4: 
		 5: Line Number 9
		 6: GETFIELD %self->project def_%v_3 %self[2.0,] 
		 7: %v_3->memberships def_%v_4 %v_3[2.6,] 	 SYMBOL:	 ARGS:
		 8: COPY TYPE_PASS def_scope %v_4[2.7,] 
		 9: Line Number 10
		 10: %self->api_offset_and_limit def_%v_5 %self[2.0,] 	 SYMBOL:	 ARGS:
		 11: def_%v_6 %v_5[2.10,] 
		 12: def_%v_7 %v_6[2.11,] 
		 13: def_%v_8 %v_6[2.11,] 
		 14: ATTRASSIGN %self->offset %v_7[2.12,] 
		 15: ATTRASSIGN %self->limit %v_8[2.13,] 
		 16: Line Number 11
		 17: scope->count def_%v_9 scope[2.8,] 	 SYMBOL:	 ARGS:
		 18: ATTRASSIGN %self->member_count %v_9[2.17,] 
		 19: Line Number 12
		 20: (Paginator) def_%v_10 
		 21: GETFIELD %self->member_count def_%v_11 %self[2.0,2.10,2.18,] 
		 22: GETFIELD %self->limit def_%v_12 %self[2.0,2.10,2.15,] 
		 23: %self->params def_%v_13 %self[2.0,2.10,2.14,2.15,2.18,] 	 SYMBOL:	 ARGS:
		 24: COPY TYPE_StringLiteral "page" def_%v_14 
		 25: %v_13->[] def_%v_15 %v_13[2.23,] %v_14[2.24,] 	 SYMBOL:	 ARGS:%v_14,
		 26: %v_10->new def_%v_16 %v_10[2.20,] %v_11[2.21,] %v_12[2.22,] %v_15[2.25,] 	 SYMBOL:	 ARGS:%v_11,%v_12,%v_15,
		 27: ATTRASSIGN %self->member_pages %v_16[2.26,] 
		 28: Line Number 13
		 29: def_%v_18 %self[2.0,2.10,2.14,2.15,2.18,2.23,2.27,] 
		 30: COPY TYPE_PASS def_%v_17 %v_18[2.29,] 
		 31: %v_18[2.29,] 
BB 3
	outgoing: 4 
	datadep: 
	instructions:
		 0: GETFIELD %self->offset def_%v_19 %self[2.0,2.14,] 
		 1: COPY TYPE_PASS def_%v_17 %v_19[3.0,] 
BB 4
	outgoing: 5 6 
	datadep: 
	instructions:
		 0: BRANCH %v_17[3.1,2.30,] 
BB 5
	outgoing: 6 
	datadep: 
	instructions:
		 0: GETFIELD %self->member_pages def_%v_20 %self[2.0,2.27,] 
		 1: %v_20->offset def_%v_21 %v_20[5.0,] 	 SYMBOL:	 ARGS:
		 2: ATTRASSIGN %self->offset %v_21[5.1,] 
		 3: COPY TYPE_PASS def_%v_19 %v_21[5.1,] 
BB 6
	outgoing: 7 
	datadep: 
	instructions:
		 0: Line Number 14
		 1: scope->order def_%v_22 scope[2.8,] 	 SYMBOL:id,	 ARGS:Symbol,
		 2: GETFIELD %self->limit def_%v_23 %self[2.0,2.15,] 
		 3: %v_22->limit def_%v_24 %v_22[6.1,] %v_23[6.2,] 	 SYMBOL:	 ARGS:%v_23,
		 4: GETFIELD %self->offset def_%v_25 %self[5.2,2.0,2.14,] 
		 5: %v_24->offset def_%v_26 %v_24[6.3,] %v_25[6.4,] 	 SYMBOL:	 ARGS:%v_25,
		 6: %v_26->to_a def_%v_27 %v_26[6.5,] 	 SYMBOL:	 ARGS:
		 7: ATTRASSIGN %self->members %v_27[6.6,] 
		 8: Line Number 15
		 9: %self->respond_to def_%v_28 %self[6.7,5.2,2.0,2.14,2.15,2.18,2.27,] %self[6.7,5.2,2.0,2.14,2.15,2.18,2.27,] 	 SYMBOL:	 ARGS:%self,
CLOSURE BEGIN: format[] %self[6.7,5.2,2.0,2.14,2.15,2.18,2.27,] 
BB 1
	outgoing: 6 2 
	datadep: 
	instructions:
BB 2
	outgoing: 3 
	datadep: 
	instructions:
		 0: def_%self 
		 1: def_%cl_1_0 
		 2: RECEIVEARG def_format 
		 3: COPY TYPE_CurrentScope def_%current_scope 
		 4: COPY TYPE_ScopeModule def_%current_module 
BB 3
	outgoing: 4 6 
	datadep: 
	instructions:
		 0: Line Number 16
		 1: format->html def_%cl_1_3 format[2.2,] %self[2.0,] 	 SYMBOL:	 ARGS:format,
CLOSURE BEGIN: %self[2.0,] 
BB 1
	outgoing: 6 2 
	datadep: 
	instructions:
BB 2
	outgoing: 3 
	datadep: 
	instructions:
		 0: def_%self 
		 1: def_%cl_2_0 
		 2: COPY TYPE_CurrentScope def_%current_scope 
		 3: COPY TYPE_ScopeModule def_%current_module 
BB 3
	outgoing: 4 6 
	datadep: 
	instructions:
		 0: Line Number 16
		 1: %self->head def_%cl_2_3 %self[2.0,] 	 SYMBOL:	 ARGS:Fixnum,
		 2: RETURN %cl_2_3[3.1,] %self[3.1,2.0,] 
BB 4
	outgoing: 6 
	datadep: 
	instructions:
		 0: def_%cl_2_4 
		 1: def_%cl_2_5 %cl_2_4[4.0,] 
		 2: RETURN %cl_2_5[4.1,] %self[2.0,] 
BB 6
	outgoing: 
	datadep: 
	instructions:
CLOSURE END: 
		 2: Line Number 17
		 3: format->api def_%cl_1_4 format[3.1,2.2,] 	 SYMBOL:	 ARGS:
		 4: RETURN %cl_1_4[3.3,] %self[2.0,] 
BB 4
	outgoing: 6 
	datadep: 
	instructions:
		 0: def_%cl_1_5 
		 1: def_%cl_1_6 %cl_1_5[4.0,] 
		 2: RETURN %cl_1_6[4.1,] %self[2.0,] 
BB 6
	outgoing: 
	datadep: 
	instructions:
CLOSURE END: 
		 10: RETURN %v_28[6.9,] %self[6.7,6.9,5.2,2.0,2.14,2.15,2.18,2.27,] 
BB 7
	outgoing: 
	datadep: 
	instructions:

SET IRMethod, name = show instanceMethod = true
BB 1
	outgoing: 3 2 
	datadep: 
	instructions:
BB 2
	outgoing: 3 
	datadep: 
	instructions:
		 0: def_%self 
		 1: def_%v_0 
		 2: COPY TYPE_CurrentScope def_%current_scope 
		 3: COPY TYPE_ScopeModule def_%current_module 
		 4: 
		 5: Line Number 21
		 6: %self->respond_to def_%v_3 %self[2.0,] %self[2.0,] 	 SYMBOL:	 ARGS:%self,
CLOSURE BEGIN: format[] %self[2.0,] 
BB 1
	outgoing: 6 2 
	datadep: 
	instructions:
BB 2
	outgoing: 3 
	datadep: 
	instructions:
		 0: def_%self 
		 1: def_%cl_1_0 
		 2: RECEIVEARG def_format 
		 3: COPY TYPE_CurrentScope def_%current_scope 
		 4: COPY TYPE_ScopeModule def_%current_module 
BB 3
	outgoing: 4 6 
	datadep: 
	instructions:
		 0: Line Number 22
		 1: format->html def_%cl_1_3 format[2.2,] %self[2.0,] 	 SYMBOL:	 ARGS:format,
CLOSURE BEGIN: %self[2.0,] 
BB 1
	outgoing: 6 2 
	datadep: 
	instructions:
BB 2
	outgoing: 3 
	datadep: 
	instructions:
		 0: def_%self 
		 1: def_%cl_2_0 
		 2: COPY TYPE_CurrentScope def_%current_scope 
		 3: COPY TYPE_ScopeModule def_%current_module 
BB 3
	outgoing: 4 6 
	datadep: 
	instructions:
		 0: Line Number 22
		 1: %self->head def_%cl_2_3 %self[2.0,] 	 SYMBOL:	 ARGS:Fixnum,
		 2: RETURN %cl_2_3[3.1,] %self[3.1,2.0,] 
BB 4
	outgoing: 6 
	datadep: 
	instructions:
		 0: def_%cl_2_4 
		 1: def_%cl_2_5 %cl_2_4[4.0,] 
		 2: RETURN %cl_2_5[4.1,] %self[2.0,] 
BB 6
	outgoing: 
	datadep: 
	instructions:
CLOSURE END: 
		 2: Line Number 23
		 3: format->api def_%cl_1_4 format[3.1,2.2,] 	 SYMBOL:	 ARGS:
		 4: RETURN %cl_1_4[3.3,] %self[2.0,] 
BB 4
	outgoing: 6 
	datadep: 
	instructions:
		 0: def_%cl_1_5 
		 1: def_%cl_1_6 %cl_1_5[4.0,] 
		 2: RETURN %cl_1_6[4.1,] %self[2.0,] 
BB 6
	outgoing: 
	datadep: 
	instructions:
CLOSURE END: 
		 7: RETURN %v_3[2.6,] %self[2.0,2.6,] 
BB 3
	outgoing: 
	datadep: 
	instructions:

SET IRMethod, name = new instanceMethod = true
BB 1
	outgoing: 3 2 
	datadep: 
	instructions:
BB 2
	outgoing: 3 
	datadep: 
	instructions:
		 0: def_%self 
		 1: def_%v_0 
		 2: COPY TYPE_CurrentScope def_%current_scope 
		 3: COPY TYPE_ScopeModule def_%current_module 
		 4: 
		 5: Line Number 27
		 6: (Member) def_%v_3 
		 7: %v_3->new def_%v_4 %v_3[2.6,] 	 SYMBOL:	 ARGS:
		 8: ATTRASSIGN %self->member %v_4[2.7,] 
		 9: RETURN %v_4[2.7,] %self[2.0,2.8,] 
BB 3
	outgoing: 
	datadep: 
	instructions:

SET IRMethod, name = create instanceMethod = true
BB 1
	outgoing: 11 2 
	datadep: 
	instructions:
BB 2
	outgoing: 3 9 
	datadep: 
	instructions:
		 0: def_%self 
		 1: def_%v_0 
		 2: COPY TYPE_CurrentScope def_%current_scope 
		 3: COPY TYPE_ScopeModule def_%current_module 
		 4: 
		 5: Line Number 35
		 6: COPY TYPE_Array def_%v_3 
		 7: COPY TYPE_PASS def_members %v_3[2.6,] 
		 8: Line Number 36
		 9: %self->params def_%v_4 %self[2.0,] 	 SYMBOL:	 ARGS:
		 10: %v_4->[] def_%v_5 %v_4[2.9,] 	 SYMBOL:membership,	 ARGS:Symbol,
		 11: BRANCH %v_5[2.10,] 
BB 3
	outgoing: 4 5 
	datadep: 
	instructions:
		 0: Line Number 37
		 1: (Array) def_%v_6 
		 2: %self->params def_%v_7 %self[2.0,] 	 SYMBOL:	 ARGS:
		 3: %v_7->[] def_%v_8 %v_7[3.2,] 	 SYMBOL:membership,	 ARGS:Symbol,
		 4: %v_8->[] def_%v_9 %v_8[3.3,] 	 SYMBOL:user_id,	 ARGS:Symbol,
		 5: BRANCH %v_9[3.4,] 
BB 4
	outgoing: 5 
	datadep: 
	instructions:
		 0: %self->params def_%v_10 %self[2.0,] 	 SYMBOL:	 ARGS:
		 1: %v_10->[] def_%v_11 %v_10[4.0,] 	 SYMBOL:membership,	 ARGS:Symbol,
		 2: %v_11->[] def_%v_12 %v_11[4.1,] 	 SYMBOL:user_ids,	 ARGS:Symbol,
		 3: COPY TYPE_PASS def_%v_9 %v_12[4.2,] 
BB 5
	outgoing: 6 7 
	datadep: 
	instructions:
		 0: %v_6->wrap def_%v_13 %v_6[3.1,] %v_9[4.3,3.4,] 	 SYMBOL:	 ARGS:%v_9,
		 1: COPY TYPE_PASS def_user_ids %v_13[5.0,] 
		 2: Line Number 38
		 3: %v_13->empty? def_%v_14 %v_13[5.0,] 	 SYMBOL:	 ARGS:
		 4: BRANCH %v_14[5.3,] 
BB 6
	outgoing: 8 
	datadep: 
	instructions:
		 0: user_ids-><< def_%v_15 user_ids[5.1,] 	 SYMBOL:	 ARGS:Nil,
		 1: 
BB 7
	outgoing: 8 
	datadep: 
	instructions:
		 0: COPY TYPE_Nil def_%v_15 
BB 8
	outgoing: 10 
	datadep: 
	instructions:
		 0: Line Number 39
		 1: user_ids->each def_%v_16 user_ids[5.1,] %self[2.0,] 	 SYMBOL:	 ARGS:user_ids,
CLOSURE BEGIN: %self[2.0,] user_id[] member[] members[2.7,] 
BB 1
	outgoing: 6 2 
	datadep: 
	instructions:
BB 2
	outgoing: 3 
	datadep: 
	instructions:
		 0: def_%self 
		 1: def_%cl_1_0 
		 2: RECEIVEARG def_user_id 
		 3: COPY TYPE_CurrentScope def_%current_scope 
		 4: COPY TYPE_ScopeModule def_%current_module 
BB 3
	outgoing: 4 6 
	datadep: 
	instructions:
		 0: Line Number 40
		 1: (Member) def_%cl_1_3 
		 2: GETFIELD %self->project def_%cl_1_4 %self[2.0,] 
		 3: HASH-project-user_id- def_%cl_1_5 %cl_1_4[3.2,] user_id[2.2,] 
		 4: %cl_1_3->new def_%cl_1_6 %cl_1_3[3.1,] %cl_1_5[3.3,] 	 SYMBOL:	 ARGS:%cl_1_5,
		 5: COPY TYPE_PASS def_member %cl_1_6[3.4,] 
		 6: Line Number 41
		 7: %self->params def_%cl_1_7 %self[2.0,] 	 SYMBOL:	 ARGS:
		 8: %cl_1_7->[] def_%cl_1_8 %cl_1_7[3.7,] 	 SYMBOL:membership,	 ARGS:Symbol,
		 9: %cl_1_8->[] def_%cl_1_9 %cl_1_8[3.8,] 	 SYMBOL:role_ids,	 ARGS:Symbol,
		 10: member->set_editable_role_ids def_%cl_1_10 member[3.5,] %cl_1_9[3.9,] 	 SYMBOL:	 ARGS:%cl_1_9,
		 11: Line Number 42
		 12: members-><< def_%cl_1_11 members[] member[3.5,3.10,] 	 SYMBOL:	 ARGS:member,
		 13: RETURN %cl_1_11[3.12,] %self[3.7,2.0,] 
BB 4
	outgoing: 6 
	datadep: 
	instructions:
		 0: def_%cl_1_12 
		 1: def_%cl_1_13 %cl_1_12[4.0,] 
		 2: RETURN %cl_1_13[4.1,] %self[2.0,] 
BB 6
	outgoing: 
	datadep: 
	instructions:
CLOSURE END: member[3.5,] 
		 2: Line Number 44
		 3: GETFIELD %self->project def_%v_17 %self[2.0,] 
		 4: %v_17->members def_%v_18 %v_17[8.3,] 	 SYMBOL:	 ARGS:
		 5: %v_18-><< def_%v_19 %v_18[8.4,] members[2.7,] 	 SYMBOL:	 ARGS:members,
		 6: 
BB 9
	outgoing: 10 
	datadep: 
	instructions:
		 0: COPY TYPE_Nil def_%v_19 
BB 10
	outgoing: 11 
	datadep: 
	instructions:
		 0: Line Number 46
		 1: %self->respond_to def_%v_20 %self[2.0,] %self[2.0,] 	 SYMBOL:	 ARGS:%self,
CLOSURE BEGIN: format[] %self[2.0,] members[2.7,] 
BB 1
	outgoing: 6 2 
	datadep: 
	instructions:
BB 2
	outgoing: 3 
	datadep: 
	instructions:
		 0: def_%self 
		 1: def_%cl_2_0 
		 2: RECEIVEARG def_format 
		 3: COPY TYPE_CurrentScope def_%current_scope 
		 4: COPY TYPE_ScopeModule def_%current_module 
BB 3
	outgoing: 4 6 
	datadep: 
	instructions:
		 0: Line Number 47
		 1: format->html def_%cl_2_3 format[2.2,] %self[2.0,] 	 SYMBOL:	 ARGS:format,
CLOSURE BEGIN: %self[2.0,] 
BB 1
	outgoing: 6 2 
	datadep: 
	instructions:
BB 2
	outgoing: 3 
	datadep: 
	instructions:
		 0: def_%self 
		 1: def_%cl_3_0 
		 2: COPY TYPE_CurrentScope def_%current_scope 
		 3: COPY TYPE_ScopeModule def_%current_module 
BB 3
	outgoing: 4 6 
	datadep: 
	instructions:
		 0: Line Number 47
		 1: %self->redirect_to_settings_in_projects def_%cl_3_3 %self[2.0,] 	 SYMBOL:	 ARGS:
		 2: RETURN %cl_3_3[3.1,] %self[3.1,2.0,] 
BB 4
	outgoing: 6 
	datadep: 
	instructions:
		 0: def_%cl_3_4 
		 1: def_%cl_3_5 %cl_3_4[4.0,] 
		 2: RETURN %cl_3_5[4.1,] %self[2.0,] 
BB 6
	outgoing: 
	datadep: 
	instructions:
CLOSURE END: 
		 2: Line Number 48
		 3: format->js def_%cl_2_4 format[3.1,2.2,] %self[2.0,] 	 SYMBOL:	 ARGS:format,
CLOSURE BEGIN: %self[2.0,] members[] 
BB 1
	outgoing: 6 2 
	datadep: 
	instructions:
BB 2
	outgoing: 3 
	datadep: 
	instructions:
		 0: def_%self 
		 1: def_%cl_4_0 
		 2: COPY TYPE_CurrentScope def_%current_scope 
		 3: COPY TYPE_ScopeModule def_%current_module 
BB 3
	outgoing: 4 6 
	datadep: 
	instructions:
		 0: Line Number 49
		 1: ATTRASSIGN %self->members members[] 
		 2: Line Number 50
		 3: (Member) def_%cl_4_3 
		 4: %cl_4_3->new def_%cl_4_4 %cl_4_3[3.3,] 	 SYMBOL:	 ARGS:
		 5: ATTRASSIGN %self->member %cl_4_4[3.4,] 
		 6: RETURN %cl_4_4[3.4,] %self[3.1,3.5,2.0,] 
BB 4
	outgoing: 6 
	datadep: 
	instructions:
		 0: def_%cl_4_5 
		 1: def_%cl_4_6 %cl_4_5[4.0,] 
		 2: RETURN %cl_4_6[4.1,] %self[3.1,3.5,2.0,] 
BB 6
	outgoing: 
	datadep: 
	instructions:
CLOSURE END: 
		 4: Line Number 52
		 5: format->api def_%cl_2_5 format[3.1,3.3,2.2,] %self[2.0,] 	 SYMBOL:	 ARGS:format,
CLOSURE BEGIN: members[] %self[2.0,] 
BB 1
	outgoing: 9 2 
	datadep: 
	instructions:
BB 2
	outgoing: 3 
	datadep: 
	instructions:
		 0: def_%self 
		 1: def_%cl_5_0 
		 2: COPY TYPE_CurrentScope def_%current_scope 
		 3: COPY TYPE_ScopeModule def_%current_module 
BB 3
	outgoing: 4 5 7 
	datadep: 
	instructions:
		 0: Line Number 53
		 1: members->first def_%cl_5_3 members[] 	 SYMBOL:	 ARGS:
		 2: ATTRASSIGN %self->member %cl_5_3[3.1,] 
		 3: Line Number 54
		 4: GETFIELD %self->member def_%cl_5_4 %self[3.2,2.0,] 
		 5: %cl_5_4->valid? def_%cl_5_5 %cl_5_4[3.4,] 	 SYMBOL:	 ARGS:
		 6: BRANCH %cl_5_5[3.5,] 
BB 4
	outgoing: 6 7 
	datadep: 
	instructions:
		 0: Line Number 55
		 1: COPY TYPE_StringLiteral "show" def_%cl_5_6 
		 2: GETFIELD %self->member def_%cl_5_7 %self[3.2,2.0,] 
		 3: %self->membership_url def_%cl_5_8 %self[3.2,2.0,] %cl_5_7[4.2,] 	 SYMBOL:	 ARGS:%cl_5_7,
		 4: HASH-action-status-location- def_%cl_5_9 %cl_5_6[4.1,] %cl_5_8[4.3,] 
		 5: %self->render def_%cl_5_10 %self[4.3,3.2,2.0,] %cl_5_9[4.4,] 	 SYMBOL:	 ARGS:%cl_5_9,
		 6: 
BB 5
	outgoing: 7 9 
	datadep: 
	instructions:
		 0: Line Number 57
		 1: GETFIELD %self->member def_%cl_5_11 %self[3.2,2.0,] 
		 2: %self->render_validation_errors def_%cl_5_12 %self[3.2,2.0,] %cl_5_11[5.1,] 	 SYMBOL:	 ARGS:%cl_5_11,
		 3: RETURN %cl_5_12[5.2,] %self[5.2,3.2,2.0,] 
BB 6
	outgoing: 9 
	datadep: 
	instructions:
		 0: RETURN %cl_5_10[4.5,] %self[3.2,2.0,] 
BB 7
	outgoing: 9 
	datadep: 
	instructions:
		 0: def_%cl_5_13 
		 1: def_%cl_5_14 %cl_5_13[7.0,] 
		 2: RETURN %cl_5_14[7.1,] %self[3.2,2.0,] 
BB 9
	outgoing: 
	datadep: 
	instructions:
CLOSURE END: 
		 6: RETURN %cl_2_5[3.5,] %self[2.0,] 
BB 4
	outgoing: 6 
	datadep: 
	instructions:
		 0: def_%cl_2_6 
		 1: def_%cl_2_7 %cl_2_6[4.0,] 
		 2: RETURN %cl_2_7[4.1,] %self[2.0,] 
BB 6
	outgoing: 
	datadep: 
	instructions:
CLOSURE END: 
		 2: RETURN %v_20[10.1,] %self[10.1,2.0,] 
BB 11
	outgoing: 
	datadep: 
	instructions:

SET IRMethod, name = edit instanceMethod = true
BB 1
	outgoing: 3 2 
	datadep: 
	instructions:
BB 2
	outgoing: 3 
	datadep: 
	instructions:
		 0: def_%self 
		 1: def_%v_0 
		 2: COPY TYPE_CurrentScope def_%current_scope 
		 3: COPY TYPE_ScopeModule def_%current_module 
		 4: 
		 5: Line Number 63
		 6: (Role) def_%v_3 
		 7: %v_3->givable def_%v_4 %v_3[2.6,] 	 SYMBOL:	 ARGS:
		 8: %v_4->to_a def_%v_5 %v_4[2.7,] 	 SYMBOL:	 ARGS:
		 9: ATTRASSIGN %self->roles %v_5[2.8,] 
		 10: RETURN %v_5[2.8,] %self[2.0,2.9,] 
BB 3
	outgoing: 
	datadep: 
	instructions:

SET IRMethod, name = update instanceMethod = true
BB 1
	outgoing: 6 2 
	datadep: 
	instructions:
BB 2
	outgoing: 3 4 
	datadep: 
	instructions:
		 0: def_%self 
		 1: def_%v_0 
		 2: COPY TYPE_CurrentScope def_%current_scope 
		 3: COPY TYPE_ScopeModule def_%current_module 
		 4: 
		 5: Line Number 84
		 6: %self->params def_%v_3 %self[2.0,] 	 SYMBOL:	 ARGS:
		 7: %v_3->[] def_%v_4 %v_3[2.6,] 	 SYMBOL:membership,	 ARGS:Symbol,
		 8: BRANCH %v_4[2.7,] 
BB 3
	outgoing: 5 
	datadep: 
	instructions:
		 0: Line Number 85
		 1: GETFIELD %self->member def_%v_5 %self[2.0,] 
		 2: %self->params def_%v_6 %self[2.0,] 	 SYMBOL:	 ARGS:
		 3: %v_6->[] def_%v_7 %v_6[3.2,] 	 SYMBOL:membership,	 ARGS:Symbol,
		 4: %v_7->[] def_%v_8 %v_7[3.3,] 	 SYMBOL:role_ids,	 ARGS:Symbol,
		 5: %v_5->set_editable_role_ids def_%v_9 %v_5[3.1,] %v_8[3.4,] 	 SYMBOL:	 ARGS:%v_8,
		 6: 
BB 4
	outgoing: 5 
	datadep: 
	instructions:
		 0: COPY TYPE_Nil def_%v_9 
BB 5
	outgoing: 6 
	datadep: 
	instructions:
		 0: Line Number 87
		 1: GETFIELD %self->member def_%v_10 %self[2.0,] 
		 2: %v_10->save def_%v_11 %v_10[5.1,] 	 SYMBOL:	 ARGS:
		 3: COPY TYPE_PASS def_saved %v_11[5.2,] 
		 4: Line Number 88
		 5: %self->respond_to def_%v_12 %self[2.0,] %self[2.0,] 	 SYMBOL:	 ARGS:%self,
CLOSURE BEGIN: format[] %self[2.0,] saved[5.3,] 
BB 1
	outgoing: 6 2 
	datadep: 
	instructions:
BB 2
	outgoing: 3 
	datadep: 
	instructions:
		 0: def_%self 
		 1: def_%cl_1_0 
		 2: RECEIVEARG def_format 
		 3: COPY TYPE_CurrentScope def_%current_scope 
		 4: COPY TYPE_ScopeModule def_%current_module 
BB 3
	outgoing: 4 6 
	datadep: 
	instructions:
		 0: Line Number 89
		 1: format->html def_%cl_1_3 format[2.2,] %self[2.0,] 	 SYMBOL:	 ARGS:format,
CLOSURE BEGIN: %self[2.0,] 
BB 1
	outgoing: 6 2 
	datadep: 
	instructions:
BB 2
	outgoing: 3 
	datadep: 
	instructions:
		 0: def_%self 
		 1: def_%cl_2_0 
		 2: COPY TYPE_CurrentScope def_%current_scope 
		 3: COPY TYPE_ScopeModule def_%current_module 
BB 3
	outgoing: 4 6 
	datadep: 
	instructions:
		 0: Line Number 89
		 1: %self->redirect_to_settings_in_projects def_%cl_2_3 %self[2.0,] 	 SYMBOL:	 ARGS:
		 2: RETURN %cl_2_3[3.1,] %self[3.1,2.0,] 
BB 4
	outgoing: 6 
	datadep: 
	instructions:
		 0: def_%cl_2_4 
		 1: def_%cl_2_5 %cl_2_4[4.0,] 
		 2: RETURN %cl_2_5[4.1,] %self[2.0,] 
BB 6
	outgoing: 
	datadep: 
	instructions:
CLOSURE END: 
		 2: Line Number 90
		 3: format->js def_%cl_1_4 format[3.1,2.2,] 	 SYMBOL:	 ARGS:
		 4: Line Number 91
		 5: format->api def_%cl_1_5 format[3.1,3.3,2.2,] %self[2.0,] 	 SYMBOL:	 ARGS:format,
CLOSURE BEGIN: saved[] %self[2.0,] 
BB 1
	outgoing: 9 2 
	datadep: 
	instructions:
BB 2
	outgoing: 4 5 
	datadep: 
	instructions:
		 0: def_%self 
		 1: def_%cl_3_0 
		 2: COPY TYPE_CurrentScope def_%current_scope 
		 3: COPY TYPE_ScopeModule def_%current_module 
		 4: Line Number 92
		 5: BRANCH saved[] 
BB 4
	outgoing: 6 7 
	datadep: 
	instructions:
		 0: Line Number 93
		 1: %self->render_api_ok def_%cl_3_3 %self[2.0,] 	 SYMBOL:	 ARGS:
		 2: 
BB 5
	outgoing: 7 9 
	datadep: 
	instructions:
		 0: Line Number 95
		 1: GETFIELD %self->member def_%cl_3_4 %self[2.0,] 
		 2: %self->render_validation_errors def_%cl_3_5 %self[2.0,] %cl_3_4[5.1,] 	 SYMBOL:	 ARGS:%cl_3_4,
		 3: RETURN %cl_3_5[5.2,] %self[5.2,2.0,] 
BB 6
	outgoing: 9 
	datadep: 
	instructions:
		 0: RETURN %cl_3_3[4.1,] %self[2.0,] 
BB 7
	outgoing: 9 
	datadep: 
	instructions:
		 0: def_%cl_3_6 
		 1: def_%cl_3_7 %cl_3_6[7.0,] 
		 2: RETURN %cl_3_7[7.1,] %self[2.0,] 
BB 9
	outgoing: 
	datadep: 
	instructions:
CLOSURE END: 
		 6: RETURN %cl_1_5[3.5,] %self[2.0,] 
BB 4
	outgoing: 6 
	datadep: 
	instructions:
		 0: def_%cl_1_6 
		 1: def_%cl_1_7 %cl_1_6[4.0,] 
		 2: RETURN %cl_1_7[4.1,] %self[2.0,] 
BB 6
	outgoing: 
	datadep: 
	instructions:
CLOSURE END: 
		 6: RETURN %v_12[5.5,] %self[5.5,2.0,] 
BB 6
	outgoing: 
	datadep: 
	instructions:

SET IRMethod, name = destroy instanceMethod = true
BB 1
	outgoing: 6 2 
	datadep: 
	instructions:
BB 2
	outgoing: 3 4 
	datadep: 
	instructions:
		 0: def_%self 
		 1: def_%v_0 
		 2: COPY TYPE_CurrentScope def_%current_scope 
		 3: COPY TYPE_ScopeModule def_%current_module 
		 4: 
		 5: Line Number 101
		 6: GETFIELD %self->member def_%v_3 %self[2.0,] 
		 7: %v_3->deletable? def_%v_4 %v_3[2.6,] 	 SYMBOL:	 ARGS:
		 8: BRANCH %v_4[2.7,] 
BB 3
	outgoing: 5 
	datadep: 
	instructions:
		 0: Line Number 102
		 1: GETFIELD %self->member def_%v_5 %self[2.0,] 
		 2: %v_5->destroy def_%v_6 %v_5[3.1,] 	 SYMBOL:	 ARGS:
		 3: 
BB 4
	outgoing: 5 
	datadep: 
	instructions:
		 0: COPY TYPE_Nil def_%v_6 
BB 5
	outgoing: 6 
	datadep: 
	instructions:
		 0: Line Number 104
		 1: %self->respond_to def_%v_7 %self[2.0,] %self[2.0,] 	 SYMBOL:	 ARGS:%self,
CLOSURE BEGIN: format[] %self[2.0,] 
BB 1
	outgoing: 6 2 
	datadep: 
	instructions:
BB 2
	outgoing: 3 
	datadep: 
	instructions:
		 0: def_%self 
		 1: def_%cl_1_0 
		 2: RECEIVEARG def_format 
		 3: COPY TYPE_CurrentScope def_%current_scope 
		 4: COPY TYPE_ScopeModule def_%current_module 
BB 3
	outgoing: 4 6 
	datadep: 
	instructions:
		 0: Line Number 105
		 1: format->html def_%cl_1_3 format[2.2,] %self[2.0,] 	 SYMBOL:	 ARGS:format,
CLOSURE BEGIN: %self[2.0,] 
BB 1
	outgoing: 6 2 
	datadep: 
	instructions:
BB 2
	outgoing: 3 
	datadep: 
	instructions:
		 0: def_%self 
		 1: def_%cl_2_0 
		 2: COPY TYPE_CurrentScope def_%current_scope 
		 3: COPY TYPE_ScopeModule def_%current_module 
BB 3
	outgoing: 4 6 
	datadep: 
	instructions:
		 0: Line Number 105
		 1: %self->redirect_to_settings_in_projects def_%cl_2_3 %self[2.0,] 	 SYMBOL:	 ARGS:
		 2: RETURN %cl_2_3[3.1,] %self[3.1,2.0,] 
BB 4
	outgoing: 6 
	datadep: 
	instructions:
		 0: def_%cl_2_4 
		 1: def_%cl_2_5 %cl_2_4[4.0,] 
		 2: RETURN %cl_2_5[4.1,] %self[2.0,] 
BB 6
	outgoing: 
	datadep: 
	instructions:
CLOSURE END: 
		 2: Line Number 106
		 3: format->js def_%cl_1_4 format[3.1,2.2,] 	 SYMBOL:	 ARGS:
		 4: Line Number 107
		 5: format->api def_%cl_1_5 format[3.1,3.3,2.2,] %self[2.0,] 	 SYMBOL:	 ARGS:format,
CLOSURE BEGIN: %self[2.0,] 
BB 1
	outgoing: 9 2 
	datadep: 
	instructions:
BB 2
	outgoing: 3 
	datadep: 
	instructions:
		 0: def_%self 
		 1: def_%cl_3_0 
		 2: COPY TYPE_CurrentScope def_%current_scope 
		 3: COPY TYPE_ScopeModule def_%current_module 
BB 3
	outgoing: 4 5 7 
	datadep: 
	instructions:
		 0: Line Number 108
		 1: GETFIELD %self->member def_%cl_3_3 %self[2.0,] 
		 2: %cl_3_3->destroyed? def_%cl_3_4 %cl_3_3[3.1,] 	 SYMBOL:	 ARGS:
		 3: BRANCH %cl_3_4[3.2,] 
BB 4
	outgoing: 6 7 
	datadep: 
	instructions:
		 0: Line Number 109
		 1: %self->render_api_ok def_%cl_3_5 %self[2.0,] 	 SYMBOL:	 ARGS:
		 2: 
BB 5
	outgoing: 7 9 
	datadep: 
	instructions:
		 0: Line Number 111
		 1: %self->head def_%cl_3_6 %self[2.0,] 	 SYMBOL:unprocessable_entity,	 ARGS:Symbol,
		 2: RETURN %cl_3_6[5.1,] %self[5.1,2.0,] 
BB 6
	outgoing: 9 
	datadep: 
	instructions:
		 0: RETURN %cl_3_5[4.1,] %self[2.0,] 
BB 7
	outgoing: 9 
	datadep: 
	instructions:
		 0: def_%cl_3_7 
		 1: def_%cl_3_8 %cl_3_7[7.0,] 
		 2: RETURN %cl_3_8[7.1,] %self[2.0,] 
BB 9
	outgoing: 
	datadep: 
	instructions:
CLOSURE END: 
		 6: RETURN %cl_1_5[3.5,] %self[2.0,] 
BB 4
	outgoing: 6 
	datadep: 
	instructions:
		 0: def_%cl_1_6 
		 1: def_%cl_1_7 %cl_1_6[4.0,] 
		 2: RETURN %cl_1_7[4.1,] %self[2.0,] 
BB 6
	outgoing: 
	datadep: 
	instructions:
CLOSURE END: 
		 2: RETURN %v_7[5.1,] %self[5.1,2.0,] 
BB 6
	outgoing: 
	datadep: 
	instructions:

SET IRMethod, name = autocomplete instanceMethod = true
BB 1
	outgoing: 3 2 
	datadep: 
	instructions:
BB 2
	outgoing: 3 
	datadep: 
	instructions:
		 0: def_%self 
		 1: def_%v_0 
		 2: COPY TYPE_CurrentScope def_%current_scope 
		 3: COPY TYPE_ScopeModule def_%current_module 
		 4: 
		 5: Line Number 117
		 6: %self->respond_to def_%v_3 %self[2.0,] %self[2.0,] 	 SYMBOL:	 ARGS:%self,
CLOSURE BEGIN: format[] 
BB 1
	outgoing: 6 2 
	datadep: 
	instructions:
BB 2
	outgoing: 3 
	datadep: 
	instructions:
		 0: def_%self 
		 1: def_%cl_1_0 
		 2: RECEIVEARG def_format 
		 3: COPY TYPE_CurrentScope def_%current_scope 
		 4: COPY TYPE_ScopeModule def_%current_module 
BB 3
	outgoing: 4 6 
	datadep: 
	instructions:
		 0: Line Number 118
		 1: format->js def_%cl_1_3 format[2.2,] 	 SYMBOL:	 ARGS:
		 2: RETURN %cl_1_3[3.1,] %self[2.0,] 
BB 4
	outgoing: 6 
	datadep: 
	instructions:
		 0: def_%cl_1_4 
		 1: def_%cl_1_5 %cl_1_4[4.0,] 
		 2: RETURN %cl_1_5[4.1,] %self[2.0,] 
BB 6
	outgoing: 
	datadep: 
	instructions:
CLOSURE END: 
		 7: RETURN %v_3[2.6,] %self[2.0,2.6,] 
BB 3
	outgoing: 
	datadep: 
	instructions:

SET IRMethod, name = redirect_to_settings_in_projects instanceMethod = true
BB 1
	outgoing: 3 2 
	datadep: 
	instructions:
BB 2
	outgoing: 3 
	datadep: 
	instructions:
		 0: def_%self 
		 1: def_%v_0 
		 2: COPY TYPE_CurrentScope def_%current_scope 
		 3: COPY TYPE_ScopeModule def_%current_module 
		 4: 
		 5: Line Number 123
		 6: GETFIELD %self->project def_%v_3 %self[2.0,] 
		 7: COPY TYPE_StringLiteral "members" def_%v_4 
		 8: HASH-tab- def_%v_5 %v_4[2.7,] 
		 9: %self->settings_project_path def_%v_6 %self[2.0,] %v_3[2.6,] %v_5[2.8,] 	 SYMBOL:	 ARGS:%v_3,%v_5,
		 10: %self->redirect_to def_%v_7 %self[2.0,2.9,] %v_6[2.9,] 	 SYMBOL:	 ARGS:%v_6,
		 11: RETURN %v_7[2.10,] %self[2.0,2.9,2.10,] 
BB 3
	outgoing: 
	datadep: 
	instructions:

