SET IRMethod, name = index instanceMethod = true
BB 1
	outgoing: 16 2 
	datadep: 
	instructions:
BB 2
	outgoing: 3 5 
	datadep: 
	instructions:
		 0: def_%self 
		 1: def_%v_0 
		 2: COPY TYPE_CurrentScope def_%current_scope 
		 3: COPY TYPE_ScopeModule def_%current_module 
		 4: 
		 5: Line Number 13
		 6: %self->params def_%v_3 %self[2.0,] 	 SYMBOL:	 ARGS:
		 7: %v_3->[] def_%v_4 %v_3[2.6,] 	 SYMBOL:format,	 ARGS:Symbol,
		 8: COPY TYPE_StringLiteral "xml" def_%v_7 
		 9: def_%v_6 %v_7[2.8,] %v_4[2.7,] 
		 10: BRANCH %v_6[2.9,] 
BB 3
	outgoing: 4 6 
	datadep: 
	instructions:
		 0: COPY TYPE_StringLiteral "json" def_%v_9 
		 1: def_%v_8 %v_9[3.0,] %v_4[2.7,] 
		 2: BRANCH %v_8[3.1,] 
BB 4
	outgoing: 8 
	datadep: 
	instructions:
		 0: Line Number 17
		 1: ATTRASSIGN %self->limit 
		 2: COPY TYPE_Fixnum def_%v_5 
		 3: 
BB 5
	outgoing: 8 
	datadep: 
	instructions:
		 0: Line Number 15
		 1: %self->api_offset_and_limit def_%v_10 %self[2.0,] 	 SYMBOL:	 ARGS:
		 2: def_%v_11 %v_10[5.1,] 
		 3: def_%v_12 %v_11[5.2,] 
		 4: def_%v_13 %v_11[5.2,] 
		 5: ATTRASSIGN %self->offset %v_12[5.3,] 
		 6: ATTRASSIGN %self->limit %v_13[5.4,] 
		 7: COPY TYPE_PASS def_%v_5 %v_10[5.1,] 
		 8: 
BB 6
	outgoing: 8 
	datadep: 
	instructions:
		 0: %self->api_offset_and_limit def_%v_14 %self[2.0,] 	 SYMBOL:	 ARGS:
		 1: def_%v_15 %v_14[6.0,] 
		 2: def_%v_16 %v_15[6.1,] 
		 3: def_%v_17 %v_15[6.1,] 
		 4: ATTRASSIGN %self->offset %v_16[6.2,] 
		 5: ATTRASSIGN %self->limit %v_17[6.3,] 
		 6: COPY TYPE_PASS def_%v_5 %v_14[6.0,] 
		 7: 
BB 8
	outgoing: 9 10 
	datadep: 
	instructions:
		 0: Line Number 19
		 1: GETFIELD %self->project def_%v_18 %self[2.0,] 
		 2: BRANCH %v_18[8.1,] 
BB 9
	outgoing: 11 
	datadep: 
	instructions:
		 0: GETFIELD %self->project def_%v_19 %self[2.0,] 
		 1: %v_19->news def_%v_20 %v_19[9.0,] 	 SYMBOL:	 ARGS:
		 2: %v_20->visible def_%v_21 %v_20[9.1,] 	 SYMBOL:	 ARGS:
		 3: 
BB 10
	outgoing: 11 
	datadep: 
	instructions:
		 0: (News) def_%v_22 
		 1: %v_22->visible def_%v_23 %v_22[10.0,] 	 SYMBOL:	 ARGS:
		 2: COPY TYPE_PASS def_%v_21 %v_23[10.1,] 
BB 11
	outgoing: 12 13 
	datadep: 
	instructions:
		 0: COPY TYPE_PASS def_scope %v_21[10.2,9.2,] 
		 1: Line Number 20
		 2: %v_21->count def_%v_24 %v_21[10.2,9.2,] 	 SYMBOL:	 ARGS:
		 3: ATTRASSIGN %self->news_count %v_24[11.2,] 
		 4: Line Number 21
		 5: (Paginator) def_%v_25 
		 6: GETFIELD %self->news_count def_%v_26 %self[11.3,2.0,] 
		 7: GETFIELD %self->limit def_%v_27 %self[5.6,6.5,4.1,2.0,] 
		 8: %self->params def_%v_28 %self[11.3,5.5,5.6,6.4,6.5,4.1,2.0,] 	 SYMBOL:	 ARGS:
		 9: COPY TYPE_StringLiteral "page" def_%v_29 
		 10: %v_28->[] def_%v_30 %v_28[11.8,] %v_29[11.9,] 	 SYMBOL:	 ARGS:%v_29,
		 11: %v_25->new def_%v_31 %v_25[11.5,] %v_26[11.6,] %v_27[11.7,] %v_30[11.10,] 	 SYMBOL:	 ARGS:%v_26,%v_27,%v_30,
		 12: ATTRASSIGN %self->news_pages %v_31[11.11,] 
		 13: Line Number 22
		 14: def_%v_33 %self[11.3,11.8,11.12,5.5,5.6,6.4,6.5,4.1,2.0,] 
		 15: COPY TYPE_PASS def_%v_32 %v_33[11.14,] 
		 16: %v_33[11.14,] 
BB 12
	outgoing: 13 
	datadep: 
	instructions:
		 0: GETFIELD %self->offset def_%v_34 %self[5.5,6.4,2.0,] 
		 1: COPY TYPE_PASS def_%v_32 %v_34[12.0,] 
BB 13
	outgoing: 14 15 
	datadep: 
	instructions:
		 0: BRANCH %v_32[12.1,11.15,] 
BB 14
	outgoing: 15 
	datadep: 
	instructions:
		 0: GETFIELD %self->news_pages def_%v_35 %self[11.12,2.0,] 
		 1: %v_35->offset def_%v_36 %v_35[14.0,] 	 SYMBOL:	 ARGS:
		 2: ATTRASSIGN %self->offset %v_36[14.1,] 
		 3: COPY TYPE_PASS def_%v_34 %v_36[14.1,] 
BB 15
	outgoing: 16 
	datadep: 
	instructions:
		 0: Line Number 23
		 1: COPY TYPE_Array def_%v_37 
		 2: scope->includes def_%v_38 scope[11.0,] %v_37[15.1,] 	 SYMBOL:	 ARGS:%v_37,
		 3: Line Number 24
		 4: (News) def_%v_39 
		 5: %v_39->table_name def_%v_40 %v_39[15.4,] 	 SYMBOL:	 ARGS:
		 6: COPY TYPE_StringLiteral ".created_on DESC" def_%v_41 
		 7: BUILDSTRING def_%v_42 %v_40[15.5,] %v_41[15.6,] 
		 8: %v_38->order def_%v_43 %v_38[15.2,] %v_42[15.7,] 	 SYMBOL:	 ARGS:%v_42,
		 9: GETFIELD %self->limit def_%v_44 %self[5.6,6.5,4.1,2.0,] 
		 10: %v_43->limit def_%v_45 %v_43[15.8,] %v_44[15.9,] 	 SYMBOL:	 ARGS:%v_44,
		 11: GETFIELD %self->offset def_%v_46 %self[14.2,5.5,6.4,2.0,] 
		 12: %v_45->offset def_%v_47 %v_45[15.10,] %v_46[15.11,] 	 SYMBOL:	 ARGS:%v_46,
		 13: %v_47->to_a def_%v_48 %v_47[15.12,] 	 SYMBOL:	 ARGS:
		 14: ATTRASSIGN %self->newss %v_48[15.13,] 
		 15: Line Number 28
		 16: %self->respond_to def_%v_49 %self[15.14,14.2,11.3,11.12,5.5,5.6,6.4,6.5,4.1,2.0,] %self[15.14,14.2,11.3,11.12,5.5,5.6,6.4,6.5,4.1,2.0,] 	 SYMBOL:	 ARGS:%self,
CLOSURE BEGIN: format[] %self[15.14,14.2,11.3,11.12,5.5,5.6,6.4,6.5,4.1,2.0,] 
BB 1
	outgoing: 6 2 
	datadep: 
	instructions:
BB 2
	outgoing: 3 
	datadep: 
	instructions:
		 0: def_%self 
		 1: def_%cl_1_0 
		 2: RECEIVEARG def_format 
		 3: COPY TYPE_CurrentScope def_%current_scope 
		 4: COPY TYPE_ScopeModule def_%current_module 
BB 3
	outgoing: 4 6 
	datadep: 
	instructions:
		 0: Line Number 29
		 1: format->html def_%cl_1_3 format[2.2,] %self[2.0,] 	 SYMBOL:	 ARGS:format,
CLOSURE BEGIN: %self[2.0,] 
BB 1
	outgoing: 9 2 
	datadep: 
	instructions:
BB 2
	outgoing: 3 
	datadep: 
	instructions:
		 0: def_%self 
		 1: def_%cl_2_0 
		 2: COPY TYPE_CurrentScope def_%current_scope 
		 3: COPY TYPE_ScopeModule def_%current_module 
BB 3
	outgoing: 4 5 7 
	datadep: 
	instructions:
		 0: Line Number 30
		 1: (News) def_%cl_2_3 
		 2: %cl_2_3->new def_%cl_2_4 %cl_2_3[3.1,] 	 SYMBOL:	 ARGS:
		 3: ATTRASSIGN %self->news %cl_2_4[3.2,] 
		 4: Line Number 31
		 5: %self->request def_%cl_2_5 %self[3.3,2.0,] 	 SYMBOL:	 ARGS:
		 6: %cl_2_5->xhr? def_%cl_2_6 %cl_2_5[3.5,] 	 SYMBOL:	 ARGS:
		 7: BRANCH %cl_2_6[3.6,] 
BB 4
	outgoing: 6 7 
	datadep: 
	instructions:
		 0: HASH-layout- def_%cl_2_7 
		 1: %self->render def_%cl_2_8 %self[3.3,2.0,] %cl_2_7[4.0,] 	 SYMBOL:	 ARGS:%cl_2_7,
		 2: 
BB 5
	outgoing: 9 
	datadep: 
	instructions:
		 0: RETURN %self[3.3,2.0,] 
BB 6
	outgoing: 9 
	datadep: 
	instructions:
		 0: RETURN %cl_2_8[4.1,] %self[3.3,2.0,] 
BB 7
	outgoing: 9 
	datadep: 
	instructions:
		 0: def_%cl_2_9 
		 1: def_%cl_2_10 %cl_2_9[7.0,] 
		 2: RETURN %cl_2_10[7.1,] %self[3.3,2.0,] 
BB 9
	outgoing: 
	datadep: 
	instructions:
CLOSURE END: 
		 2: Line Number 33
		 3: format->api def_%cl_1_4 format[3.1,2.2,] 	 SYMBOL:	 ARGS:
		 4: Line Number 34
		 5: format->atom def_%cl_1_5 format[3.1,3.3,2.2,] %self[2.0,] 	 SYMBOL:	 ARGS:format,
CLOSURE BEGIN: %self[2.0,] 
BB 1
	outgoing: 9 2 
	datadep: 
	instructions:
BB 2
	outgoing: 4 5 
	datadep: 
	instructions:
		 0: def_%self 
		 1: def_%cl_3_0 
		 2: COPY TYPE_CurrentScope def_%current_scope 
		 3: COPY TYPE_ScopeModule def_%current_module 
		 4: Line Number 34
		 5: GETFIELD %self->newss def_%cl_3_3 %self[2.0,] 
		 6: GETFIELD %self->project def_%cl_3_4 %self[2.0,] 
		 7: BRANCH %cl_3_4[2.6,] 
BB 4
	outgoing: 6 7 
	datadep: 
	instructions:
		 0: GETFIELD %self->project def_%cl_3_5 %self[2.0,] 
		 1: %cl_3_5->name def_%cl_3_6 %cl_3_5[4.0,] 	 SYMBOL:	 ARGS:
		 2: 
BB 5
	outgoing: 6 7 
	datadep: 
	instructions:
		 0: (Setting) def_%cl_3_7 
		 1: %cl_3_7->app_title def_%cl_3_8 %cl_3_7[5.0,] 	 SYMBOL:	 ARGS:
		 2: COPY TYPE_PASS def_%cl_3_6 %cl_3_8[5.1,] 
BB 6
	outgoing: 7 9 
	datadep: 
	instructions:
		 0: COPY TYPE_StringLiteral ": " def_%cl_3_9 
		 1: %self->l def_%cl_3_10 %self[2.0,] 	 SYMBOL:label_news_plural,	 ARGS:Symbol,
		 2: BUILDSTRING def_%cl_3_11 %cl_3_9[6.0,] %cl_3_10[6.1,] 
		 3: %cl_3_6->+ def_%cl_3_12 %cl_3_6[5.2,4.1,] %cl_3_11[6.2,] 	 SYMBOL:	 ARGS:%cl_3_11,
		 4: HASH-title- def_%cl_3_13 %cl_3_12[6.3,] 
		 5: %self->render_feed def_%cl_3_14 %self[6.1,2.0,] %cl_3_3[2.5,] %cl_3_13[6.4,] 	 SYMBOL:	 ARGS:%cl_3_3,%cl_3_13,
		 6: RETURN %cl_3_14[6.5,] %self[6.1,6.5,2.0,] 
BB 7
	outgoing: 9 
	datadep: 
	instructions:
		 0: def_%cl_3_15 
		 1: def_%cl_3_16 %cl_3_15[7.0,] 
		 2: RETURN %cl_3_16[7.1,] %self[2.0,] 
BB 9
	outgoing: 
	datadep: 
	instructions:
CLOSURE END: 
		 6: RETURN %cl_1_5[3.5,] %self[2.0,] 
BB 4
	outgoing: 6 
	datadep: 
	instructions:
		 0: def_%cl_1_6 
		 1: def_%cl_1_7 %cl_1_6[4.0,] 
		 2: RETURN %cl_1_7[4.1,] %self[2.0,] 
BB 6
	outgoing: 
	datadep: 
	instructions:
CLOSURE END: 
		 17: RETURN %v_49[15.16,] %self[15.14,15.16,14.2,11.3,11.12,5.5,5.6,6.4,6.5,4.1,2.0,] 
BB 16
	outgoing: 
	datadep: 
	instructions:

SET IRMethod, name = show instanceMethod = true
BB 1
	outgoing: 6 2 
	datadep: 
	instructions:
BB 2
	outgoing: 3 4 
	datadep: 
	instructions:
		 0: def_%self 
		 1: def_%v_0 
		 2: COPY TYPE_CurrentScope def_%current_scope 
		 3: COPY TYPE_ScopeModule def_%current_module 
		 4: 
		 5: Line Number 73
		 6: GETFIELD %self->news def_%v_3 %self[2.0,] 
		 7: %v_3->comments def_%v_4 %v_3[2.6,] 	 SYMBOL:	 ARGS:
		 8: %v_4->to_a def_%v_5 %v_4[2.7,] 	 SYMBOL:	 ARGS:
		 9: ATTRASSIGN %self->comments %v_5[2.8,] 
		 10: Line Number 74
		 11: (User) def_%v_6 
		 12: %v_6->current def_%v_7 %v_6[2.11,] 	 SYMBOL:	 ARGS:
		 13: %v_7->wants_comments_in_reverse_order? def_%v_8 %v_7[2.12,] 	 SYMBOL:	 ARGS:
		 14: BRANCH %v_8[2.13,] 
BB 3
	outgoing: 6 
	datadep: 
	instructions:
		 0: GETFIELD %self->comments def_%v_9 %self[2.0,2.9,] 
		 1: %v_9->reverse! def_%v_10 %v_9[3.0,] 	 SYMBOL:	 ARGS:
		 2: RETURN %v_10[3.1,] %self[2.0,2.9,] 
BB 4
	outgoing: 6 
	datadep: 
	instructions:
		 0: RETURN %self[2.0,2.9,] 
BB 6
	outgoing: 
	datadep: 
	instructions:

SET IRMethod, name = new instanceMethod = true
BB 1
	outgoing: 3 2 
	datadep: 
	instructions:
BB 2
	outgoing: 3 
	datadep: 
	instructions:
		 0: def_%self 
		 1: def_%v_0 
		 2: COPY TYPE_CurrentScope def_%current_scope 
		 3: COPY TYPE_ScopeModule def_%current_module 
		 4: 
		 5: Line Number 127
		 6: (News) def_%v_3 
		 7: GETFIELD %self->project def_%v_4 %self[2.0,] 
		 8: (User) def_%v_5 
		 9: %v_5->current def_%v_6 %v_5[2.8,] 	 SYMBOL:	 ARGS:
		 10: HASH-project-author- def_%v_7 %v_4[2.7,] %v_6[2.9,] 
		 11: %v_3->new def_%v_8 %v_3[2.6,] %v_7[2.10,] 	 SYMBOL:	 ARGS:%v_7,
		 12: ATTRASSIGN %self->news %v_8[2.11,] 
		 13: RETURN %v_8[2.11,] %self[2.0,2.12,] 
BB 3
	outgoing: 
	datadep: 
	instructions:

SET IRMethod, name = create instanceMethod = true
BB 1
	outgoing: 6 2 
	datadep: 
	instructions:
BB 2
	outgoing: 3 4 
	datadep: 
	instructions:
		 0: def_%self 
		 1: def_%v_0 
		 2: COPY TYPE_CurrentScope def_%current_scope 
		 3: COPY TYPE_ScopeModule def_%current_module 
		 4: 
		 5: Line Number 137
		 6: (News) def_%v_3 
		 7: GETFIELD %self->project def_%v_4 %self[2.0,] 
		 8: (User) def_%v_5 
		 9: %v_5->current def_%v_6 %v_5[2.8,] 	 SYMBOL:	 ARGS:
		 10: HASH-project-author- def_%v_7 %v_4[2.7,] %v_6[2.9,] 
		 11: %v_3->new def_%v_8 %v_3[2.6,] %v_7[2.10,] 	 SYMBOL:	 ARGS:%v_7,
		 12: ATTRASSIGN %self->news %v_8[2.11,] 
		 13: Line Number 138
		 14: GETFIELD %self->news def_%v_9 %self[2.0,2.12,] 
		 15: %self->params def_%v_10 %self[2.0,2.12,] 	 SYMBOL:	 ARGS:
		 16: %v_10->[] def_%v_11 %v_10[2.15,] 	 SYMBOL:news,	 ARGS:Symbol,
		 17: ATTRASSIGN %v_9->safe_attributes %v_11[2.16,] 
		 18: Line Number 139
		 19: GETFIELD %self->news def_%v_12 %self[2.0,2.12,2.15,] 
		 20: %self->params def_%v_13 %self[2.0,2.12,2.15,] 	 SYMBOL:	 ARGS:
		 21: %v_13->[] def_%v_14 %v_13[2.20,] 	 SYMBOL:attachments,	 ARGS:Symbol,
		 22: %v_12->save_attachments def_%v_15 %v_12[2.19,] %v_14[2.21,] 	 SYMBOL:	 ARGS:%v_14,
		 23: Line Number 140
		 24: GETFIELD %self->news def_%v_16 %self[2.0,2.12,2.15,2.20,] 
		 25: %v_16->save def_%v_17 %v_16[2.24,] 	 SYMBOL:	 ARGS:
		 26: BRANCH %v_17[2.25,] 
BB 3
	outgoing: 6 
	datadep: 
	instructions:
		 0: Line Number 141
		 1: GETFIELD %self->news def_%v_18 %self[2.0,2.12,] 
		 2: %self->render_attachment_warning_if_needed def_%v_19 %self[2.0,2.12,] %v_18[3.1,] 	 SYMBOL:	 ARGS:%v_18,
		 3: Line Number 142
		 4: %self->flash def_%v_20 %self[3.2,2.0,2.12,] 	 SYMBOL:	 ARGS:
		 5: %self->l def_%v_21 %self[3.2,3.4,2.0,2.12,] 	 SYMBOL:notice_successful_create,	 ARGS:Symbol,
		 6: ATTRASSIGN %v_20->[] %v_21[3.5,] 
		 7: Line Number 143
		 8: GETFIELD %self->project def_%v_22 %self[3.2,3.4,3.5,2.0,] 
		 9: %self->project_news_index_path def_%v_23 %self[3.2,3.4,3.5,2.0,2.12,] %v_22[3.8,] 	 SYMBOL:	 ARGS:%v_22,
		 10: %self->redirect_to def_%v_24 %self[3.2,3.4,3.5,3.9,2.0,2.12,] %v_23[3.9,] 	 SYMBOL:	 ARGS:%v_23,
		 11: RETURN %v_24[3.10,] %self[3.2,3.4,3.5,3.9,3.10,2.0,2.12,] 
BB 4
	outgoing: 6 
	datadep: 
	instructions:
		 0: Line Number 145
		 1: COPY TYPE_StringLiteral "new" def_%v_25 
		 2: HASH-action- def_%v_26 %v_25[4.1,] 
		 3: %self->render def_%v_27 %self[2.0,2.12,] %v_26[4.2,] 	 SYMBOL:	 ARGS:%v_26,
		 4: Line Number 146
		 5: %self->l def_%v_28 %self[4.3,2.0,2.12,] 	 SYMBOL:label_news_new,	 ARGS:Symbol,
		 6: Line Number 147
		 7: GETFIELD %self->news def_%v_29 %self[4.3,4.5,2.0,2.12,] 
		 8: GETFIELD %self->project def_%v_30 %self[4.3,4.5,2.0,] 
		 9: %self->project_news_index_path def_%v_31 %self[4.3,4.5,2.0,2.12,] %v_30[4.8,] 	 SYMBOL:	 ARGS:%v_30,
		 10: COPY TYPE_StringLiteral "news-form" def_%v_32 
		 11: HASH-id-multipart- def_%v_33 %v_32[4.10,] 
		 12: HASH-url-html- def_%v_34 %v_31[4.9,] %v_33[4.11,] 
		 13: %self->labelled_form_for def_%v_35 %self[4.3,4.5,4.9,2.0,2.12,] %v_29[4.7,] %v_34[4.12,] %self[4.3,4.5,4.9,2.0,2.12,] 	 SYMBOL:	 ARGS:%v_29,%v_34,%self,
CLOSURE BEGIN: f[] %self[4.3,4.5,4.9,2.0,2.12,] 
BB 1
	outgoing: 6 2 
	datadep: 
	instructions:
BB 2
	outgoing: 3 
	datadep: 
	instructions:
		 0: def_%self 
		 1: def_%cl_1_0 
		 2: RECEIVEARG def_f 
		 3: COPY TYPE_CurrentScope def_%current_scope 
		 4: COPY TYPE_ScopeModule def_%current_module 
BB 3
	outgoing: 4 6 
	datadep: 
	instructions:
		 0: Line Number 149
		 1: COPY TYPE_StringLiteral "news/form" def_%cl_1_3 
		 2: HASH-f- def_%cl_1_4 f[2.2,] 
		 3: HASH-partial-locals- def_%cl_1_5 %cl_1_3[3.1,] %cl_1_4[3.2,] 
		 4: %self->render def_%cl_1_6 %self[2.0,] %cl_1_5[3.3,] 	 SYMBOL:	 ARGS:%cl_1_5,
		 5: Line Number 150
		 6: %self->l def_%cl_1_7 %self[3.4,2.0,] 	 SYMBOL:button_create,	 ARGS:Symbol,
		 7: %self->submit_tag def_%cl_1_8 %self[3.4,3.6,2.0,] %cl_1_7[3.6,] 	 SYMBOL:	 ARGS:%cl_1_7,
		 8: Line Number 151
		 9: GETFIELD %self->project def_%cl_1_9 %self[3.4,3.6,3.7,2.0,] 
		 10: HASH-project_id- def_%cl_1_10 %cl_1_9[3.9,] 
		 11: %self->preview_news_path def_%cl_1_11 %self[3.4,3.6,3.7,2.0,] %cl_1_10[3.10,] 	 SYMBOL:	 ARGS:%cl_1_10,
		 12: COPY TYPE_StringLiteral "news-form" def_%cl_1_12 
		 13: %self->preview_link def_%cl_1_13 %self[3.4,3.6,3.7,3.11,2.0,] %cl_1_11[3.11,] %cl_1_12[3.12,] 	 SYMBOL:	 ARGS:%cl_1_11,%cl_1_12,
		 14: RETURN %cl_1_13[3.13,] %self[3.4,3.6,3.7,3.11,3.13,2.0,] 
BB 4
	outgoing: 6 
	datadep: 
	instructions:
		 0: def_%cl_1_14 
		 1: def_%cl_1_15 %cl_1_14[4.0,] 
		 2: RETURN %cl_1_15[4.1,] %self[2.0,] 
BB 6
	outgoing: 
	datadep: 
	instructions:
CLOSURE END: 
		 14: RETURN %v_35[4.13,] %self[4.3,4.5,4.9,4.13,2.0,2.12,] 
BB 6
	outgoing: 
	datadep: 
	instructions:

SET IRMethod, name = edit instanceMethod = true
BB 1
	outgoing: 3 2 
	datadep: 
	instructions:
BB 2
	outgoing: 3 
	datadep: 
	instructions:
		 0: def_%self 
		 1: def_%v_0 
		 2: COPY TYPE_CurrentScope def_%current_scope 
		 3: COPY TYPE_ScopeModule def_%current_module 
		 4: 
		 5: RETURN %self[2.0,] 
BB 3
	outgoing: 
	datadep: 
	instructions:

SET IRMethod, name = update instanceMethod = true
BB 1
	outgoing: 6 2 
	datadep: 
	instructions:
BB 2
	outgoing: 3 4 
	datadep: 
	instructions:
		 0: def_%self 
		 1: def_%v_0 
		 2: COPY TYPE_CurrentScope def_%current_scope 
		 3: COPY TYPE_ScopeModule def_%current_module 
		 4: 
		 5: Line Number 167
		 6: GETFIELD %self->news def_%v_3 %self[2.0,] 
		 7: %self->params def_%v_4 %self[2.0,] 	 SYMBOL:	 ARGS:
		 8: %v_4->[] def_%v_5 %v_4[2.7,] 	 SYMBOL:news,	 ARGS:Symbol,
		 9: ATTRASSIGN %v_3->safe_attributes %v_5[2.8,] 
		 10: Line Number 168
		 11: GETFIELD %self->news def_%v_6 %self[2.0,2.7,] 
		 12: %self->params def_%v_7 %self[2.0,2.7,] 	 SYMBOL:	 ARGS:
		 13: %v_7->[] def_%v_8 %v_7[2.12,] 	 SYMBOL:attachments,	 ARGS:Symbol,
		 14: %v_6->save_attachments def_%v_9 %v_6[2.11,] %v_8[2.13,] 	 SYMBOL:	 ARGS:%v_8,
		 15: Line Number 169
		 16: GETFIELD %self->news def_%v_10 %self[2.0,2.7,2.12,] 
		 17: %v_10->save def_%v_11 %v_10[2.16,] 	 SYMBOL:	 ARGS:
		 18: BRANCH %v_11[2.17,] 
BB 3
	outgoing: 6 
	datadep: 
	instructions:
		 0: Line Number 170
		 1: GETFIELD %self->news def_%v_12 %self[2.0,] 
		 2: %self->render_attachment_warning_if_needed def_%v_13 %self[2.0,] %v_12[3.1,] 	 SYMBOL:	 ARGS:%v_12,
		 3: Line Number 171
		 4: %self->flash def_%v_14 %self[3.2,2.0,] 	 SYMBOL:	 ARGS:
		 5: %self->l def_%v_15 %self[3.2,3.4,2.0,] 	 SYMBOL:notice_successful_update,	 ARGS:Symbol,
		 6: ATTRASSIGN %v_14->[] %v_15[3.5,] 
		 7: Line Number 172
		 8: GETFIELD %self->news def_%v_16 %self[3.2,3.4,3.5,2.0,] 
		 9: %self->news_path def_%v_17 %self[3.2,3.4,3.5,2.0,] %v_16[3.8,] 	 SYMBOL:	 ARGS:%v_16,
		 10: %self->redirect_to def_%v_18 %self[3.2,3.4,3.5,3.9,2.0,] %v_17[3.9,] 	 SYMBOL:	 ARGS:%v_17,
		 11: RETURN %v_18[3.10,] %self[3.2,3.4,3.5,3.9,3.10,2.0,] 
BB 4
	outgoing: 6 
	datadep: 
	instructions:
		 0: Line Number 174
		 1: COPY TYPE_StringLiteral "edit" def_%v_19 
		 2: HASH-action- def_%v_20 %v_19[4.1,] 
		 3: %self->render def_%v_21 %self[2.0,] %v_20[4.2,] 	 SYMBOL:	 ARGS:%v_20,
		 4: Line Number 175
		 5: %self->l def_%v_22 %self[4.3,2.0,] 	 SYMBOL:label_news,	 ARGS:Symbol,
		 6: Line Number 176
		 7: GETFIELD %self->news def_%v_23 %self[4.3,4.5,2.0,] 
		 8: COPY TYPE_StringLiteral "news-form" def_%v_24 
		 9: HASH-id-multipart-method- def_%v_25 %v_24[4.8,] 
		 10: HASH-html- def_%v_26 %v_25[4.9,] 
		 11: %self->labelled_form_for def_%v_27 %self[4.3,4.5,2.0,] %v_23[4.7,] %v_26[4.10,] %self[4.3,4.5,2.0,] 	 SYMBOL:	 ARGS:%v_23,%v_26,%self,
CLOSURE BEGIN: f[] %self[4.3,4.5,2.0,] 
BB 1
	outgoing: 6 2 
	datadep: 
	instructions:
BB 2
	outgoing: 3 
	datadep: 
	instructions:
		 0: def_%self 
		 1: def_%cl_1_0 
		 2: RECEIVEARG def_f 
		 3: COPY TYPE_CurrentScope def_%current_scope 
		 4: COPY TYPE_ScopeModule def_%current_module 
BB 3
	outgoing: 4 6 
	datadep: 
	instructions:
		 0: Line Number 177
		 1: COPY TYPE_StringLiteral "form" def_%cl_1_3 
		 2: HASH-f- def_%cl_1_4 f[2.2,] 
		 3: HASH-partial-locals- def_%cl_1_5 %cl_1_3[3.1,] %cl_1_4[3.2,] 
		 4: %self->render def_%cl_1_6 %self[2.0,] %cl_1_5[3.3,] 	 SYMBOL:	 ARGS:%cl_1_5,
		 5: Line Number 178
		 6: %self->l def_%cl_1_7 %self[3.4,2.0,] 	 SYMBOL:button_save,	 ARGS:Symbol,
		 7: %self->submit_tag def_%cl_1_8 %self[3.4,3.6,2.0,] %cl_1_7[3.6,] 	 SYMBOL:	 ARGS:%cl_1_7,
		 8: Line Number 179
		 9: GETFIELD %self->project def_%cl_1_9 %self[3.4,3.6,3.7,2.0,] 
		 10: GETFIELD %self->news def_%cl_1_10 %self[3.4,3.6,3.7,2.0,] 
		 11: HASH-project_id-id- def_%cl_1_11 %cl_1_9[3.9,] %cl_1_10[3.10,] 
		 12: %self->preview_news_path def_%cl_1_12 %self[3.4,3.6,3.7,2.0,] %cl_1_11[3.11,] 	 SYMBOL:	 ARGS:%cl_1_11,
		 13: COPY TYPE_StringLiteral "news-form" def_%cl_1_13 
		 14: %self->preview_link def_%cl_1_14 %self[3.4,3.6,3.7,3.12,2.0,] %cl_1_12[3.12,] %cl_1_13[3.13,] 	 SYMBOL:	 ARGS:%cl_1_12,%cl_1_13,
		 15: RETURN %cl_1_14[3.14,] %self[3.4,3.6,3.7,3.12,3.14,2.0,] 
BB 4
	outgoing: 6 
	datadep: 
	instructions:
		 0: def_%cl_1_15 
		 1: def_%cl_1_16 %cl_1_15[4.0,] 
		 2: RETURN %cl_1_16[4.1,] %self[2.0,] 
BB 6
	outgoing: 
	datadep: 
	instructions:
CLOSURE END: 
		 12: Line Number 181
		 13: %self->content_for def_%v_28 %self[4.3,4.5,4.11,2.0,] %self[4.3,4.5,4.11,2.0,] 	 SYMBOL:header_tags,	 ARGS:Symbol,%self,
CLOSURE BEGIN: %self[4.3,4.5,4.11,2.0,] 
BB 1
	outgoing: 6 2 
	datadep: 
	instructions:
BB 2
	outgoing: 3 
	datadep: 
	instructions:
		 0: def_%self 
		 1: def_%cl_2_0 
		 2: COPY TYPE_CurrentScope def_%current_scope 
		 3: COPY TYPE_ScopeModule def_%current_module 
BB 3
	outgoing: 4 6 
	datadep: 
	instructions:
		 0: Line Number 182
		 1: COPY TYPE_StringLiteral "scm" def_%cl_2_3 
		 2: %self->stylesheet_link_tag def_%cl_2_4 %self[2.0,] %cl_2_3[3.1,] 	 SYMBOL:	 ARGS:%cl_2_3,
		 3: RETURN %cl_2_4[3.2,] %self[3.2,2.0,] 
BB 4
	outgoing: 6 
	datadep: 
	instructions:
		 0: def_%cl_2_5 
		 1: def_%cl_2_6 %cl_2_5[4.0,] 
		 2: RETURN %cl_2_6[4.1,] %self[2.0,] 
BB 6
	outgoing: 
	datadep: 
	instructions:
CLOSURE END: 
		 14: RETURN %v_28[4.13,] %self[4.3,4.5,4.11,4.13,2.0,] 
BB 6
	outgoing: 
	datadep: 
	instructions:

SET IRMethod, name = destroy instanceMethod = true
BB 1
	outgoing: 3 2 
	datadep: 
	instructions:
BB 2
	outgoing: 3 
	datadep: 
	instructions:
		 0: def_%self 
		 1: def_%v_0 
		 2: COPY TYPE_CurrentScope def_%current_scope 
		 3: COPY TYPE_ScopeModule def_%current_module 
		 4: 
		 5: Line Number 187
		 6: GETFIELD %self->news def_%v_3 %self[2.0,] 
		 7: %v_3->destroy def_%v_4 %v_3[2.6,] 	 SYMBOL:	 ARGS:
		 8: Line Number 188
		 9: GETFIELD %self->project def_%v_5 %self[2.0,] 
		 10: %self->project_news_index_path def_%v_6 %self[2.0,] %v_5[2.9,] 	 SYMBOL:	 ARGS:%v_5,
		 11: %self->redirect_to def_%v_7 %self[2.0,2.10,] %v_6[2.10,] 	 SYMBOL:	 ARGS:%v_6,
		 12: RETURN %v_7[2.11,] %self[2.0,2.10,2.11,] 
BB 3
	outgoing: 
	datadep: 
	instructions:

