SET IRMethod, name = update instanceMethod = true
BB 1
	outgoing: 6 2 
	datadep: 
	instructions:
BB 2
	outgoing: 3 4 
	datadep: 
	instructions:
		 0: def_%self 
		 1: def_%v_0 
		 2: COPY TYPE_CurrentScope def_%current_scope 
		 3: COPY TYPE_ScopeModule def_%current_module 
		 4: 
		 5: Line Number 4
		 6: GETFIELD %self->project def_%v_3 %self[2.0,] 
		 7: %self->update_params def_%v_4 %self[2.0,] 	 SYMBOL:	 ARGS:
		 8: %v_3->update_or_create_time_entry_activities def_%v_5 %v_3[2.6,] %v_4[2.7,] 	 SYMBOL:	 ARGS:%v_4,
		 9: BRANCH %v_5[2.8,] 
BB 3
	outgoing: 5 
	datadep: 
	instructions:
		 0: Line Number 5
		 1: %self->flash def_%v_6 %self[2.0,] 	 SYMBOL:	 ARGS:
		 2: %self->l def_%v_7 %self[3.1,2.0,] 	 SYMBOL:notice_successful_update,	 ARGS:Symbol,
		 3: ATTRASSIGN %v_6->[] %v_7[3.2,] 
		 4: 
BB 4
	outgoing: 5 
	datadep: 
	instructions:
		 0: COPY TYPE_Nil def_%v_7 
BB 5
	outgoing: 6 
	datadep: 
	instructions:
		 0: Line Number 7
		 1: GETFIELD %self->project def_%v_8 %self[2.0,] 
		 2: COPY TYPE_StringLiteral "activities" def_%v_9 
		 3: HASH-tab- def_%v_10 %v_9[5.2,] 
		 4: %self->settings_project_path def_%v_11 %self[2.0,] %v_8[5.1,] %v_10[5.3,] 	 SYMBOL:	 ARGS:%v_8,%v_10,
		 5: %self->redirect_to def_%v_12 %self[5.4,2.0,] %v_11[5.4,] 	 SYMBOL:	 ARGS:%v_11,
		 6: RETURN %v_12[5.5,] %self[5.4,5.5,2.0,] 
BB 6
	outgoing: 
	datadep: 
	instructions:

SET IRMethod, name = destroy instanceMethod = true
BB 1
	outgoing: 3 2 
	datadep: 
	instructions:
BB 2
	outgoing: 3 
	datadep: 
	instructions:
		 0: def_%self 
		 1: def_%v_0 
		 2: COPY TYPE_CurrentScope def_%current_scope 
		 3: COPY TYPE_ScopeModule def_%current_module 
		 4: 
		 5: Line Number 10
		 6: GETFIELD %self->project def_%v_3 %self[2.0,] 
		 7: %v_3->time_entry_activities def_%v_4 %v_3[2.6,] 	 SYMBOL:	 ARGS:
		 8: %v_4->each def_%v_5 %v_4[2.7,] %self[2.0,] 	 SYMBOL:	 ARGS:%v_4,
CLOSURE BEGIN: time_entry_activity[] 
BB 1
	outgoing: 6 2 
	datadep: 
	instructions:
BB 2
	outgoing: 3 
	datadep: 
	instructions:
		 0: def_%self 
		 1: def_%cl_1_0 
		 2: RECEIVEARG def_time_entry_activity 
		 3: COPY TYPE_CurrentScope def_%current_scope 
		 4: COPY TYPE_ScopeModule def_%current_module 
BB 3
	outgoing: 4 6 
	datadep: 
	instructions:
		 0: Line Number 11
		 1: time_entry_activity->parent def_%cl_1_3 time_entry_activity[2.2,] 	 SYMBOL:	 ARGS:
		 2: time_entry_activity->destroy def_%cl_1_4 time_entry_activity[3.1,2.2,] %cl_1_3[3.1,] 	 SYMBOL:	 ARGS:%cl_1_3,
		 3: RETURN %cl_1_4[3.2,] %self[2.0,] 
BB 4
	outgoing: 6 
	datadep: 
	instructions:
		 0: def_%cl_1_5 
		 1: def_%cl_1_6 %cl_1_5[4.0,] 
		 2: RETURN %cl_1_6[4.1,] %self[2.0,] 
BB 6
	outgoing: 
	datadep: 
	instructions:
CLOSURE END: 
		 9: Line Number 13
		 10: %self->flash def_%v_6 %self[2.0,] 	 SYMBOL:	 ARGS:
		 11: %self->l def_%v_7 %self[2.0,2.10,] 	 SYMBOL:notice_successful_update,	 ARGS:Symbol,
		 12: ATTRASSIGN %v_6->[] %v_7[2.11,] 
		 13: Line Number 14
		 14: GETFIELD %self->project def_%v_8 %self[2.0,2.10,2.11,] 
		 15: COPY TYPE_StringLiteral "activities" def_%v_9 
		 16: HASH-tab- def_%v_10 %v_9[2.15,] 
		 17: %self->settings_project_path def_%v_11 %self[2.0,2.10,2.11,] %v_8[2.14,] %v_10[2.16,] 	 SYMBOL:	 ARGS:%v_8,%v_10,
		 18: %self->redirect_to def_%v_12 %self[2.0,2.10,2.11,2.17,] %v_11[2.17,] 	 SYMBOL:	 ARGS:%v_11,
		 19: RETURN %v_12[2.18,] %self[2.0,2.10,2.11,2.17,2.18,] 
BB 3
	outgoing: 
	datadep: 
	instructions:

SET IRMethod, name = update_params instanceMethod = true
BB 1
	outgoing: 3 2 
	datadep: 
	instructions:
BB 2
	outgoing: 3 
	datadep: 
	instructions:
		 0: def_%self 
		 1: def_%v_0 
		 2: COPY TYPE_CurrentScope def_%current_scope 
		 3: COPY TYPE_ScopeModule def_%current_module 
		 4: 
		 5: Line Number 18
		 6: %self->params def_%v_3 %self[2.0,] 	 SYMBOL:	 ARGS:
		 7: HASH- def_%v_4 
		 8: HASH-custom_field_values- def_%v_5 %v_4[2.7,] 
		 9: COPY TYPE_Array def_%v_6 %v_5[2.8,] 
		 10: HASH-enumerations- def_%v_7 %v_6[2.9,] 
		 11: %v_3->permit def_%v_8 %v_3[2.6,] %v_7[2.10,] 	 SYMBOL:	 ARGS:%v_7,
		 12: %v_8->require def_%v_9 %v_8[2.11,] 	 SYMBOL:enumerations,	 ARGS:Symbol,
		 13: RETURN %v_9[2.12,] %self[2.0,2.6,] 
BB 3
	outgoing: 
	datadep: 
	instructions:

