SET IRMethod, name = index instanceMethod = true
BB 1
	outgoing: 3 2 
	datadep: 
	instructions:
BB 2
	outgoing: 3 
	datadep: 
	instructions:
		 0: def_%self 
		 1: def_%v_0 
		 2: COPY TYPE_CurrentScope def_%current_scope 
		 3: COPY TYPE_ScopeModule def_%current_module 
		 4: 
		 5: Line Number 9
		 6: %self->respond_to def_%v_3 %self[2.0,] %self[2.0,] 	 SYMBOL:	 ARGS:%self,
CLOSURE BEGIN: format[] %self[2.0,] 
BB 1
	outgoing: 6 2 
	datadep: 
	instructions:
BB 2
	outgoing: 3 
	datadep: 
	instructions:
		 0: def_%self 
		 1: def_%cl_1_0 
		 2: RECEIVEARG def_format 
		 3: COPY TYPE_CurrentScope def_%current_scope 
		 4: COPY TYPE_ScopeModule def_%current_module 
BB 3
	outgoing: 4 6 
	datadep: 
	instructions:
		 0: Line Number 10
		 1: format->html def_%cl_1_3 format[2.2,] %self[2.0,] 	 SYMBOL:	 ARGS:format,
CLOSURE BEGIN: %self[2.0,] 
BB 1
	outgoing: 9 2 
	datadep: 
	instructions:
BB 2
	outgoing: 3 
	datadep: 
	instructions:
		 0: def_%self 
		 1: def_%cl_2_0 
		 2: COPY TYPE_CurrentScope def_%current_scope 
		 3: COPY TYPE_ScopeModule def_%current_module 
BB 3
	outgoing: 4 5 7 
	datadep: 
	instructions:
		 0: Line Number 11
		 1: (Role) def_%cl_2_3 
		 2: %cl_2_3->sorted def_%cl_2_4 %cl_2_3[3.1,] 	 SYMBOL:	 ARGS:
		 3: %cl_2_4->to_a def_%cl_2_5 %cl_2_4[3.2,] 	 SYMBOL:	 ARGS:
		 4: ATTRASSIGN %self->roles %cl_2_5[3.3,] 
		 5: Line Number 12
		 6: %self->request def_%cl_2_6 %self[3.4,2.0,] 	 SYMBOL:	 ARGS:
		 7: %cl_2_6->xhr? def_%cl_2_7 %cl_2_6[3.6,] 	 SYMBOL:	 ARGS:
		 8: BRANCH %cl_2_7[3.7,] 
BB 4
	outgoing: 6 7 
	datadep: 
	instructions:
		 0: HASH-layout- def_%cl_2_8 
		 1: %self->render def_%cl_2_9 %self[3.4,2.0,] %cl_2_8[4.0,] 	 SYMBOL:	 ARGS:%cl_2_8,
		 2: 
BB 5
	outgoing: 9 
	datadep: 
	instructions:
		 0: RETURN %self[3.4,2.0,] 
BB 6
	outgoing: 9 
	datadep: 
	instructions:
		 0: RETURN %cl_2_9[4.1,] %self[3.4,2.0,] 
BB 7
	outgoing: 9 
	datadep: 
	instructions:
		 0: def_%cl_2_10 
		 1: def_%cl_2_11 %cl_2_10[7.0,] 
		 2: RETURN %cl_2_11[7.1,] %self[3.4,2.0,] 
BB 9
	outgoing: 
	datadep: 
	instructions:
CLOSURE END: 
		 2: Line Number 14
		 3: format->api def_%cl_1_4 format[3.1,2.2,] %self[2.0,] 	 SYMBOL:	 ARGS:format,
CLOSURE BEGIN: %self[2.0,] 
BB 1
	outgoing: 6 2 
	datadep: 
	instructions:
BB 2
	outgoing: 3 
	datadep: 
	instructions:
		 0: def_%self 
		 1: def_%cl_3_0 
		 2: COPY TYPE_CurrentScope def_%current_scope 
		 3: COPY TYPE_ScopeModule def_%current_module 
BB 3
	outgoing: 4 6 
	datadep: 
	instructions:
		 0: Line Number 15
		 1: (Role) def_%cl_3_3 
		 2: %cl_3_3->givable def_%cl_3_4 %cl_3_3[3.1,] 	 SYMBOL:	 ARGS:
		 3: %cl_3_4->to_a def_%cl_3_5 %cl_3_4[3.2,] 	 SYMBOL:	 ARGS:
		 4: ATTRASSIGN %self->roles %cl_3_5[3.3,] 
		 5: RETURN %cl_3_5[3.3,] %self[3.4,2.0,] 
BB 4
	outgoing: 6 
	datadep: 
	instructions:
		 0: def_%cl_3_6 
		 1: def_%cl_3_7 %cl_3_6[4.0,] 
		 2: RETURN %cl_3_7[4.1,] %self[3.4,2.0,] 
BB 6
	outgoing: 
	datadep: 
	instructions:
CLOSURE END: 
		 4: RETURN %cl_1_4[3.3,] %self[2.0,] 
BB 4
	outgoing: 6 
	datadep: 
	instructions:
		 0: def_%cl_1_5 
		 1: def_%cl_1_6 %cl_1_5[4.0,] 
		 2: RETURN %cl_1_6[4.1,] %self[2.0,] 
BB 6
	outgoing: 
	datadep: 
	instructions:
CLOSURE END: 
		 7: RETURN %v_3[2.6,] %self[2.0,2.6,] 
BB 3
	outgoing: 
	datadep: 
	instructions:

SET IRMethod, name = show instanceMethod = true
BB 1
	outgoing: 3 2 
	datadep: 
	instructions:
BB 2
	outgoing: 3 
	datadep: 
	instructions:
		 0: def_%self 
		 1: def_%v_0 
		 2: COPY TYPE_CurrentScope def_%current_scope 
		 3: COPY TYPE_ScopeModule def_%current_module 
		 4: 
		 5: Line Number 34
		 6: %self->respond_to def_%v_3 %self[2.0,] %self[2.0,] 	 SYMBOL:	 ARGS:%self,
CLOSURE BEGIN: format[] 
BB 1
	outgoing: 6 2 
	datadep: 
	instructions:
BB 2
	outgoing: 3 
	datadep: 
	instructions:
		 0: def_%self 
		 1: def_%cl_1_0 
		 2: RECEIVEARG def_format 
		 3: COPY TYPE_CurrentScope def_%current_scope 
		 4: COPY TYPE_ScopeModule def_%current_module 
BB 3
	outgoing: 4 6 
	datadep: 
	instructions:
		 0: Line Number 35
		 1: format->api def_%cl_1_3 format[2.2,] 	 SYMBOL:	 ARGS:
		 2: RETURN %cl_1_3[3.1,] %self[2.0,] 
BB 4
	outgoing: 6 
	datadep: 
	instructions:
		 0: def_%cl_1_4 
		 1: def_%cl_1_5 %cl_1_4[4.0,] 
		 2: RETURN %cl_1_5[4.1,] %self[2.0,] 
BB 6
	outgoing: 
	datadep: 
	instructions:
CLOSURE END: 
		 7: RETURN %v_3[2.6,] %self[2.0,2.6,] 
BB 3
	outgoing: 
	datadep: 
	instructions:

SET IRMethod, name = new instanceMethod = true
BB 1
	outgoing: 10 2 
	datadep: 
	instructions:
BB 2
	outgoing: 3 4 
	datadep: 
	instructions:
		 0: def_%self 
		 1: def_%v_0 
		 2: COPY TYPE_CurrentScope def_%current_scope 
		 3: COPY TYPE_ScopeModule def_%current_module 
		 4: 
		 5: Line Number 39
		 6: (Role) def_%v_3 
		 7: %v_3->new def_%v_4 %v_3[2.6,] 	 SYMBOL:	 ARGS:
		 8: ATTRASSIGN %self->role %v_4[2.7,] 
		 9: Line Number 40
		 10: GETFIELD %self->role def_%v_5 %self[2.0,2.8,] 
		 11: %self->params def_%v_6 %self[2.0,2.8,] 	 SYMBOL:	 ARGS:
		 12: %v_6->[] def_%v_7 %v_6[2.11,] 	 SYMBOL:role,	 ARGS:Symbol,
		 13: BRANCH %v_7[2.12,] 
BB 3
	outgoing: 4 
	datadep: 
	instructions:
		 0: (Role) def_%v_8 
		 1: %v_8->non_member def_%v_9 %v_8[3.0,] 	 SYMBOL:	 ARGS:
		 2: %v_9->permissions def_%v_10 %v_9[3.1,] 	 SYMBOL:	 ARGS:
		 3: HASH-permissions- def_%v_11 %v_10[3.2,] 
		 4: COPY TYPE_PASS def_%v_7 %v_11[3.3,] 
BB 4
	outgoing: 5 6 
	datadep: 
	instructions:
		 0: ATTRASSIGN %v_5->safe_attributes %v_7[3.4,2.12,] 
		 1: Line Number 41
		 2: %self->params def_%v_12 %self[2.0,2.8,] 	 SYMBOL:	 ARGS:
		 3: %v_12->[] def_%v_13 %v_12[4.2,] 	 SYMBOL:copy,	 ARGS:Symbol,
		 4: %v_13->present? def_%v_14 %v_13[4.3,] 	 SYMBOL:	 ARGS:
		 5: BRANCH %v_14[4.4,] 
BB 5
	outgoing: 6 
	datadep: 
	instructions:
		 0: (Role) def_%v_15 
		 1: %self->params def_%v_16 %self[2.0,2.8,] 	 SYMBOL:	 ARGS:
		 2: %v_16->[] def_%v_17 %v_16[5.1,] 	 SYMBOL:copy,	 ARGS:Symbol,
		 3: %v_15->find_by_id def_%v_18 %v_15[5.0,] %v_17[5.2,] 	 SYMBOL:	 ARGS:%v_17,
		 4: ATTRASSIGN %self->copy_from %v_18[5.3,] 
		 5: COPY TYPE_PASS def_%v_14 %v_18[5.3,] 
BB 6
	outgoing: 7 8 
	datadep: 
	instructions:
		 0: BRANCH %v_14[5.5,4.4,] 
BB 7
	outgoing: 9 
	datadep: 
	instructions:
		 0: Line Number 42
		 1: GETFIELD %self->role def_%v_19 %self[2.0,2.8,] 
		 2: GETFIELD %self->copy_from def_%v_20 %self[5.4,2.0,] 
		 3: %v_19->copy_from def_%v_21 %v_19[7.1,] %v_20[7.2,] 	 SYMBOL:	 ARGS:%v_20,
		 4: 
BB 8
	outgoing: 9 
	datadep: 
	instructions:
		 0: COPY TYPE_Nil def_%v_21 
BB 9
	outgoing: 10 
	datadep: 
	instructions:
		 0: Line Number 44
		 1: (Role) def_%v_22 
		 2: %v_22->sorted def_%v_23 %v_22[9.1,] 	 SYMBOL:	 ARGS:
		 3: %v_23->to_a def_%v_24 %v_23[9.2,] 	 SYMBOL:	 ARGS:
		 4: ATTRASSIGN %self->roles %v_24[9.3,] 
		 5: RETURN %v_24[9.3,] %self[9.4,5.4,2.0,2.8,] 
BB 10
	outgoing: 
	datadep: 
	instructions:

SET IRMethod, name = create instanceMethod = true
BB 1
	outgoing: 13 2 
	datadep: 
	instructions:
BB 2
	outgoing: 3 4 
	datadep: 
	instructions:
		 0: def_%self 
		 1: def_%v_0 
		 2: COPY TYPE_CurrentScope def_%current_scope 
		 3: COPY TYPE_ScopeModule def_%current_module 
		 4: 
		 5: Line Number 52
		 6: (Role) def_%v_3 
		 7: %v_3->new def_%v_4 %v_3[2.6,] 	 SYMBOL:	 ARGS:
		 8: ATTRASSIGN %self->role %v_4[2.7,] 
		 9: Line Number 53
		 10: GETFIELD %self->role def_%v_5 %self[2.0,2.8,] 
		 11: %self->params def_%v_6 %self[2.0,2.8,] 	 SYMBOL:	 ARGS:
		 12: %v_6->[] def_%v_7 %v_6[2.11,] 	 SYMBOL:role,	 ARGS:Symbol,
		 13: ATTRASSIGN %v_5->safe_attributes %v_7[2.12,] 
		 14: Line Number 54
		 15: %self->request def_%v_8 %self[2.0,2.8,2.11,] 	 SYMBOL:	 ARGS:
		 16: %v_8->post? def_%v_9 %v_8[2.15,] 	 SYMBOL:	 ARGS:
		 17: BRANCH %v_9[2.16,] 
BB 3
	outgoing: 4 
	datadep: 
	instructions:
		 0: GETFIELD %self->role def_%v_10 %self[2.0,2.8,] 
		 1: %v_10->save def_%v_11 %v_10[3.0,] 	 SYMBOL:	 ARGS:
		 2: COPY TYPE_PASS def_%v_9 %v_11[3.1,] 
BB 4
	outgoing: 5 11 
	datadep: 
	instructions:
		 0: BRANCH %v_9[3.2,2.16,] 
BB 5
	outgoing: 6 7 
	datadep: 
	instructions:
		 0: Line Number 55
		 1: %self->params def_%v_12 %self[2.0,2.8,] 	 SYMBOL:	 ARGS:
		 2: %v_12->[] def_%v_13 %v_12[5.1,] 	 SYMBOL:copy_workflow_from,	 ARGS:Symbol,
		 3: %v_13->blank? def_%v_14 %v_13[5.2,] 	 SYMBOL:	 ARGS:
		 4: %v_14->! def_%v_15 %v_14[5.3,] 	 SYMBOL:	 ARGS:
		 5: BRANCH %v_15[5.4,] 
BB 6
	outgoing: 7 
	datadep: 
	instructions:
		 0: (Role) def_%v_16 
		 1: %self->params def_%v_17 %self[2.0,2.8,] 	 SYMBOL:	 ARGS:
		 2: %v_17->[] def_%v_18 %v_17[6.1,] 	 SYMBOL:copy_workflow_from,	 ARGS:Symbol,
		 3: %v_16->find_by_id def_%v_19 %v_16[6.0,] %v_18[6.2,] 	 SYMBOL:	 ARGS:%v_18,
		 4: COPY TYPE_PASS def_copy_from %v_19[6.3,] 
		 5: COPY TYPE_PASS def_%v_15 %v_19[6.3,] 
BB 7
	outgoing: 8 9 
	datadep: 
	instructions:
		 0: BRANCH %v_15[6.5,5.4,] 
BB 8
	outgoing: 10 
	datadep: 
	instructions:
		 0: Line Number 56
		 1: GETFIELD %self->role def_%v_20 %self[2.0,2.8,] 
		 2: %v_20->copy_workflow_rules def_%v_21 %v_20[8.1,] copy_from[6.4,] 	 SYMBOL:	 ARGS:copy_from,
		 3: 
BB 9
	outgoing: 10 
	datadep: 
	instructions:
		 0: COPY TYPE_Nil def_%v_21 
BB 10
	outgoing: 13 
	datadep: 
	instructions:
		 0: Line Number 58
		 1: %self->flash def_%v_22 %self[2.0,2.8,] 	 SYMBOL:	 ARGS:
		 2: %self->l def_%v_23 %self[10.1,2.0,2.8,] 	 SYMBOL:notice_successful_create,	 ARGS:Symbol,
		 3: ATTRASSIGN %v_22->[] %v_23[10.2,] 
		 4: Line Number 59
		 5: %self->roles_path def_%v_24 %self[10.1,10.2,2.0,2.8,] 	 SYMBOL:	 ARGS:
		 6: %self->redirect_to def_%v_25 %self[10.1,10.2,10.5,2.0,2.8,] %v_24[10.5,] 	 SYMBOL:	 ARGS:%v_24,
		 7: RETURN %v_25[10.6,] %self[10.1,10.2,10.5,10.6,2.0,2.8,] 
BB 11
	outgoing: 13 
	datadep: 
	instructions:
		 0: Line Number 61
		 1: (Role) def_%v_26 
		 2: %v_26->sorted def_%v_27 %v_26[11.1,] 	 SYMBOL:	 ARGS:
		 3: %v_27->to_a def_%v_28 %v_27[11.2,] 	 SYMBOL:	 ARGS:
		 4: ATTRASSIGN %self->roles %v_28[11.3,] 
		 5: Line Number 62
		 6: COPY TYPE_StringLiteral "new" def_%v_29 
		 7: HASH-action- def_%v_30 %v_29[11.6,] 
		 8: %self->render def_%v_31 %self[11.4,2.0,2.8,] %v_30[11.7,] 	 SYMBOL:	 ARGS:%v_30,
		 9: Line Number 63
		 10: %self->l def_%v_32 %self[11.4,11.8,2.0,2.8,] 	 SYMBOL:label_role_plural,	 ARGS:Symbol,
		 11: %self->roles_path def_%v_33 %self[11.4,11.8,11.10,2.0,2.8,] 	 SYMBOL:	 ARGS:
		 12: COPY TYPE_Array def_%v_34 %v_32[11.10,] %v_33[11.11,] 
		 13: %self->l def_%v_35 %self[11.4,11.8,11.10,11.11,2.0,2.8,] 	 SYMBOL:label_role_new,	 ARGS:Symbol,
		 14: %self->title def_%v_36 %self[11.4,11.8,11.10,11.11,11.13,2.0,2.8,] %v_34[11.12,] %v_35[11.13,] 	 SYMBOL:	 ARGS:%v_34,%v_35,
		 15: Line Number 64
		 16: GETFIELD %self->role def_%v_37 %self[11.8,11.10,11.11,11.13,11.14,2.0,2.8,] 
		 17: %self->labelled_form_for def_%v_38 %self[11.4,11.8,11.10,11.11,11.13,11.14,2.0,2.8,] %v_37[11.16,] %self[11.4,11.8,11.10,11.11,11.13,11.14,2.0,2.8,] 	 SYMBOL:	 ARGS:%v_37,%self,
CLOSURE BEGIN: f[] %self[11.4,11.8,11.10,11.11,11.13,11.14,2.0,2.8,] 
BB 1
	outgoing: 6 2 
	datadep: 
	instructions:
BB 2
	outgoing: 3 
	datadep: 
	instructions:
		 0: def_%self 
		 1: def_%cl_1_0 
		 2: RECEIVEARG def_f 
		 3: COPY TYPE_CurrentScope def_%current_scope 
		 4: COPY TYPE_ScopeModule def_%current_module 
BB 3
	outgoing: 4 6 
	datadep: 
	instructions:
		 0: Line Number 65
		 1: COPY TYPE_StringLiteral "form" def_%cl_1_3 
		 2: HASH-f- def_%cl_1_4 f[2.2,] 
		 3: HASH-partial-locals- def_%cl_1_5 %cl_1_3[3.1,] %cl_1_4[3.2,] 
		 4: %self->render def_%cl_1_6 %self[2.0,] %cl_1_5[3.3,] 	 SYMBOL:	 ARGS:%cl_1_5,
		 5: Line Number 66
		 6: %self->l def_%cl_1_7 %self[3.4,2.0,] 	 SYMBOL:button_create,	 ARGS:Symbol,
		 7: %self->submit_tag def_%cl_1_8 %self[3.4,3.6,2.0,] %cl_1_7[3.6,] 	 SYMBOL:	 ARGS:%cl_1_7,
		 8: RETURN %cl_1_8[3.7,] %self[3.4,3.6,3.7,2.0,] 
BB 4
	outgoing: 6 
	datadep: 
	instructions:
		 0: def_%cl_1_9 
		 1: def_%cl_1_10 %cl_1_9[4.0,] 
		 2: RETURN %cl_1_10[4.1,] %self[2.0,] 
BB 6
	outgoing: 
	datadep: 
	instructions:
CLOSURE END: 
		 18: RETURN %v_38[11.17,] %self[11.4,11.8,11.10,11.11,11.13,11.14,11.17,2.0,2.8,] 
BB 13
	outgoing: 
	datadep: 
	instructions:

SET IRMethod, name = edit instanceMethod = true
BB 1
	outgoing: 3 2 
	datadep: 
	instructions:
BB 2
	outgoing: 3 
	datadep: 
	instructions:
		 0: def_%self 
		 1: def_%v_0 
		 2: COPY TYPE_CurrentScope def_%current_scope 
		 3: COPY TYPE_ScopeModule def_%current_module 
		 4: 
		 5: RETURN %self[2.0,] 
BB 3
	outgoing: 
	datadep: 
	instructions:

SET IRMethod, name = update instanceMethod = true
BB 1
	outgoing: 6 2 
	datadep: 
	instructions:
BB 2
	outgoing: 3 4 
	datadep: 
	instructions:
		 0: def_%self 
		 1: def_%v_0 
		 2: COPY TYPE_CurrentScope def_%current_scope 
		 3: COPY TYPE_ScopeModule def_%current_module 
		 4: 
		 5: Line Number 78
		 6: GETFIELD %self->role def_%v_3 %self[2.0,] 
		 7: %self->params def_%v_4 %self[2.0,] 	 SYMBOL:	 ARGS:
		 8: %v_4->[] def_%v_5 %v_4[2.7,] 	 SYMBOL:role,	 ARGS:Symbol,
		 9: ATTRASSIGN %v_3->safe_attributes %v_5[2.8,] 
		 10: Line Number 79
		 11: GETFIELD %self->role def_%v_6 %self[2.0,2.7,] 
		 12: %v_6->save def_%v_7 %v_6[2.11,] 	 SYMBOL:	 ARGS:
		 13: BRANCH %v_7[2.12,] 
BB 3
	outgoing: 6 
	datadep: 
	instructions:
		 0: Line Number 80
		 1: %self->respond_to def_%v_8 %self[2.0,] %self[2.0,] 	 SYMBOL:	 ARGS:%self,
CLOSURE BEGIN: format[] %self[2.0,] 
BB 1
	outgoing: 6 2 
	datadep: 
	instructions:
BB 2
	outgoing: 3 
	datadep: 
	instructions:
		 0: def_%self 
		 1: def_%cl_1_0 
		 2: RECEIVEARG def_format 
		 3: COPY TYPE_CurrentScope def_%current_scope 
		 4: COPY TYPE_ScopeModule def_%current_module 
BB 3
	outgoing: 4 6 
	datadep: 
	instructions:
		 0: Line Number 81
		 1: format->html def_%cl_1_3 format[2.2,] %self[2.0,] 	 SYMBOL:	 ARGS:format,
CLOSURE BEGIN: %self[2.0,] 
BB 1
	outgoing: 6 2 
	datadep: 
	instructions:
BB 2
	outgoing: 3 
	datadep: 
	instructions:
		 0: def_%self 
		 1: def_%cl_2_0 
		 2: COPY TYPE_CurrentScope def_%current_scope 
		 3: COPY TYPE_ScopeModule def_%current_module 
BB 3
	outgoing: 4 6 
	datadep: 
	instructions:
		 0: Line Number 82
		 1: %self->flash def_%cl_2_3 %self[2.0,] 	 SYMBOL:	 ARGS:
		 2: %self->l def_%cl_2_4 %self[3.1,2.0,] 	 SYMBOL:notice_successful_update,	 ARGS:Symbol,
		 3: ATTRASSIGN %cl_2_3->[] %cl_2_4[3.2,] 
		 4: Line Number 83
		 5: %self->params def_%cl_2_5 %self[3.1,3.2,2.0,] 	 SYMBOL:	 ARGS:
		 6: %cl_2_5->[] def_%cl_2_6 %cl_2_5[3.5,] 	 SYMBOL:page,	 ARGS:Symbol,
		 7: HASH-page- def_%cl_2_7 %cl_2_6[3.6,] 
		 8: %self->roles_path def_%cl_2_8 %self[3.1,3.2,3.5,2.0,] %cl_2_7[3.7,] 	 SYMBOL:	 ARGS:%cl_2_7,
		 9: %self->redirect_to def_%cl_2_9 %self[3.1,3.2,3.5,3.8,2.0,] %cl_2_8[3.8,] 	 SYMBOL:	 ARGS:%cl_2_8,
		 10: RETURN %cl_2_9[3.9,] %self[3.1,3.2,3.5,3.8,3.9,2.0,] 
BB 4
	outgoing: 6 
	datadep: 
	instructions:
		 0: def_%cl_2_10 
		 1: def_%cl_2_11 %cl_2_10[4.0,] 
		 2: RETURN %cl_2_11[4.1,] %self[2.0,] 
BB 6
	outgoing: 
	datadep: 
	instructions:
CLOSURE END: 
		 2: Line Number 85
		 3: format->js def_%cl_1_4 format[3.1,2.2,] %self[2.0,] 	 SYMBOL:	 ARGS:format,
CLOSURE BEGIN: %self[2.0,] 
BB 1
	outgoing: 6 2 
	datadep: 
	instructions:
BB 2
	outgoing: 3 
	datadep: 
	instructions:
		 0: def_%self 
		 1: def_%cl_3_0 
		 2: COPY TYPE_CurrentScope def_%current_scope 
		 3: COPY TYPE_ScopeModule def_%current_module 
BB 3
	outgoing: 4 6 
	datadep: 
	instructions:
		 0: Line Number 85
		 1: %self->head def_%cl_3_3 %self[2.0,] 	 SYMBOL:	 ARGS:Fixnum,
		 2: RETURN %cl_3_3[3.1,] %self[3.1,2.0,] 
BB 4
	outgoing: 6 
	datadep: 
	instructions:
		 0: def_%cl_3_4 
		 1: def_%cl_3_5 %cl_3_4[4.0,] 
		 2: RETURN %cl_3_5[4.1,] %self[2.0,] 
BB 6
	outgoing: 
	datadep: 
	instructions:
CLOSURE END: 
		 4: RETURN %cl_1_4[3.3,] %self[2.0,] 
BB 4
	outgoing: 6 
	datadep: 
	instructions:
		 0: def_%cl_1_5 
		 1: def_%cl_1_6 %cl_1_5[4.0,] 
		 2: RETURN %cl_1_6[4.1,] %self[2.0,] 
BB 6
	outgoing: 
	datadep: 
	instructions:
CLOSURE END: 
		 2: RETURN %v_8[3.1,] %self[3.1,2.0,] 
BB 4
	outgoing: 6 
	datadep: 
	instructions:
		 0: Line Number 88
		 1: %self->respond_to def_%v_9 %self[2.0,] %self[2.0,] 	 SYMBOL:	 ARGS:%self,
CLOSURE BEGIN: format[] %self[2.0,] f[] 
BB 1
	outgoing: 6 2 
	datadep: 
	instructions:
BB 2
	outgoing: 3 
	datadep: 
	instructions:
		 0: def_%self 
		 1: def_%cl_4_0 
		 2: RECEIVEARG def_format 
		 3: COPY TYPE_CurrentScope def_%current_scope 
		 4: COPY TYPE_ScopeModule def_%current_module 
BB 3
	outgoing: 4 6 
	datadep: 
	instructions:
		 0: Line Number 89
		 1: format->html def_%cl_4_3 format[2.2,] %self[2.0,] 	 SYMBOL:	 ARGS:format,
CLOSURE BEGIN: %self[2.0,] 
BB 1
	outgoing: 6 2 
	datadep: 
	instructions:
BB 2
	outgoing: 3 
	datadep: 
	instructions:
		 0: def_%self 
		 1: def_%cl_5_0 
		 2: COPY TYPE_CurrentScope def_%current_scope 
		 3: COPY TYPE_ScopeModule def_%current_module 
BB 3
	outgoing: 4 6 
	datadep: 
	instructions:
		 0: Line Number 89
		 1: COPY TYPE_StringLiteral "edit" def_%cl_5_3 
		 2: HASH-action- def_%cl_5_4 %cl_5_3[3.1,] 
		 3: %self->render def_%cl_5_5 %self[2.0,] %cl_5_4[3.2,] 	 SYMBOL:	 ARGS:%cl_5_4,
		 4: RETURN %cl_5_5[3.3,] %self[3.3,2.0,] 
BB 4
	outgoing: 6 
	datadep: 
	instructions:
		 0: def_%cl_5_6 
		 1: def_%cl_5_7 %cl_5_6[4.0,] 
		 2: RETURN %cl_5_7[4.1,] %self[2.0,] 
BB 6
	outgoing: 
	datadep: 
	instructions:
CLOSURE END: 
		 2: Line Number 90
		 3: %self->l def_%cl_4_4 %self[2.0,] 	 SYMBOL:label_role_plural,	 ARGS:Symbol,
		 4: %self->roles_path def_%cl_4_5 %self[3.3,2.0,] 	 SYMBOL:	 ARGS:
		 5: COPY TYPE_Array def_%cl_4_6 %cl_4_4[3.3,] %cl_4_5[3.4,] 
		 6: GETFIELD %self->role def_%cl_4_7 %self[3.3,3.4,2.0,] 
		 7: %cl_4_7->name def_%cl_4_8 %cl_4_7[3.6,] 	 SYMBOL:	 ARGS:
		 8: %self->title def_%cl_4_9 %self[3.3,3.4,2.0,] %cl_4_6[3.5,] %cl_4_8[3.7,] 	 SYMBOL:	 ARGS:%cl_4_6,%cl_4_8,
		 9: Line Number 91
		 10: GETFIELD %self->role def_%cl_4_10 %self[3.3,3.4,3.8,2.0,] 
		 11: %self->labelled_form_for def_%cl_4_11 %self[3.3,3.4,3.8,2.0,] %cl_4_10[3.10,] %self[3.3,3.4,3.8,2.0,] 	 SYMBOL:	 ARGS:%cl_4_10,%self,
CLOSURE BEGIN: f[] %self[3.3,3.4,3.8,2.0,] 
BB 1
	outgoing: 6 2 
	datadep: 
	instructions:
BB 2
	outgoing: 3 
	datadep: 
	instructions:
		 0: def_%self 
		 1: def_%cl_6_0 
		 2: RECEIVEARG def_f 
		 3: COPY TYPE_CurrentScope def_%current_scope 
		 4: COPY TYPE_ScopeModule def_%current_module 
BB 3
	outgoing: 4 6 
	datadep: 
	instructions:
		 0: Line Number 92
		 1: COPY TYPE_StringLiteral "form" def_%cl_6_3 
		 2: HASH-f- def_%cl_6_4 f[2.2,] 
		 3: HASH-partial-locals- def_%cl_6_5 %cl_6_3[3.1,] %cl_6_4[3.2,] 
		 4: %self->render def_%cl_6_6 %self[2.0,] %cl_6_5[3.3,] 	 SYMBOL:	 ARGS:%cl_6_5,
		 5: Line Number 93
		 6: %self->l def_%cl_6_7 %self[3.4,2.0,] 	 SYMBOL:button_save,	 ARGS:Symbol,
		 7: %self->submit_tag def_%cl_6_8 %self[3.4,3.6,2.0,] %cl_6_7[3.6,] 	 SYMBOL:	 ARGS:%cl_6_7,
		 8: RETURN %cl_6_8[3.7,] %self[3.4,3.6,3.7,2.0,] 
BB 4
	outgoing: 6 
	datadep: 
	instructions:
		 0: def_%cl_6_9 
		 1: def_%cl_6_10 %cl_6_9[4.0,] 
		 2: RETURN %cl_6_10[4.1,] %self[2.0,] 
BB 6
	outgoing: 
	datadep: 
	instructions:
CLOSURE END: 
		 12: Line Number 95
		 13: format->js def_%cl_4_12 format[3.1,2.2,] %self[3.3,3.4,3.8,3.11,2.0,] 	 SYMBOL:	 ARGS:format,
CLOSURE BEGIN: %self[3.3,3.4,3.8,3.11,2.0,] 
BB 1
	outgoing: 6 2 
	datadep: 
	instructions:
BB 2
	outgoing: 3 
	datadep: 
	instructions:
		 0: def_%self 
		 1: def_%cl_7_0 
		 2: COPY TYPE_CurrentScope def_%current_scope 
		 3: COPY TYPE_ScopeModule def_%current_module 
BB 3
	outgoing: 4 6 
	datadep: 
	instructions:
		 0: Line Number 95
		 1: %self->head def_%cl_7_3 %self[2.0,] 	 SYMBOL:	 ARGS:Fixnum,
		 2: RETURN %cl_7_3[3.1,] %self[3.1,2.0,] 
BB 4
	outgoing: 6 
	datadep: 
	instructions:
		 0: def_%cl_7_4 
		 1: def_%cl_7_5 %cl_7_4[4.0,] 
		 2: RETURN %cl_7_5[4.1,] %self[2.0,] 
BB 6
	outgoing: 
	datadep: 
	instructions:
CLOSURE END: 
		 14: RETURN %cl_4_12[3.13,] %self[3.3,3.4,3.8,3.11,2.0,] 
BB 4
	outgoing: 6 
	datadep: 
	instructions:
		 0: def_%cl_4_13 
		 1: def_%cl_4_14 %cl_4_13[4.0,] 
		 2: RETURN %cl_4_14[4.1,] %self[2.0,] 
BB 6
	outgoing: 
	datadep: 
	instructions:
CLOSURE END: 
		 2: RETURN %v_9[4.1,] %self[4.1,2.0,] 
BB 6
	outgoing: 
	datadep: 
	instructions:

SET IRMethod, name = destroy instanceMethod = true
BB 1
	outgoing: 12 2 
	datadep: 
	instructions:
BB 2
	outgoing: 4 
	datadep: 
	instructions:
		 0: def_%self 
		 1: def_%v_0 
		 2: COPY TYPE_CurrentScope def_%current_scope 
		 3: COPY TYPE_ScopeModule def_%current_module 
		 4: 
		 5: Line Number 100
		 6: GLOBALVAR $! def_%v_3 
BB 4
	outgoing: 5 6 
	datadep: 
	instructions:
		 0: 
		 1: Line Number 101
		 2: GETFIELD %self->role def_%v_6 %self[2.0,] 
		 3: %v_6->destroy def_%v_7 %v_6[4.2,] 	 SYMBOL:	 ARGS:
		 4: COPY TYPE_PASS def_%v_5 %v_7[4.3,] 
		 5: %v_3[2.6,] 
BB 5
	outgoing: 11 
	datadep: 
	instructions:
		 0: 
BB 6
	outgoing: 7 8 10 
	datadep: 
	instructions:
		 0: def_%v_8 
		 1: def_%v_9 %v_8[6.0,] 
		 2: BRANCH %v_9[6.1,] 
BB 7
	outgoing: 10 12 
	datadep: 
	instructions:
		 0: %v_8[6.0,] 
BB 8
	outgoing: 9 10 
	datadep: 
	instructions:
		 0: Line Number 103
		 1: %self->flash def_%v_10 %self[2.0,] 	 SYMBOL:	 ARGS:
		 2: %self->l def_%v_11 %self[8.1,2.0,] 	 SYMBOL:error_can_not_remove_role,	 ARGS:Symbol,
		 3: ATTRASSIGN %v_10->[] %v_11[8.2,] 
		 4: COPY TYPE_PASS def_%v_5 %v_11[8.2,] 
		 5: %v_3[2.6,] 
BB 9
	outgoing: 11 
	datadep: 
	instructions:
		 0: 
BB 10
	outgoing: 12 
	datadep: 
	instructions:
		 0: def_%v_12 
		 1: def_%v_13 %v_12[10.0,] %v_3[2.6,] 
		 2: %v_12[10.0,] 
BB 11
	outgoing: 12 
	datadep: 
	instructions:
		 0: Line Number 105
		 1: %self->roles_path def_%v_14 %self[2.0,] 	 SYMBOL:	 ARGS:
		 2: %self->redirect_to def_%v_15 %self[11.1,2.0,] %v_14[11.1,] 	 SYMBOL:	 ARGS:%v_14,
		 3: RETURN %v_15[11.2,] %self[11.1,11.2,2.0,] 
BB 12
	outgoing: 
	datadep: 
	instructions:

SET IRMethod, name = permissions instanceMethod = true
BB 1
	outgoing: 8 2 
	datadep: 
	instructions:
BB 2
	outgoing: 3 4 
	datadep: 
	instructions:
		 0: def_%self 
		 1: def_%v_0 
		 2: COPY TYPE_CurrentScope def_%current_scope 
		 3: COPY TYPE_ScopeModule def_%current_module 
		 4: 
		 5: Line Number 108
		 6: (Role) def_%v_3 
		 7: %v_3->sorted def_%v_4 %v_3[2.6,] 	 SYMBOL:	 ARGS:
		 8: %v_4->to_a def_%v_5 %v_4[2.7,] 	 SYMBOL:	 ARGS:
		 9: ATTRASSIGN %self->roles %v_5[2.8,] 
		 10: Line Number 109
		 11: (Redmine) def_%v_6 
		 12: (inherit AccessControl) def_%v_7 %v_6[2.11,] 
		 13: %v_7[2.12,] 
BB 3
	outgoing: 4 
	datadep: 
	instructions:
		 0: %v_6->const_missing def_%v_7 %v_6[2.11,] 	 SYMBOL:AccessControl,	 ARGS:Symbol,
BB 4
	outgoing: 5 6 
	datadep: 
	instructions:
		 0: %v_7->permissions def_%v_8 %v_7[3.0,2.12,] 	 SYMBOL:	 ARGS:
		 1: %v_8->select def_%v_9 %v_8[4.0,] %self[2.0,2.9,] 	 SYMBOL:	 ARGS:%v_8,
CLOSURE BEGIN: p[] 
BB 1
	outgoing: 6 2 
	datadep: 
	instructions:
BB 2
	outgoing: 3 
	datadep: 
	instructions:
		 0: def_%self 
		 1: def_%cl_1_0 
		 2: RECEIVEARG def_p 
		 3: COPY TYPE_CurrentScope def_%current_scope 
		 4: COPY TYPE_ScopeModule def_%current_module 
BB 3
	outgoing: 4 6 
	datadep: 
	instructions:
		 0: Line Number 109
		 1: p->public? def_%cl_1_3 p[2.2,] 	 SYMBOL:	 ARGS:
		 2: %cl_1_3->! def_%cl_1_4 %cl_1_3[3.1,] 	 SYMBOL:	 ARGS:
		 3: RETURN %cl_1_4[3.2,] %self[2.0,] 
BB 4
	outgoing: 6 
	datadep: 
	instructions:
		 0: def_%cl_1_5 
		 1: def_%cl_1_6 %cl_1_5[4.0,] 
		 2: RETURN %cl_1_6[4.1,] %self[2.0,] 
BB 6
	outgoing: 
	datadep: 
	instructions:
CLOSURE END: 
		 2: ATTRASSIGN %self->permissions %v_9[4.1,] 
		 3: Line Number 110
		 4: %self->request def_%v_10 %self[4.2,2.0,2.9,] 	 SYMBOL:	 ARGS:
		 5: %v_10->post? def_%v_11 %v_10[4.4,] 	 SYMBOL:	 ARGS:
		 6: BRANCH %v_11[4.5,] 
BB 5
	outgoing: 8 
	datadep: 
	instructions:
		 0: Line Number 111
		 1: GETFIELD %self->roles def_%v_12 %self[2.0,2.9,] 
		 2: %v_12->each def_%v_13 %v_12[5.1,] %self[4.2,2.0,2.9,] 	 SYMBOL:	 ARGS:%v_12,
CLOSURE BEGIN: %self[4.2,2.0,2.9,] role[] 
BB 1
	outgoing: 6 2 
	datadep: 
	instructions:
BB 2
	outgoing: 3 
	datadep: 
	instructions:
		 0: def_%self 
		 1: def_%cl_2_0 
		 2: RECEIVEARG def_role 
		 3: COPY TYPE_CurrentScope def_%current_scope 
		 4: COPY TYPE_ScopeModule def_%current_module 
BB 3
	outgoing: 4 6 
	datadep: 
	instructions:
		 0: Line Number 112
		 1: %self->params def_%cl_2_3 %self[2.0,] 	 SYMBOL:	 ARGS:
		 2: %cl_2_3->[] def_%cl_2_4 %cl_2_3[3.1,] 	 SYMBOL:permissions,	 ARGS:Symbol,
		 3: role->id def_%cl_2_5 role[2.2,] 	 SYMBOL:	 ARGS:
		 4: %cl_2_5->to_s def_%cl_2_6 %cl_2_5[3.3,] 	 SYMBOL:	 ARGS:
		 5: %cl_2_4->[] def_%cl_2_7 %cl_2_4[3.2,] %cl_2_6[3.4,] 	 SYMBOL:	 ARGS:%cl_2_6,
		 6: ATTRASSIGN role->permissions %cl_2_7[3.5,] 
		 7: Line Number 113
		 8: role->save def_%cl_2_8 role[3.3,3.6,2.2,] 	 SYMBOL:	 ARGS:
		 9: RETURN %cl_2_8[3.8,] %self[3.1,2.0,] 
BB 4
	outgoing: 6 
	datadep: 
	instructions:
		 0: def_%cl_2_9 
		 1: def_%cl_2_10 %cl_2_9[4.0,] 
		 2: RETURN %cl_2_10[4.1,] %self[2.0,] 
BB 6
	outgoing: 
	datadep: 
	instructions:
CLOSURE END: 
		 3: Line Number 115
		 4: %self->flash def_%v_14 %self[4.2,2.0,2.9,] 	 SYMBOL:	 ARGS:
		 5: %self->l def_%v_15 %self[5.4,4.2,2.0,2.9,] 	 SYMBOL:notice_successful_update,	 ARGS:Symbol,
		 6: ATTRASSIGN %v_14->[] %v_15[5.5,] 
		 7: Line Number 116
		 8: %self->roles_path def_%v_16 %self[5.4,5.5,4.2,2.0,2.9,] 	 SYMBOL:	 ARGS:
		 9: %self->redirect_to def_%v_17 %self[5.4,5.5,5.8,4.2,2.0,2.9,] %v_16[5.8,] 	 SYMBOL:	 ARGS:%v_16,
		 10: RETURN %v_17[5.9,] %self[5.4,5.5,5.8,5.9,4.2,2.0,2.9,] 
BB 6
	outgoing: 8 
	datadep: 
	instructions:
		 0: RETURN %self[4.2,2.0,2.9,] 
BB 8
	outgoing: 
	datadep: 
	instructions:

SET IRMethod, name = find_role instanceMethod = true
BB 1
	outgoing: 14 2 
	datadep: 
	instructions:
BB 2
	outgoing: 4 
	datadep: 
	instructions:
		 0: def_%self 
		 1: def_%v_0 
		 2: COPY TYPE_CurrentScope def_%current_scope 
		 3: COPY TYPE_ScopeModule def_%current_module 
		 4: 
		 5: GLOBALVAR $! def_%v_3 
BB 4
	outgoing: 5 6 
	datadep: 
	instructions:
		 0: 
		 1: Line Number 160
		 2: (Role) def_%v_6 
		 3: %self->params def_%v_7 %self[2.0,] 	 SYMBOL:	 ARGS:
		 4: %v_7->[] def_%v_8 %v_7[4.3,] 	 SYMBOL:id,	 ARGS:Symbol,
		 5: %v_6->find def_%v_9 %v_6[4.2,] %v_8[4.4,] 	 SYMBOL:	 ARGS:%v_8,
		 6: ATTRASSIGN %self->role %v_9[4.5,] 
		 7: COPY TYPE_PASS def_%v_5 %v_9[4.5,] 
		 8: %v_3[2.5,] 
BB 5
	outgoing: 13 
	datadep: 
	instructions:
		 0: 
BB 6
	outgoing: 7 8 12 
	datadep: 
	instructions:
		 0: def_%v_10 
		 1: (ActiveRecord) def_%v_11 
		 2: (inherit RecordNotFound) def_%v_12 %v_11[6.1,] 
		 3: %v_12[6.2,] 
BB 7
	outgoing: 8 12 
	datadep: 
	instructions:
		 0: %v_11->const_missing def_%v_12 %v_11[6.1,] 	 SYMBOL:RecordNotFound,	 ARGS:Symbol,
BB 8
	outgoing: 9 10 12 
	datadep: 
	instructions:
		 0: def_%v_13 %v_12[7.0,6.2,] %v_10[6.0,] 
		 1: BRANCH %v_13[8.0,] 
BB 9
	outgoing: 12 14 
	datadep: 
	instructions:
		 0: %v_10[6.0,] 
BB 10
	outgoing: 11 12 
	datadep: 
	instructions:
		 0: Line Number 162
		 1: %self->render_404 def_%v_14 %self[4.6,2.0,] 	 SYMBOL:	 ARGS:
		 2: COPY TYPE_PASS def_%v_5 %v_14[10.1,] 
		 3: %v_3[2.5,] 
BB 11
	outgoing: 13 
	datadep: 
	instructions:
		 0: 
BB 12
	outgoing: 14 
	datadep: 
	instructions:
		 0: def_%v_15 
		 1: def_%v_16 %v_15[12.0,] %v_3[2.5,] 
		 2: %v_15[12.0,] 
BB 13
	outgoing: 14 
	datadep: 
	instructions:
		 0: RETURN %v_5[4.7,10.2,] %self[4.6,2.0,] 
BB 14
	outgoing: 
	datadep: 
	instructions:

