SET IRMethod, name = index instanceMethod = true
BB 1
	outgoing: 3 2 
	datadep: 
	instructions:
BB 2
	outgoing: 3 
	datadep: 
	instructions:
		 0: def_%self 
		 1: def_%v_0 
		 2: COPY TYPE_CurrentScope def_%current_scope 
		 3: COPY TYPE_ScopeModule def_%current_module 
		 4: 
		 5: Line Number 8
		 6: %self->edit def_%v_3 %self[2.0,] 	 SYMBOL:	 ARGS:
		 7: Line Number 9
		 8: COPY TYPE_StringLiteral "edit" def_%v_4 
		 9: HASH-action- def_%v_5 %v_4[2.8,] 
		 10: %self->render def_%v_6 %self[2.0,2.6,] %v_5[2.9,] 	 SYMBOL:	 ARGS:%v_5,
		 11: Line Number 10
		 12: %self->l def_%v_7 %self[2.0,2.6,2.10,] 	 SYMBOL:label_settings,	 ARGS:Symbol,
		 13: Line Number 11
		 14: GETFIELD %self->setting_errors def_%v_8 %self[2.0,2.6,2.10,2.12,] 
		 15: %self->render_settings_error def_%v_9 %self[2.0,2.6,2.10,2.12,] %v_8[2.14,] 	 SYMBOL:	 ARGS:%v_8,
		 16: Line Number 12
		 17: %self->administration_settings_tabs def_%v_10 %self[2.0,2.6,2.10,2.12,2.15,] 	 SYMBOL:	 ARGS:
		 18: %self->render_tabs def_%v_11 %self[2.0,2.6,2.10,2.12,2.15,2.17,] %v_10[2.17,] 	 SYMBOL:	 ARGS:%v_10,
		 19: Line Number 13
		 20: %self->l def_%v_12 %self[2.0,2.6,2.10,2.12,2.15,2.17,2.18,] 	 SYMBOL:label_settings,	 ARGS:Symbol,
		 21: %self->l def_%v_13 %self[2.0,2.6,2.10,2.12,2.15,2.17,2.18,2.20,] 	 SYMBOL:label_administration,	 ARGS:Symbol,
		 22: %self->html_title def_%v_14 %self[2.0,2.6,2.10,2.12,2.15,2.17,2.18,2.20,2.21,] %v_12[2.20,] %v_13[2.21,] 	 SYMBOL:	 ARGS:%v_12,%v_13,
		 23: RETURN %v_14[2.22,] %self[2.0,2.6,2.10,2.12,2.15,2.17,2.18,2.20,2.21,2.22,] 
BB 3
	outgoing: 
	datadep: 
	instructions:

SET IRMethod, name = edit instanceMethod = true
BB 1
	outgoing: 29 2 
	datadep: 
	instructions:
BB 2
	outgoing: 3 4 
	datadep: 
	instructions:
		 0: def_%self 
		 1: def_%v_0 
		 2: COPY TYPE_CurrentScope def_%current_scope 
		 3: COPY TYPE_ScopeModule def_%current_module 
		 4: 
		 5: Line Number 16
		 6: (Redmine) def_%v_3 
		 7: (inherit Notifiable) def_%v_4 %v_3[2.6,] 
		 8: %v_4[2.7,] 
BB 3
	outgoing: 4 
	datadep: 
	instructions:
		 0: %v_3->const_missing def_%v_4 %v_3[2.6,] 	 SYMBOL:Notifiable,	 ARGS:Symbol,
BB 4
	outgoing: 5 9 
	datadep: 
	instructions:
		 0: %v_4->all def_%v_5 %v_4[3.0,2.7,] 	 SYMBOL:	 ARGS:
		 1: ATTRASSIGN %self->notifiables %v_5[4.0,] 
		 2: Line Number 17
		 3: %self->request def_%v_6 %self[4.1,2.0,] 	 SYMBOL:	 ARGS:
		 4: %v_6->post? def_%v_7 %v_6[4.3,] 	 SYMBOL:	 ARGS:
		 5: BRANCH %v_7[4.4,] 
BB 5
	outgoing: 6 7 
	datadep: 
	instructions:
		 0: Line Number 18
		 1: (Setting) def_%v_8 
		 2: %self->params def_%v_9 %self[4.1,2.0,] 	 SYMBOL:	 ARGS:
		 3: %v_9->[] def_%v_10 %v_9[5.2,] 	 SYMBOL:settings,	 ARGS:Symbol,
		 4: %v_10->to_unsafe_hash def_%v_11 %v_10[5.3,] 	 SYMBOL:	 ARGS:
		 5: %v_8->set_all_from_params def_%v_12 %v_8[5.1,] %v_11[5.4,] 	 SYMBOL:	 ARGS:%v_11,
		 6: COPY TYPE_PASS def_errors %v_12[5.5,] 
		 7: Line Number 19
		 8: %v_12->blank? def_%v_13 %v_12[5.5,] 	 SYMBOL:	 ARGS:
		 9: BRANCH %v_13[5.8,] 
BB 6
	outgoing: 29 
	datadep: 
	instructions:
		 0: Line Number 20
		 1: %self->flash def_%v_14 %self[4.1,2.0,] 	 SYMBOL:	 ARGS:
		 2: %self->l def_%v_15 %self[6.1,4.1,2.0,] 	 SYMBOL:notice_successful_update,	 ARGS:Symbol,
		 3: ATTRASSIGN %v_14->[] %v_15[6.2,] 
		 4: Line Number 21
		 5: %self->params def_%v_16 %self[6.1,6.2,4.1,2.0,] 	 SYMBOL:	 ARGS:
		 6: %v_16->[] def_%v_17 %v_16[6.5,] 	 SYMBOL:tab,	 ARGS:Symbol,
		 7: HASH-tab- def_%v_18 %v_17[6.6,] 
		 8: %self->settings_path def_%v_19 %self[6.1,6.2,6.5,4.1,2.0,] %v_18[6.7,] 	 SYMBOL:	 ARGS:%v_18,
		 9: %self->redirect_to def_%v_20 %self[6.1,6.2,6.5,6.8,4.1,2.0,] %v_19[6.8,] 	 SYMBOL:	 ARGS:%v_19,
		 10: Line Number 22
		 11: RETURN %self[6.1,6.2,6.5,6.8,6.9,4.1,2.0,] 
BB 7
	outgoing: 10 
	datadep: 
	instructions:
		 0: Line Number 24
		 1: ATTRASSIGN %self->setting_errors errors[5.6,] 
		 2: COPY TYPE_PASS def_%v_21 errors[5.6,] 
		 3: 
BB 9
	outgoing: 10 
	datadep: 
	instructions:
		 0: COPY TYPE_Nil def_%v_21 
BB 10
	outgoing: 11 12 
	datadep: 
	instructions:
		 0: Line Number 27
		 1: HASH- def_%v_22 
		 2: ATTRASSIGN %self->options %v_22[10.1,] 
		 3: Line Number 28
		 4: (User) def_%v_23 
		 5: (inherit USER_FORMATS) def_%v_24 %v_23[10.4,] 
		 6: %v_24[10.5,] 
BB 11
	outgoing: 12 
	datadep: 
	instructions:
		 0: %v_23->const_missing def_%v_24 %v_23[10.4,] 	 SYMBOL:USER_FORMATS,	 ARGS:Symbol,
BB 12
	outgoing: 13 14 
	datadep: 
	instructions:
		 0: %v_24->collect def_%v_25 %v_24[11.0,10.5,] %self[10.2,7.1,4.1,2.0,] 	 SYMBOL:	 ARGS:%v_24,
CLOSURE BEGIN: value[] key[] 
BB 1
	outgoing: 6 2 
	datadep: 
	instructions:
BB 2
	outgoing: 3 
	datadep: 
	instructions:
		 0: def_%self 
		 1: def_%cl_1_0 
		 2: RECEIVEARG def_key 
		 3: RECEIVEARG def_value 
		 4: COPY TYPE_CurrentScope def_%current_scope 
		 5: COPY TYPE_ScopeModule def_%current_module 
BB 3
	outgoing: 4 6 
	datadep: 
	instructions:
		 0: Line Number 28
		 1: value->[] def_%cl_1_3 value[2.3,] 	 SYMBOL:setting_order,	 ARGS:Symbol,
		 2: COPY TYPE_Array def_%cl_1_4 key[2.2,] %cl_1_3[3.1,] 
		 3: RETURN %cl_1_4[3.2,] %self[2.0,] 
BB 4
	outgoing: 6 
	datadep: 
	instructions:
		 0: def_%cl_1_5 
		 1: def_%cl_1_6 %cl_1_5[4.0,] 
		 2: RETURN %cl_1_6[4.1,] %self[2.0,] 
BB 6
	outgoing: 
	datadep: 
	instructions:
CLOSURE END: value[2.3,] 
		 1: %v_25->sort def_%v_26 %v_25[12.0,] %self[10.2,7.1,4.1,2.0,] 	 SYMBOL:	 ARGS:%v_25,
CLOSURE BEGIN: a[] b[] 
BB 1
	outgoing: 6 2 
	datadep: 
	instructions:
BB 2
	outgoing: 3 
	datadep: 
	instructions:
		 0: def_%self 
		 1: def_%cl_2_0 
		 2: RECEIVEARG def_a 
		 3: RECEIVEARG def_b 
		 4: COPY TYPE_CurrentScope def_%current_scope 
		 5: COPY TYPE_ScopeModule def_%current_module 
BB 3
	outgoing: 4 6 
	datadep: 
	instructions:
		 0: Line Number 28
		 1: a->[] def_%cl_2_3 a[2.2,] 	 SYMBOL:	 ARGS:Fixnum,
		 2: b->[] def_%cl_2_4 b[2.3,] 	 SYMBOL:	 ARGS:Fixnum,
		 3: %cl_2_3-><=> def_%cl_2_5 %cl_2_3[3.1,] %cl_2_4[3.2,] 	 SYMBOL:	 ARGS:%cl_2_4,
		 4: RETURN %cl_2_5[3.3,] %self[2.0,] 
BB 4
	outgoing: 6 
	datadep: 
	instructions:
		 0: def_%cl_2_6 
		 1: def_%cl_2_7 %cl_2_6[4.0,] 
		 2: RETURN %cl_2_7[4.1,] %self[2.0,] 
BB 6
	outgoing: 
	datadep: 
	instructions:
CLOSURE END: b[2.3,] 
		 2: COPY TYPE_PASS def_user_format %v_26[12.1,] 
		 3: Line Number 29
		 4: GETFIELD %self->options def_%v_27 %self[10.2,2.0,] 
		 5: %v_26->collect def_%v_28 %v_26[12.1,] %self[10.2,7.1,4.1,2.0,] 	 SYMBOL:	 ARGS:%v_26,
CLOSURE BEGIN: f[] 
BB 1
	outgoing: 6 2 
	datadep: 
	instructions:
BB 2
	outgoing: 3 
	datadep: 
	instructions:
		 0: def_%self 
		 1: def_%cl_3_0 
		 2: RECEIVEARG def_f 
		 3: COPY TYPE_CurrentScope def_%current_scope 
		 4: COPY TYPE_ScopeModule def_%current_module 
BB 3
	outgoing: 4 6 
	datadep: 
	instructions:
		 0: Line Number 29
		 1: (User) def_%cl_3_3 
		 2: %cl_3_3->current def_%cl_3_4 %cl_3_3[3.1,] 	 SYMBOL:	 ARGS:
		 3: f->[] def_%cl_3_5 f[2.2,] 	 SYMBOL:	 ARGS:Fixnum,
		 4: %cl_3_4->name def_%cl_3_6 %cl_3_4[3.2,] %cl_3_5[3.3,] 	 SYMBOL:	 ARGS:%cl_3_5,
		 5: f->[] def_%cl_3_7 f[3.3,2.2,] 	 SYMBOL:	 ARGS:Fixnum,
		 6: %cl_3_7->to_s def_%cl_3_8 %cl_3_7[3.5,] 	 SYMBOL:	 ARGS:
		 7: COPY TYPE_Array def_%cl_3_9 %cl_3_6[3.4,] %cl_3_8[3.6,] 
		 8: RETURN %cl_3_9[3.7,] %self[2.0,] 
BB 4
	outgoing: 6 
	datadep: 
	instructions:
		 0: def_%cl_3_10 
		 1: def_%cl_3_11 %cl_3_10[4.0,] 
		 2: RETURN %cl_3_11[4.1,] %self[2.0,] 
BB 6
	outgoing: 
	datadep: 
	instructions:
CLOSURE END: 
		 6: ATTRASSIGN %v_27->[] %v_28[12.5,] 
		 7: Line Number 30
		 8: (ActionMailer) def_%v_29 
		 9: (inherit Base) def_%v_30 %v_29[12.8,] 
		 10: %v_30[12.9,] 
BB 13
	outgoing: 14 
	datadep: 
	instructions:
		 0: %v_29->const_missing def_%v_30 %v_29[12.8,] 	 SYMBOL:Base,	 ARGS:Symbol,
BB 14
	outgoing: 15 16 
	datadep: 
	instructions:
		 0: %v_30->perform_deliveries def_%v_31 %v_30[13.0,12.9,] 	 SYMBOL:	 ARGS:
		 1: ATTRASSIGN %self->deliveries %v_31[14.0,] 
		 2: Line Number 31
		 3: %self->request def_%v_32 %self[14.1,10.2,7.1,4.1,2.0,] 	 SYMBOL:	 ARGS:
		 4: %v_32->host_with_port def_%v_33 %v_32[14.3,] 	 SYMBOL:	 ARGS:
		 5: %v_33->dup def_%v_34 %v_33[14.4,] 	 SYMBOL:	 ARGS:
		 6: ATTRASSIGN %self->guessed_host_and_path %v_34[14.5,] 
		 7: Line Number 32
		 8: (Redmine) def_%v_35 
		 9: (inherit Utils) def_%v_36 %v_35[14.8,] 
		 10: %v_36[14.9,] 
BB 15
	outgoing: 16 
	datadep: 
	instructions:
		 0: %v_35->const_missing def_%v_36 %v_35[14.8,] 	 SYMBOL:Utils,	 ARGS:Symbol,
BB 16
	outgoing: 17 18 
	datadep: 
	instructions:
		 0: %v_36->relative_url_root def_%v_37 %v_36[15.0,14.9,] 	 SYMBOL:	 ARGS:
		 1: %v_37->blank? def_%v_38 %v_37[16.0,] 	 SYMBOL:	 ARGS:
		 2: BRANCH %v_38[16.1,] 
BB 17
	outgoing: 21 
	datadep: 
	instructions:
		 0: COPY TYPE_Nil def_%v_39 
		 1: 
BB 18
	outgoing: 19 20 
	datadep: 
	instructions:
		 0: GETFIELD %self->guessed_host_and_path def_%v_40 %self[14.6,2.0,] 
		 1: COPY TYPE_StringLiteral "/" def_%v_41 
		 2: (Redmine) def_%v_42 
		 3: (inherit Utils) def_%v_43 %v_42[18.2,] 
		 4: %v_43[18.3,] 
BB 19
	outgoing: 20 
	datadep: 
	instructions:
		 0: %v_42->const_missing def_%v_43 %v_42[18.2,] 	 SYMBOL:Utils,	 ARGS:Symbol,
BB 20
	outgoing: 21 
	datadep: 
	instructions:
		 0: %v_43->relative_url_root def_%v_44 %v_43[19.0,18.3,] 	 SYMBOL:	 ARGS:
		 1: COPY TYPE_Regexp def_%v_45 
		 2: COPY TYPE_StringLiteral "" def_%v_46 
		 3: %v_44->gsub def_%v_47 %v_44[20.0,] %v_46[20.2,] 	 SYMBOL:	 ARGS:%v_45,%v_46,
		 4: %v_41->+ def_%v_48 %v_41[18.1,] %v_47[20.3,] 	 SYMBOL:	 ARGS:%v_47,
		 5: %v_40-><< def_%v_49 %v_40[18.0,] %v_48[20.4,] 	 SYMBOL:	 ARGS:%v_48,
		 6: COPY TYPE_PASS def_%v_39 %v_49[20.5,] 
BB 21
	outgoing: 22 23 
	datadep: 
	instructions:
		 0: Line Number 33
		 1: (Setting) def_%v_50 
		 2: %v_50->commit_update_keywords def_%v_51 %v_50[21.1,] 	 SYMBOL:	 ARGS:
		 3: %v_51->dup def_%v_52 %v_51[21.2,] 	 SYMBOL:	 ARGS:
		 4: ATTRASSIGN %self->commit_update_keywords %v_52[21.3,] 
		 5: Line Number 34
		 6: GETFIELD %self->commit_update_keywords def_%v_53 %self[21.4,2.0,] 
		 7: (Array) def_%v_54 
		 8: %v_53->is_a? def_%v_55 %v_53[21.6,] %v_54[21.7,] 	 SYMBOL:	 ARGS:%v_54,
		 9: BRANCH %v_55[21.8,] 
BB 22
	outgoing: 23 
	datadep: 
	instructions:
		 0: GETFIELD %self->commit_update_keywords def_%v_56 %self[21.4,2.0,] 
		 1: %v_56->any? def_%v_57 %v_56[22.0,] 	 SYMBOL:	 ARGS:
		 2: COPY TYPE_PASS def_%v_55 %v_57[22.1,] 
BB 23
	outgoing: 24 25 
	datadep: 
	instructions:
		 0: BRANCH %v_55[22.2,21.8,] 
BB 24
	outgoing: 26 
	datadep: 
	instructions:
		 0: COPY TYPE_Nil def_%v_58 
		 1: 
BB 25
	outgoing: 26 
	datadep: 
	instructions:
		 0: HASH- def_%v_59 
		 1: COPY TYPE_Array def_%v_60 %v_59[25.0,] 
		 2: ATTRASSIGN %self->commit_update_keywords %v_60[25.1,] 
		 3: COPY TYPE_PASS def_%v_58 %v_60[25.1,] 
BB 26
	outgoing: 27 28 
	datadep: 
	instructions:
		 0: Line Number 35
		 1: (Redmine) def_%v_61 
		 2: (inherit Themes) def_%v_62 %v_61[26.1,] 
		 3: %v_62[26.2,] 
BB 27
	outgoing: 28 
	datadep: 
	instructions:
		 0: %v_61->const_missing def_%v_62 %v_61[26.1,] 	 SYMBOL:Themes,	 ARGS:Symbol,
BB 28
	outgoing: 29 
	datadep: 
	instructions:
		 0: %v_62->rescan def_%v_63 %v_62[27.0,26.2,] 	 SYMBOL:	 ARGS:
		 1: RETURN %v_63[28.0,] %self[25.2,21.4,14.1,14.6,10.2,7.1,4.1,2.0,] 
BB 29
	outgoing: 
	datadep: 
	instructions:

SET IRMethod, name = plugin instanceMethod = true
BB 1
	outgoing: 26 2 
	datadep: 
	instructions:
BB 2
	outgoing: 4 
	datadep: 
	instructions:
		 0: def_%self 
		 1: def_%v_0 
		 2: COPY TYPE_CurrentScope def_%current_scope 
		 3: COPY TYPE_ScopeModule def_%current_module 
		 4: 
		 5: GLOBALVAR $! def_%v_3 
BB 4
	outgoing: 5 6 18 
	datadep: 
	instructions:
		 0: 
		 1: Line Number 42
		 2: (Redmine) def_%v_6 
		 3: (inherit Plugin) def_%v_7 %v_6[4.2,] 
		 4: %v_7[4.3,] 
BB 5
	outgoing: 6 18 
	datadep: 
	instructions:
		 0: %v_6->const_missing def_%v_7 %v_6[4.2,] 	 SYMBOL:Plugin,	 ARGS:Symbol,
BB 6
	outgoing: 7 8 18 
	datadep: 
	instructions:
		 0: %self->params def_%v_8 %self[2.0,] 	 SYMBOL:	 ARGS:
		 1: %v_8->[] def_%v_9 %v_8[6.0,] 	 SYMBOL:id,	 ARGS:Symbol,
		 2: %v_7->find def_%v_10 %v_7[5.0,4.3,] %v_9[6.1,] 	 SYMBOL:	 ARGS:%v_9,
		 3: ATTRASSIGN %self->plugin %v_10[6.2,] 
		 4: Line Number 43
		 5: GETFIELD %self->plugin def_%v_11 %self[6.0,6.3,2.0,] 
		 6: %v_11->configurable? def_%v_12 %v_11[6.5,] 	 SYMBOL:	 ARGS:
		 7: BRANCH %v_12[6.6,] 
BB 7
	outgoing: 10 
	datadep: 
	instructions:
		 0: COPY TYPE_Nil def_%v_13 
		 1: 
BB 8
	outgoing: 9 18 
	datadep: 
	instructions:
		 0: Line Number 44
		 1: %self->render_404 def_%v_14 %self[6.3,2.0,] 	 SYMBOL:	 ARGS:
		 2: Line Number 45
		 3: COPY TYPE_Nil def_%v_15 
		 4: %v_3[2.5,] 
BB 9
	outgoing: 26 
	datadep: 
	instructions:
		 0: RETURN %v_15[8.3,] %self[6.3,2.0,] 
BB 10
	outgoing: 11 15 18 
	datadep: 
	instructions:
		 0: Line Number 47
		 1: %self->request def_%v_16 %self[6.3,2.0,] 	 SYMBOL:	 ARGS:
		 2: %v_16->post? def_%v_17 %v_16[10.1,] 	 SYMBOL:	 ARGS:
		 3: BRANCH %v_17[10.2,] 
BB 11
	outgoing: 12 13 18 
	datadep: 
	instructions:
		 0: Line Number 48
		 1: %self->params def_%v_18 %self[6.3,2.0,] 	 SYMBOL:	 ARGS:
		 2: %v_18->[] def_%v_19 %v_18[11.1,] 	 SYMBOL:settings,	 ARGS:Symbol,
		 3: BRANCH %v_19[11.2,] 
BB 12
	outgoing: 14 18 
	datadep: 
	instructions:
		 0: %self->params def_%v_20 %self[6.3,2.0,] 	 SYMBOL:	 ARGS:
		 1: %v_20->[] def_%v_21 %v_20[12.0,] 	 SYMBOL:settings,	 ARGS:Symbol,
		 2: %v_21->permit! def_%v_22 %v_21[12.1,] 	 SYMBOL:	 ARGS:
		 3: %v_22->to_h def_%v_23 %v_22[12.2,] 	 SYMBOL:	 ARGS:
		 4: 
BB 13
	outgoing: 14 
	datadep: 
	instructions:
		 0: HASH- def_%v_24 
		 1: COPY TYPE_PASS def_%v_23 %v_24[13.0,] 
BB 14
	outgoing: 16 18 
	datadep: 
	instructions:
		 0: COPY TYPE_PASS def_setting %v_23[13.1,12.3,] 
		 1: Line Number 49
		 2: (Setting) def_%v_25 
		 3: COPY TYPE_StringLiteral "plugin_" def_%v_26 
		 4: GETFIELD %self->plugin def_%v_27 %self[6.3,2.0,] 
		 5: %v_27->id def_%v_28 %v_27[14.4,] 	 SYMBOL:	 ARGS:
		 6: COPY TYPE_StringLiteral "=" def_%v_29 
		 7: BUILDSTRING def_%v_30 %v_26[14.3,] %v_28[14.5,] %v_29[14.6,] 
		 8: %v_25->send def_%v_31 %v_25[14.2,] %v_30[14.7,] setting[14.0,] 	 SYMBOL:	 ARGS:%v_30,setting,
		 9: Line Number 50
		 10: %self->flash def_%v_32 %self[6.3,2.0,] 	 SYMBOL:	 ARGS:
		 11: %self->l def_%v_33 %self[14.10,6.3,2.0,] 	 SYMBOL:notice_successful_update,	 ARGS:Symbol,
		 12: ATTRASSIGN %v_32->[] %v_33[14.11,] 
		 13: Line Number 51
		 14: GETFIELD %self->plugin def_%v_34 %self[14.10,14.11,6.3,2.0,] 
		 15: %self->plugin_settings_path def_%v_35 %self[14.10,14.11,6.3,2.0,] %v_34[14.14,] 	 SYMBOL:	 ARGS:%v_34,
		 16: %self->redirect_to def_%v_36 %self[14.10,14.11,14.15,6.3,2.0,] %v_35[14.15,] 	 SYMBOL:	 ARGS:%v_35,
		 17: 
BB 15
	outgoing: 16 18 
	datadep: 
	instructions:
		 0: Line Number 53
		 1: GETFIELD %self->plugin def_%v_37 %self[6.3,2.0,] 
		 2: %v_37->settings def_%v_38 %v_37[15.1,] 	 SYMBOL:	 ARGS:
		 3: %v_38->[] def_%v_39 %v_38[15.2,] 	 SYMBOL:partial,	 ARGS:Symbol,
		 4: ATTRASSIGN %self->partial %v_39[15.3,] 
		 5: Line Number 54
		 6: (Setting) def_%v_40 
		 7: COPY TYPE_StringLiteral "plugin_" def_%v_41 
		 8: GETFIELD %self->plugin def_%v_42 %self[6.3,2.0,] 
		 9: %v_42->id def_%v_43 %v_42[15.8,] 	 SYMBOL:	 ARGS:
		 10: BUILDSTRING def_%v_44 %v_41[15.7,] %v_43[15.9,] 
		 11: %v_40->send def_%v_45 %v_40[15.6,] %v_44[15.10,] 	 SYMBOL:	 ARGS:%v_44,
		 12: ATTRASSIGN %self->settings %v_45[15.11,] 
		 13: COPY TYPE_PASS def_%v_36 %v_45[15.11,] 
BB 16
	outgoing: 17 18 
	datadep: 
	instructions:
		 0: COPY TYPE_PASS def_%v_5 %v_36[15.13,14.16,] 
		 1: %v_3[2.5,] 
BB 17
	outgoing: 25 
	datadep: 
	instructions:
		 0: 
BB 18
	outgoing: 19 20 24 
	datadep: 
	instructions:
		 0: def_%v_46 
		 1: (Redmine) def_%v_47 
		 2: (inherit PluginNotFound) def_%v_48 %v_47[18.1,] 
		 3: %v_48[18.2,] 
BB 19
	outgoing: 20 24 
	datadep: 
	instructions:
		 0: %v_47->const_missing def_%v_48 %v_47[18.1,] 	 SYMBOL:PluginNotFound,	 ARGS:Symbol,
BB 20
	outgoing: 21 22 24 
	datadep: 
	instructions:
		 0: def_%v_49 %v_48[19.0,18.2,] %v_46[18.0,] 
		 1: BRANCH %v_49[20.0,] 
BB 21
	outgoing: 24 26 
	datadep: 
	instructions:
		 0: %v_46[18.0,] 
BB 22
	outgoing: 23 24 
	datadep: 
	instructions:
		 0: Line Number 57
		 1: %self->render_404 def_%v_50 %self[6.3,15.4,15.12,2.0,] 	 SYMBOL:	 ARGS:
		 2: COPY TYPE_PASS def_%v_5 %v_50[22.1,] 
		 3: %v_3[2.5,] 
BB 23
	outgoing: 25 
	datadep: 
	instructions:
		 0: 
BB 24
	outgoing: 26 
	datadep: 
	instructions:
		 0: def_%v_51 
		 1: def_%v_52 %v_51[24.0,] %v_3[2.5,] 
		 2: %v_51[24.0,] 
BB 25
	outgoing: 26 
	datadep: 
	instructions:
		 0: RETURN %v_5[16.0,22.2,] %self[15.4,15.12,6.3,2.0,] 
BB 26
	outgoing: 
	datadep: 
	instructions:

