SET IRMethod, name = index instanceMethod = true
BB 1
	outgoing: 3 2 
	datadep: 
	instructions:
BB 2
	outgoing: 3 
	datadep: 
	instructions:
		 0: def_%self 
		 1: def_%v_0 
		 2: COPY TYPE_CurrentScope def_%current_scope 
		 3: COPY TYPE_ScopeModule def_%current_module 
		 4: 
		 5: Line Number 18
		 6: %self->retrieve_time_entry_query def_%v_3 %self[2.0,] 	 SYMBOL:	 ARGS:
		 7: Line Number 19
		 8: %self->time_entry_scope def_%v_4 %self[2.0,2.6,] 	 SYMBOL:	 ARGS:
		 9: COPY TYPE_Array def_%v_5 
		 10: HASH-issue- def_%v_6 %v_5[2.9,] 
		 11: %v_4->preload def_%v_7 %v_4[2.8,] %v_6[2.10,] 	 SYMBOL:	 ARGS:%v_6,
		 12: %v_7->preload def_%v_8 %v_7[2.11,] 	 SYMBOL:project,user,	 ARGS:Symbol,Symbol,
		 13: COPY TYPE_PASS def_scope %v_8[2.12,] 
		 14: Line Number 22
		 15: %self->respond_to def_%v_9 %self[2.0,2.6,2.8,] %self[2.0,2.6,2.8,] 	 SYMBOL:	 ARGS:%self,
CLOSURE BEGIN: format[] %self[2.0,2.6,2.8,] scope[2.13,] entries[] 
BB 1
	outgoing: 6 2 
	datadep: 
	instructions:
BB 2
	outgoing: 3 
	datadep: 
	instructions:
		 0: def_%self 
		 1: def_%cl_1_0 
		 2: RECEIVEARG def_format 
		 3: COPY TYPE_CurrentScope def_%current_scope 
		 4: COPY TYPE_ScopeModule def_%current_module 
BB 3
	outgoing: 4 6 
	datadep: 
	instructions:
		 0: Line Number 23
		 1: format->html def_%cl_1_3 format[2.2,] %self[2.0,] 	 SYMBOL:	 ARGS:format,
CLOSURE BEGIN: scope[] %self[2.0,] 
BB 1
	outgoing: 6 2 
	datadep: 
	instructions:
BB 2
	outgoing: 3 
	datadep: 
	instructions:
		 0: def_%self 
		 1: def_%cl_2_0 
		 2: COPY TYPE_CurrentScope def_%current_scope 
		 3: COPY TYPE_ScopeModule def_%current_module 
BB 3
	outgoing: 4 6 
	datadep: 
	instructions:
		 0: Line Number 24
		 1: scope->count def_%cl_2_3 scope[] 	 SYMBOL:	 ARGS:
		 2: ATTRASSIGN %self->entry_count %cl_2_3[3.1,] 
		 3: Line Number 25
		 4: (Paginator) def_%cl_2_4 
		 5: GETFIELD %self->entry_count def_%cl_2_5 %self[3.2,2.0,] 
		 6: %self->per_page_option def_%cl_2_6 %self[3.2,2.0,] 	 SYMBOL:	 ARGS:
		 7: %self->params def_%cl_2_7 %self[3.2,3.6,2.0,] 	 SYMBOL:	 ARGS:
		 8: COPY TYPE_StringLiteral "page" def_%cl_2_8 
		 9: %cl_2_7->[] def_%cl_2_9 %cl_2_7[3.7,] %cl_2_8[3.8,] 	 SYMBOL:	 ARGS:%cl_2_8,
		 10: %cl_2_4->new def_%cl_2_10 %cl_2_4[3.4,] %cl_2_5[3.5,] %cl_2_6[3.6,] %cl_2_9[3.9,] 	 SYMBOL:	 ARGS:%cl_2_5,%cl_2_6,%cl_2_9,
		 11: ATTRASSIGN %self->entry_pages %cl_2_10[3.10,] 
		 12: Line Number 26
		 13: GETFIELD %self->entry_pages def_%cl_2_11 %self[3.6,3.7,3.11,2.0,] 
		 14: %cl_2_11->offset def_%cl_2_12 %cl_2_11[3.13,] 	 SYMBOL:	 ARGS:
		 15: scope->offset def_%cl_2_13 scope[3.1,] %cl_2_12[3.14,] 	 SYMBOL:	 ARGS:%cl_2_12,
		 16: GETFIELD %self->entry_pages def_%cl_2_14 %self[3.6,3.7,3.11,2.0,] 
		 17: %cl_2_14->per_page def_%cl_2_15 %cl_2_14[3.16,] 	 SYMBOL:	 ARGS:
		 18: %cl_2_13->limit def_%cl_2_16 %cl_2_13[3.15,] %cl_2_15[3.17,] 	 SYMBOL:	 ARGS:%cl_2_15,
		 19: %cl_2_16->to_a def_%cl_2_17 %cl_2_16[3.18,] 	 SYMBOL:	 ARGS:
		 20: ATTRASSIGN %self->entries %cl_2_17[3.19,] 
		 21: Line Number 27
		 22: %self->request def_%cl_2_18 %self[3.2,3.6,3.7,3.11,3.20,2.0,] 	 SYMBOL:	 ARGS:
		 23: %cl_2_18->xhr? def_%cl_2_19 %cl_2_18[3.22,] 	 SYMBOL:	 ARGS:
		 24: %cl_2_19->! def_%cl_2_20 %cl_2_19[3.23,] 	 SYMBOL:	 ARGS:
		 25: HASH-layout- def_%cl_2_21 %cl_2_20[3.24,] 
		 26: %self->render def_%cl_2_22 %self[3.2,3.6,3.7,3.11,3.20,3.22,2.0,] %cl_2_21[3.25,] 	 SYMBOL:	 ARGS:%cl_2_21,
		 27: RETURN %cl_2_22[3.26,] %self[3.2,3.6,3.7,3.11,3.20,3.22,3.26,2.0,] 
BB 4
	outgoing: 6 
	datadep: 
	instructions:
		 0: def_%cl_2_23 
		 1: def_%cl_2_24 %cl_2_23[4.0,] 
		 2: RETURN %cl_2_24[4.1,] %self[3.2,3.11,3.20,2.0,] 
BB 6
	outgoing: 
	datadep: 
	instructions:
CLOSURE END: 
		 2: Line Number 29
		 3: format->api def_%cl_1_4 format[3.1,2.2,] %self[2.0,] 	 SYMBOL:	 ARGS:format,
CLOSURE BEGIN: scope[] %self[2.0,] 
BB 1
	outgoing: 6 2 
	datadep: 
	instructions:
BB 2
	outgoing: 3 
	datadep: 
	instructions:
		 0: def_%self 
		 1: def_%cl_3_0 
		 2: COPY TYPE_CurrentScope def_%current_scope 
		 3: COPY TYPE_ScopeModule def_%current_module 
BB 3
	outgoing: 4 6 
	datadep: 
	instructions:
		 0: Line Number 30
		 1: scope->count def_%cl_3_3 scope[] 	 SYMBOL:	 ARGS:
		 2: ATTRASSIGN %self->entry_count %cl_3_3[3.1,] 
		 3: Line Number 31
		 4: %self->api_offset_and_limit def_%cl_3_4 %self[3.2,2.0,] 	 SYMBOL:	 ARGS:
		 5: def_%cl_3_5 %cl_3_4[3.4,] 
		 6: def_%cl_3_6 %cl_3_5[3.5,] 
		 7: def_%cl_3_7 %cl_3_5[3.5,] 
		 8: ATTRASSIGN %self->offset %cl_3_6[3.6,] 
		 9: ATTRASSIGN %self->limit %cl_3_7[3.7,] 
		 10: Line Number 32
		 11: GETFIELD %self->offset def_%cl_3_8 %self[3.4,3.8,2.0,] 
		 12: scope->offset def_%cl_3_9 scope[3.1,] %cl_3_8[3.11,] 	 SYMBOL:	 ARGS:%cl_3_8,
		 13: GETFIELD %self->limit def_%cl_3_10 %self[3.4,3.9,2.0,] 
		 14: %cl_3_9->limit def_%cl_3_11 %cl_3_9[3.12,] %cl_3_10[3.13,] 	 SYMBOL:	 ARGS:%cl_3_10,
		 15: HASH-custom_values- def_%cl_3_12 
		 16: %cl_3_11->preload def_%cl_3_13 %cl_3_11[3.14,] %cl_3_12[3.15,] 	 SYMBOL:	 ARGS:%cl_3_12,
		 17: %cl_3_13->to_a def_%cl_3_14 %cl_3_13[3.16,] 	 SYMBOL:	 ARGS:
		 18: ATTRASSIGN %self->entries %cl_3_14[3.17,] 
		 19: RETURN %cl_3_14[3.17,] %self[3.2,3.4,3.8,3.9,3.18,2.0,] 
BB 4
	outgoing: 6 
	datadep: 
	instructions:
		 0: def_%cl_3_15 
		 1: def_%cl_3_16 %cl_3_15[4.0,] 
		 2: RETURN %cl_3_16[4.1,] %self[3.2,3.8,3.9,3.18,2.0,] 
BB 6
	outgoing: 
	datadep: 
	instructions:
CLOSURE END: 
		 4: Line Number 34
		 5: format->atom def_%cl_1_5 format[3.1,3.3,2.2,] %self[2.0,] 	 SYMBOL:	 ARGS:format,
CLOSURE BEGIN: scope[] %self[2.0,] entries[] 
BB 1
	outgoing: 6 2 
	datadep: 
	instructions:
BB 2
	outgoing: 3 
	datadep: 
	instructions:
		 0: def_%self 
		 1: def_%cl_4_0 
		 2: COPY TYPE_CurrentScope def_%current_scope 
		 3: COPY TYPE_ScopeModule def_%current_module 
BB 3
	outgoing: 4 6 
	datadep: 
	instructions:
		 0: Line Number 35
		 1: (Setting) def_%cl_4_3 
		 2: %cl_4_3->feeds_limit def_%cl_4_4 %cl_4_3[3.1,] 	 SYMBOL:	 ARGS:
		 3: %cl_4_4->to_i def_%cl_4_5 %cl_4_4[3.2,] 	 SYMBOL:	 ARGS:
		 4: scope->limit def_%cl_4_6 scope[] %cl_4_5[3.3,] 	 SYMBOL:	 ARGS:%cl_4_5,
		 5: (TimeEntry) def_%cl_4_7 
		 6: %cl_4_7->table_name def_%cl_4_8 %cl_4_7[3.5,] 	 SYMBOL:	 ARGS:
		 7: COPY TYPE_StringLiteral ".created_on DESC" def_%cl_4_9 
		 8: BUILDSTRING def_%cl_4_10 %cl_4_8[3.6,] %cl_4_9[3.7,] 
		 9: %cl_4_6->reorder def_%cl_4_11 %cl_4_6[3.4,] %cl_4_10[3.8,] 	 SYMBOL:	 ARGS:%cl_4_10,
		 10: %cl_4_11->to_a def_%cl_4_12 %cl_4_11[3.9,] 	 SYMBOL:	 ARGS:
		 11: COPY TYPE_PASS def_entries %cl_4_12[3.10,] 
		 12: Line Number 36
		 13: %self->l def_%cl_4_13 %self[2.0,] 	 SYMBOL:label_spent_time,	 ARGS:Symbol,
		 14: HASH-title- def_%cl_4_14 %cl_4_13[3.13,] 
		 15: %self->render_feed def_%cl_4_15 %self[3.13,2.0,] entries[3.11,] %cl_4_14[3.14,] 	 SYMBOL:	 ARGS:entries,%cl_4_14,
		 16: RETURN %cl_4_15[3.15,] %self[3.13,3.15,2.0,] 
BB 4
	outgoing: 6 
	datadep: 
	instructions:
		 0: def_%cl_4_16 
		 1: def_%cl_4_17 %cl_4_16[4.0,] 
		 2: RETURN %cl_4_17[4.1,] %self[2.0,] 
BB 6
	outgoing: 
	datadep: 
	instructions:
CLOSURE END: 
		 6: Line Number 38
		 7: format->csv def_%cl_1_6 format[3.1,3.3,3.5,2.2,] %self[2.0,] 	 SYMBOL:	 ARGS:format,
CLOSURE BEGIN: scope[] %self[2.0,] 
BB 1
	outgoing: 6 2 
	datadep: 
	instructions:
BB 2
	outgoing: 3 
	datadep: 
	instructions:
		 0: def_%self 
		 1: def_%cl_5_0 
		 2: COPY TYPE_CurrentScope def_%current_scope 
		 3: COPY TYPE_ScopeModule def_%current_module 
BB 3
	outgoing: 4 6 
	datadep: 
	instructions:
		 0: Line Number 39
		 1: scope->to_a def_%cl_5_3 scope[] 	 SYMBOL:	 ARGS:
		 2: ATTRASSIGN %self->entries %cl_5_3[3.1,] 
		 3: Line Number 40
		 4: GETFIELD %self->entries def_%cl_5_4 %self[3.2,2.0,] 
		 5: GETFIELD %self->query def_%cl_5_5 %self[2.0,] 
		 6: %self->params def_%cl_5_6 %self[3.2,2.0,] 	 SYMBOL:	 ARGS:
		 7: %self->query_to_csv def_%cl_5_7 %self[3.2,3.6,2.0,] %cl_5_4[3.4,] %cl_5_5[3.5,] %cl_5_6[3.6,] 	 SYMBOL:	 ARGS:%cl_5_4,%cl_5_5,%cl_5_6,
		 8: COPY TYPE_StringLiteral "text/csv; header=present" def_%cl_5_8 
		 9: COPY TYPE_StringLiteral "timelog.csv" def_%cl_5_9 
		 10: HASH-type-filename- def_%cl_5_10 %cl_5_8[3.8,] %cl_5_9[3.9,] 
		 11: %self->send_data def_%cl_5_11 %self[3.2,3.6,3.7,2.0,] %cl_5_7[3.7,] %cl_5_10[3.10,] 	 SYMBOL:	 ARGS:%cl_5_7,%cl_5_10,
		 12: RETURN %cl_5_11[3.11,] %self[3.2,3.6,3.7,3.11,2.0,] 
BB 4
	outgoing: 6 
	datadep: 
	instructions:
		 0: def_%cl_5_12 
		 1: def_%cl_5_13 %cl_5_12[4.0,] 
		 2: RETURN %cl_5_13[4.1,] %self[3.2,2.0,] 
BB 6
	outgoing: 
	datadep: 
	instructions:
CLOSURE END: 
		 8: RETURN %cl_1_6[3.7,] %self[2.0,] 
BB 4
	outgoing: 6 
	datadep: 
	instructions:
		 0: def_%cl_1_7 
		 1: def_%cl_1_8 %cl_1_7[4.0,] 
		 2: RETURN %cl_1_8[4.1,] %self[2.0,] 
BB 6
	outgoing: 
	datadep: 
	instructions:
CLOSURE END: 
		 16: RETURN %v_9[2.15,] %self[2.0,2.6,2.8,2.15,] 
BB 3
	outgoing: 
	datadep: 
	instructions:

SET IRMethod, name = report instanceMethod = true
BB 1
	outgoing: 7 2 
	datadep: 
	instructions:
BB 2
	outgoing: 3 4 
	datadep: 
	instructions:
		 0: def_%self 
		 1: def_%v_0 
		 2: COPY TYPE_CurrentScope def_%current_scope 
		 3: COPY TYPE_ScopeModule def_%current_module 
		 4: 
		 5: Line Number 190
		 6: %self->retrieve_time_entry_query def_%v_3 %self[2.0,] 	 SYMBOL:	 ARGS:
		 7: Line Number 191
		 8: %self->time_entry_scope def_%v_4 %self[2.0,2.6,] 	 SYMBOL:	 ARGS:
		 9: COPY TYPE_PASS def_scope %v_4[2.8,] 
		 10: Line Number 192
		 11: (Redmine) def_%v_5 
		 12: (inherit Helpers) def_%v_6 %v_5[2.11,] 
		 13: %v_6[2.12,] 
BB 3
	outgoing: 4 
	datadep: 
	instructions:
		 0: %v_5->const_missing def_%v_6 %v_5[2.11,] 	 SYMBOL:Helpers,	 ARGS:Symbol,
BB 4
	outgoing: 5 6 
	datadep: 
	instructions:
		 0: (inherit TimeReport) def_%v_7 %v_6[3.0,2.12,] 
		 1: %v_7[4.0,] 
BB 5
	outgoing: 6 
	datadep: 
	instructions:
		 0: %v_6->const_missing def_%v_7 %v_6[3.0,2.12,] 	 SYMBOL:TimeReport,	 ARGS:Symbol,
BB 6
	outgoing: 7 
	datadep: 
	instructions:
		 0: GETFIELD %self->project def_%v_8 %self[2.0,] 
		 1: GETFIELD %self->issue def_%v_9 %self[2.0,] 
		 2: %self->params def_%v_10 %self[2.0,] 	 SYMBOL:	 ARGS:
		 3: %v_10->[] def_%v_11 %v_10[6.2,] 	 SYMBOL:criteria,	 ARGS:Symbol,
		 4: %self->params def_%v_12 %self[6.2,2.0,] 	 SYMBOL:	 ARGS:
		 5: %v_12->[] def_%v_13 %v_12[6.4,] 	 SYMBOL:columns,	 ARGS:Symbol,
		 6: %v_7->new def_%v_14 %v_7[5.0,4.0,] %v_8[6.0,] %v_9[6.1,] %v_11[6.3,] %v_13[6.5,] scope[2.9,] 	 SYMBOL:	 ARGS:%v_8,%v_9,%v_11,%v_13,scope,
		 7: ATTRASSIGN %self->report %v_14[6.6,] 
		 8: Line Number 193
		 9: %self->respond_to def_%v_15 %self[6.2,6.4,6.7,2.0,] %self[6.2,6.4,6.7,2.0,] 	 SYMBOL:	 ARGS:%self,
CLOSURE BEGIN: format[] %self[6.2,6.4,6.7,2.0,] 
BB 1
	outgoing: 6 2 
	datadep: 
	instructions:
BB 2
	outgoing: 3 
	datadep: 
	instructions:
		 0: def_%self 
		 1: def_%cl_1_0 
		 2: RECEIVEARG def_format 
		 3: COPY TYPE_CurrentScope def_%current_scope 
		 4: COPY TYPE_ScopeModule def_%current_module 
BB 3
	outgoing: 4 6 
	datadep: 
	instructions:
		 0: Line Number 194
		 1: format->html def_%cl_1_3 format[2.2,] %self[2.0,] 	 SYMBOL:	 ARGS:format,
CLOSURE BEGIN: %self[2.0,] 
BB 1
	outgoing: 6 2 
	datadep: 
	instructions:
BB 2
	outgoing: 3 
	datadep: 
	instructions:
		 0: def_%self 
		 1: def_%cl_2_0 
		 2: COPY TYPE_CurrentScope def_%current_scope 
		 3: COPY TYPE_ScopeModule def_%current_module 
BB 3
	outgoing: 4 6 
	datadep: 
	instructions:
		 0: Line Number 194
		 1: %self->request def_%cl_2_3 %self[2.0,] 	 SYMBOL:	 ARGS:
		 2: %cl_2_3->xhr? def_%cl_2_4 %cl_2_3[3.1,] 	 SYMBOL:	 ARGS:
		 3: %cl_2_4->! def_%cl_2_5 %cl_2_4[3.2,] 	 SYMBOL:	 ARGS:
		 4: HASH-layout- def_%cl_2_6 %cl_2_5[3.3,] 
		 5: %self->render def_%cl_2_7 %self[3.1,2.0,] %cl_2_6[3.4,] 	 SYMBOL:	 ARGS:%cl_2_6,
		 6: RETURN %cl_2_7[3.5,] %self[3.1,3.5,2.0,] 
BB 4
	outgoing: 6 
	datadep: 
	instructions:
		 0: def_%cl_2_8 
		 1: def_%cl_2_9 %cl_2_8[4.0,] 
		 2: RETURN %cl_2_9[4.1,] %self[2.0,] 
BB 6
	outgoing: 
	datadep: 
	instructions:
CLOSURE END: 
		 2: Line Number 195
		 3: format->csv def_%cl_1_4 format[3.1,2.2,] %self[2.0,] 	 SYMBOL:	 ARGS:format,
CLOSURE BEGIN: %self[2.0,] 
BB 1
	outgoing: 6 2 
	datadep: 
	instructions:
BB 2
	outgoing: 3 
	datadep: 
	instructions:
		 0: def_%self 
		 1: def_%cl_3_0 
		 2: COPY TYPE_CurrentScope def_%current_scope 
		 3: COPY TYPE_ScopeModule def_%current_module 
BB 3
	outgoing: 4 6 
	datadep: 
	instructions:
		 0: Line Number 195
		 1: GETFIELD %self->report def_%cl_3_3 %self[2.0,] 
		 2: %self->report_to_csv def_%cl_3_4 %self[2.0,] %cl_3_3[3.1,] 	 SYMBOL:	 ARGS:%cl_3_3,
		 3: COPY TYPE_StringLiteral "text/csv; header=present" def_%cl_3_5 
		 4: COPY TYPE_StringLiteral "timelog.csv" def_%cl_3_6 
		 5: HASH-type-filename- def_%cl_3_7 %cl_3_5[3.3,] %cl_3_6[3.4,] 
		 6: %self->send_data def_%cl_3_8 %self[3.2,2.0,] %cl_3_4[3.2,] %cl_3_7[3.5,] 	 SYMBOL:	 ARGS:%cl_3_4,%cl_3_7,
		 7: RETURN %cl_3_8[3.6,] %self[3.2,3.6,2.0,] 
BB 4
	outgoing: 6 
	datadep: 
	instructions:
		 0: def_%cl_3_9 
		 1: def_%cl_3_10 %cl_3_9[4.0,] 
		 2: RETURN %cl_3_10[4.1,] %self[2.0,] 
BB 6
	outgoing: 
	datadep: 
	instructions:
CLOSURE END: 
		 4: RETURN %cl_1_4[3.3,] %self[2.0,] 
BB 4
	outgoing: 6 
	datadep: 
	instructions:
		 0: def_%cl_1_5 
		 1: def_%cl_1_6 %cl_1_5[4.0,] 
		 2: RETURN %cl_1_6[4.1,] %self[2.0,] 
BB 6
	outgoing: 
	datadep: 
	instructions:
CLOSURE END: 
		 10: RETURN %v_15[6.9,] %self[6.2,6.4,6.7,6.9,2.0,] 
BB 7
	outgoing: 
	datadep: 
	instructions:

SET IRMethod, name = show instanceMethod = true
BB 1
	outgoing: 3 2 
	datadep: 
	instructions:
BB 2
	outgoing: 3 
	datadep: 
	instructions:
		 0: def_%self 
		 1: def_%v_0 
		 2: COPY TYPE_CurrentScope def_%current_scope 
		 3: COPY TYPE_ScopeModule def_%current_module 
		 4: 
		 5: Line Number 332
		 6: %self->respond_to def_%v_3 %self[2.0,] %self[2.0,] 	 SYMBOL:	 ARGS:%self,
CLOSURE BEGIN: format[] %self[2.0,] 
BB 1
	outgoing: 6 2 
	datadep: 
	instructions:
BB 2
	outgoing: 3 
	datadep: 
	instructions:
		 0: def_%self 
		 1: def_%cl_1_0 
		 2: RECEIVEARG def_format 
		 3: COPY TYPE_CurrentScope def_%current_scope 
		 4: COPY TYPE_ScopeModule def_%current_module 
BB 3
	outgoing: 4 6 
	datadep: 
	instructions:
		 0: Line Number 333
		 1: format->html def_%cl_1_3 format[2.2,] %self[2.0,] 	 SYMBOL:	 ARGS:format,
CLOSURE BEGIN: %self[2.0,] 
BB 1
	outgoing: 6 2 
	datadep: 
	instructions:
BB 2
	outgoing: 3 
	datadep: 
	instructions:
		 0: def_%self 
		 1: def_%cl_2_0 
		 2: COPY TYPE_CurrentScope def_%current_scope 
		 3: COPY TYPE_ScopeModule def_%current_module 
BB 3
	outgoing: 4 6 
	datadep: 
	instructions:
		 0: Line Number 333
		 1: %self->head def_%cl_2_3 %self[2.0,] 	 SYMBOL:	 ARGS:Fixnum,
		 2: RETURN %cl_2_3[3.1,] %self[3.1,2.0,] 
BB 4
	outgoing: 6 
	datadep: 
	instructions:
		 0: def_%cl_2_4 
		 1: def_%cl_2_5 %cl_2_4[4.0,] 
		 2: RETURN %cl_2_5[4.1,] %self[2.0,] 
BB 6
	outgoing: 
	datadep: 
	instructions:
CLOSURE END: 
		 2: Line Number 334
		 3: format->api def_%cl_1_4 format[3.1,2.2,] 	 SYMBOL:	 ARGS:
		 4: RETURN %cl_1_4[3.3,] %self[2.0,] 
BB 4
	outgoing: 6 
	datadep: 
	instructions:
		 0: def_%cl_1_5 
		 1: def_%cl_1_6 %cl_1_5[4.0,] 
		 2: RETURN %cl_1_6[4.1,] %self[2.0,] 
BB 6
	outgoing: 
	datadep: 
	instructions:
CLOSURE END: 
		 7: RETURN %v_3[2.6,] %self[2.0,2.6,] 
BB 3
	outgoing: 
	datadep: 
	instructions:

SET IRMethod, name = new instanceMethod = true
BB 1
	outgoing: 7 2 
	datadep: 
	instructions:
BB 2
	outgoing: 3 4 
	datadep: 
	instructions:
		 0: def_%self 
		 1: def_%v_0 
		 2: COPY TYPE_CurrentScope def_%current_scope 
		 3: COPY TYPE_ScopeModule def_%current_module 
		 4: 
		 5: Line Number 338
		 6: def_%v_4 %self[2.0,] 
		 7: COPY TYPE_PASS def_%v_3 %v_4[2.6,] 
		 8: %v_4[2.6,] 
BB 3
	outgoing: 4 
	datadep: 
	instructions:
		 0: GETFIELD %self->time_entry def_%v_5 %self[2.0,] 
		 1: COPY TYPE_PASS def_%v_3 %v_5[3.0,] 
BB 4
	outgoing: 5 6 
	datadep: 
	instructions:
		 0: BRANCH %v_3[3.1,2.7,] 
BB 5
	outgoing: 6 
	datadep: 
	instructions:
		 0: (TimeEntry) def_%v_6 
		 1: GETFIELD %self->project def_%v_7 %self[2.0,] 
		 2: GETFIELD %self->issue def_%v_8 %self[2.0,] 
		 3: (User) def_%v_9 
		 4: %v_9->current def_%v_10 %v_9[5.3,] 	 SYMBOL:	 ARGS:
		 5: (User) def_%v_11 
		 6: %v_11->current def_%v_12 %v_11[5.5,] 	 SYMBOL:	 ARGS:
		 7: %v_12->today def_%v_13 %v_12[5.6,] 	 SYMBOL:	 ARGS:
		 8: HASH-project-issue-user-spent_on- def_%v_14 %v_7[5.1,] %v_8[5.2,] %v_10[5.4,] %v_13[5.7,] 
		 9: %v_6->new def_%v_15 %v_6[5.0,] %v_14[5.8,] 	 SYMBOL:	 ARGS:%v_14,
		 10: ATTRASSIGN %self->time_entry %v_15[5.9,] 
		 11: COPY TYPE_PASS def_%v_5 %v_15[5.9,] 
BB 6
	outgoing: 7 
	datadep: 
	instructions:
		 0: Line Number 339
		 1: GETFIELD %self->time_entry def_%v_16 %self[5.10,2.0,] 
		 2: %self->params def_%v_17 %self[5.10,2.0,] 	 SYMBOL:	 ARGS:
		 3: %v_17->[] def_%v_18 %v_17[6.2,] 	 SYMBOL:time_entry,	 ARGS:Symbol,
		 4: ATTRASSIGN %v_16->safe_attributes %v_18[6.3,] 
		 5: RETURN %v_18[6.3,] %self[6.2,5.10,2.0,] 
BB 7
	outgoing: 
	datadep: 
	instructions:

SET IRMethod, name = create instanceMethod = true
BB 1
	outgoing: 15 2 
	datadep: 
	instructions:
BB 2
	outgoing: 3 4 
	datadep: 
	instructions:
		 0: def_%self 
		 1: def_%v_0 
		 2: COPY TYPE_CurrentScope def_%current_scope 
		 3: COPY TYPE_ScopeModule def_%current_module 
		 4: 
		 5: Line Number 348
		 6: def_%v_4 %self[2.0,] 
		 7: COPY TYPE_PASS def_%v_3 %v_4[2.6,] 
		 8: %v_4[2.6,] 
BB 3
	outgoing: 4 
	datadep: 
	instructions:
		 0: GETFIELD %self->time_entry def_%v_5 %self[2.0,] 
		 1: COPY TYPE_PASS def_%v_3 %v_5[3.0,] 
BB 4
	outgoing: 5 6 
	datadep: 
	instructions:
		 0: BRANCH %v_3[3.1,2.7,] 
BB 5
	outgoing: 6 
	datadep: 
	instructions:
		 0: (TimeEntry) def_%v_6 
		 1: GETFIELD %self->project def_%v_7 %self[2.0,] 
		 2: GETFIELD %self->issue def_%v_8 %self[2.0,] 
		 3: (User) def_%v_9 
		 4: %v_9->current def_%v_10 %v_9[5.3,] 	 SYMBOL:	 ARGS:
		 5: (User) def_%v_11 
		 6: %v_11->current def_%v_12 %v_11[5.5,] 	 SYMBOL:	 ARGS:
		 7: %v_12->today def_%v_13 %v_12[5.6,] 	 SYMBOL:	 ARGS:
		 8: HASH-project-issue-user-spent_on- def_%v_14 %v_7[5.1,] %v_8[5.2,] %v_10[5.4,] %v_13[5.7,] 
		 9: %v_6->new def_%v_15 %v_6[5.0,] %v_14[5.8,] 	 SYMBOL:	 ARGS:%v_14,
		 10: ATTRASSIGN %self->time_entry %v_15[5.9,] 
		 11: COPY TYPE_PASS def_%v_5 %v_15[5.9,] 
BB 6
	outgoing: 7 8 
	datadep: 
	instructions:
		 0: Line Number 349
		 1: GETFIELD %self->time_entry def_%v_16 %self[5.10,2.0,] 
		 2: %self->params def_%v_17 %self[5.10,2.0,] 	 SYMBOL:	 ARGS:
		 3: %v_17->[] def_%v_18 %v_17[6.2,] 	 SYMBOL:time_entry,	 ARGS:Symbol,
		 4: ATTRASSIGN %v_16->safe_attributes %v_18[6.3,] 
		 5: Line Number 350
		 6: GETFIELD %self->time_entry def_%v_19 %self[6.2,5.10,2.0,] 
		 7: %v_19->project def_%v_20 %v_19[6.6,] 	 SYMBOL:	 ARGS:
		 8: BRANCH %v_20[6.7,] 
BB 7
	outgoing: 8 
	datadep: 
	instructions:
		 0: (User) def_%v_21 
		 1: %v_21->current def_%v_22 %v_21[7.0,] 	 SYMBOL:	 ARGS:
		 2: GETFIELD %self->time_entry def_%v_23 %self[5.10,2.0,] 
		 3: %v_23->project def_%v_24 %v_23[7.2,] 	 SYMBOL:	 ARGS:
		 4: %v_22->allowed_to? def_%v_25 %v_22[7.1,] %v_24[7.3,] 	 SYMBOL:log_time,	 ARGS:Symbol,%v_24,
		 5: %v_25->! def_%v_26 %v_25[7.4,] 	 SYMBOL:	 ARGS:
		 6: COPY TYPE_PASS def_%v_20 %v_26[7.5,] 
BB 8
	outgoing: 9 10 
	datadep: 
	instructions:
		 0: BRANCH %v_20[7.6,6.7,] 
BB 9
	outgoing: 15 
	datadep: 
	instructions:
		 0: Line Number 351
		 1: %self->render_403 def_%v_27 %self[5.10,2.0,] 	 SYMBOL:	 ARGS:
		 2: Line Number 352
		 3: RETURN %self[9.1,5.10,2.0,] 
BB 10
	outgoing: 12 13 
	datadep: 
	instructions:
		 0: COPY TYPE_Nil def_%v_28 
		 1: Line Number 354
		 2: %self->params def_%v_29 %self[5.10,2.0,] 	 SYMBOL:	 ARGS:
		 3: GETFIELD %self->time_entry def_%v_30 %self[10.2,5.10,2.0,] 
		 4: HASH-params-time_entry- def_%v_31 %v_29[10.2,] %v_30[10.3,] 
		 5: %self->call_hook def_%v_32 %self[10.2,5.10,2.0,] %v_31[10.4,] 	 SYMBOL:controller_timelog_edit_before_save,	 ARGS:Symbol,%v_31,
		 6: Line Number 355
		 7: GETFIELD %self->time_entry def_%v_33 %self[10.2,10.5,5.10,2.0,] 
		 8: %v_33->save def_%v_34 %v_33[10.7,] 	 SYMBOL:	 ARGS:
		 9: BRANCH %v_34[10.8,] 
BB 12
	outgoing: 15 
	datadep: 
	instructions:
		 0: Line Number 356
		 1: %self->respond_to def_%v_35 %self[5.10,2.0,] %self[5.10,2.0,] 	 SYMBOL:	 ARGS:%self,
CLOSURE BEGIN: format[] %self[5.10,2.0,] options[] 
BB 1
	outgoing: 6 2 
	datadep: 
	instructions:
BB 2
	outgoing: 3 
	datadep: 
	instructions:
		 0: def_%self 
		 1: def_%cl_1_0 
		 2: RECEIVEARG def_format 
		 3: COPY TYPE_CurrentScope def_%current_scope 
		 4: COPY TYPE_ScopeModule def_%current_module 
BB 3
	outgoing: 4 6 
	datadep: 
	instructions:
		 0: Line Number 357
		 1: format->html def_%cl_1_3 format[2.2,] %self[2.0,] 	 SYMBOL:	 ARGS:format,
CLOSURE BEGIN: %self[2.0,] options[] 
BB 1
	outgoing: 19 2 
	datadep: 
	instructions:
BB 2
	outgoing: 3 
	datadep: 
	instructions:
		 0: def_%self 
		 1: def_%cl_2_0 
		 2: COPY TYPE_CurrentScope def_%current_scope 
		 3: COPY TYPE_ScopeModule def_%current_module 
BB 3
	outgoing: 4 15 17 
	datadep: 
	instructions:
		 0: Line Number 358
		 1: %self->flash def_%cl_2_3 %self[2.0,] 	 SYMBOL:	 ARGS:
		 2: %self->l def_%cl_2_4 %self[3.1,2.0,] 	 SYMBOL:notice_successful_create,	 ARGS:Symbol,
		 3: ATTRASSIGN %cl_2_3->[] %cl_2_4[3.2,] 
		 4: Line Number 359
		 5: %self->params def_%cl_2_5 %self[3.1,3.2,2.0,] 	 SYMBOL:	 ARGS:
		 6: %cl_2_5->[] def_%cl_2_6 %cl_2_5[3.5,] 	 SYMBOL:continue,	 ARGS:Symbol,
		 7: BRANCH %cl_2_6[3.6,] 
BB 4
	outgoing: 5 6 17 
	datadep: 
	instructions:
		 0: Line Number 360
		 1: %self->params def_%cl_2_7 %self[2.0,] 	 SYMBOL:	 ARGS:
		 2: %cl_2_7->[] def_%cl_2_8 %cl_2_7[4.1,] 	 SYMBOL:time_entry,	 ARGS:Symbol,
		 3: %cl_2_8->[] def_%cl_2_9 %cl_2_8[4.2,] 	 SYMBOL:project_id,	 ARGS:Symbol,
		 4: GETFIELD %self->time_entry def_%cl_2_10 %self[4.1,2.0,] 
		 5: %cl_2_10->issue_id def_%cl_2_11 %cl_2_10[4.4,] 	 SYMBOL:	 ARGS:
		 6: GETFIELD %self->time_entry def_%cl_2_12 %self[4.1,2.0,] 
		 7: %cl_2_12->activity_id def_%cl_2_13 %cl_2_12[4.6,] 	 SYMBOL:	 ARGS:
		 8: HASH-project_id-issue_id-activity_id- def_%cl_2_14 %cl_2_9[4.3,] %cl_2_11[4.5,] %cl_2_13[4.7,] 
		 9: %self->params def_%cl_2_15 %self[4.1,2.0,] 	 SYMBOL:	 ARGS:
		 10: %cl_2_15->[] def_%cl_2_16 %cl_2_15[4.9,] 	 SYMBOL:back_url,	 ARGS:Symbol,
		 11: HASH-time_entry-back_url- def_%cl_2_17 %cl_2_14[4.8,] %cl_2_16[4.10,] 
		 12: COPY TYPE_PASS def_options %cl_2_17[4.11,] 
		 13: Line Number 368
		 14: %self->params def_%cl_2_18 %self[4.1,4.9,2.0,] 	 SYMBOL:	 ARGS:
		 15: %cl_2_18->[] def_%cl_2_19 %cl_2_18[4.14,] 	 SYMBOL:project_id,	 ARGS:Symbol,
		 16: BRANCH %cl_2_19[4.15,] 
BB 5
	outgoing: 6 17 
	datadep: 
	instructions:
		 0: GETFIELD %self->time_entry def_%cl_2_20 %self[2.0,] 
		 1: %cl_2_20->project def_%cl_2_21 %cl_2_20[5.0,] 	 SYMBOL:	 ARGS:
		 2: COPY TYPE_PASS def_%cl_2_19 %cl_2_21[5.1,] 
BB 6
	outgoing: 7 8 
	datadep: 
	instructions:
		 0: BRANCH %cl_2_19[5.2,4.15,] 
BB 7
	outgoing: 14 17 
	datadep: 
	instructions:
		 0: Line Number 369
		 1: GETFIELD %self->time_entry def_%cl_2_22 %self[2.0,] 
		 2: %cl_2_22->project def_%cl_2_23 %cl_2_22[7.1,] 	 SYMBOL:	 ARGS:
		 3: %self->new_project_time_entry_path def_%cl_2_24 %self[2.0,] %cl_2_23[7.2,] options[4.12,] 	 SYMBOL:	 ARGS:%cl_2_23,options,
		 4: %self->redirect_to def_%cl_2_25 %self[7.3,2.0,] %cl_2_24[7.3,] 	 SYMBOL:	 ARGS:%cl_2_24,
		 5: 
BB 8
	outgoing: 9 10 17 
	datadep: 
	instructions:
		 0: Line Number 370
		 1: %self->params def_%cl_2_26 %self[2.0,] 	 SYMBOL:	 ARGS:
		 2: %cl_2_26->[] def_%cl_2_27 %cl_2_26[8.1,] 	 SYMBOL:issue_id,	 ARGS:Symbol,
		 3: BRANCH %cl_2_27[8.2,] 
BB 9
	outgoing: 10 17 
	datadep: 
	instructions:
		 0: GETFIELD %self->time_entry def_%cl_2_28 %self[2.0,] 
		 1: %cl_2_28->issue def_%cl_2_29 %cl_2_28[9.0,] 	 SYMBOL:	 ARGS:
		 2: COPY TYPE_PASS def_%cl_2_27 %cl_2_29[9.1,] 
BB 10
	outgoing: 11 12 
	datadep: 
	instructions:
		 0: BRANCH %cl_2_27[9.2,8.2,] 
BB 11
	outgoing: 13 17 
	datadep: 
	instructions:
		 0: Line Number 371
		 1: GETFIELD %self->time_entry def_%cl_2_30 %self[2.0,] 
		 2: %cl_2_30->issue def_%cl_2_31 %cl_2_30[11.1,] 	 SYMBOL:	 ARGS:
		 3: %self->new_issue_time_entry_path def_%cl_2_32 %self[2.0,] %cl_2_31[11.2,] options[4.12,] 	 SYMBOL:	 ARGS:%cl_2_31,options,
		 4: %self->redirect_to def_%cl_2_33 %self[11.3,2.0,] %cl_2_32[11.3,] 	 SYMBOL:	 ARGS:%cl_2_32,
		 5: 
BB 12
	outgoing: 13 17 
	datadep: 
	instructions:
		 0: Line Number 373
		 1: %self->new_time_entry_path def_%cl_2_34 %self[2.0,] options[4.12,] 	 SYMBOL:	 ARGS:options,
		 2: %self->redirect_to def_%cl_2_35 %self[12.1,2.0,] %cl_2_34[12.1,] 	 SYMBOL:	 ARGS:%cl_2_34,
		 3: COPY TYPE_PASS def_%cl_2_33 %cl_2_35[12.2,] 
BB 13
	outgoing: 14 
	datadep: 
	instructions:
		 0: COPY TYPE_PASS def_%cl_2_25 %cl_2_33[12.3,11.4,] 
BB 14
	outgoing: 19 
	datadep: 
	instructions:
		 0: RETURN %cl_2_25[13.0,7.4,] %self[2.0,] 
BB 15
	outgoing: 17 19 
	datadep: 
	instructions:
		 0: Line Number 376
		 1: GETFIELD %self->time_entry def_%cl_2_36 %self[2.0,] 
		 2: %cl_2_36->project def_%cl_2_37 %cl_2_36[15.1,] 	 SYMBOL:	 ARGS:
		 3: %self->project_time_entries_path def_%cl_2_38 %self[2.0,] %cl_2_37[15.2,] 	 SYMBOL:	 ARGS:%cl_2_37,
		 4: %self->redirect_back_or_default def_%cl_2_39 %self[15.3,2.0,] %cl_2_38[15.3,] 	 SYMBOL:	 ARGS:%cl_2_38,
		 5: RETURN %cl_2_39[15.4,] %self[15.3,15.4,2.0,] 
BB 17
	outgoing: 19 
	datadep: 
	instructions:
		 0: def_%cl_2_40 
		 1: def_%cl_2_41 %cl_2_40[17.0,] 
		 2: RETURN %cl_2_41[17.1,] %self[2.0,] 
BB 19
	outgoing: 
	datadep: 
	instructions:
CLOSURE END: 
		 2: Line Number 379
		 3: format->api def_%cl_1_4 format[3.1,2.2,] %self[2.0,] 	 SYMBOL:	 ARGS:format,
CLOSURE BEGIN: %self[2.0,] 
BB 1
	outgoing: 6 2 
	datadep: 
	instructions:
BB 2
	outgoing: 3 
	datadep: 
	instructions:
		 0: def_%self 
		 1: def_%cl_3_0 
		 2: COPY TYPE_CurrentScope def_%current_scope 
		 3: COPY TYPE_ScopeModule def_%current_module 
BB 3
	outgoing: 4 6 
	datadep: 
	instructions:
		 0: Line Number 379
		 1: COPY TYPE_StringLiteral "show" def_%cl_3_3 
		 2: GETFIELD %self->time_entry def_%cl_3_4 %self[2.0,] 
		 3: %self->time_entry_url def_%cl_3_5 %self[2.0,] %cl_3_4[3.2,] 	 SYMBOL:	 ARGS:%cl_3_4,
		 4: HASH-action-status-location- def_%cl_3_6 %cl_3_3[3.1,] %cl_3_5[3.3,] 
		 5: %self->render def_%cl_3_7 %self[3.3,2.0,] %cl_3_6[3.4,] 	 SYMBOL:	 ARGS:%cl_3_6,
		 6: RETURN %cl_3_7[3.5,] %self[3.3,3.5,2.0,] 
BB 4
	outgoing: 6 
	datadep: 
	instructions:
		 0: def_%cl_3_8 
		 1: def_%cl_3_9 %cl_3_8[4.0,] 
		 2: RETURN %cl_3_9[4.1,] %self[2.0,] 
BB 6
	outgoing: 
	datadep: 
	instructions:
CLOSURE END: 
		 4: RETURN %cl_1_4[3.3,] %self[2.0,] 
BB 4
	outgoing: 6 
	datadep: 
	instructions:
		 0: def_%cl_1_5 
		 1: def_%cl_1_6 %cl_1_5[4.0,] 
		 2: RETURN %cl_1_6[4.1,] %self[2.0,] 
BB 6
	outgoing: 
	datadep: 
	instructions:
CLOSURE END: 
		 2: RETURN %v_35[12.1,] %self[12.1,5.10,2.0,] 
BB 13
	outgoing: 15 
	datadep: 
	instructions:
		 0: Line Number 382
		 1: %self->respond_to def_%v_36 %self[5.10,2.0,] %self[5.10,2.0,] 	 SYMBOL:	 ARGS:%self,
CLOSURE BEGIN: format[] %self[5.10,2.0,] f[] 
BB 1
	outgoing: 6 2 
	datadep: 
	instructions:
BB 2
	outgoing: 3 
	datadep: 
	instructions:
		 0: def_%self 
		 1: def_%cl_4_0 
		 2: RECEIVEARG def_format 
		 3: COPY TYPE_CurrentScope def_%current_scope 
		 4: COPY TYPE_ScopeModule def_%current_module 
BB 3
	outgoing: 4 6 
	datadep: 
	instructions:
		 0: Line Number 383
		 1: format->html def_%cl_4_3 format[2.2,] %self[2.0,] 	 SYMBOL:	 ARGS:format,
CLOSURE BEGIN: %self[2.0,] 
BB 1
	outgoing: 6 2 
	datadep: 
	instructions:
BB 2
	outgoing: 3 
	datadep: 
	instructions:
		 0: def_%self 
		 1: def_%cl_5_0 
		 2: COPY TYPE_CurrentScope def_%current_scope 
		 3: COPY TYPE_ScopeModule def_%current_module 
BB 3
	outgoing: 4 6 
	datadep: 
	instructions:
		 0: Line Number 383
		 1: COPY TYPE_StringLiteral "new" def_%cl_5_3 
		 2: HASH-action- def_%cl_5_4 %cl_5_3[3.1,] 
		 3: %self->render def_%cl_5_5 %self[2.0,] %cl_5_4[3.2,] 	 SYMBOL:	 ARGS:%cl_5_4,
		 4: RETURN %cl_5_5[3.3,] %self[3.3,2.0,] 
BB 4
	outgoing: 6 
	datadep: 
	instructions:
		 0: def_%cl_5_6 
		 1: def_%cl_5_7 %cl_5_6[4.0,] 
		 2: RETURN %cl_5_7[4.1,] %self[2.0,] 
BB 6
	outgoing: 
	datadep: 
	instructions:
CLOSURE END: 
		 2: Line Number 384
		 3: %self->l def_%cl_4_4 %self[2.0,] 	 SYMBOL:label_spent_time,	 ARGS:Symbol,
		 4: Line Number 385
		 5: GETFIELD %self->time_entry def_%cl_4_5 %self[3.3,2.0,] 
		 6: %self->time_entries_path def_%cl_4_6 %self[3.3,2.0,] 	 SYMBOL:	 ARGS:
		 7: HASH-multipart- def_%cl_4_7 
		 8: HASH-url-html- def_%cl_4_8 %cl_4_6[3.6,] %cl_4_7[3.7,] 
		 9: %self->labelled_form_for def_%cl_4_9 %self[3.3,3.6,2.0,] %cl_4_5[3.5,] %cl_4_8[3.8,] %self[3.3,3.6,2.0,] 	 SYMBOL:	 ARGS:%cl_4_5,%cl_4_8,%self,
CLOSURE BEGIN: f[] %self[3.3,3.6,2.0,] 
BB 1
	outgoing: 6 2 
	datadep: 
	instructions:
BB 2
	outgoing: 3 
	datadep: 
	instructions:
		 0: def_%self 
		 1: def_%cl_6_0 
		 2: RECEIVEARG def_f 
		 3: COPY TYPE_CurrentScope def_%current_scope 
		 4: COPY TYPE_ScopeModule def_%current_module 
BB 3
	outgoing: 4 6 
	datadep: 
	instructions:
		 0: Line Number 386
		 1: COPY TYPE_StringLiteral "form" def_%cl_6_3 
		 2: HASH-f- def_%cl_6_4 f[2.2,] 
		 3: HASH-partial-locals- def_%cl_6_5 %cl_6_3[3.1,] %cl_6_4[3.2,] 
		 4: %self->render def_%cl_6_6 %self[2.0,] %cl_6_5[3.3,] 	 SYMBOL:	 ARGS:%cl_6_5,
		 5: Line Number 387
		 6: %self->l def_%cl_6_7 %self[3.4,2.0,] 	 SYMBOL:button_create,	 ARGS:Symbol,
		 7: %self->submit_tag def_%cl_6_8 %self[3.4,3.6,2.0,] %cl_6_7[3.6,] 	 SYMBOL:	 ARGS:%cl_6_7,
		 8: Line Number 388
		 9: %self->l def_%cl_6_9 %self[3.4,3.6,3.7,2.0,] 	 SYMBOL:button_create_and_continue,	 ARGS:Symbol,
		 10: COPY TYPE_StringLiteral "continue" def_%cl_6_10 
		 11: HASH-name- def_%cl_6_11 %cl_6_10[3.10,] 
		 12: %self->submit_tag def_%cl_6_12 %self[3.4,3.6,3.7,3.9,2.0,] %cl_6_9[3.9,] %cl_6_11[3.11,] 	 SYMBOL:	 ARGS:%cl_6_9,%cl_6_11,
		 13: RETURN %cl_6_12[3.12,] %self[3.4,3.6,3.7,3.9,3.12,2.0,] 
BB 4
	outgoing: 6 
	datadep: 
	instructions:
		 0: def_%cl_6_13 
		 1: def_%cl_6_14 %cl_6_13[4.0,] 
		 2: RETURN %cl_6_14[4.1,] %self[2.0,] 
BB 6
	outgoing: 
	datadep: 
	instructions:
CLOSURE END: 
		 10: Line Number 390
		 11: format->api def_%cl_4_10 format[3.1,2.2,] %self[3.3,3.6,3.9,2.0,] 	 SYMBOL:	 ARGS:format,
CLOSURE BEGIN: %self[3.3,3.6,3.9,2.0,] 
BB 1
	outgoing: 6 2 
	datadep: 
	instructions:
BB 2
	outgoing: 3 
	datadep: 
	instructions:
		 0: def_%self 
		 1: def_%cl_7_0 
		 2: COPY TYPE_CurrentScope def_%current_scope 
		 3: COPY TYPE_ScopeModule def_%current_module 
BB 3
	outgoing: 4 6 
	datadep: 
	instructions:
		 0: Line Number 390
		 1: GETFIELD %self->time_entry def_%cl_7_3 %self[2.0,] 
		 2: %self->render_validation_errors def_%cl_7_4 %self[2.0,] %cl_7_3[3.1,] 	 SYMBOL:	 ARGS:%cl_7_3,
		 3: RETURN %cl_7_4[3.2,] %self[3.2,2.0,] 
BB 4
	outgoing: 6 
	datadep: 
	instructions:
		 0: def_%cl_7_5 
		 1: def_%cl_7_6 %cl_7_5[4.0,] 
		 2: RETURN %cl_7_6[4.1,] %self[2.0,] 
BB 6
	outgoing: 
	datadep: 
	instructions:
CLOSURE END: 
		 12: RETURN %cl_4_10[3.11,] %self[3.3,3.6,3.9,2.0,] 
BB 4
	outgoing: 6 
	datadep: 
	instructions:
		 0: def_%cl_4_11 
		 1: def_%cl_4_12 %cl_4_11[4.0,] 
		 2: RETURN %cl_4_12[4.1,] %self[2.0,] 
BB 6
	outgoing: 
	datadep: 
	instructions:
CLOSURE END: 
		 2: RETURN %v_36[13.1,] %self[13.1,5.10,2.0,] 
BB 15
	outgoing: 
	datadep: 
	instructions:

SET IRMethod, name = edit instanceMethod = true
BB 1
	outgoing: 3 2 
	datadep: 
	instructions:
BB 2
	outgoing: 3 
	datadep: 
	instructions:
		 0: def_%self 
		 1: def_%v_0 
		 2: COPY TYPE_CurrentScope def_%current_scope 
		 3: COPY TYPE_ScopeModule def_%current_module 
		 4: 
		 5: Line Number 395
		 6: GETFIELD %self->time_entry def_%v_3 %self[2.0,] 
		 7: %self->params def_%v_4 %self[2.0,] 	 SYMBOL:	 ARGS:
		 8: %v_4->[] def_%v_5 %v_4[2.7,] 	 SYMBOL:time_entry,	 ARGS:Symbol,
		 9: ATTRASSIGN %v_3->safe_attributes %v_5[2.8,] 
		 10: RETURN %v_5[2.8,] %self[2.0,2.7,] 
BB 3
	outgoing: 
	datadep: 
	instructions:

SET IRMethod, name = update instanceMethod = true
BB 1
	outgoing: 6 2 
	datadep: 
	instructions:
BB 2
	outgoing: 3 4 
	datadep: 
	instructions:
		 0: def_%self 
		 1: def_%v_0 
		 2: COPY TYPE_CurrentScope def_%current_scope 
		 3: COPY TYPE_ScopeModule def_%current_module 
		 4: 
		 5: Line Number 403
		 6: GETFIELD %self->time_entry def_%v_3 %self[2.0,] 
		 7: %self->params def_%v_4 %self[2.0,] 	 SYMBOL:	 ARGS:
		 8: %v_4->[] def_%v_5 %v_4[2.7,] 	 SYMBOL:time_entry,	 ARGS:Symbol,
		 9: ATTRASSIGN %v_3->safe_attributes %v_5[2.8,] 
		 10: Line Number 404
		 11: %self->params def_%v_6 %self[2.0,2.7,] 	 SYMBOL:	 ARGS:
		 12: GETFIELD %self->time_entry def_%v_7 %self[2.0,2.7,2.11,] 
		 13: HASH-params-time_entry- def_%v_8 %v_6[2.11,] %v_7[2.12,] 
		 14: %self->call_hook def_%v_9 %self[2.0,2.7,2.11,] %v_8[2.13,] 	 SYMBOL:controller_timelog_edit_before_save,	 ARGS:Symbol,%v_8,
		 15: Line Number 405
		 16: GETFIELD %self->time_entry def_%v_10 %self[2.0,2.7,2.11,2.14,] 
		 17: %v_10->save def_%v_11 %v_10[2.16,] 	 SYMBOL:	 ARGS:
		 18: BRANCH %v_11[2.17,] 
BB 3
	outgoing: 6 
	datadep: 
	instructions:
		 0: Line Number 406
		 1: %self->respond_to def_%v_12 %self[2.0,] %self[2.0,] 	 SYMBOL:	 ARGS:%self,
CLOSURE BEGIN: format[] %self[2.0,] 
BB 1
	outgoing: 6 2 
	datadep: 
	instructions:
BB 2
	outgoing: 3 
	datadep: 
	instructions:
		 0: def_%self 
		 1: def_%cl_1_0 
		 2: RECEIVEARG def_format 
		 3: COPY TYPE_CurrentScope def_%current_scope 
		 4: COPY TYPE_ScopeModule def_%current_module 
BB 3
	outgoing: 4 6 
	datadep: 
	instructions:
		 0: Line Number 407
		 1: format->html def_%cl_1_3 format[2.2,] %self[2.0,] 	 SYMBOL:	 ARGS:format,
CLOSURE BEGIN: %self[2.0,] 
BB 1
	outgoing: 6 2 
	datadep: 
	instructions:
BB 2
	outgoing: 3 
	datadep: 
	instructions:
		 0: def_%self 
		 1: def_%cl_2_0 
		 2: COPY TYPE_CurrentScope def_%current_scope 
		 3: COPY TYPE_ScopeModule def_%current_module 
BB 3
	outgoing: 4 6 
	datadep: 
	instructions:
		 0: Line Number 408
		 1: %self->flash def_%cl_2_3 %self[2.0,] 	 SYMBOL:	 ARGS:
		 2: %self->l def_%cl_2_4 %self[3.1,2.0,] 	 SYMBOL:notice_successful_update,	 ARGS:Symbol,
		 3: ATTRASSIGN %cl_2_3->[] %cl_2_4[3.2,] 
		 4: Line Number 409
		 5: GETFIELD %self->time_entry def_%cl_2_5 %self[3.1,3.2,2.0,] 
		 6: %cl_2_5->project def_%cl_2_6 %cl_2_5[3.5,] 	 SYMBOL:	 ARGS:
		 7: %self->project_time_entries_path def_%cl_2_7 %self[3.1,3.2,2.0,] %cl_2_6[3.6,] 	 SYMBOL:	 ARGS:%cl_2_6,
		 8: %self->redirect_back_or_default def_%cl_2_8 %self[3.1,3.2,3.7,2.0,] %cl_2_7[3.7,] 	 SYMBOL:	 ARGS:%cl_2_7,
		 9: RETURN %cl_2_8[3.8,] %self[3.1,3.2,3.7,3.8,2.0,] 
BB 4
	outgoing: 6 
	datadep: 
	instructions:
		 0: def_%cl_2_9 
		 1: def_%cl_2_10 %cl_2_9[4.0,] 
		 2: RETURN %cl_2_10[4.1,] %self[2.0,] 
BB 6
	outgoing: 
	datadep: 
	instructions:
CLOSURE END: 
		 2: Line Number 411
		 3: format->api def_%cl_1_4 format[3.1,2.2,] %self[2.0,] 	 SYMBOL:	 ARGS:format,
CLOSURE BEGIN: %self[2.0,] 
BB 1
	outgoing: 6 2 
	datadep: 
	instructions:
BB 2
	outgoing: 3 
	datadep: 
	instructions:
		 0: def_%self 
		 1: def_%cl_3_0 
		 2: COPY TYPE_CurrentScope def_%current_scope 
		 3: COPY TYPE_ScopeModule def_%current_module 
BB 3
	outgoing: 4 6 
	datadep: 
	instructions:
		 0: Line Number 411
		 1: %self->render_api_ok def_%cl_3_3 %self[2.0,] 	 SYMBOL:	 ARGS:
		 2: RETURN %cl_3_3[3.1,] %self[3.1,2.0,] 
BB 4
	outgoing: 6 
	datadep: 
	instructions:
		 0: def_%cl_3_4 
		 1: def_%cl_3_5 %cl_3_4[4.0,] 
		 2: RETURN %cl_3_5[4.1,] %self[2.0,] 
BB 6
	outgoing: 
	datadep: 
	instructions:
CLOSURE END: 
		 4: RETURN %cl_1_4[3.3,] %self[2.0,] 
BB 4
	outgoing: 6 
	datadep: 
	instructions:
		 0: def_%cl_1_5 
		 1: def_%cl_1_6 %cl_1_5[4.0,] 
		 2: RETURN %cl_1_6[4.1,] %self[2.0,] 
BB 6
	outgoing: 
	datadep: 
	instructions:
CLOSURE END: 
		 2: RETURN %v_12[3.1,] %self[3.1,2.0,] 
BB 4
	outgoing: 6 
	datadep: 
	instructions:
		 0: Line Number 414
		 1: %self->respond_to def_%v_13 %self[2.0,] %self[2.0,] 	 SYMBOL:	 ARGS:%self,
CLOSURE BEGIN: format[] %self[2.0,] f[] 
BB 1
	outgoing: 6 2 
	datadep: 
	instructions:
BB 2
	outgoing: 3 
	datadep: 
	instructions:
		 0: def_%self 
		 1: def_%cl_4_0 
		 2: RECEIVEARG def_format 
		 3: COPY TYPE_CurrentScope def_%current_scope 
		 4: COPY TYPE_ScopeModule def_%current_module 
BB 3
	outgoing: 4 6 
	datadep: 
	instructions:
		 0: Line Number 415
		 1: format->html def_%cl_4_3 format[2.2,] %self[2.0,] 	 SYMBOL:	 ARGS:format,
CLOSURE BEGIN: %self[2.0,] 
BB 1
	outgoing: 6 2 
	datadep: 
	instructions:
BB 2
	outgoing: 3 
	datadep: 
	instructions:
		 0: def_%self 
		 1: def_%cl_5_0 
		 2: COPY TYPE_CurrentScope def_%current_scope 
		 3: COPY TYPE_ScopeModule def_%current_module 
BB 3
	outgoing: 4 6 
	datadep: 
	instructions:
		 0: Line Number 415
		 1: COPY TYPE_StringLiteral "edit" def_%cl_5_3 
		 2: HASH-action- def_%cl_5_4 %cl_5_3[3.1,] 
		 3: %self->render def_%cl_5_5 %self[2.0,] %cl_5_4[3.2,] 	 SYMBOL:	 ARGS:%cl_5_4,
		 4: RETURN %cl_5_5[3.3,] %self[3.3,2.0,] 
BB 4
	outgoing: 6 
	datadep: 
	instructions:
		 0: def_%cl_5_6 
		 1: def_%cl_5_7 %cl_5_6[4.0,] 
		 2: RETURN %cl_5_7[4.1,] %self[2.0,] 
BB 6
	outgoing: 
	datadep: 
	instructions:
CLOSURE END: 
		 2: Line Number 416
		 3: %self->l def_%cl_4_4 %self[2.0,] 	 SYMBOL:label_spent_time,	 ARGS:Symbol,
		 4: Line Number 417
		 5: GETFIELD %self->time_entry def_%cl_4_5 %self[3.3,2.0,] 
		 6: GETFIELD %self->time_entry def_%cl_4_6 %self[3.3,2.0,] 
		 7: %self->time_entry_path def_%cl_4_7 %self[3.3,2.0,] %cl_4_6[3.6,] 	 SYMBOL:	 ARGS:%cl_4_6,
		 8: HASH-multipart- def_%cl_4_8 
		 9: HASH-url-html- def_%cl_4_9 %cl_4_7[3.7,] %cl_4_8[3.8,] 
		 10: %self->labelled_form_for def_%cl_4_10 %self[3.3,3.7,2.0,] %cl_4_5[3.5,] %cl_4_9[3.9,] %self[3.3,3.7,2.0,] 	 SYMBOL:	 ARGS:%cl_4_5,%cl_4_9,%self,
CLOSURE BEGIN: f[] %self[3.3,3.7,2.0,] 
BB 1
	outgoing: 6 2 
	datadep: 
	instructions:
BB 2
	outgoing: 3 
	datadep: 
	instructions:
		 0: def_%self 
		 1: def_%cl_6_0 
		 2: RECEIVEARG def_f 
		 3: COPY TYPE_CurrentScope def_%current_scope 
		 4: COPY TYPE_ScopeModule def_%current_module 
BB 3
	outgoing: 4 6 
	datadep: 
	instructions:
		 0: Line Number 418
		 1: COPY TYPE_StringLiteral "form" def_%cl_6_3 
		 2: HASH-f- def_%cl_6_4 f[2.2,] 
		 3: HASH-partial-locals- def_%cl_6_5 %cl_6_3[3.1,] %cl_6_4[3.2,] 
		 4: %self->render def_%cl_6_6 %self[2.0,] %cl_6_5[3.3,] 	 SYMBOL:	 ARGS:%cl_6_5,
		 5: Line Number 419
		 6: %self->l def_%cl_6_7 %self[3.4,2.0,] 	 SYMBOL:button_save,	 ARGS:Symbol,
		 7: %self->submit_tag def_%cl_6_8 %self[3.4,3.6,2.0,] %cl_6_7[3.6,] 	 SYMBOL:	 ARGS:%cl_6_7,
		 8: RETURN %cl_6_8[3.7,] %self[3.4,3.6,3.7,2.0,] 
BB 4
	outgoing: 6 
	datadep: 
	instructions:
		 0: def_%cl_6_9 
		 1: def_%cl_6_10 %cl_6_9[4.0,] 
		 2: RETURN %cl_6_10[4.1,] %self[2.0,] 
BB 6
	outgoing: 
	datadep: 
	instructions:
CLOSURE END: 
		 11: Line Number 421
		 12: format->api def_%cl_4_11 format[3.1,2.2,] %self[3.3,3.7,3.10,2.0,] 	 SYMBOL:	 ARGS:format,
CLOSURE BEGIN: %self[3.3,3.7,3.10,2.0,] 
BB 1
	outgoing: 6 2 
	datadep: 
	instructions:
BB 2
	outgoing: 3 
	datadep: 
	instructions:
		 0: def_%self 
		 1: def_%cl_7_0 
		 2: COPY TYPE_CurrentScope def_%current_scope 
		 3: COPY TYPE_ScopeModule def_%current_module 
BB 3
	outgoing: 4 6 
	datadep: 
	instructions:
		 0: Line Number 421
		 1: GETFIELD %self->time_entry def_%cl_7_3 %self[2.0,] 
		 2: %self->render_validation_errors def_%cl_7_4 %self[2.0,] %cl_7_3[3.1,] 	 SYMBOL:	 ARGS:%cl_7_3,
		 3: RETURN %cl_7_4[3.2,] %self[3.2,2.0,] 
BB 4
	outgoing: 6 
	datadep: 
	instructions:
		 0: def_%cl_7_5 
		 1: def_%cl_7_6 %cl_7_5[4.0,] 
		 2: RETURN %cl_7_6[4.1,] %self[2.0,] 
BB 6
	outgoing: 
	datadep: 
	instructions:
CLOSURE END: 
		 13: RETURN %cl_4_11[3.12,] %self[3.3,3.7,3.10,2.0,] 
BB 4
	outgoing: 6 
	datadep: 
	instructions:
		 0: def_%cl_4_12 
		 1: def_%cl_4_13 %cl_4_12[4.0,] 
		 2: RETURN %cl_4_13[4.1,] %self[2.0,] 
BB 6
	outgoing: 
	datadep: 
	instructions:
CLOSURE END: 
		 2: RETURN %v_13[4.1,] %self[4.1,2.0,] 
BB 6
	outgoing: 
	datadep: 
	instructions:

SET IRMethod, name = bulk_edit instanceMethod = true
BB 1
	outgoing: 3 2 
	datadep: 
	instructions:
BB 2
	outgoing: 3 
	datadep: 
	instructions:
		 0: def_%self 
		 1: def_%v_0 
		 2: COPY TYPE_CurrentScope def_%current_scope 
		 3: COPY TYPE_ScopeModule def_%current_module 
		 4: 
		 5: Line Number 426
		 6: GETFIELD %self->projects def_%v_3 %self[2.0,] 
		 7: %v_3->map def_%v_4 %v_3[2.6,] 	 SYMBOL:activities,	 ARGS:
		 8: %v_4->reduce def_%v_5 %v_4[2.7,] 	 SYMBOL:&,	 ARGS:Symbol,
		 9: ATTRASSIGN %self->available_activities %v_5[2.8,] 
		 10: Line Number 427
		 11: (TimeEntry) def_%v_6 
		 12: %v_6->first def_%v_7 %v_6[2.11,] 	 SYMBOL:	 ARGS:
		 13: %v_7->available_custom_fields def_%v_8 %v_7[2.12,] 	 SYMBOL:	 ARGS:
		 14: %v_8->select def_%v_9 %v_8[2.13,] %self[2.0,2.9,] 	 SYMBOL:	 ARGS:%v_8,
CLOSURE BEGIN: field[] 
BB 1
	outgoing: 6 2 
	datadep: 
	instructions:
BB 2
	outgoing: 3 
	datadep: 
	instructions:
		 0: def_%self 
		 1: def_%cl_1_0 
		 2: RECEIVEARG def_field 
		 3: COPY TYPE_CurrentScope def_%current_scope 
		 4: COPY TYPE_ScopeModule def_%current_module 
BB 3
	outgoing: 4 6 
	datadep: 
	instructions:
		 0: Line Number 427
		 1: field->format def_%cl_1_3 field[2.2,] 	 SYMBOL:	 ARGS:
		 2: %cl_1_3->bulk_edit_supported def_%cl_1_4 %cl_1_3[3.1,] 	 SYMBOL:	 ARGS:
		 3: RETURN %cl_1_4[3.2,] %self[2.0,] 
BB 4
	outgoing: 6 
	datadep: 
	instructions:
		 0: def_%cl_1_5 
		 1: def_%cl_1_6 %cl_1_5[4.0,] 
		 2: RETURN %cl_1_6[4.1,] %self[2.0,] 
BB 6
	outgoing: 
	datadep: 
	instructions:
CLOSURE END: 
		 15: ATTRASSIGN %self->custom_fields %v_9[2.14,] 
		 16: RETURN %v_9[2.14,] %self[2.0,2.9,2.15,] 
BB 3
	outgoing: 
	datadep: 
	instructions:

SET IRMethod, name = bulk_update instanceMethod = true
BB 1
	outgoing: 12 2 
	datadep: 
	instructions:
BB 2
	outgoing: 3 7 
	datadep: 
	instructions:
		 0: def_%self 
		 1: def_%v_0 
		 2: COPY TYPE_CurrentScope def_%current_scope 
		 3: COPY TYPE_ScopeModule def_%current_module 
		 4: 
		 5: Line Number 466
		 6: %self->params def_%v_3 %self[2.0,] 	 SYMBOL:	 ARGS:
		 7: %v_3->[] def_%v_4 %v_3[2.6,] 	 SYMBOL:time_entry,	 ARGS:Symbol,
		 8: %self->parse_params_for_bulk_update def_%v_5 %self[2.0,2.6,] %v_4[2.7,] 	 SYMBOL:	 ARGS:%v_4,
		 9: COPY TYPE_PASS def_attributes %v_5[2.8,] 
		 10: Line Number 467
		 11: COPY TYPE_Array def_%v_6 
		 12: COPY TYPE_PASS def_unsaved_time_entries %v_6[2.11,] 
		 13: Line Number 468
		 14: COPY TYPE_Array def_%v_7 
		 15: COPY TYPE_PASS def_saved_time_entries %v_7[2.14,] 
		 16: Line Number 469
		 17: GETFIELD %self->time_entries def_%v_8 %self[2.0,2.6,2.8,] 
		 18: %v_8->each def_%v_9 %v_8[2.17,] %self[2.0,2.6,2.8,] 	 SYMBOL:	 ARGS:%v_8,
CLOSURE BEGIN: time_entry[] attributes[2.9,] %self[2.0,2.6,2.8,] saved_time_entries[2.15,] unsaved_time_entries[2.12,] 
BB 1
	outgoing: 9 2 
	datadep: 
	instructions:
BB 2
	outgoing: 3 
	datadep: 
	instructions:
		 0: def_%self 
		 1: def_%cl_1_0 
		 2: RECEIVEARG def_time_entry 
		 3: COPY TYPE_CurrentScope def_%current_scope 
		 4: COPY TYPE_ScopeModule def_%current_module 
BB 3
	outgoing: 4 5 7 
	datadep: 
	instructions:
		 0: Line Number 470
		 1: time_entry->reload def_%cl_1_3 time_entry[2.2,] 	 SYMBOL:	 ARGS:
		 2: Line Number 471
		 3: ATTRASSIGN time_entry->safe_attributes attributes[] 
		 4: Line Number 472
		 5: %self->params def_%cl_1_4 %self[2.0,] 	 SYMBOL:	 ARGS:
		 6: HASH-params-time_entry- def_%cl_1_5 %cl_1_4[3.5,] time_entry[3.1,3.3,2.2,] 
		 7: %self->call_hook def_%cl_1_6 %self[3.5,2.0,] %cl_1_5[3.6,] 	 SYMBOL:controller_time_entries_bulk_edit_before_save,	 ARGS:Symbol,%cl_1_5,
		 8: Line Number 473
		 9: time_entry->save def_%cl_1_7 time_entry[3.1,3.3,2.2,] 	 SYMBOL:	 ARGS:
		 10: BRANCH %cl_1_7[3.9,] 
BB 4
	outgoing: 6 7 
	datadep: 
	instructions:
		 0: Line Number 474
		 1: saved_time_entries-><< def_%cl_1_8 saved_time_entries[] time_entry[3.3,2.2,] 	 SYMBOL:	 ARGS:time_entry,
		 2: 
BB 5
	outgoing: 7 9 
	datadep: 
	instructions:
		 0: Line Number 476
		 1: unsaved_time_entries-><< def_%cl_1_9 unsaved_time_entries[] time_entry[3.3,2.2,] 	 SYMBOL:	 ARGS:time_entry,
		 2: RETURN %cl_1_9[5.1,] %self[2.0,] 
BB 6
	outgoing: 9 
	datadep: 
	instructions:
		 0: RETURN %cl_1_8[4.1,] %self[2.0,] 
BB 7
	outgoing: 9 
	datadep: 
	instructions:
		 0: def_%cl_1_10 
		 1: def_%cl_1_11 %cl_1_10[7.0,] 
		 2: RETURN %cl_1_11[7.1,] %self[2.0,] 
BB 9
	outgoing: 
	datadep: 
	instructions:
CLOSURE END: 
		 19: Line Number 479
		 20: unsaved_time_entries->empty? def_%v_10 unsaved_time_entries[2.12,] 	 SYMBOL:	 ARGS:
		 21: BRANCH %v_10[2.20,] 
BB 3
	outgoing: 4 5 
	datadep: 
	instructions:
		 0: Line Number 480
		 1: saved_time_entries->empty? def_%v_11 saved_time_entries[2.15,] 	 SYMBOL:	 ARGS:
		 2: BRANCH %v_11[3.1,] 
BB 4
	outgoing: 6 
	datadep: 
	instructions:
		 0: COPY TYPE_Nil def_%v_12 
		 1: 
BB 5
	outgoing: 6 
	datadep: 
	instructions:
		 0: %self->flash def_%v_13 %self[2.0,] 	 SYMBOL:	 ARGS:
		 1: %self->l def_%v_14 %self[5.0,2.0,] 	 SYMBOL:notice_successful_update,	 ARGS:Symbol,
		 2: ATTRASSIGN %v_13->[] %v_14[5.1,] 
		 3: COPY TYPE_PASS def_%v_12 %v_14[5.1,] 
BB 6
	outgoing: 12 
	datadep: 
	instructions:
		 0: Line Number 481
		 1: GETFIELD %self->projects def_%v_15 %self[2.0,] 
		 2: %v_15->first def_%v_16 %v_15[6.1,] 	 SYMBOL:	 ARGS:
		 3: %self->project_time_entries_path def_%v_17 %self[2.0,] %v_16[6.2,] 	 SYMBOL:	 ARGS:%v_16,
		 4: %self->redirect_back_or_default def_%v_18 %self[6.3,2.0,] %v_17[6.3,] 	 SYMBOL:	 ARGS:%v_17,
		 5: RETURN %v_18[6.4,] %self[6.3,6.4,2.0,] 
BB 7
	outgoing: 8 9 
	datadep: 
	instructions:
		 0: Line Number 483
		 1: GETFIELD %self->time_entries def_%v_19 %self[2.0,] 
		 2: ATTRASSIGN %self->saved_time_entries %v_19[7.1,] 
		 3: Line Number 484
		 4: ATTRASSIGN %self->unsaved_time_entries unsaved_time_entries[2.12,] 
		 5: Line Number 485
		 6: (TimeEntry) def_%v_20 
		 7: unsaved_time_entries->map def_%v_21 unsaved_time_entries[2.12,] 	 SYMBOL:id,	 ARGS:
		 8: HASH-id- def_%v_22 %v_21[7.7,] 
		 9: %v_20->where def_%v_23 %v_20[7.6,] %v_22[7.8,] 	 SYMBOL:	 ARGS:%v_22,
		 10: HASH-project- def_%v_24 
		 11: %v_23->preload def_%v_25 %v_23[7.9,] %v_24[7.10,] 	 SYMBOL:	 ARGS:%v_24,
		 12: %v_25->preload def_%v_26 %v_25[7.11,] 	 SYMBOL:user,	 ARGS:Symbol,
		 13: %v_26->to_a def_%v_27 %v_26[7.12,] 	 SYMBOL:	 ARGS:
		 14: ATTRASSIGN %self->time_entries %v_27[7.13,] 
		 15: Line Number 488
		 16: %self->bulk_edit def_%v_28 %self[7.2,7.4,7.14,2.0,] 	 SYMBOL:	 ARGS:
		 17: Line Number 489
		 18: COPY TYPE_StringLiteral "bulk_edit" def_%v_29 
		 19: HASH-action- def_%v_30 %v_29[7.18,] 
		 20: %self->render def_%v_31 %self[7.2,7.4,7.14,7.16,2.0,] %v_30[7.19,] 	 SYMBOL:	 ARGS:%v_30,
		 21: Line Number 490
		 22: %self->l def_%v_32 %self[7.2,7.4,7.14,7.16,7.20,2.0,] 	 SYMBOL:label_bulk_edit_selected_time_entries,	 ARGS:Symbol,
		 23: Line Number 491
		 24: GETFIELD %self->unsaved_time_entries def_%v_33 %self[7.4,7.16,7.20,7.22,2.0,] 
		 25: %v_33->present? def_%v_34 %v_33[7.24,] 	 SYMBOL:	 ARGS:
		 26: BRANCH %v_34[7.25,] 
BB 8
	outgoing: 10 
	datadep: 
	instructions:
		 0: Line Number 492
		 1: GETFIELD %self->unsaved_time_entries def_%v_35 %self[7.4,2.0,] 
		 2: %v_35->size def_%v_36 %v_35[8.1,] 	 SYMBOL:	 ARGS:
		 3: GETFIELD %self->saved_time_entries def_%v_37 %self[7.2,2.0,] 
		 4: %v_37->size def_%v_38 %v_37[8.3,] 	 SYMBOL:	 ARGS:
		 5: GETFIELD %self->unsaved_time_entries def_%v_39 %self[7.4,2.0,] 
		 6: %v_39->map def_%v_40 %v_39[8.5,] %self[7.2,7.4,7.14,2.0,] 	 SYMBOL:	 ARGS:%v_39,
CLOSURE BEGIN: i[] 
BB 1
	outgoing: 6 2 
	datadep: 
	instructions:
BB 2
	outgoing: 3 
	datadep: 
	instructions:
		 0: def_%self 
		 1: def_%cl_2_0 
		 2: RECEIVEARG def_i 
		 3: COPY TYPE_CurrentScope def_%current_scope 
		 4: COPY TYPE_ScopeModule def_%current_module 
BB 3
	outgoing: 4 6 
	datadep: 
	instructions:
		 0: Line Number 495
		 1: COPY TYPE_StringLiteral "#" def_%cl_2_3 
		 2: i->id def_%cl_2_4 i[2.2,] 	 SYMBOL:	 ARGS:
		 3: BUILDSTRING def_%cl_2_5 %cl_2_3[3.1,] %cl_2_4[3.2,] 
		 4: RETURN %cl_2_5[3.3,] %self[2.0,] 
BB 4
	outgoing: 6 
	datadep: 
	instructions:
		 0: def_%cl_2_6 
		 1: def_%cl_2_7 %cl_2_6[4.0,] 
		 2: RETURN %cl_2_7[4.1,] %self[2.0,] 
BB 6
	outgoing: 
	datadep: 
	instructions:
CLOSURE END: 
		 7: COPY TYPE_StringLiteral ", " def_%v_41 
		 8: %v_40->join def_%v_42 %v_40[8.6,] %v_41[8.7,] 	 SYMBOL:	 ARGS:%v_41,
		 9: HASH-count-total-ids- def_%v_43 %v_36[8.2,] %v_38[8.4,] %v_42[8.8,] 
		 10: %self->l def_%v_44 %self[7.2,7.4,7.14,2.0,] %v_43[8.9,] 	 SYMBOL:notice_failed_to_save_time_entries,	 ARGS:Symbol,%v_43,
		 11: Line Number 496
		 12: GETFIELD %self->unsaved_time_entries def_%v_45 %self[8.10,7.4,2.0,] 
		 13: %self->bulk_edit_error_messages def_%v_46 %self[8.10,7.2,7.4,7.14,2.0,] %v_45[8.12,] 	 SYMBOL:	 ARGS:%v_45,
		 14: %v_46->each def_%v_47 %v_46[8.13,] %self[8.10,8.13,7.2,7.4,7.14,2.0,] 	 SYMBOL:	 ARGS:%v_46,
CLOSURE BEGIN: message[] 
BB 1
	outgoing: 6 2 
	datadep: 
	instructions:
BB 2
	outgoing: 6 
	datadep: 
	instructions:
		 0: def_%self 
		 1: def_%cl_3_0 
		 2: RECEIVEARG def_message 
		 3: COPY TYPE_CurrentScope def_%current_scope 
		 4: COPY TYPE_ScopeModule def_%current_module 
		 5: Line Number 497
		 6: RETURN message[2.2,] %self[2.0,] 
BB 6
	outgoing: 
	datadep: 
	instructions:
CLOSURE END: 
		 15: 
BB 9
	outgoing: 10 
	datadep: 
	instructions:
		 0: COPY TYPE_Nil def_%v_47 
BB 10
	outgoing: 12 
	datadep: 
	instructions:
		 0: Line Number 500
		 1: GETFIELD %self->time_entries def_%v_48 %self[7.14,2.0,] 
		 2: %v_48->each def_%v_49 %v_48[10.1,] %self[7.2,7.4,7.14,2.0,] 	 SYMBOL:	 ARGS:%v_48,
CLOSURE BEGIN: entry[] %self[7.2,7.4,7.14,2.0,] 
BB 1
	outgoing: 6 2 
	datadep: 
	instructions:
BB 2
	outgoing: 3 
	datadep: 
	instructions:
		 0: def_%self 
		 1: def_%cl_4_0 
		 2: RECEIVEARG def_entry 
		 3: COPY TYPE_CurrentScope def_%current_scope 
		 4: COPY TYPE_ScopeModule def_%current_module 
BB 3
	outgoing: 4 6 
	datadep: 
	instructions:
		 0: Line Number 501
		 1: COPY TYPE_StringLiteral "li" def_%cl_4_3 
		 2: Line Number 502
		 3: entry->spent_on def_%cl_4_4 entry[2.2,] 	 SYMBOL:	 ARGS:
		 4: %self->format_date def_%cl_4_5 %self[2.0,] %cl_4_4[3.3,] 	 SYMBOL:	 ARGS:%cl_4_4,
		 5: COPY TYPE_StringLiteral " - " def_%cl_4_6 
		 6: entry->project def_%cl_4_7 entry[3.3,2.2,] 	 SYMBOL:	 ARGS:
		 7: COPY TYPE_StringLiteral ": " def_%cl_4_8 
		 8: entry->hours def_%cl_4_9 entry[3.3,3.6,2.2,] 	 SYMBOL:	 ARGS:
		 9: HASH-value- def_%cl_4_10 %cl_4_9[3.8,] 
		 10: %self->l def_%cl_4_11 %self[3.4,2.0,] %cl_4_10[3.9,] 	 SYMBOL:label_f_hour_plural,	 ARGS:Symbol,%cl_4_10,
		 11: BUILDSTRING def_%cl_4_12 %cl_4_5[3.4,] %cl_4_6[3.5,] %cl_4_7[3.6,] %cl_4_8[3.7,] %cl_4_11[3.10,] 
		 12: %self->edit_time_entry_path def_%cl_4_13 %self[3.4,3.10,2.0,] entry[3.3,3.6,3.8,2.2,] 	 SYMBOL:	 ARGS:entry,
		 13: %self->link_to def_%cl_4_14 %self[3.4,3.10,3.12,2.0,] %cl_4_12[3.11,] %cl_4_13[3.12,] 	 SYMBOL:	 ARGS:%cl_4_12,%cl_4_13,
		 14: %self->content_tag def_%cl_4_15 %self[3.4,3.10,3.12,3.13,2.0,] %cl_4_3[3.1,] %cl_4_14[3.13,] 	 SYMBOL:	 ARGS:%cl_4_3,%cl_4_14,
		 15: RETURN %cl_4_15[3.14,] %self[3.4,3.10,3.12,3.13,3.14,2.0,] 
BB 4
	outgoing: 6 
	datadep: 
	instructions:
		 0: def_%cl_4_16 
		 1: def_%cl_4_17 %cl_4_16[4.0,] 
		 2: RETURN %cl_4_17[4.1,] %self[2.0,] 
BB 6
	outgoing: 
	datadep: 
	instructions:
CLOSURE END: 
		 3: Line Number 504
		 4: %self->bulk_update_time_entries_path def_%v_50 %self[7.2,7.4,7.14,2.0,] 	 SYMBOL:	 ARGS:
		 5: COPY TYPE_StringLiteral "bulk_edit_form" def_%v_51 
		 6: HASH-id- def_%v_52 %v_51[10.5,] 
		 7: %self->form_tag def_%v_53 %self[10.4,7.2,7.4,7.14,2.0,] %v_50[10.4,] %v_52[10.6,] %self[10.4,7.2,7.4,7.14,2.0,] 	 SYMBOL:	 ARGS:%v_50,%v_52,%self,
CLOSURE BEGIN: %self[10.4,7.2,7.4,7.14,2.0,] i[8.6,] custom_field[] 
BB 1
	outgoing: 9 2 
	datadep: 
	instructions:
BB 2
	outgoing: 3 
	datadep: 
	instructions:
		 0: def_%self 
		 1: def_%cl_5_0 
		 2: COPY TYPE_CurrentScope def_%current_scope 
		 3: COPY TYPE_ScopeModule def_%current_module 
BB 3
	outgoing: 4 5 7 
	datadep: 
	instructions:
		 0: Line Number 505
		 1: GETFIELD %self->time_entries def_%cl_5_3 %self[2.0,] 
		 2: %cl_5_3->collect def_%cl_5_4 %cl_5_3[3.1,] %self[2.0,] 	 SYMBOL:	 ARGS:%cl_5_3,
CLOSURE BEGIN: i[] %self[2.0,] 
BB 1
	outgoing: 6 2 
	datadep: 
	instructions:
BB 2
	outgoing: 3 
	datadep: 
	instructions:
		 0: def_%self 
		 1: def_%cl_6_0 
		 2: RECEIVEARG def_i 
		 3: COPY TYPE_CurrentScope def_%current_scope 
		 4: COPY TYPE_ScopeModule def_%current_module 
BB 3
	outgoing: 4 6 
	datadep: 
	instructions:
		 0: Line Number 505
		 1: COPY TYPE_StringLiteral "ids[]" def_%cl_6_3 
		 2: i->id def_%cl_6_4 i[2.2,] 	 SYMBOL:	 ARGS:
		 3: HASH-id- def_%cl_6_5 
		 4: %self->hidden_field_tag def_%cl_6_6 %self[2.0,] %cl_6_3[3.1,] %cl_6_4[3.2,] %cl_6_5[3.3,] 	 SYMBOL:	 ARGS:%cl_6_3,%cl_6_4,%cl_6_5,
		 5: RETURN %cl_6_6[3.4,] %self[3.4,2.0,] 
BB 4
	outgoing: 6 
	datadep: 
	instructions:
		 0: def_%cl_6_7 
		 1: def_%cl_6_8 %cl_6_7[4.0,] 
		 2: RETURN %cl_6_8[4.1,] %self[2.0,] 
BB 6
	outgoing: 
	datadep: 
	instructions:
CLOSURE END: 
		 3: %cl_5_4->join def_%cl_5_5 %cl_5_4[3.2,] 	 SYMBOL:	 ARGS:
		 4: %cl_5_5->html_safe def_%cl_5_6 %cl_5_5[3.3,] 	 SYMBOL:	 ARGS:
		 5: Line Number 506
		 6: %self->l def_%cl_5_7 %self[2.0,] 	 SYMBOL:field_issue,	 ARGS:Symbol,
		 7: Line Number 507
		 8: HASH-size- def_%cl_5_8 
		 9: %self->text_field def_%cl_5_9 %self[3.6,2.0,] %cl_5_8[3.8,] 	 SYMBOL:time_entry,issue_id,	 ARGS:Symbol,Symbol,%cl_5_8,
		 10: Line Number 508
		 11: %self->l def_%cl_5_10 %self[3.6,3.9,2.0,] 	 SYMBOL:field_spent_on,	 ARGS:Symbol,
		 12: Line Number 509
		 13: HASH-size- def_%cl_5_11 
		 14: %self->date_field def_%cl_5_12 %self[3.6,3.9,3.11,2.0,] %cl_5_11[3.13,] 	 SYMBOL:time_entry,spent_on,	 ARGS:Symbol,Symbol,%cl_5_11,
		 15: Line Number 510
		 16: COPY TYPE_StringLiteral "time_entry_spent_on" def_%cl_5_13 
		 17: %self->calendar_for def_%cl_5_14 %self[3.6,3.9,3.11,3.14,2.0,] %cl_5_13[3.16,] 	 SYMBOL:	 ARGS:%cl_5_13,
		 18: Line Number 511
		 19: %self->l def_%cl_5_15 %self[3.6,3.9,3.11,3.14,3.17,2.0,] 	 SYMBOL:field_hours,	 ARGS:Symbol,
		 20: Line Number 512
		 21: HASH-size- def_%cl_5_16 
		 22: %self->text_field def_%cl_5_17 %self[3.6,3.9,3.11,3.14,3.17,3.19,2.0,] %cl_5_16[3.21,] 	 SYMBOL:time_entry,hours,	 ARGS:Symbol,Symbol,%cl_5_16,
		 23: Line Number 513
		 24: GETFIELD %self->available_activities def_%cl_5_18 %self[3.6,3.9,3.11,3.14,3.17,3.19,3.22,2.0,] 
		 25: %cl_5_18->any? def_%cl_5_19 %cl_5_18[3.24,] 	 SYMBOL:	 ARGS:
		 26: BRANCH %cl_5_19[3.25,] 
BB 4
	outgoing: 6 7 
	datadep: 
	instructions:
		 0: Line Number 514
		 1: %self->l def_%cl_5_20 %self[2.0,] 	 SYMBOL:field_activity,	 ARGS:Symbol,
		 2: Line Number 515
		 3: COPY TYPE_StringLiteral "time_entry[activity_id]" def_%cl_5_21 
		 4: COPY TYPE_StringLiteral "option" def_%cl_5_22 
		 5: %self->l def_%cl_5_23 %self[4.1,2.0,] 	 SYMBOL:label_no_change_option,	 ARGS:Symbol,
		 6: COPY TYPE_StringLiteral "" def_%cl_5_24 
		 7: HASH-value- def_%cl_5_25 %cl_5_24[4.6,] 
		 8: %self->content_tag def_%cl_5_26 %self[4.1,4.5,2.0,] %cl_5_22[4.4,] %cl_5_23[4.5,] %cl_5_25[4.7,] 	 SYMBOL:	 ARGS:%cl_5_22,%cl_5_23,%cl_5_25,
		 9: GETFIELD %self->available_activities def_%cl_5_27 %self[4.1,4.5,4.8,2.0,] 
		 10: %self->options_from_collection_for_select def_%cl_5_28 %self[4.1,4.5,4.8,2.0,] %cl_5_27[4.9,] 	 SYMBOL:id,name,	 ARGS:%cl_5_27,Symbol,Symbol,
		 11: %cl_5_26->+ def_%cl_5_29 %cl_5_26[4.8,] %cl_5_28[4.10,] 	 SYMBOL:	 ARGS:%cl_5_28,
		 12: %self->select_tag def_%cl_5_30 %self[4.1,4.5,4.8,4.10,2.0,] %cl_5_21[4.3,] %cl_5_29[4.11,] 	 SYMBOL:	 ARGS:%cl_5_21,%cl_5_29,
		 13: 
BB 5
	outgoing: 6 
	datadep: 
	instructions:
		 0: COPY TYPE_Nil def_%cl_5_30 
BB 6
	outgoing: 7 9 
	datadep: 
	instructions:
		 0: Line Number 517
		 1: %self->l def_%cl_5_31 %self[2.0,] 	 SYMBOL:field_comments,	 ARGS:Symbol,
		 2: Line Number 518
		 3: HASH-size- def_%cl_5_32 
		 4: %self->text_field def_%cl_5_33 %self[6.1,2.0,] %cl_5_32[6.3,] 	 SYMBOL:time_entry,comments,	 ARGS:Symbol,Symbol,%cl_5_32,
		 5: Line Number 519
		 6: GETFIELD %self->custom_fields def_%cl_5_34 %self[6.1,6.4,2.0,] 
		 7: %cl_5_34->each def_%cl_5_35 %cl_5_34[6.6,] %self[6.1,6.4,2.0,] 	 SYMBOL:	 ARGS:%cl_5_34,
CLOSURE BEGIN: custom_field[] %self[6.1,6.4,2.0,] 
BB 1
	outgoing: 6 2 
	datadep: 
	instructions:
BB 2
	outgoing: 3 
	datadep: 
	instructions:
		 0: def_%self 
		 1: def_%cl_7_0 
		 2: RECEIVEARG def_custom_field 
		 3: COPY TYPE_CurrentScope def_%current_scope 
		 4: COPY TYPE_ScopeModule def_%current_module 
BB 3
	outgoing: 4 6 
	datadep: 
	instructions:
		 0: Line Number 520
		 1: custom_field->name def_%cl_7_3 custom_field[2.2,] 	 SYMBOL:	 ARGS:
		 2: %self->h def_%cl_7_4 %self[2.0,] %cl_7_3[3.1,] 	 SYMBOL:	 ARGS:%cl_7_3,
		 3: Line Number 521
		 4: COPY TYPE_StringLiteral "time_entry" def_%cl_7_5 
		 5: GETFIELD %self->time_entries def_%cl_7_6 %self[3.2,2.0,] 
		 6: %self->custom_field_tag_for_bulk_edit def_%cl_7_7 %self[3.2,2.0,] %cl_7_5[3.4,] custom_field[3.1,2.2,] %cl_7_6[3.5,] 	 SYMBOL:	 ARGS:%cl_7_5,custom_field,%cl_7_6,
		 7: RETURN %cl_7_7[3.6,] %self[3.2,3.6,2.0,] 
BB 4
	outgoing: 6 
	datadep: 
	instructions:
		 0: def_%cl_7_8 
		 1: def_%cl_7_9 %cl_7_8[4.0,] 
		 2: RETURN %cl_7_9[4.1,] %self[2.0,] 
BB 6
	outgoing: 
	datadep: 
	instructions:
CLOSURE END: 
		 8: Line Number 523
		 9: GETFIELD %self->time_entries def_%cl_5_36 %self[6.1,6.4,2.0,] 
		 10: HASH-time_entries- def_%cl_5_37 %cl_5_36[6.9,] 
		 11: %self->call_hook def_%cl_5_38 %self[6.1,6.4,2.0,] %cl_5_37[6.10,] 	 SYMBOL:view_time_entries_bulk_edit_details_bottom,	 ARGS:Symbol,%cl_5_37,
		 12: Line Number 524
		 13: %self->l def_%cl_5_39 %self[6.1,6.4,6.11,2.0,] 	 SYMBOL:button_submit,	 ARGS:Symbol,
		 14: %self->submit_tag def_%cl_5_40 %self[6.1,6.4,6.11,6.13,2.0,] %cl_5_39[6.13,] 	 SYMBOL:	 ARGS:%cl_5_39,
		 15: RETURN %cl_5_40[6.14,] %self[6.1,6.4,6.11,6.13,6.14,2.0,] 
BB 7
	outgoing: 9 
	datadep: 
	instructions:
		 0: def_%cl_5_41 
		 1: def_%cl_5_42 %cl_5_41[7.0,] 
		 2: RETURN %cl_5_42[7.1,] %self[2.0,] 
BB 9
	outgoing: 
	datadep: 
	instructions:
CLOSURE END: 
		 8: RETURN %v_53[10.7,] %self[10.4,10.7,7.2,7.4,7.14,2.0,] 
BB 12
	outgoing: 
	datadep: 
	instructions:

SET IRMethod, name = destroy instanceMethod = true
BB 1
	outgoing: 3 2 
	datadep: 
	instructions:
BB 2
	outgoing: 3 
	datadep: 
	instructions:
		 0: def_%self 
		 1: def_%v_0 
		 2: COPY TYPE_CurrentScope def_%current_scope 
		 3: COPY TYPE_ScopeModule def_%current_module 
		 4: 
		 5: Line Number 529
		 6: (TimeEntry) def_%v_3 
		 7: %v_3->transaction def_%v_4 %v_3[2.6,] %self[2.0,] 	 SYMBOL:	 ARGS:%v_3,
CLOSURE BEGIN: %self[2.0,] t[] 
BB 1
	outgoing: 6 2 
	datadep: 
	instructions:
BB 2
	outgoing: 3 
	datadep: 
	instructions:
		 0: def_%self 
		 1: def_%cl_1_0 
		 2: COPY TYPE_CurrentScope def_%current_scope 
		 3: COPY TYPE_ScopeModule def_%current_module 
BB 3
	outgoing: 4 6 
	datadep: 
	instructions:
		 0: Line Number 530
		 1: GETFIELD %self->time_entries def_%cl_1_3 %self[2.0,] 
		 2: %cl_1_3->each def_%cl_1_4 %cl_1_3[3.1,] %self[2.0,] 	 SYMBOL:	 ARGS:%cl_1_3,
CLOSURE BEGIN: t[] %self[2.0,] 
BB 1
	outgoing: 13 2 
	datadep: 
	instructions:
BB 2
	outgoing: 3 
	datadep: 
	instructions:
		 0: def_%self 
		 1: def_%cl_2_0 
		 2: RECEIVEARG def_t 
		 3: COPY TYPE_CurrentScope def_%current_scope 
		 4: COPY TYPE_ScopeModule def_%current_module 
BB 3
	outgoing: 4 5 11 
	datadep: 
	instructions:
		 0: Line Number 531
		 1: t->destroy def_%cl_2_3 t[2.2,] 	 SYMBOL:	 ARGS:
		 2: BRANCH %cl_2_3[3.1,] 
BB 4
	outgoing: 5 11 
	datadep: 
	instructions:
		 0: t->destroyed? def_%cl_2_4 t[2.2,] 	 SYMBOL:	 ARGS:
		 1: COPY TYPE_PASS def_%cl_2_3 %cl_2_4[4.0,] 
BB 5
	outgoing: 6 7 
	datadep: 
	instructions:
		 0: BRANCH %cl_2_3[4.1,3.1,] 
BB 6
	outgoing: 13 
	datadep: 
	instructions:
		 0: COPY TYPE_Nil def_%cl_2_5 
		 1: RETURN %cl_2_5[6.0,] %self[2.0,] 
BB 7
	outgoing: 8 9 11 
	datadep: 
	instructions:
		 0: Line Number 532
		 1: (ActiveRecord) def_%cl_2_6 
		 2: (inherit Rollback) def_%cl_2_7 %cl_2_6[7.1,] 
		 3: %cl_2_7[7.2,] 
BB 8
	outgoing: 9 11 
	datadep: 
	instructions:
		 0: %cl_2_6->const_missing def_%cl_2_7 %cl_2_6[7.1,] 	 SYMBOL:Rollback,	 ARGS:Symbol,
BB 9
	outgoing: 11 13 
	datadep: 
	instructions:
		 0: %self->raise def_%cl_2_8 %self[2.0,] %cl_2_7[8.0,7.2,] 	 SYMBOL:	 ARGS:%cl_2_7,
		 1: RETURN %cl_2_8[9.0,] %self[9.0,2.0,] 
BB 11
	outgoing: 13 
	datadep: 
	instructions:
		 0: def_%cl_2_9 
		 1: def_%cl_2_10 %cl_2_9[11.0,] 
		 2: RETURN %cl_2_10[11.1,] %self[2.0,] 
BB 13
	outgoing: 
	datadep: 
	instructions:
CLOSURE END: 
		 3: RETURN %cl_1_4[3.2,] %self[2.0,] 
BB 4
	outgoing: 6 
	datadep: 
	instructions:
		 0: def_%cl_1_5 
		 1: def_%cl_1_6 %cl_1_5[4.0,] 
		 2: RETURN %cl_1_6[4.1,] %self[2.0,] 
BB 6
	outgoing: 
	datadep: 
	instructions:
CLOSURE END: 
		 8: COPY TYPE_PASS def_destroyed %v_4[2.7,] 
		 9: Line Number 536
		 10: %self->respond_to def_%v_5 %self[2.0,] %self[2.0,] 	 SYMBOL:	 ARGS:%self,
CLOSURE BEGIN: format[] %self[2.0,] destroyed[2.8,] 
BB 1
	outgoing: 6 2 
	datadep: 
	instructions:
BB 2
	outgoing: 3 
	datadep: 
	instructions:
		 0: def_%self 
		 1: def_%cl_3_0 
		 2: RECEIVEARG def_format 
		 3: COPY TYPE_CurrentScope def_%current_scope 
		 4: COPY TYPE_ScopeModule def_%current_module 
BB 3
	outgoing: 4 6 
	datadep: 
	instructions:
		 0: Line Number 537
		 1: format->html def_%cl_3_3 format[2.2,] %self[2.0,] 	 SYMBOL:	 ARGS:format,
CLOSURE BEGIN: destroyed[] %self[2.0,] 
BB 1
	outgoing: 9 2 
	datadep: 
	instructions:
BB 2
	outgoing: 4 5 
	datadep: 
	instructions:
		 0: def_%self 
		 1: def_%cl_4_0 
		 2: COPY TYPE_CurrentScope def_%current_scope 
		 3: COPY TYPE_ScopeModule def_%current_module 
		 4: Line Number 538
		 5: BRANCH destroyed[] 
BB 4
	outgoing: 6 7 
	datadep: 
	instructions:
		 0: Line Number 539
		 1: %self->flash def_%cl_4_3 %self[2.0,] 	 SYMBOL:	 ARGS:
		 2: %self->l def_%cl_4_4 %self[4.1,2.0,] 	 SYMBOL:notice_successful_delete,	 ARGS:Symbol,
		 3: ATTRASSIGN %cl_4_3->[] %cl_4_4[4.2,] 
		 4: 
BB 5
	outgoing: 6 7 
	datadep: 
	instructions:
		 0: Line Number 541
		 1: %self->flash def_%cl_4_5 %self[2.0,] 	 SYMBOL:	 ARGS:
		 2: %self->l def_%cl_4_6 %self[5.1,2.0,] 	 SYMBOL:notice_unable_delete_time_entry,	 ARGS:Symbol,
		 3: ATTRASSIGN %cl_4_5->[] %cl_4_6[5.2,] 
		 4: COPY TYPE_PASS def_%cl_4_4 %cl_4_6[5.2,] 
BB 6
	outgoing: 7 9 
	datadep: 
	instructions:
		 0: Line Number 543
		 1: GETFIELD %self->projects def_%cl_4_7 %self[2.0,] 
		 2: %cl_4_7->first def_%cl_4_8 %cl_4_7[6.1,] 	 SYMBOL:	 ARGS:
		 3: %self->project_time_entries_path def_%cl_4_9 %self[2.0,] %cl_4_8[6.2,] 	 SYMBOL:	 ARGS:%cl_4_8,
		 4: HASH-referer- def_%cl_4_10 
		 5: %self->redirect_back_or_default def_%cl_4_11 %self[6.3,2.0,] %cl_4_9[6.3,] %cl_4_10[6.4,] 	 SYMBOL:	 ARGS:%cl_4_9,%cl_4_10,
		 6: RETURN %cl_4_11[6.5,] %self[6.3,6.5,2.0,] 
BB 7
	outgoing: 9 
	datadep: 
	instructions:
		 0: def_%cl_4_12 
		 1: def_%cl_4_13 %cl_4_12[7.0,] 
		 2: RETURN %cl_4_13[7.1,] %self[2.0,] 
BB 9
	outgoing: 
	datadep: 
	instructions:
CLOSURE END: 
		 2: Line Number 545
		 3: format->api def_%cl_3_4 format[3.1,2.2,] %self[2.0,] 	 SYMBOL:	 ARGS:format,
CLOSURE BEGIN: destroyed[] %self[2.0,] 
BB 1
	outgoing: 9 2 
	datadep: 
	instructions:
BB 2
	outgoing: 4 5 
	datadep: 
	instructions:
		 0: def_%self 
		 1: def_%cl_5_0 
		 2: COPY TYPE_CurrentScope def_%current_scope 
		 3: COPY TYPE_ScopeModule def_%current_module 
		 4: Line Number 546
		 5: BRANCH destroyed[] 
BB 4
	outgoing: 6 7 
	datadep: 
	instructions:
		 0: Line Number 547
		 1: %self->render_api_ok def_%cl_5_3 %self[2.0,] 	 SYMBOL:	 ARGS:
		 2: 
BB 5
	outgoing: 7 9 
	datadep: 
	instructions:
		 0: Line Number 549
		 1: GETFIELD %self->time_entries def_%cl_5_4 %self[2.0,] 
		 2: %self->render_validation_errors def_%cl_5_5 %self[2.0,] %cl_5_4[5.1,] 	 SYMBOL:	 ARGS:%cl_5_4,
		 3: RETURN %cl_5_5[5.2,] %self[5.2,2.0,] 
BB 6
	outgoing: 9 
	datadep: 
	instructions:
		 0: RETURN %cl_5_3[4.1,] %self[2.0,] 
BB 7
	outgoing: 9 
	datadep: 
	instructions:
		 0: def_%cl_5_6 
		 1: def_%cl_5_7 %cl_5_6[7.0,] 
		 2: RETURN %cl_5_7[7.1,] %self[2.0,] 
BB 9
	outgoing: 
	datadep: 
	instructions:
CLOSURE END: 
		 4: RETURN %cl_3_4[3.3,] %self[2.0,] 
BB 4
	outgoing: 6 
	datadep: 
	instructions:
		 0: def_%cl_3_5 
		 1: def_%cl_3_6 %cl_3_5[4.0,] 
		 2: RETURN %cl_3_6[4.1,] %self[2.0,] 
BB 6
	outgoing: 
	datadep: 
	instructions:
CLOSURE END: 
		 11: RETURN %v_5[2.10,] %self[2.0,2.10,] 
BB 3
	outgoing: 
	datadep: 
	instructions:

SET IRMethod, name = find_time_entry instanceMethod = true
BB 1
	outgoing: 14 2 
	datadep: 
	instructions:
BB 2
	outgoing: 4 
	datadep: 
	instructions:
		 0: def_%self 
		 1: def_%v_0 
		 2: COPY TYPE_CurrentScope def_%current_scope 
		 3: COPY TYPE_ScopeModule def_%current_module 
		 4: 
		 5: GLOBALVAR $! def_%v_3 
BB 4
	outgoing: 5 6 
	datadep: 
	instructions:
		 0: 
		 1: Line Number 556
		 2: (TimeEntry) def_%v_6 
		 3: %self->params def_%v_7 %self[2.0,] 	 SYMBOL:	 ARGS:
		 4: %v_7->[] def_%v_8 %v_7[4.3,] 	 SYMBOL:id,	 ARGS:Symbol,
		 5: %v_6->find def_%v_9 %v_6[4.2,] %v_8[4.4,] 	 SYMBOL:	 ARGS:%v_8,
		 6: ATTRASSIGN %self->time_entry %v_9[4.5,] 
		 7: Line Number 557
		 8: GETFIELD %self->time_entry def_%v_10 %self[4.3,4.6,2.0,] 
		 9: %v_10->project def_%v_11 %v_10[4.8,] 	 SYMBOL:	 ARGS:
		 10: ATTRASSIGN %self->project %v_11[4.9,] 
		 11: COPY TYPE_PASS def_%v_5 %v_11[4.9,] 
		 12: %v_3[2.5,] 
BB 5
	outgoing: 13 
	datadep: 
	instructions:
		 0: 
BB 6
	outgoing: 7 8 12 
	datadep: 
	instructions:
		 0: def_%v_12 
		 1: (ActiveRecord) def_%v_13 
		 2: (inherit RecordNotFound) def_%v_14 %v_13[6.1,] 
		 3: %v_14[6.2,] 
BB 7
	outgoing: 8 12 
	datadep: 
	instructions:
		 0: %v_13->const_missing def_%v_14 %v_13[6.1,] 	 SYMBOL:RecordNotFound,	 ARGS:Symbol,
BB 8
	outgoing: 9 10 12 
	datadep: 
	instructions:
		 0: def_%v_15 %v_14[7.0,6.2,] %v_12[6.0,] 
		 1: BRANCH %v_15[8.0,] 
BB 9
	outgoing: 12 14 
	datadep: 
	instructions:
		 0: %v_12[6.0,] 
BB 10
	outgoing: 11 12 
	datadep: 
	instructions:
		 0: Line Number 559
		 1: %self->render_404 def_%v_16 %self[4.6,4.10,2.0,] 	 SYMBOL:	 ARGS:
		 2: COPY TYPE_PASS def_%v_5 %v_16[10.1,] 
		 3: %v_3[2.5,] 
BB 11
	outgoing: 13 
	datadep: 
	instructions:
		 0: 
BB 12
	outgoing: 14 
	datadep: 
	instructions:
		 0: def_%v_17 
		 1: def_%v_18 %v_17[12.0,] %v_3[2.5,] 
		 2: %v_17[12.0,] 
BB 13
	outgoing: 14 
	datadep: 
	instructions:
		 0: RETURN %v_5[4.11,10.2,] %self[4.6,4.10,2.0,] 
BB 14
	outgoing: 
	datadep: 
	instructions:

SET IRMethod, name = check_editability instanceMethod = true
BB 1
	outgoing: 6 2 
	datadep: 
	instructions:
BB 2
	outgoing: 3 4 
	datadep: 
	instructions:
		 0: def_%self 
		 1: def_%v_0 
		 2: COPY TYPE_CurrentScope def_%current_scope 
		 3: COPY TYPE_ScopeModule def_%current_module 
		 4: 
		 5: Line Number 562
		 6: GETFIELD %self->time_entry def_%v_3 %self[2.0,] 
		 7: (User) def_%v_4 
		 8: %v_4->current def_%v_5 %v_4[2.7,] 	 SYMBOL:	 ARGS:
		 9: %v_3->editable_by? def_%v_6 %v_3[2.6,] %v_5[2.8,] 	 SYMBOL:	 ARGS:%v_5,
		 10: BRANCH %v_6[2.9,] 
BB 3
	outgoing: 6 
	datadep: 
	instructions:
		 0: COPY TYPE_Nil def_%v_7 
		 1: RETURN %v_7[3.0,] %self[2.0,] 
BB 4
	outgoing: 6 
	datadep: 
	instructions:
		 0: Line Number 563
		 1: %self->render_403 def_%v_8 %self[2.0,] 	 SYMBOL:	 ARGS:
		 2: Line Number 564
		 3: RETURN %self[4.1,2.0,] 
BB 6
	outgoing: 
	datadep: 
	instructions:

SET IRMethod, name = find_time_entries instanceMethod = true
BB 1
	outgoing: 27 2 
	datadep: 
	instructions:
BB 2
	outgoing: 4 
	datadep: 
	instructions:
		 0: def_%self 
		 1: def_%v_0 
		 2: COPY TYPE_CurrentScope def_%current_scope 
		 3: COPY TYPE_ScopeModule def_%current_module 
		 4: 
		 5: GLOBALVAR $! def_%v_3 
BB 4
	outgoing: 5 6 19 
	datadep: 
	instructions:
		 0: 
		 1: Line Number 568
		 2: (TimeEntry) def_%v_6 
		 3: %self->params def_%v_7 %self[2.0,] 	 SYMBOL:	 ARGS:
		 4: %v_7->[] def_%v_8 %v_7[4.3,] 	 SYMBOL:id,	 ARGS:Symbol,
		 5: BRANCH %v_8[4.4,] 
BB 5
	outgoing: 6 19 
	datadep: 
	instructions:
		 0: %self->params def_%v_9 %self[2.0,] 	 SYMBOL:	 ARGS:
		 1: %v_9->[] def_%v_10 %v_9[5.0,] 	 SYMBOL:ids,	 ARGS:Symbol,
		 2: COPY TYPE_PASS def_%v_8 %v_10[5.1,] 
BB 6
	outgoing: 7 10 19 
	datadep: 
	instructions:
		 0: HASH-id- def_%v_11 %v_8[5.2,4.4,] 
		 1: %v_6->where def_%v_12 %v_6[4.2,] %v_11[6.0,] 	 SYMBOL:	 ARGS:%v_11,
		 2: HASH-project- def_%v_13 
		 3: %v_12->preload def_%v_14 %v_12[6.1,] %v_13[6.2,] 	 SYMBOL:	 ARGS:%v_13,
		 4: %v_14->preload def_%v_15 %v_14[6.3,] 	 SYMBOL:user,	 ARGS:Symbol,
		 5: %v_15->to_a def_%v_16 %v_15[6.4,] 	 SYMBOL:	 ARGS:
		 6: ATTRASSIGN %self->time_entries %v_16[6.5,] 
		 7: Line Number 571
		 8: GETFIELD %self->time_entries def_%v_17 %self[6.6,2.0,] 
		 9: %v_17->empty? def_%v_18 %v_17[6.8,] 	 SYMBOL:	 ARGS:
		 10: BRANCH %v_18[6.9,] 
BB 7
	outgoing: 8 9 19 
	datadep: 
	instructions:
		 0: (ActiveRecord) def_%v_19 
		 1: (inherit RecordNotFound) def_%v_20 %v_19[7.0,] 
		 2: %v_20[7.1,] 
BB 8
	outgoing: 9 19 
	datadep: 
	instructions:
		 0: %v_19->const_missing def_%v_20 %v_19[7.0,] 	 SYMBOL:RecordNotFound,	 ARGS:Symbol,
BB 9
	outgoing: 11 19 
	datadep: 
	instructions:
		 0: %self->raise def_%v_21 %self[6.6,2.0,] %v_20[8.0,7.1,] 	 SYMBOL:	 ARGS:%v_20,
		 1: 
BB 10
	outgoing: 11 
	datadep: 
	instructions:
		 0: COPY TYPE_Nil def_%v_21 
BB 11
	outgoing: 12 13 19 
	datadep: 
	instructions:
		 0: Line Number 572
		 1: GETFIELD %self->time_entries def_%v_22 %self[6.6,2.0,] 
		 2: %v_22->all? def_%v_23 %v_22[11.1,] %self[6.6,2.0,] 	 SYMBOL:	 ARGS:%v_22,
CLOSURE BEGIN: t[] 
BB 1
	outgoing: 6 2 
	datadep: 
	instructions:
BB 2
	outgoing: 3 
	datadep: 
	instructions:
		 0: def_%self 
		 1: def_%cl_1_0 
		 2: RECEIVEARG def_t 
		 3: COPY TYPE_CurrentScope def_%current_scope 
		 4: COPY TYPE_ScopeModule def_%current_module 
BB 3
	outgoing: 4 6 
	datadep: 
	instructions:
		 0: Line Number 572
		 1: (User) def_%cl_1_3 
		 2: %cl_1_3->current def_%cl_1_4 %cl_1_3[3.1,] 	 SYMBOL:	 ARGS:
		 3: t->editable_by? def_%cl_1_5 t[2.2,] %cl_1_4[3.2,] 	 SYMBOL:	 ARGS:%cl_1_4,
		 4: RETURN %cl_1_5[3.3,] %self[2.0,] 
BB 4
	outgoing: 6 
	datadep: 
	instructions:
		 0: def_%cl_1_6 
		 1: def_%cl_1_7 %cl_1_6[4.0,] 
		 2: RETURN %cl_1_7[4.1,] %self[2.0,] 
BB 6
	outgoing: 
	datadep: 
	instructions:
CLOSURE END: 
		 3: BRANCH %v_23[11.2,] 
BB 12
	outgoing: 14 
	datadep: 
	instructions:
		 0: COPY TYPE_Nil def_%v_24 
		 1: 
BB 13
	outgoing: 14 19 
	datadep: 
	instructions:
		 0: (Unauthorized) def_%v_25 
		 1: %self->raise def_%v_26 %self[6.6,2.0,] %v_25[13.0,] 	 SYMBOL:	 ARGS:%v_25,
		 2: COPY TYPE_PASS def_%v_24 %v_26[13.1,] 
BB 14
	outgoing: 15 16 19 
	datadep: 
	instructions:
		 0: Line Number 573
		 1: GETFIELD %self->time_entries def_%v_27 %self[6.6,2.0,] 
		 2: %v_27->collect def_%v_28 %v_27[14.1,] 	 SYMBOL:project,	 ARGS:
		 3: %v_28->compact def_%v_29 %v_28[14.2,] 	 SYMBOL:	 ARGS:
		 4: %v_29->uniq def_%v_30 %v_29[14.3,] 	 SYMBOL:	 ARGS:
		 5: ATTRASSIGN %self->projects %v_30[14.4,] 
		 6: Line Number 574
		 7: GETFIELD %self->projects def_%v_31 %self[14.5,2.0,] 
		 8: %v_31->size def_%v_32 %v_31[14.7,] 	 SYMBOL:	 ARGS:
		 9: %v_32->== def_%v_33 %v_32[14.8,] 	 SYMBOL:	 ARGS:Fixnum,
		 10: BRANCH %v_33[14.9,] 
BB 15
	outgoing: 17 19 
	datadep: 
	instructions:
		 0: GETFIELD %self->projects def_%v_34 %self[14.5,2.0,] 
		 1: %v_34->first def_%v_35 %v_34[15.0,] 	 SYMBOL:	 ARGS:
		 2: ATTRASSIGN %self->project %v_35[15.1,] 
		 3: 
BB 16
	outgoing: 17 
	datadep: 
	instructions:
		 0: COPY TYPE_Nil def_%v_35 
BB 17
	outgoing: 18 19 
	datadep: 
	instructions:
		 0: COPY TYPE_PASS def_%v_5 %v_35[16.0,15.1,] 
		 1: %v_3[2.5,] 
BB 18
	outgoing: 26 
	datadep: 
	instructions:
		 0: 
BB 19
	outgoing: 20 21 25 
	datadep: 
	instructions:
		 0: def_%v_36 
		 1: (ActiveRecord) def_%v_37 
		 2: (inherit RecordNotFound) def_%v_38 %v_37[19.1,] 
		 3: %v_38[19.2,] 
BB 20
	outgoing: 21 25 
	datadep: 
	instructions:
		 0: %v_37->const_missing def_%v_38 %v_37[19.1,] 	 SYMBOL:RecordNotFound,	 ARGS:Symbol,
BB 21
	outgoing: 22 23 25 
	datadep: 
	instructions:
		 0: def_%v_39 %v_38[20.0,19.2,] %v_36[19.0,] 
		 1: BRANCH %v_39[21.0,] 
BB 22
	outgoing: 25 27 
	datadep: 
	instructions:
		 0: %v_36[19.0,] 
BB 23
	outgoing: 24 25 
	datadep: 
	instructions:
		 0: Line Number 576
		 1: %self->render_404 def_%v_40 %self[6.6,14.5,15.2,2.0,] 	 SYMBOL:	 ARGS:
		 2: COPY TYPE_PASS def_%v_5 %v_40[23.1,] 
		 3: %v_3[2.5,] 
BB 24
	outgoing: 26 
	datadep: 
	instructions:
		 0: 
BB 25
	outgoing: 27 
	datadep: 
	instructions:
		 0: def_%v_41 
		 1: def_%v_42 %v_41[25.0,] %v_3[2.5,] 
		 2: %v_41[25.0,] 
BB 26
	outgoing: 27 
	datadep: 
	instructions:
		 0: RETURN %v_5[17.0,23.2,] %self[15.2,14.5,6.6,2.0,] 
BB 27
	outgoing: 
	datadep: 
	instructions:

SET IRMethod, name = find_optional_issue instanceMethod = true
BB 1
	outgoing: 6 2 
	datadep: 
	instructions:
BB 2
	outgoing: 3 4 
	datadep: 
	instructions:
		 0: def_%self 
		 1: def_%v_0 
		 2: COPY TYPE_CurrentScope def_%current_scope 
		 3: COPY TYPE_ScopeModule def_%current_module 
		 4: 
		 5: Line Number 579
		 6: %self->params def_%v_3 %self[2.0,] 	 SYMBOL:	 ARGS:
		 7: %v_3->[] def_%v_4 %v_3[2.6,] 	 SYMBOL:issue_id,	 ARGS:Symbol,
		 8: %v_4->present? def_%v_5 %v_4[2.7,] 	 SYMBOL:	 ARGS:
		 9: BRANCH %v_5[2.8,] 
BB 3
	outgoing: 6 
	datadep: 
	instructions:
		 0: Line Number 580
		 1: (Issue) def_%v_6 
		 2: %self->params def_%v_7 %self[2.0,] 	 SYMBOL:	 ARGS:
		 3: %v_7->[] def_%v_8 %v_7[3.2,] 	 SYMBOL:issue_id,	 ARGS:Symbol,
		 4: %v_6->find def_%v_9 %v_6[3.1,] %v_8[3.3,] 	 SYMBOL:	 ARGS:%v_8,
		 5: ATTRASSIGN %self->issue %v_9[3.4,] 
		 6: Line Number 581
		 7: GETFIELD %self->issue def_%v_10 %self[3.2,3.5,2.0,] 
		 8: %v_10->project def_%v_11 %v_10[3.7,] 	 SYMBOL:	 ARGS:
		 9: ATTRASSIGN %self->project %v_11[3.8,] 
		 10: Line Number 582
		 11: %self->authorize def_%v_12 %self[3.2,3.5,3.9,2.0,] 	 SYMBOL:	 ARGS:
		 12: RETURN %v_12[3.11,] %self[3.2,3.5,3.9,3.11,2.0,] 
BB 4
	outgoing: 6 
	datadep: 
	instructions:
		 0: Line Number 584
		 1: %self->find_optional_project def_%v_13 %self[2.0,] 	 SYMBOL:	 ARGS:
		 2: RETURN %v_13[4.1,] %self[4.1,2.0,] 
BB 6
	outgoing: 
	datadep: 
	instructions:

SET IRMethod, name = time_entry_scope instanceMethod = true
BB 1
	outgoing: 5 2 
	datadep: 
	instructions:
BB 2
	outgoing: 3 4 
	datadep: 
	instructions:
		 0: def_%self 
		 1: def_%v_0 
		 2: COPY TYPE_CurrentScope def_%current_scope 
		 3: COPY TYPE_ScopeModule def_%current_module 
		 4: 
		 5: RECEIVECONSTARG def_options 
		 6: options[2.5,] 
BB 3
	outgoing: 4 
	datadep: 
	instructions:
		 0: HASH- def_%v_3 
		 1: COPY TYPE_PASS def_options %v_3[3.0,] 
BB 4
	outgoing: 5 
	datadep: 
	instructions:
		 0: Line Number 588
		 1: GETFIELD %self->query def_%v_4 %self[2.0,] 
		 2: %v_4->results_scope def_%v_5 %v_4[4.1,] options[3.1,2.5,] 	 SYMBOL:	 ARGS:options,
		 3: RETURN %v_5[4.2,] %self[2.0,] 
BB 5
	outgoing: 
	datadep: 
	instructions:

SET IRMethod, name = retrieve_time_entry_query instanceMethod = true
BB 1
	outgoing: 3 2 
	datadep: 
	instructions:
BB 2
	outgoing: 3 
	datadep: 
	instructions:
		 0: def_%self 
		 1: def_%v_0 
		 2: COPY TYPE_CurrentScope def_%current_scope 
		 3: COPY TYPE_ScopeModule def_%current_module 
		 4: 
		 5: Line Number 591
		 6: (TimeEntryQuery) def_%v_3 
		 7: (Setting) def_%v_4 
		 8: %v_4->time_entry_list_defaults def_%v_5 %v_4[2.7,] 	 SYMBOL:	 ARGS:
		 9: %v_5->symbolize_keys def_%v_6 %v_5[2.8,] 	 SYMBOL:	 ARGS:
		 10: HASH-defaults- def_%v_7 %v_6[2.9,] 
		 11: %self->retrieve_query def_%v_8 %self[2.0,] %v_3[2.6,] %v_7[2.10,] 	 SYMBOL:	 ARGS:%v_3,Boolean,%v_7,
		 12: RETURN %v_8[2.11,] %self[2.0,2.11,] 
BB 3
	outgoing: 
	datadep: 
	instructions:

