SET IRMethod, name = index instanceMethod = true
BB 1
	outgoing: 3 2 
	datadep: 
	instructions:
BB 2
	outgoing: 3 
	datadep: 
	instructions:
		 0: def_%self 
		 1: def_%v_0 
		 2: COPY TYPE_CurrentScope def_%current_scope 
		 3: COPY TYPE_ScopeModule def_%current_module 
		 4: 
		 5: Line Number 7
		 6: (Tracker) def_%v_3 
		 7: %v_3->sorted def_%v_4 %v_3[2.6,] 	 SYMBOL:	 ARGS:
		 8: %v_4->to_a def_%v_5 %v_4[2.7,] 	 SYMBOL:	 ARGS:
		 9: ATTRASSIGN %self->trackers %v_5[2.8,] 
		 10: Line Number 8
		 11: %self->respond_to def_%v_6 %self[2.0,2.9,] %self[2.0,2.9,] 	 SYMBOL:	 ARGS:%self,
CLOSURE BEGIN: format[] %self[2.0,2.9,] 
BB 1
	outgoing: 6 2 
	datadep: 
	instructions:
BB 2
	outgoing: 3 
	datadep: 
	instructions:
		 0: def_%self 
		 1: def_%cl_1_0 
		 2: RECEIVEARG def_format 
		 3: COPY TYPE_CurrentScope def_%current_scope 
		 4: COPY TYPE_ScopeModule def_%current_module 
BB 3
	outgoing: 4 6 
	datadep: 
	instructions:
		 0: Line Number 9
		 1: format->html def_%cl_1_3 format[2.2,] %self[2.0,] 	 SYMBOL:	 ARGS:format,
CLOSURE BEGIN: %self[2.0,] 
BB 1
	outgoing: 9 2 
	datadep: 
	instructions:
BB 2
	outgoing: 3 
	datadep: 
	instructions:
		 0: def_%self 
		 1: def_%cl_2_0 
		 2: COPY TYPE_CurrentScope def_%current_scope 
		 3: COPY TYPE_ScopeModule def_%current_module 
BB 3
	outgoing: 4 5 7 
	datadep: 
	instructions:
		 0: Line Number 9
		 1: %self->request def_%cl_2_3 %self[2.0,] 	 SYMBOL:	 ARGS:
		 2: %cl_2_3->xhr? def_%cl_2_4 %cl_2_3[3.1,] 	 SYMBOL:	 ARGS:
		 3: BRANCH %cl_2_4[3.2,] 
BB 4
	outgoing: 6 7 
	datadep: 
	instructions:
		 0: HASH-layout- def_%cl_2_5 
		 1: %self->render def_%cl_2_6 %self[2.0,] %cl_2_5[4.0,] 	 SYMBOL:	 ARGS:%cl_2_5,
		 2: 
BB 5
	outgoing: 9 
	datadep: 
	instructions:
		 0: RETURN %self[2.0,] 
BB 6
	outgoing: 9 
	datadep: 
	instructions:
		 0: RETURN %cl_2_6[4.1,] %self[2.0,] 
BB 7
	outgoing: 9 
	datadep: 
	instructions:
		 0: def_%cl_2_7 
		 1: def_%cl_2_8 %cl_2_7[7.0,] 
		 2: RETURN %cl_2_8[7.1,] %self[2.0,] 
BB 9
	outgoing: 
	datadep: 
	instructions:
CLOSURE END: 
		 2: Line Number 10
		 3: format->api def_%cl_1_4 format[3.1,2.2,] 	 SYMBOL:	 ARGS:
		 4: RETURN %cl_1_4[3.3,] %self[2.0,] 
BB 4
	outgoing: 6 
	datadep: 
	instructions:
		 0: def_%cl_1_5 
		 1: def_%cl_1_6 %cl_1_5[4.0,] 
		 2: RETURN %cl_1_6[4.1,] %self[2.0,] 
BB 6
	outgoing: 
	datadep: 
	instructions:
CLOSURE END: 
		 12: RETURN %v_6[2.11,] %self[2.0,2.9,2.11,] 
BB 3
	outgoing: 
	datadep: 
	instructions:

SET IRMethod, name = new instanceMethod = true
BB 1
	outgoing: 7 2 
	datadep: 
	instructions:
BB 2
	outgoing: 3 4 
	datadep: 
	instructions:
		 0: def_%self 
		 1: def_%v_0 
		 2: COPY TYPE_CurrentScope def_%current_scope 
		 3: COPY TYPE_ScopeModule def_%current_module 
		 4: 
		 5: Line Number 32
		 6: def_%v_4 %self[2.0,] 
		 7: COPY TYPE_PASS def_%v_3 %v_4[2.6,] 
		 8: %v_4[2.6,] 
BB 3
	outgoing: 4 
	datadep: 
	instructions:
		 0: GETFIELD %self->tracker def_%v_5 %self[2.0,] 
		 1: COPY TYPE_PASS def_%v_3 %v_5[3.0,] 
BB 4
	outgoing: 5 6 
	datadep: 
	instructions:
		 0: BRANCH %v_3[3.1,2.7,] 
BB 5
	outgoing: 6 
	datadep: 
	instructions:
		 0: (Tracker) def_%v_6 
		 1: %v_6->new def_%v_7 %v_6[5.0,] 	 SYMBOL:	 ARGS:
		 2: ATTRASSIGN %self->tracker %v_7[5.1,] 
		 3: COPY TYPE_PASS def_%v_5 %v_7[5.1,] 
BB 6
	outgoing: 7 
	datadep: 
	instructions:
		 0: Line Number 33
		 1: GETFIELD %self->tracker def_%v_8 %self[5.2,2.0,] 
		 2: %self->params def_%v_9 %self[5.2,2.0,] 	 SYMBOL:	 ARGS:
		 3: %v_9->[] def_%v_10 %v_9[6.2,] 	 SYMBOL:tracker,	 ARGS:Symbol,
		 4: ATTRASSIGN %v_8->safe_attributes %v_10[6.3,] 
		 5: Line Number 34
		 6: (Tracker) def_%v_11 
		 7: %v_11->sorted def_%v_12 %v_11[6.6,] 	 SYMBOL:	 ARGS:
		 8: %v_12->to_a def_%v_13 %v_12[6.7,] 	 SYMBOL:	 ARGS:
		 9: ATTRASSIGN %self->trackers %v_13[6.8,] 
		 10: Line Number 35
		 11: (Project) def_%v_14 
		 12: %v_14->all def_%v_15 %v_14[6.11,] 	 SYMBOL:	 ARGS:
		 13: ATTRASSIGN %self->projects %v_15[6.12,] 
		 14: RETURN %v_15[6.12,] %self[6.2,6.9,6.13,5.2,2.0,] 
BB 7
	outgoing: 
	datadep: 
	instructions:

SET IRMethod, name = create instanceMethod = true
BB 1
	outgoing: 11 2 
	datadep: 
	instructions:
BB 2
	outgoing: 3 9 
	datadep: 
	instructions:
		 0: def_%self 
		 1: def_%v_0 
		 2: COPY TYPE_CurrentScope def_%current_scope 
		 3: COPY TYPE_ScopeModule def_%current_module 
		 4: 
		 5: Line Number 42
		 6: (Tracker) def_%v_3 
		 7: %v_3->new def_%v_4 %v_3[2.6,] 	 SYMBOL:	 ARGS:
		 8: ATTRASSIGN %self->tracker %v_4[2.7,] 
		 9: Line Number 43
		 10: GETFIELD %self->tracker def_%v_5 %self[2.0,2.8,] 
		 11: %self->params def_%v_6 %self[2.0,2.8,] 	 SYMBOL:	 ARGS:
		 12: %v_6->[] def_%v_7 %v_6[2.11,] 	 SYMBOL:tracker,	 ARGS:Symbol,
		 13: ATTRASSIGN %v_5->safe_attributes %v_7[2.12,] 
		 14: Line Number 44
		 15: GETFIELD %self->tracker def_%v_8 %self[2.0,2.8,2.11,] 
		 16: %v_8->save def_%v_9 %v_8[2.15,] 	 SYMBOL:	 ARGS:
		 17: BRANCH %v_9[2.16,] 
BB 3
	outgoing: 4 5 
	datadep: 
	instructions:
		 0: Line Number 45
		 1: %self->params def_%v_10 %self[2.0,2.8,] 	 SYMBOL:	 ARGS:
		 2: %v_10->[] def_%v_11 %v_10[3.1,] 	 SYMBOL:copy_workflow_from,	 ARGS:Symbol,
		 3: %v_11->blank? def_%v_12 %v_11[3.2,] 	 SYMBOL:	 ARGS:
		 4: %v_12->! def_%v_13 %v_12[3.3,] 	 SYMBOL:	 ARGS:
		 5: BRANCH %v_13[3.4,] 
BB 4
	outgoing: 5 
	datadep: 
	instructions:
		 0: (Tracker) def_%v_14 
		 1: %self->params def_%v_15 %self[2.0,2.8,] 	 SYMBOL:	 ARGS:
		 2: %v_15->[] def_%v_16 %v_15[4.1,] 	 SYMBOL:copy_workflow_from,	 ARGS:Symbol,
		 3: %v_14->find_by_id def_%v_17 %v_14[4.0,] %v_16[4.2,] 	 SYMBOL:	 ARGS:%v_16,
		 4: COPY TYPE_PASS def_copy_from %v_17[4.3,] 
		 5: COPY TYPE_PASS def_%v_13 %v_17[4.3,] 
BB 5
	outgoing: 6 7 
	datadep: 
	instructions:
		 0: BRANCH %v_13[4.5,3.4,] 
BB 6
	outgoing: 8 
	datadep: 
	instructions:
		 0: Line Number 46
		 1: GETFIELD %self->tracker def_%v_18 %self[2.0,2.8,] 
		 2: %v_18->copy_workflow_rules def_%v_19 %v_18[6.1,] copy_from[4.4,] 	 SYMBOL:	 ARGS:copy_from,
		 3: 
BB 7
	outgoing: 8 
	datadep: 
	instructions:
		 0: COPY TYPE_Nil def_%v_19 
BB 8
	outgoing: 11 
	datadep: 
	instructions:
		 0: Line Number 48
		 1: %self->flash def_%v_20 %self[2.0,2.8,] 	 SYMBOL:	 ARGS:
		 2: %self->l def_%v_21 %self[8.1,2.0,2.8,] 	 SYMBOL:notice_successful_create,	 ARGS:Symbol,
		 3: ATTRASSIGN %v_20->[] %v_21[8.2,] 
		 4: Line Number 49
		 5: %self->trackers_path def_%v_22 %self[8.1,8.2,2.0,2.8,] 	 SYMBOL:	 ARGS:
		 6: %self->redirect_to def_%v_23 %self[8.1,8.2,8.5,2.0,2.8,] %v_22[8.5,] 	 SYMBOL:	 ARGS:%v_22,
		 7: Line Number 50
		 8: RETURN %self[8.1,8.2,8.5,8.6,2.0,2.8,] 
BB 9
	outgoing: 11 
	datadep: 
	instructions:
		 0: COPY TYPE_Nil def_%v_24 
		 1: Line Number 52
		 2: %self->new def_%v_25 %self[2.0,2.8,] 	 SYMBOL:	 ARGS:
		 3: Line Number 53
		 4: COPY TYPE_StringLiteral "new" def_%v_26 
		 5: HASH-action- def_%v_27 %v_26[9.4,] 
		 6: %self->render def_%v_28 %self[9.2,2.0,2.8,] %v_27[9.5,] 	 SYMBOL:	 ARGS:%v_27,
		 7: Line Number 54
		 8: %self->l def_%v_29 %self[9.2,9.6,2.0,2.8,] 	 SYMBOL:label_tracker_plural,	 ARGS:Symbol,
		 9: %self->trackers_path def_%v_30 %self[9.2,9.6,9.8,2.0,2.8,] 	 SYMBOL:	 ARGS:
		 10: COPY TYPE_Array def_%v_31 %v_29[9.8,] %v_30[9.9,] 
		 11: %self->l def_%v_32 %self[9.2,9.6,9.8,9.9,2.0,2.8,] 	 SYMBOL:label_tracker_new,	 ARGS:Symbol,
		 12: %self->title def_%v_33 %self[9.2,9.6,9.8,9.9,9.11,2.0,2.8,] %v_31[9.10,] %v_32[9.11,] 	 SYMBOL:	 ARGS:%v_31,%v_32,
		 13: Line Number 55
		 14: GETFIELD %self->tracker def_%v_34 %self[9.2,9.6,9.8,9.9,9.11,9.12,2.0,2.8,] 
		 15: %self->labelled_form_for def_%v_35 %self[9.2,9.6,9.8,9.9,9.11,9.12,2.0,2.8,] %v_34[9.14,] %self[9.2,9.6,9.8,9.9,9.11,9.12,2.0,2.8,] 	 SYMBOL:	 ARGS:%v_34,%self,
CLOSURE BEGIN: f[] %self[9.2,9.6,9.8,9.9,9.11,9.12,2.0,2.8,] 
BB 1
	outgoing: 6 2 
	datadep: 
	instructions:
BB 2
	outgoing: 3 
	datadep: 
	instructions:
		 0: def_%self 
		 1: def_%cl_1_0 
		 2: RECEIVEARG def_f 
		 3: COPY TYPE_CurrentScope def_%current_scope 
		 4: COPY TYPE_ScopeModule def_%current_module 
BB 3
	outgoing: 4 6 
	datadep: 
	instructions:
		 0: Line Number 56
		 1: COPY TYPE_StringLiteral "form" def_%cl_1_3 
		 2: HASH-f- def_%cl_1_4 f[2.2,] 
		 3: HASH-partial-locals- def_%cl_1_5 %cl_1_3[3.1,] %cl_1_4[3.2,] 
		 4: %self->render def_%cl_1_6 %self[2.0,] %cl_1_5[3.3,] 	 SYMBOL:	 ARGS:%cl_1_5,
		 5: RETURN %cl_1_6[3.4,] %self[3.4,2.0,] 
BB 4
	outgoing: 6 
	datadep: 
	instructions:
		 0: def_%cl_1_7 
		 1: def_%cl_1_8 %cl_1_7[4.0,] 
		 2: RETURN %cl_1_8[4.1,] %self[2.0,] 
BB 6
	outgoing: 
	datadep: 
	instructions:
CLOSURE END: 
		 16: RETURN %v_35[9.15,] %self[9.2,9.6,9.8,9.9,9.11,9.12,9.15,2.0,2.8,] 
BB 11
	outgoing: 
	datadep: 
	instructions:

SET IRMethod, name = edit instanceMethod = true
BB 1
	outgoing: 7 2 
	datadep: 
	instructions:
BB 2
	outgoing: 3 4 
	datadep: 
	instructions:
		 0: def_%self 
		 1: def_%v_0 
		 2: COPY TYPE_CurrentScope def_%current_scope 
		 3: COPY TYPE_ScopeModule def_%current_module 
		 4: 
		 5: Line Number 60
		 6: def_%v_4 %self[2.0,] 
		 7: COPY TYPE_PASS def_%v_3 %v_4[2.6,] 
		 8: %v_4[2.6,] 
BB 3
	outgoing: 4 
	datadep: 
	instructions:
		 0: GETFIELD %self->tracker def_%v_5 %self[2.0,] 
		 1: COPY TYPE_PASS def_%v_3 %v_5[3.0,] 
BB 4
	outgoing: 5 6 
	datadep: 
	instructions:
		 0: BRANCH %v_3[3.1,2.7,] 
BB 5
	outgoing: 6 
	datadep: 
	instructions:
		 0: (Tracker) def_%v_6 
		 1: %self->params def_%v_7 %self[2.0,] 	 SYMBOL:	 ARGS:
		 2: %v_7->[] def_%v_8 %v_7[5.1,] 	 SYMBOL:id,	 ARGS:Symbol,
		 3: %v_6->find def_%v_9 %v_6[5.0,] %v_8[5.2,] 	 SYMBOL:	 ARGS:%v_8,
		 4: ATTRASSIGN %self->tracker %v_9[5.3,] 
		 5: COPY TYPE_PASS def_%v_5 %v_9[5.3,] 
BB 6
	outgoing: 7 
	datadep: 
	instructions:
		 0: Line Number 61
		 1: (Project) def_%v_10 
		 2: %v_10->all def_%v_11 %v_10[6.1,] 	 SYMBOL:	 ARGS:
		 3: ATTRASSIGN %self->projects %v_11[6.2,] 
		 4: RETURN %v_11[6.2,] %self[6.3,5.4,2.0,] 
BB 7
	outgoing: 
	datadep: 
	instructions:

SET IRMethod, name = update instanceMethod = true
BB 1
	outgoing: 6 2 
	datadep: 
	instructions:
BB 2
	outgoing: 3 4 
	datadep: 
	instructions:
		 0: def_%self 
		 1: def_%v_0 
		 2: COPY TYPE_CurrentScope def_%current_scope 
		 3: COPY TYPE_ScopeModule def_%current_module 
		 4: 
		 5: Line Number 68
		 6: (Tracker) def_%v_3 
		 7: %self->params def_%v_4 %self[2.0,] 	 SYMBOL:	 ARGS:
		 8: %v_4->[] def_%v_5 %v_4[2.7,] 	 SYMBOL:id,	 ARGS:Symbol,
		 9: %v_3->find def_%v_6 %v_3[2.6,] %v_5[2.8,] 	 SYMBOL:	 ARGS:%v_5,
		 10: ATTRASSIGN %self->tracker %v_6[2.9,] 
		 11: Line Number 69
		 12: GETFIELD %self->tracker def_%v_7 %self[2.0,2.7,2.10,] 
		 13: %self->params def_%v_8 %self[2.0,2.7,2.10,] 	 SYMBOL:	 ARGS:
		 14: %v_8->[] def_%v_9 %v_8[2.13,] 	 SYMBOL:tracker,	 ARGS:Symbol,
		 15: ATTRASSIGN %v_7->safe_attributes %v_9[2.14,] 
		 16: Line Number 70
		 17: GETFIELD %self->tracker def_%v_10 %self[2.0,2.7,2.10,2.13,] 
		 18: %v_10->save def_%v_11 %v_10[2.17,] 	 SYMBOL:	 ARGS:
		 19: BRANCH %v_11[2.18,] 
BB 3
	outgoing: 6 
	datadep: 
	instructions:
		 0: Line Number 71
		 1: %self->respond_to def_%v_12 %self[2.0,2.10,] %self[2.0,2.10,] 	 SYMBOL:	 ARGS:%self,
CLOSURE BEGIN: format[] %self[2.0,2.10,] 
BB 1
	outgoing: 6 2 
	datadep: 
	instructions:
BB 2
	outgoing: 3 
	datadep: 
	instructions:
		 0: def_%self 
		 1: def_%cl_1_0 
		 2: RECEIVEARG def_format 
		 3: COPY TYPE_CurrentScope def_%current_scope 
		 4: COPY TYPE_ScopeModule def_%current_module 
BB 3
	outgoing: 4 6 
	datadep: 
	instructions:
		 0: Line Number 72
		 1: format->html def_%cl_1_3 format[2.2,] %self[2.0,] 	 SYMBOL:	 ARGS:format,
CLOSURE BEGIN: %self[2.0,] 
BB 1
	outgoing: 6 2 
	datadep: 
	instructions:
BB 2
	outgoing: 3 
	datadep: 
	instructions:
		 0: def_%self 
		 1: def_%cl_2_0 
		 2: COPY TYPE_CurrentScope def_%current_scope 
		 3: COPY TYPE_ScopeModule def_%current_module 
BB 3
	outgoing: 4 6 
	datadep: 
	instructions:
		 0: Line Number 73
		 1: %self->flash def_%cl_2_3 %self[2.0,] 	 SYMBOL:	 ARGS:
		 2: %self->l def_%cl_2_4 %self[3.1,2.0,] 	 SYMBOL:notice_successful_update,	 ARGS:Symbol,
		 3: ATTRASSIGN %cl_2_3->[] %cl_2_4[3.2,] 
		 4: Line Number 74
		 5: %self->params def_%cl_2_5 %self[3.1,3.2,2.0,] 	 SYMBOL:	 ARGS:
		 6: %cl_2_5->[] def_%cl_2_6 %cl_2_5[3.5,] 	 SYMBOL:page,	 ARGS:Symbol,
		 7: HASH-page- def_%cl_2_7 %cl_2_6[3.6,] 
		 8: %self->trackers_path def_%cl_2_8 %self[3.1,3.2,3.5,2.0,] %cl_2_7[3.7,] 	 SYMBOL:	 ARGS:%cl_2_7,
		 9: %self->redirect_to def_%cl_2_9 %self[3.1,3.2,3.5,3.8,2.0,] %cl_2_8[3.8,] 	 SYMBOL:	 ARGS:%cl_2_8,
		 10: RETURN %cl_2_9[3.9,] %self[3.1,3.2,3.5,3.8,3.9,2.0,] 
BB 4
	outgoing: 6 
	datadep: 
	instructions:
		 0: def_%cl_2_10 
		 1: def_%cl_2_11 %cl_2_10[4.0,] 
		 2: RETURN %cl_2_11[4.1,] %self[2.0,] 
BB 6
	outgoing: 
	datadep: 
	instructions:
CLOSURE END: 
		 2: Line Number 76
		 3: format->js def_%cl_1_4 format[3.1,2.2,] %self[2.0,] 	 SYMBOL:	 ARGS:format,
CLOSURE BEGIN: %self[2.0,] 
BB 1
	outgoing: 6 2 
	datadep: 
	instructions:
BB 2
	outgoing: 3 
	datadep: 
	instructions:
		 0: def_%self 
		 1: def_%cl_3_0 
		 2: COPY TYPE_CurrentScope def_%current_scope 
		 3: COPY TYPE_ScopeModule def_%current_module 
BB 3
	outgoing: 4 6 
	datadep: 
	instructions:
		 0: Line Number 76
		 1: %self->head def_%cl_3_3 %self[2.0,] 	 SYMBOL:	 ARGS:Fixnum,
		 2: RETURN %cl_3_3[3.1,] %self[3.1,2.0,] 
BB 4
	outgoing: 6 
	datadep: 
	instructions:
		 0: def_%cl_3_4 
		 1: def_%cl_3_5 %cl_3_4[4.0,] 
		 2: RETURN %cl_3_5[4.1,] %self[2.0,] 
BB 6
	outgoing: 
	datadep: 
	instructions:
CLOSURE END: 
		 4: RETURN %cl_1_4[3.3,] %self[2.0,] 
BB 4
	outgoing: 6 
	datadep: 
	instructions:
		 0: def_%cl_1_5 
		 1: def_%cl_1_6 %cl_1_5[4.0,] 
		 2: RETURN %cl_1_6[4.1,] %self[2.0,] 
BB 6
	outgoing: 
	datadep: 
	instructions:
CLOSURE END: 
		 2: RETURN %v_12[3.1,] %self[3.1,2.0,2.10,] 
BB 4
	outgoing: 6 
	datadep: 
	instructions:
		 0: Line Number 79
		 1: %self->respond_to def_%v_13 %self[2.0,2.10,] %self[2.0,2.10,] 	 SYMBOL:	 ARGS:%self,
CLOSURE BEGIN: format[] %self[2.0,2.10,] f[] 
BB 1
	outgoing: 6 2 
	datadep: 
	instructions:
BB 2
	outgoing: 3 
	datadep: 
	instructions:
		 0: def_%self 
		 1: def_%cl_4_0 
		 2: RECEIVEARG def_format 
		 3: COPY TYPE_CurrentScope def_%current_scope 
		 4: COPY TYPE_ScopeModule def_%current_module 
BB 3
	outgoing: 4 6 
	datadep: 
	instructions:
		 0: Line Number 80
		 1: format->html def_%cl_4_3 format[2.2,] %self[2.0,] 	 SYMBOL:	 ARGS:format,
CLOSURE BEGIN: %self[2.0,] f[] 
BB 1
	outgoing: 6 2 
	datadep: 
	instructions:
BB 2
	outgoing: 3 
	datadep: 
	instructions:
		 0: def_%self 
		 1: def_%cl_5_0 
		 2: COPY TYPE_CurrentScope def_%current_scope 
		 3: COPY TYPE_ScopeModule def_%current_module 
BB 3
	outgoing: 4 6 
	datadep: 
	instructions:
		 0: Line Number 81
		 1: %self->edit def_%cl_5_3 %self[2.0,] 	 SYMBOL:	 ARGS:
		 2: Line Number 82
		 3: COPY TYPE_StringLiteral "edit" def_%cl_5_4 
		 4: HASH-action- def_%cl_5_5 %cl_5_4[3.3,] 
		 5: %self->render def_%cl_5_6 %self[3.1,2.0,] %cl_5_5[3.4,] 	 SYMBOL:	 ARGS:%cl_5_5,
		 6: Line Number 83
		 7: %self->l def_%cl_5_7 %self[3.1,3.5,2.0,] 	 SYMBOL:label_tracker_plural,	 ARGS:Symbol,
		 8: %self->trackers_path def_%cl_5_8 %self[3.1,3.5,3.7,2.0,] 	 SYMBOL:	 ARGS:
		 9: COPY TYPE_Array def_%cl_5_9 %cl_5_7[3.7,] %cl_5_8[3.8,] 
		 10: GETFIELD %self->tracker def_%cl_5_10 %self[3.1,3.5,3.7,3.8,2.0,] 
		 11: %cl_5_10->name def_%cl_5_11 %cl_5_10[3.10,] 	 SYMBOL:	 ARGS:
		 12: %self->title def_%cl_5_12 %self[3.1,3.5,3.7,3.8,2.0,] %cl_5_9[3.9,] %cl_5_11[3.11,] 	 SYMBOL:	 ARGS:%cl_5_9,%cl_5_11,
		 13: Line Number 84
		 14: GETFIELD %self->tracker def_%cl_5_13 %self[3.1,3.5,3.7,3.8,3.12,2.0,] 
		 15: %self->labelled_form_for def_%cl_5_14 %self[3.1,3.5,3.7,3.8,3.12,2.0,] %cl_5_13[3.14,] %self[3.1,3.5,3.7,3.8,3.12,2.0,] 	 SYMBOL:	 ARGS:%cl_5_13,%self,
CLOSURE BEGIN: f[] %self[3.1,3.5,3.7,3.8,3.12,2.0,] 
BB 1
	outgoing: 6 2 
	datadep: 
	instructions:
BB 2
	outgoing: 3 
	datadep: 
	instructions:
		 0: def_%self 
		 1: def_%cl_6_0 
		 2: RECEIVEARG def_f 
		 3: COPY TYPE_CurrentScope def_%current_scope 
		 4: COPY TYPE_ScopeModule def_%current_module 
BB 3
	outgoing: 4 6 
	datadep: 
	instructions:
		 0: Line Number 85
		 1: COPY TYPE_StringLiteral "form" def_%cl_6_3 
		 2: HASH-f- def_%cl_6_4 f[2.2,] 
		 3: HASH-partial-locals- def_%cl_6_5 %cl_6_3[3.1,] %cl_6_4[3.2,] 
		 4: %self->render def_%cl_6_6 %self[2.0,] %cl_6_5[3.3,] 	 SYMBOL:	 ARGS:%cl_6_5,
		 5: RETURN %cl_6_6[3.4,] %self[3.4,2.0,] 
BB 4
	outgoing: 6 
	datadep: 
	instructions:
		 0: def_%cl_6_7 
		 1: def_%cl_6_8 %cl_6_7[4.0,] 
		 2: RETURN %cl_6_8[4.1,] %self[2.0,] 
BB 6
	outgoing: 
	datadep: 
	instructions:
CLOSURE END: 
		 16: RETURN %cl_5_14[3.15,] %self[3.1,3.5,3.7,3.8,3.12,3.15,2.0,] 
BB 4
	outgoing: 6 
	datadep: 
	instructions:
		 0: def_%cl_5_15 
		 1: def_%cl_5_16 %cl_5_15[4.0,] 
		 2: RETURN %cl_5_16[4.1,] %self[2.0,] 
BB 6
	outgoing: 
	datadep: 
	instructions:
CLOSURE END: 
		 2: Line Number 88
		 3: format->js def_%cl_4_4 format[3.1,2.2,] %self[2.0,] 	 SYMBOL:	 ARGS:format,
CLOSURE BEGIN: %self[2.0,] 
BB 1
	outgoing: 6 2 
	datadep: 
	instructions:
BB 2
	outgoing: 3 
	datadep: 
	instructions:
		 0: def_%self 
		 1: def_%cl_7_0 
		 2: COPY TYPE_CurrentScope def_%current_scope 
		 3: COPY TYPE_ScopeModule def_%current_module 
BB 3
	outgoing: 4 6 
	datadep: 
	instructions:
		 0: Line Number 88
		 1: %self->head def_%cl_7_3 %self[2.0,] 	 SYMBOL:	 ARGS:Fixnum,
		 2: RETURN %cl_7_3[3.1,] %self[3.1,2.0,] 
BB 4
	outgoing: 6 
	datadep: 
	instructions:
		 0: def_%cl_7_4 
		 1: def_%cl_7_5 %cl_7_4[4.0,] 
		 2: RETURN %cl_7_5[4.1,] %self[2.0,] 
BB 6
	outgoing: 
	datadep: 
	instructions:
CLOSURE END: 
		 4: RETURN %cl_4_4[3.3,] %self[2.0,] 
BB 4
	outgoing: 6 
	datadep: 
	instructions:
		 0: def_%cl_4_5 
		 1: def_%cl_4_6 %cl_4_5[4.0,] 
		 2: RETURN %cl_4_6[4.1,] %self[2.0,] 
BB 6
	outgoing: 
	datadep: 
	instructions:
CLOSURE END: 
		 2: RETURN %v_13[4.1,] %self[4.1,2.0,2.10,] 
BB 6
	outgoing: 
	datadep: 
	instructions:

SET IRMethod, name = destroy instanceMethod = true
BB 1
	outgoing: 6 2 
	datadep: 
	instructions:
BB 2
	outgoing: 3 4 
	datadep: 
	instructions:
		 0: def_%self 
		 1: def_%v_0 
		 2: COPY TYPE_CurrentScope def_%current_scope 
		 3: COPY TYPE_ScopeModule def_%current_module 
		 4: 
		 5: Line Number 93
		 6: (Tracker) def_%v_3 
		 7: %self->params def_%v_4 %self[2.0,] 	 SYMBOL:	 ARGS:
		 8: %v_4->[] def_%v_5 %v_4[2.7,] 	 SYMBOL:id,	 ARGS:Symbol,
		 9: %v_3->find def_%v_6 %v_3[2.6,] %v_5[2.8,] 	 SYMBOL:	 ARGS:%v_5,
		 10: ATTRASSIGN %self->tracker %v_6[2.9,] 
		 11: Line Number 94
		 12: GETFIELD %self->tracker def_%v_7 %self[2.0,2.7,2.10,] 
		 13: %v_7->issues def_%v_8 %v_7[2.12,] 	 SYMBOL:	 ARGS:
		 14: %v_8->empty? def_%v_9 %v_8[2.13,] 	 SYMBOL:	 ARGS:
		 15: BRANCH %v_9[2.14,] 
BB 3
	outgoing: 5 
	datadep: 
	instructions:
		 0: Line Number 97
		 1: GETFIELD %self->tracker def_%v_10 %self[2.0,2.10,] 
		 2: %v_10->destroy def_%v_11 %v_10[3.1,] 	 SYMBOL:	 ARGS:
		 3: 
BB 4
	outgoing: 5 
	datadep: 
	instructions:
		 0: Line Number 95
		 1: %self->flash def_%v_12 %self[2.0,2.10,] 	 SYMBOL:	 ARGS:
		 2: %self->l def_%v_13 %self[4.1,2.0,2.10,] 	 SYMBOL:error_can_not_delete_tracker,	 ARGS:Symbol,
		 3: ATTRASSIGN %v_12->[] %v_13[4.2,] 
		 4: COPY TYPE_PASS def_%v_11 %v_13[4.2,] 
BB 5
	outgoing: 6 
	datadep: 
	instructions:
		 0: Line Number 99
		 1: %self->trackers_path def_%v_14 %self[2.0,2.10,] 	 SYMBOL:	 ARGS:
		 2: %self->redirect_to def_%v_15 %self[5.1,2.0,2.10,] %v_14[5.1,] 	 SYMBOL:	 ARGS:%v_14,
		 3: RETURN %v_15[5.2,] %self[5.1,5.2,2.0,2.10,] 
BB 6
	outgoing: 
	datadep: 
	instructions:

SET IRMethod, name = fields instanceMethod = true
BB 1
	outgoing: 8 2 
	datadep: 
	instructions:
BB 2
	outgoing: 3 4 
	datadep: 
	instructions:
		 0: def_%self 
		 1: def_%v_0 
		 2: COPY TYPE_CurrentScope def_%current_scope 
		 3: COPY TYPE_ScopeModule def_%current_module 
		 4: 
		 5: Line Number 102
		 6: %self->request def_%v_3 %self[2.0,] 	 SYMBOL:	 ARGS:
		 7: %v_3->post? def_%v_4 %v_3[2.6,] 	 SYMBOL:	 ARGS:
		 8: BRANCH %v_4[2.7,] 
BB 3
	outgoing: 4 
	datadep: 
	instructions:
		 0: %self->params def_%v_5 %self[2.0,] 	 SYMBOL:	 ARGS:
		 1: %v_5->[] def_%v_6 %v_5[3.0,] 	 SYMBOL:trackers,	 ARGS:Symbol,
		 2: COPY TYPE_PASS def_%v_4 %v_6[3.1,] 
BB 4
	outgoing: 5 6 
	datadep: 
	instructions:
		 0: BRANCH %v_4[3.2,2.7,] 
BB 5
	outgoing: 8 
	datadep: 
	instructions:
		 0: Line Number 103
		 1: %self->params def_%v_7 %self[2.0,] 	 SYMBOL:	 ARGS:
		 2: %v_7->[] def_%v_8 %v_7[5.1,] 	 SYMBOL:trackers,	 ARGS:Symbol,
		 3: %v_8->each def_%v_9 %v_8[5.2,] %self[5.1,2.0,] 	 SYMBOL:	 ARGS:%v_8,
CLOSURE BEGIN: tracker_id[] tracker_params[] tracker[] 
BB 1
	outgoing: 9 2 
	datadep: 
	instructions:
BB 2
	outgoing: 3 
	datadep: 
	instructions:
		 0: def_%self 
		 1: def_%cl_1_0 
		 2: RECEIVEARG def_tracker_id 
		 3: RECEIVEARG def_tracker_params 
		 4: COPY TYPE_CurrentScope def_%current_scope 
		 5: COPY TYPE_ScopeModule def_%current_module 
BB 3
	outgoing: 4 5 7 
	datadep: 
	instructions:
		 0: Line Number 104
		 1: (Tracker) def_%cl_1_3 
		 2: %cl_1_3->find_by_id def_%cl_1_4 %cl_1_3[3.1,] tracker_id[2.2,] 	 SYMBOL:	 ARGS:tracker_id,
		 3: COPY TYPE_PASS def_tracker %cl_1_4[3.2,] 
		 4: Line Number 105
		 5: BRANCH %cl_1_4[3.2,] 
BB 4
	outgoing: 6 7 
	datadep: 
	instructions:
		 0: Line Number 106
		 1: tracker_params->[] def_%cl_1_5 tracker_params[2.3,] 	 SYMBOL:core_fields,	 ARGS:Symbol,
		 2: ATTRASSIGN tracker->core_fields %cl_1_5[4.1,] 
		 3: Line Number 107
		 4: tracker_params->[] def_%cl_1_6 tracker_params[4.1,2.3,] 	 SYMBOL:custom_field_ids,	 ARGS:Symbol,
		 5: ATTRASSIGN tracker->custom_field_ids %cl_1_6[4.4,] 
		 6: Line Number 108
		 7: tracker->save def_%cl_1_7 tracker[4.2,4.5,3.3,] 	 SYMBOL:	 ARGS:
		 8: 
BB 5
	outgoing: 9 
	datadep: 
	instructions:
		 0: RETURN %self[2.0,] 
BB 6
	outgoing: 9 
	datadep: 
	instructions:
		 0: RETURN %cl_1_7[4.7,] %self[2.0,] 
BB 7
	outgoing: 9 
	datadep: 
	instructions:
		 0: def_%cl_1_8 
		 1: def_%cl_1_9 %cl_1_8[7.0,] 
		 2: RETURN %cl_1_9[7.1,] %self[2.0,] 
BB 9
	outgoing: 
	datadep: 
	instructions:
CLOSURE END: tracker_params[2.3,] tracker[4.2,4.5,3.3,] 
		 4: Line Number 111
		 5: %self->flash def_%v_10 %self[5.1,2.0,] 	 SYMBOL:	 ARGS:
		 6: %self->l def_%v_11 %self[5.1,5.5,2.0,] 	 SYMBOL:notice_successful_update,	 ARGS:Symbol,
		 7: ATTRASSIGN %v_10->[] %v_11[5.6,] 
		 8: Line Number 112
		 9: %self->fields_trackers_path def_%v_12 %self[5.1,5.5,5.6,2.0,] 	 SYMBOL:	 ARGS:
		 10: %self->redirect_to def_%v_13 %self[5.1,5.5,5.6,5.9,2.0,] %v_12[5.9,] 	 SYMBOL:	 ARGS:%v_12,
		 11: Line Number 113
		 12: RETURN %self[5.1,5.5,5.6,5.9,5.10,2.0,] 
BB 6
	outgoing: 8 
	datadep: 
	instructions:
		 0: COPY TYPE_Nil def_%v_14 
		 1: Line Number 115
		 2: (Tracker) def_%v_15 
		 3: %v_15->sorted def_%v_16 %v_15[6.2,] 	 SYMBOL:	 ARGS:
		 4: %v_16->to_a def_%v_17 %v_16[6.3,] 	 SYMBOL:	 ARGS:
		 5: ATTRASSIGN %self->trackers %v_17[6.4,] 
		 6: Line Number 116
		 7: (IssueCustomField) def_%v_18 
		 8: %v_18->all def_%v_19 %v_18[6.7,] 	 SYMBOL:	 ARGS:
		 9: %v_19->sort def_%v_20 %v_19[6.8,] 	 SYMBOL:	 ARGS:
		 10: ATTRASSIGN %self->custom_fields %v_20[6.9,] 
		 11: RETURN %v_20[6.9,] %self[6.5,6.10,2.0,] 
BB 8
	outgoing: 
	datadep: 
	instructions:

