SET IRMethod, name = destroy instanceMethod = true
BB 1
	outgoing: 10 2 
	datadep: 
	instructions:
BB 2
	outgoing: 3 4 
	datadep: 
	instructions:
		 0: def_%self 
		 1: def_%v_0 
		 2: COPY TYPE_CurrentScope def_%current_scope 
		 3: COPY TYPE_ScopeModule def_%current_module 
		 4: 
		 5: Line Number 4
		 6: %self->request def_%v_3 %self[2.0,] 	 SYMBOL:	 ARGS:
		 7: %v_3->post? def_%v_4 %v_3[2.6,] 	 SYMBOL:	 ARGS:
		 8: BRANCH %v_4[2.7,] 
BB 3
	outgoing: 4 
	datadep: 
	instructions:
		 0: %self->params def_%v_5 %self[2.0,] 	 SYMBOL:	 ARGS:
		 1: %v_5->[] def_%v_6 %v_5[3.0,] 	 SYMBOL:confirm,	 ARGS:Symbol,
		 2: COPY TYPE_PASS def_%v_4 %v_6[3.1,] 
BB 4
	outgoing: 5 6 
	datadep: 
	instructions:
		 0: BRANCH %v_4[3.2,2.7,] 
BB 5
	outgoing: 6 
	datadep: 
	instructions:
		 0: GETFIELD %self->project def_%v_7 %self[2.0,] 
		 1: %v_7->wiki def_%v_8 %v_7[5.0,] 	 SYMBOL:	 ARGS:
		 2: COPY TYPE_PASS def_%v_4 %v_8[5.1,] 
BB 6
	outgoing: 7 8 
	datadep: 
	instructions:
		 0: BRANCH %v_4[5.2,3.2,2.7,] 
BB 7
	outgoing: 10 
	datadep: 
	instructions:
		 0: Line Number 5
		 1: GETFIELD %self->project def_%v_9 %self[2.0,] 
		 2: %v_9->wiki def_%v_10 %v_9[7.1,] 	 SYMBOL:	 ARGS:
		 3: %v_10->destroy def_%v_11 %v_10[7.2,] 	 SYMBOL:	 ARGS:
		 4: Line Number 6
		 5: GETFIELD %self->project def_%v_12 %self[2.0,] 
		 6: COPY TYPE_StringLiteral "wiki" def_%v_13 
		 7: HASH-tab- def_%v_14 %v_13[7.6,] 
		 8: %self->settings_project_path def_%v_15 %self[2.0,] %v_12[7.5,] %v_14[7.7,] 	 SYMBOL:	 ARGS:%v_12,%v_14,
		 9: %self->redirect_to def_%v_16 %self[7.8,2.0,] %v_15[7.8,] 	 SYMBOL:	 ARGS:%v_15,
		 10: RETURN %v_16[7.9,] %self[7.8,7.9,2.0,] 
BB 8
	outgoing: 10 
	datadep: 
	instructions:
		 0: RETURN %self[2.0,] 
BB 10
	outgoing: 
	datadep: 
	instructions:

