SET IRMethod, name = copy instanceMethod = true
BB 1
	outgoing: 8 2 
	datadep: 
	instructions:
BB 2
	outgoing: 3 4 
	datadep: 
	instructions:
		 0: def_%self 
		 1: def_%v_0 
		 2: COPY TYPE_CurrentScope def_%current_scope 
		 3: COPY TYPE_ScopeModule def_%current_module 
		 4: 
		 5: RECEIVECONSTARG def_attributes 
		 6: attributes[2.5,] 
BB 3
	outgoing: 4 
	datadep: 
	instructions:
		 0: COPY TYPE_Nil def_attributes 
BB 4
	outgoing: 5 6 
	datadep: 
	instructions:
		 0: Line Number 63
		 1: %self->class def_%v_3 %self[2.0,] 	 SYMBOL:	 ARGS:
		 2: %v_3->new def_%v_4 %v_3[4.1,] 	 SYMBOL:	 ARGS:
		 3: COPY TYPE_PASS def_copy %v_4[4.2,] 
		 4: Line Number 64
		 5: %self->attributes def_%v_5 %self[4.1,2.0,] 	 SYMBOL:	 ARGS:
		 6: %v_5->dup def_%v_6 %v_5[4.5,] 	 SYMBOL:	 ARGS:
		 7: COPY TYPE_StringLiteral "id" def_%v_7 
		 8: COPY TYPE_StringLiteral "downloads" def_%v_8 
		 9: %v_6->except def_%v_9 %v_6[4.6,] %v_7[4.7,] %v_8[4.8,] 	 SYMBOL:	 ARGS:%v_7,%v_8,
		 10: ATTRASSIGN copy->attributes %v_9[4.9,] 
		 11: Line Number 65
		 12: BRANCH attributes[3.0,2.5,] 
BB 5
	outgoing: 7 
	datadep: 
	instructions:
		 0: ATTRASSIGN copy->attributes attributes[3.0,2.5,] 
		 1: COPY TYPE_PASS def_%v_10 attributes[3.0,2.5,] 
		 2: 
BB 6
	outgoing: 7 
	datadep: 
	instructions:
		 0: COPY TYPE_Nil def_%v_10 
BB 7
	outgoing: 8 
	datadep: 
	instructions:
		 0: Line Number 66
		 1: RETURN copy[5.0,4.3,4.10,] %self[2.0,] 
BB 8
	outgoing: 
	datadep: 
	instructions:

SET IRMethod, name = validate_max_file_size instanceMethod = true
BB 1
	outgoing: 8 2 
	datadep: 
	instructions:
BB 2
	outgoing: 3 4 
	datadep: 
	instructions:
		 0: def_%self 
		 1: def_%v_0 
		 2: COPY TYPE_CurrentScope def_%current_scope 
		 3: COPY TYPE_ScopeModule def_%current_module 
		 4: 
		 5: Line Number 70
		 6: GETFIELD %self->temp_file def_%v_3 %self[2.0,] 
		 7: BRANCH %v_3[2.6,] 
BB 3
	outgoing: 4 
	datadep: 
	instructions:
		 0: %self->filesize def_%v_4 %self[2.0,] 	 SYMBOL:	 ARGS:
		 1: (Setting) def_%v_5 
		 2: %v_5->attachment_max_size def_%v_6 %v_5[3.1,] 	 SYMBOL:	 ARGS:
		 3: %v_6->to_i def_%v_7 %v_6[3.2,] 	 SYMBOL:	 ARGS:
		 4: %v_7->kilobytes def_%v_8 %v_7[3.3,] 	 SYMBOL:	 ARGS:
		 5: %v_4->> def_%v_9 %v_4[3.0,] %v_8[3.4,] 	 SYMBOL:	 ARGS:%v_8,
		 6: COPY TYPE_PASS def_%v_3 %v_9[3.5,] 
BB 4
	outgoing: 5 6 
	datadep: 
	instructions:
		 0: BRANCH %v_3[3.6,2.6,] 
BB 5
	outgoing: 8 
	datadep: 
	instructions:
		 0: Line Number 71
		 1: %self->errors def_%v_10 %self[2.0,] 	 SYMBOL:	 ARGS:
		 2: (Setting) def_%v_11 
		 3: %v_11->attachment_max_size def_%v_12 %v_11[5.2,] 	 SYMBOL:	 ARGS:
		 4: %v_12->to_i def_%v_13 %v_12[5.3,] 	 SYMBOL:	 ARGS:
		 5: %v_13->kilobytes def_%v_14 %v_13[5.4,] 	 SYMBOL:	 ARGS:
		 6: HASH-max_size- def_%v_15 %v_14[5.5,] 
		 7: %self->l def_%v_16 %self[5.1,2.0,] %v_15[5.6,] 	 SYMBOL:error_attachment_too_big,	 ARGS:Symbol,%v_15,
		 8: %v_10->add def_%v_17 %v_10[5.1,] %v_16[5.7,] 	 SYMBOL:base,	 ARGS:Symbol,%v_16,
		 9: RETURN %v_17[5.8,] %self[5.1,5.7,2.0,] 
BB 6
	outgoing: 8 
	datadep: 
	instructions:
		 0: RETURN %self[2.0,] 
BB 8
	outgoing: 
	datadep: 
	instructions:

SET IRMethod, name = validate_file_extension instanceMethod = true
BB 1
	outgoing: 9 2 
	datadep: 
	instructions:
BB 2
	outgoing: 3 7 
	datadep: 
	instructions:
		 0: def_%self 
		 1: def_%v_0 
		 2: COPY TYPE_CurrentScope def_%current_scope 
		 3: COPY TYPE_ScopeModule def_%current_module 
		 4: 
		 5: Line Number 76
		 6: Line Number 77
		 7: GETFIELD %self->temp_file def_%v_3 %self[2.0,] 
		 8: BRANCH %v_3[2.7,] 
BB 3
	outgoing: 4 5 
	datadep: 
	instructions:
		 0: (File) def_%v_4 
		 1: %self->filename def_%v_5 %self[2.0,] 	 SYMBOL:	 ARGS:
		 2: %v_4->extname def_%v_6 %v_4[3.0,] %v_5[3.1,] 	 SYMBOL:	 ARGS:%v_5,
		 3: COPY TYPE_PASS def_extension %v_6[3.2,] 
		 4: Line Number 78
		 5: %self->class def_%v_7 %self[3.1,2.0,] 	 SYMBOL:	 ARGS:
		 6: %v_7->valid_extension? def_%v_8 %v_7[3.5,] extension[3.3,] 	 SYMBOL:	 ARGS:extension,
		 7: BRANCH %v_8[3.6,] 
BB 4
	outgoing: 6 
	datadep: 
	instructions:
		 0: COPY TYPE_Nil def_%v_9 
		 1: 
BB 5
	outgoing: 6 
	datadep: 
	instructions:
		 0: Line Number 79
		 1: %self->errors def_%v_10 %self[2.0,] 	 SYMBOL:	 ARGS:
		 2: HASH-extension- def_%v_11 extension[3.3,] 
		 3: %self->l def_%v_12 %self[5.1,2.0,] %v_11[5.2,] 	 SYMBOL:error_attachment_extension_not_allowed,	 ARGS:Symbol,%v_11,
		 4: %v_10->add def_%v_13 %v_10[5.1,] %v_12[5.3,] 	 SYMBOL:base,	 ARGS:Symbol,%v_12,
		 5: COPY TYPE_PASS def_%v_9 %v_13[5.4,] 
BB 6
	outgoing: 9 
	datadep: 
	instructions:
		 0: RETURN %v_9[5.5,4.0,] %self[2.0,] 
BB 7
	outgoing: 9 
	datadep: 
	instructions:
		 0: RETURN %self[2.0,] 
BB 9
	outgoing: 
	datadep: 
	instructions:

SET IRMethod, name = file= instanceMethod = true
BB 1
	outgoing: 12 2 
	datadep: 
	instructions:
BB 2
	outgoing: 3 4 
	datadep: 
	instructions:
		 0: def_%self 
		 1: def_%v_0 
		 2: COPY TYPE_CurrentScope def_%current_scope 
		 3: COPY TYPE_ScopeModule def_%current_module 
		 4: 
		 5: RECEIVEARG def_incoming_file 
		 6: Line Number 85
		 7: incoming_file->nil? def_%v_3 incoming_file[2.5,] 	 SYMBOL:	 ARGS:
		 8: BRANCH %v_3[2.7,] 
BB 3
	outgoing: 12 
	datadep: 
	instructions:
		 0: COPY TYPE_Nil def_%v_4 
		 1: RETURN %v_4[3.0,] %self[2.0,] 
BB 4
	outgoing: 5 6 
	datadep: 
	instructions:
		 0: Line Number 86
		 1: ATTRASSIGN %self->temp_file incoming_file[2.5,] 
		 2: Line Number 87
		 3: GETFIELD %self->temp_file def_%v_5 %self[4.1,2.0,] 
		 4: %v_5->respond_to? def_%v_6 %v_5[4.3,] 	 SYMBOL:original_filename,	 ARGS:Symbol,
		 5: BRANCH %v_6[4.4,] 
BB 5
	outgoing: 7 
	datadep: 
	instructions:
		 0: Line Number 88
		 1: GETFIELD %self->temp_file def_%v_7 %self[4.1,2.0,] 
		 2: %v_7->original_filename def_%v_8 %v_7[5.1,] 	 SYMBOL:	 ARGS:
		 3: ATTRASSIGN %self->filename %v_8[5.2,] 
		 4: Line Number 89
		 5: %self->filename def_%v_9 %self[5.3,4.1,2.0,] 	 SYMBOL:	 ARGS:
		 6: COPY TYPE_StringLiteral "UTF-8" def_%v_10 
		 7: %v_9->force_encoding def_%v_11 %v_9[5.5,] %v_10[5.6,] 	 SYMBOL:	 ARGS:%v_10,
		 8: 
BB 6
	outgoing: 7 
	datadep: 
	instructions:
		 0: COPY TYPE_Nil def_%v_11 
BB 7
	outgoing: 8 9 
	datadep: 
	instructions:
		 0: Line Number 91
		 1: GETFIELD %self->temp_file def_%v_12 %self[4.1,2.0,] 
		 2: %v_12->respond_to? def_%v_13 %v_12[7.1,] 	 SYMBOL:content_type,	 ARGS:Symbol,
		 3: BRANCH %v_13[7.2,] 
BB 8
	outgoing: 10 
	datadep: 
	instructions:
		 0: Line Number 92
		 1: GETFIELD %self->temp_file def_%v_14 %self[4.1,2.0,] 
		 2: %v_14->content_type def_%v_15 %v_14[8.1,] 	 SYMBOL:	 ARGS:
		 3: %v_15->to_s def_%v_16 %v_15[8.2,] 	 SYMBOL:	 ARGS:
		 4: %v_16->chomp def_%v_17 %v_16[8.3,] 	 SYMBOL:	 ARGS:
		 5: ATTRASSIGN %self->content_type %v_17[8.4,] 
		 6: 
BB 9
	outgoing: 10 
	datadep: 
	instructions:
		 0: COPY TYPE_Nil def_%v_17 
BB 10
	outgoing: 12 
	datadep: 
	instructions:
		 0: Line Number 94
		 1: GETFIELD %self->temp_file def_%v_18 %self[4.1,2.0,] 
		 2: %v_18->size def_%v_19 %v_18[10.1,] 	 SYMBOL:	 ARGS:
		 3: ATTRASSIGN %self->filesize %v_19[10.2,] 
		 4: RETURN %v_19[10.2,] %self[10.3,8.5,5.3,4.1,2.0,] 
BB 12
	outgoing: 
	datadep: 
	instructions:

SET IRMethod, name = file instanceMethod = true
BB 1
	outgoing: 3 2 
	datadep: 
	instructions:
BB 2
	outgoing: 3 
	datadep: 
	instructions:
		 0: def_%self 
		 1: def_%v_0 
		 2: COPY TYPE_CurrentScope def_%current_scope 
		 3: COPY TYPE_ScopeModule def_%current_module 
		 4: 
		 5: Line Number 100
		 6: RETURN %self[2.0,] 
BB 3
	outgoing: 
	datadep: 
	instructions:

SET IRMethod, name = filename= instanceMethod = true
BB 1
	outgoing: 3 2 
	datadep: 
	instructions:
BB 2
	outgoing: 3 
	datadep: 
	instructions:
		 0: def_%self 
		 1: def_%v_0 
		 2: COPY TYPE_CurrentScope def_%current_scope 
		 3: COPY TYPE_ScopeModule def_%current_module 
		 4: 
		 5: RECEIVEARG def_arg 
		 6: Line Number 103
		 7: arg->to_s def_%v_3 arg[2.5,] 	 SYMBOL:	 ARGS:
		 8: %self->sanitize_filename def_%v_4 %self[2.0,] %v_3[2.7,] 	 SYMBOL:	 ARGS:%v_3,
		 9: %self->write_attribute def_%v_5 %self[2.0,2.8,] %v_4[2.8,] 	 SYMBOL:filename,	 ARGS:Symbol,%v_4,
		 10: Line Number 104
		 11: %self->filename def_%v_6 %self[2.0,2.8,2.9,] 	 SYMBOL:	 ARGS:
		 12: RETURN %v_6[2.11,] %self[2.0,2.8,2.9,2.11,] 
BB 3
	outgoing: 
	datadep: 
	instructions:

SET IRMethod, name = files_to_final_location instanceMethod = true
BB 1
	outgoing: 26 2 
	datadep: 
	instructions:
BB 2
	outgoing: 3 12 
	datadep: 
	instructions:
		 0: def_%self 
		 1: def_%v_0 
		 2: COPY TYPE_CurrentScope def_%current_scope 
		 3: COPY TYPE_ScopeModule def_%current_module 
		 4: 
		 5: Line Number 110
		 6: Line Number 111
		 7: GETFIELD %self->temp_file def_%v_3 %self[2.0,] 
		 8: BRANCH %v_3[2.7,] 
BB 3
	outgoing: 4 5 
	datadep: 
	instructions:
		 0: %self->target_directory def_%v_4 %self[2.0,] 	 SYMBOL:	 ARGS:
		 1: ATTRASSIGN %self->disk_directory %v_4[3.0,] 
		 2: Line Number 112
		 3: (Attachment) def_%v_5 
		 4: %self->filename def_%v_6 %self[3.0,3.1,2.0,] 	 SYMBOL:	 ARGS:
		 5: %self->disk_directory def_%v_7 %self[3.0,3.1,3.4,2.0,] 	 SYMBOL:	 ARGS:
		 6: %v_5->disk_filename def_%v_8 %v_5[3.3,] %v_6[3.4,] %v_7[3.5,] 	 SYMBOL:	 ARGS:%v_6,%v_7,
		 7: ATTRASSIGN %self->disk_filename %v_8[3.6,] 
		 8: Line Number 113
		 9: %self->logger def_%v_9 %self[3.0,3.1,3.4,3.5,3.7,2.0,] 	 SYMBOL:	 ARGS:
		 10: BRANCH %v_9[3.9,] 
BB 4
	outgoing: 6 
	datadep: 
	instructions:
		 0: %self->logger def_%v_10 %self[3.1,3.7,2.0,] 	 SYMBOL:	 ARGS:
		 1: COPY TYPE_StringLiteral "Saving attachment '" def_%v_11 
		 2: %self->diskfile def_%v_12 %self[4.0,3.1,3.7,2.0,] 	 SYMBOL:	 ARGS:
		 3: COPY TYPE_StringLiteral "' (" def_%v_13 
		 4: GETFIELD %self->temp_file def_%v_14 %self[4.0,4.2,2.0,] 
		 5: %v_14->size def_%v_15 %v_14[4.4,] 	 SYMBOL:	 ARGS:
		 6: COPY TYPE_StringLiteral " bytes)" def_%v_16 
		 7: BUILDSTRING def_%v_17 %v_11[4.1,] %v_12[4.2,] %v_13[4.3,] %v_15[4.5,] %v_16[4.6,] 
		 8: %v_10->info def_%v_18 %v_10[4.0,] %v_17[4.7,] 	 SYMBOL:	 ARGS:%v_17,
		 9: 
BB 5
	outgoing: 6 
	datadep: 
	instructions:
		 0: COPY TYPE_Nil def_%v_18 
BB 6
	outgoing: 7 8 
	datadep: 
	instructions:
		 0: Line Number 114
		 1: (File) def_%v_19 
		 2: %self->diskfile def_%v_20 %self[3.1,3.7,2.0,] 	 SYMBOL:	 ARGS:
		 3: %v_19->dirname def_%v_21 %v_19[6.1,] %v_20[6.2,] 	 SYMBOL:	 ARGS:%v_20,
		 4: COPY TYPE_PASS def_path %v_21[6.3,] 
		 5: Line Number 115
		 6: (File) def_%v_22 
		 7: %v_22->directory? def_%v_23 %v_22[6.6,] %v_21[6.3,] 	 SYMBOL:	 ARGS:path,
		 8: BRANCH %v_23[6.7,] 
BB 7
	outgoing: 9 
	datadep: 
	instructions:
		 0: COPY TYPE_Nil def_%v_24 
		 1: 
BB 8
	outgoing: 9 
	datadep: 
	instructions:
		 0: Line Number 116
		 1: (FileUtils) def_%v_25 
		 2: %v_25->mkdir_p def_%v_26 %v_25[8.1,] path[6.4,] 	 SYMBOL:	 ARGS:path,
		 3: COPY TYPE_PASS def_%v_24 %v_26[8.2,] 
BB 9
	outgoing: 10 11 
	datadep: 
	instructions:
		 0: Line Number 118
		 1: (Digest) def_%v_27 
		 2: (inherit SHA256) def_%v_28 %v_27[9.1,] 
		 3: %v_28[9.2,] 
BB 10
	outgoing: 11 
	datadep: 
	instructions:
		 0: %v_27->const_missing def_%v_28 %v_27[9.1,] 	 SYMBOL:SHA256,	 ARGS:Symbol,
BB 11
	outgoing: 13 
	datadep: 
	instructions:
		 0: %v_28->new def_%v_29 %v_28[10.0,9.2,] 	 SYMBOL:	 ARGS:
		 1: COPY TYPE_PASS def_sha %v_29[11.0,] 
		 2: Line Number 119
		 3: (File) def_%v_30 
		 4: %self->diskfile def_%v_31 %self[3.1,3.7,2.0,] 	 SYMBOL:	 ARGS:
		 5: COPY TYPE_StringLiteral "wb" def_%v_32 
		 6: %v_30->open def_%v_33 %v_30[11.3,] %v_31[11.4,] %v_32[11.5,] %self[11.4,3.1,3.7,2.0,] 	 SYMBOL:	 ARGS:%v_31,%v_32,%v_30,
CLOSURE BEGIN: %self[11.4,3.1,3.7,2.0,] f[] buffer[] sha[11.1,] 
BB 1
	outgoing: 14 2 
	datadep: 
	instructions:
BB 2
	outgoing: 3 
	datadep: 
	instructions:
		 0: def_%self 
		 1: def_%cl_1_0 
		 2: RECEIVEARG def_f 
		 3: COPY TYPE_CurrentScope def_%current_scope 
		 4: COPY TYPE_ScopeModule def_%current_module 
BB 3
	outgoing: 4 10 12 
	datadep: 
	instructions:
		 0: Line Number 120
		 1: GETFIELD %self->temp_file def_%cl_1_3 %self[2.0,] 
		 2: %cl_1_3->respond_to? def_%cl_1_4 %cl_1_3[3.1,] 	 SYMBOL:read,	 ARGS:Symbol,
		 3: BRANCH %cl_1_4[3.2,] 
BB 4
	outgoing: 5 
	datadep: 
	instructions:
		 0: Line Number 121
		 1: COPY TYPE_StringLiteral "" def_%cl_1_5 
		 2: COPY TYPE_PASS def_buffer %cl_1_5[4.1,] 
		 3: Line Number 122
BB 5
	outgoing: 6 8 12 
	datadep: 
	instructions:
		 0: GETFIELD %self->temp_file def_%cl_1_7 %self[2.0,] 
		 1: %cl_1_7->read def_%cl_1_8 %cl_1_7[5.0,] 	 SYMBOL:	 ARGS:Fixnum,
		 2: COPY TYPE_PASS def_buffer %cl_1_8[5.1,] 
		 3: BRANCH %cl_1_8[5.1,] 
BB 6
	outgoing: 7 12 
	datadep: 
	instructions:
		 0: 
		 1: Line Number 123
		 2: f->write def_%cl_1_9 f[2.2,] buffer[5.2,] 	 SYMBOL:	 ARGS:buffer,
		 3: Line Number 124
		 4: sha->update def_%cl_1_10 sha[] buffer[5.2,] 	 SYMBOL:	 ARGS:buffer,
BB 7
	outgoing: 5 
	datadep: 
	instructions:
		 0: 
BB 8
	outgoing: 11 
	datadep: 
	instructions:
		 0: COPY TYPE_Nil def_%cl_1_6 
		 1: 
BB 10
	outgoing: 12 14 
	datadep: 
	instructions:
		 0: Line Number 127
		 1: GETFIELD %self->temp_file def_%cl_1_11 %self[2.0,] 
		 2: f->write def_%cl_1_12 f[2.2,] %cl_1_11[10.1,] 	 SYMBOL:	 ARGS:%cl_1_11,
		 3: Line Number 128
		 4: GETFIELD %self->temp_file def_%cl_1_13 %self[2.0,] 
		 5: sha->update def_%cl_1_14 sha[] %cl_1_13[10.4,] 	 SYMBOL:	 ARGS:%cl_1_13,
		 6: RETURN %cl_1_14[10.5,] %self[2.0,] 
BB 11
	outgoing: 14 
	datadep: 
	instructions:
		 0: RETURN %cl_1_6[8.0,] %self[2.0,] 
BB 12
	outgoing: 14 
	datadep: 
	instructions:
		 0: def_%cl_1_15 
		 1: def_%cl_1_16 %cl_1_15[12.0,] 
		 2: RETURN %cl_1_16[12.1,] %self[2.0,] 
BB 14
	outgoing: 
	datadep: 
	instructions:
CLOSURE END: buffer[5.2,] 
		 7: Line Number 131
		 8: sha->hexdigest def_%v_34 sha[11.1,] 	 SYMBOL:	 ARGS:
		 9: ATTRASSIGN %self->digest %v_34[11.8,] 
		 10: 
BB 12
	outgoing: 13 
	datadep: 
	instructions:
		 0: COPY TYPE_Nil def_%v_34 
BB 13
	outgoing: 14 15 
	datadep: 
	instructions:
		 0: Line Number 133
		 1: ATTRASSIGN %self->temp_file 
		 2: Line Number 135
		 3: %self->content_type def_%v_35 %self[13.1,11.9,2.0,3.1,3.7,] 	 SYMBOL:	 ARGS:
		 4: %v_35->blank? def_%v_36 %v_35[13.3,] 	 SYMBOL:	 ARGS:
		 5: BRANCH %v_36[13.4,] 
BB 14
	outgoing: 15 
	datadep: 
	instructions:
		 0: %self->filename def_%v_37 %self[13.1,11.9,2.0,3.1,3.7,] 	 SYMBOL:	 ARGS:
		 1: %v_37->present? def_%v_38 %v_37[14.0,] 	 SYMBOL:	 ARGS:
		 2: COPY TYPE_PASS def_%v_36 %v_38[14.1,] 
BB 15
	outgoing: 16 19 
	datadep: 
	instructions:
		 0: BRANCH %v_36[14.2,13.4,] 
BB 16
	outgoing: 17 18 
	datadep: 
	instructions:
		 0: Line Number 136
		 1: (Redmine) def_%v_39 
		 2: (inherit MimeType) def_%v_40 %v_39[16.1,] 
		 3: %v_40[16.2,] 
BB 17
	outgoing: 18 
	datadep: 
	instructions:
		 0: %v_39->const_missing def_%v_40 %v_39[16.1,] 	 SYMBOL:MimeType,	 ARGS:Symbol,
BB 18
	outgoing: 20 
	datadep: 
	instructions:
		 0: %self->filename def_%v_41 %self[13.1,11.9,2.0,3.1,3.7,] 	 SYMBOL:	 ARGS:
		 1: %v_40->of def_%v_42 %v_40[17.0,16.2,] %v_41[18.0,] 	 SYMBOL:	 ARGS:%v_41,
		 2: ATTRASSIGN %self->content_type %v_42[18.1,] 
		 3: 
BB 19
	outgoing: 20 
	datadep: 
	instructions:
		 0: COPY TYPE_Nil def_%v_42 
BB 20
	outgoing: 21 22 
	datadep: 
	instructions:
		 0: Line Number 139
		 1: %self->content_type def_%v_43 %self[18.2,13.1,11.9,2.0,3.1,3.7,] 	 SYMBOL:	 ARGS:
		 2: BRANCH %v_43[20.1,] 
BB 21
	outgoing: 22 
	datadep: 
	instructions:
		 0: %self->content_type def_%v_44 %self[18.2,13.1,11.9,2.0,3.1,3.7,] 	 SYMBOL:	 ARGS:
		 1: %v_44->length def_%v_45 %v_44[21.0,] 	 SYMBOL:	 ARGS:
		 2: %v_45->> def_%v_46 %v_45[21.1,] 	 SYMBOL:	 ARGS:Fixnum,
		 3: COPY TYPE_PASS def_%v_43 %v_46[21.2,] 
BB 22
	outgoing: 23 24 
	datadep: 
	instructions:
		 0: BRANCH %v_43[21.3,20.1,] 
BB 23
	outgoing: 26 
	datadep: 
	instructions:
		 0: Line Number 140
		 1: ATTRASSIGN %self->content_type 
		 2: COPY TYPE_Nil def_%v_47 
		 3: RETURN %self[23.1,18.2,13.1,11.9,2.0,3.1,3.7,] 
BB 24
	outgoing: 26 
	datadep: 
	instructions:
		 0: RETURN %self[18.2,13.1,11.9,2.0,3.1,3.7,] 
BB 26
	outgoing: 
	datadep: 
	instructions:

SET IRMethod, name = delete_from_disk instanceMethod = true
BB 1
	outgoing: 6 2 
	datadep: 
	instructions:
BB 2
	outgoing: 3 4 
	datadep: 
	instructions:
		 0: def_%self 
		 1: def_%v_0 
		 2: COPY TYPE_CurrentScope def_%current_scope 
		 3: COPY TYPE_ScopeModule def_%current_module 
		 4: 
		 5: Line Number 146
		 6: (Attachment) def_%v_3 
		 7: COPY TYPE_StringLiteral "disk_filename = ? AND id <> ?" def_%v_4 
		 8: %self->disk_filename def_%v_5 %self[2.0,] 	 SYMBOL:	 ARGS:
		 9: %self->id def_%v_6 %self[2.0,2.8,] 	 SYMBOL:	 ARGS:
		 10: %v_3->where def_%v_7 %v_3[2.6,] %v_4[2.7,] %v_5[2.8,] %v_6[2.9,] 	 SYMBOL:	 ARGS:%v_4,%v_5,%v_6,
		 11: %v_7->empty? def_%v_8 %v_7[2.10,] 	 SYMBOL:	 ARGS:
		 12: BRANCH %v_8[2.11,] 
BB 3
	outgoing: 6 
	datadep: 
	instructions:
		 0: Line Number 147
		 1: %self->delete_from_disk! def_%v_9 %self[2.0,] 	 SYMBOL:	 ARGS:
		 2: RETURN %v_9[3.1,] %self[3.1,2.0,] 
BB 4
	outgoing: 6 
	datadep: 
	instructions:
		 0: RETURN %self[2.0,] 
BB 6
	outgoing: 
	datadep: 
	instructions:

SET IRMethod, name = diskfile instanceMethod = true
BB 1
	outgoing: 3 2 
	datadep: 
	instructions:
BB 2
	outgoing: 3 
	datadep: 
	instructions:
		 0: def_%self 
		 1: def_%v_0 
		 2: COPY TYPE_CurrentScope def_%current_scope 
		 3: COPY TYPE_ScopeModule def_%current_module 
		 4: 
		 5: Line Number 153
		 6: (File) def_%v_3 
		 7: %self->class def_%v_4 %self[2.0,] 	 SYMBOL:	 ARGS:
		 8: %v_4->storage_path def_%v_5 %v_4[2.7,] 	 SYMBOL:	 ARGS:
		 9: %self->disk_directory def_%v_6 %self[2.0,2.7,] 	 SYMBOL:	 ARGS:
		 10: %v_6->to_s def_%v_7 %v_6[2.9,] 	 SYMBOL:	 ARGS:
		 11: %self->disk_filename def_%v_8 %self[2.0,2.7,2.9,] 	 SYMBOL:	 ARGS:
		 12: %v_8->to_s def_%v_9 %v_8[2.11,] 	 SYMBOL:	 ARGS:
		 13: %v_3->join def_%v_10 %v_3[2.6,] %v_5[2.8,] %v_7[2.10,] %v_9[2.12,] 	 SYMBOL:	 ARGS:%v_5,%v_7,%v_9,
		 14: RETURN %v_10[2.13,] %self[2.0,2.7,2.9,2.11,] 
BB 3
	outgoing: 
	datadep: 
	instructions:

SET IRMethod, name = title instanceMethod = true
BB 1
	outgoing: 6 2 
	datadep: 
	instructions:
BB 2
	outgoing: 3 4 
	datadep: 
	instructions:
		 0: def_%self 
		 1: def_%v_0 
		 2: COPY TYPE_CurrentScope def_%current_scope 
		 3: COPY TYPE_ScopeModule def_%current_module 
		 4: 
		 5: Line Number 157
		 6: %self->filename def_%v_3 %self[2.0,] 	 SYMBOL:	 ARGS:
		 7: %v_3->to_s def_%v_4 %v_3[2.6,] 	 SYMBOL:	 ARGS:
		 8: COPY TYPE_PASS def_title %v_4[2.7,] 
		 9: Line Number 158
		 10: %self->description def_%v_5 %self[2.0,2.6,] 	 SYMBOL:	 ARGS:
		 11: %v_5->present? def_%v_6 %v_5[2.10,] 	 SYMBOL:	 ARGS:
		 12: BRANCH %v_6[2.11,] 
BB 3
	outgoing: 5 
	datadep: 
	instructions:
		 0: Line Number 159
		 1: COPY TYPE_StringLiteral " (" def_%v_7 
		 2: %self->description def_%v_8 %self[2.0,] 	 SYMBOL:	 ARGS:
		 3: COPY TYPE_StringLiteral ")" def_%v_9 
		 4: BUILDSTRING def_%v_10 %v_7[3.1,] %v_8[3.2,] %v_9[3.3,] 
		 5: title-><< def_%v_11 title[2.8,] %v_10[3.4,] 	 SYMBOL:	 ARGS:%v_10,
		 6: 
BB 4
	outgoing: 5 
	datadep: 
	instructions:
		 0: COPY TYPE_Nil def_%v_11 
BB 5
	outgoing: 6 
	datadep: 
	instructions:
		 0: Line Number 161
		 1: RETURN title[2.8,] %self[2.0,] 
BB 6
	outgoing: 
	datadep: 
	instructions:

SET IRMethod, name = increment_download instanceMethod = true
BB 1
	outgoing: 3 2 
	datadep: 
	instructions:
BB 2
	outgoing: 3 
	datadep: 
	instructions:
		 0: def_%self 
		 1: def_%v_0 
		 2: COPY TYPE_CurrentScope def_%current_scope 
		 3: COPY TYPE_ScopeModule def_%current_module 
		 4: 
		 5: Line Number 165
		 6: %self->increment! def_%v_3 %self[2.0,] 	 SYMBOL:downloads,	 ARGS:Symbol,
		 7: RETURN %v_3[2.6,] %self[2.0,2.6,] 
BB 3
	outgoing: 
	datadep: 
	instructions:

SET IRMethod, name = project instanceMethod = true
BB 1
	outgoing: 3 2 
	datadep: 
	instructions:
BB 2
	outgoing: 3 
	datadep: 
	instructions:
		 0: def_%self 
		 1: def_%v_0 
		 2: COPY TYPE_CurrentScope def_%current_scope 
		 3: COPY TYPE_ScopeModule def_%current_module 
		 4: 
		 5: Line Number 169
		 6: %self->container def_%v_3 %self[2.0,] 	 SYMBOL:	 ARGS:
		 7: %v_3->try def_%v_4 %v_3[2.6,] 	 SYMBOL:project,	 ARGS:Symbol,
		 8: RETURN %v_4[2.7,] %self[2.0,2.6,] 
BB 3
	outgoing: 
	datadep: 
	instructions:

SET IRMethod, name = visible? instanceMethod = true
BB 1
	outgoing: 10 2 
	datadep: 
	instructions:
BB 2
	outgoing: 3 4 
	datadep: 
	instructions:
		 0: def_%self 
		 1: def_%v_0 
		 2: COPY TYPE_CurrentScope def_%current_scope 
		 3: COPY TYPE_ScopeModule def_%current_module 
		 4: 
		 5: RECEIVECONSTARG def_user 
		 6: user[2.5,] 
BB 3
	outgoing: 4 
	datadep: 
	instructions:
		 0: (User) def_%v_3 
		 1: %v_3->current def_%v_4 %v_3[3.0,] 	 SYMBOL:	 ARGS:
		 2: COPY TYPE_PASS def_user %v_4[3.1,] 
BB 4
	outgoing: 5 8 
	datadep: 
	instructions:
		 0: Line Number 173
		 1: %self->container_id def_%v_5 %self[2.0,] 	 SYMBOL:	 ARGS:
		 2: BRANCH %v_5[4.1,] 
BB 5
	outgoing: 6 7 
	datadep: 
	instructions:
		 0: Line Number 174
		 1: %self->container def_%v_6 %self[2.0,] 	 SYMBOL:	 ARGS:
		 2: BRANCH %v_6[5.1,] 
BB 6
	outgoing: 7 
	datadep: 
	instructions:
		 0: %self->container def_%v_7 %self[2.0,] 	 SYMBOL:	 ARGS:
		 1: %v_7->attachments_visible? def_%v_8 %v_7[6.0,] user[3.2,2.5,] 	 SYMBOL:	 ARGS:user,
		 2: COPY TYPE_PASS def_%v_6 %v_8[6.1,] 
BB 7
	outgoing: 10 
	datadep: 
	instructions:
		 0: RETURN %v_6[6.2,5.1,] %self[2.0,] 
BB 8
	outgoing: 10 
	datadep: 
	instructions:
		 0: Line Number 176
		 1: %self->author def_%v_9 %self[2.0,] 	 SYMBOL:	 ARGS:
		 2: %v_9->== def_%v_10 %v_9[8.1,] user[3.2,2.5,] 	 SYMBOL:	 ARGS:user,
		 3: RETURN %v_10[8.2,] %self[8.1,2.0,] 
BB 10
	outgoing: 
	datadep: 
	instructions:

SET IRMethod, name = editable? instanceMethod = true
BB 1
	outgoing: 10 2 
	datadep: 
	instructions:
BB 2
	outgoing: 3 4 
	datadep: 
	instructions:
		 0: def_%self 
		 1: def_%v_0 
		 2: COPY TYPE_CurrentScope def_%current_scope 
		 3: COPY TYPE_ScopeModule def_%current_module 
		 4: 
		 5: RECEIVECONSTARG def_user 
		 6: user[2.5,] 
BB 3
	outgoing: 4 
	datadep: 
	instructions:
		 0: (User) def_%v_3 
		 1: %v_3->current def_%v_4 %v_3[3.0,] 	 SYMBOL:	 ARGS:
		 2: COPY TYPE_PASS def_user %v_4[3.1,] 
BB 4
	outgoing: 5 8 
	datadep: 
	instructions:
		 0: Line Number 181
		 1: %self->container_id def_%v_5 %self[2.0,] 	 SYMBOL:	 ARGS:
		 2: BRANCH %v_5[4.1,] 
BB 5
	outgoing: 6 7 
	datadep: 
	instructions:
		 0: Line Number 182
		 1: %self->container def_%v_6 %self[2.0,] 	 SYMBOL:	 ARGS:
		 2: BRANCH %v_6[5.1,] 
BB 6
	outgoing: 7 
	datadep: 
	instructions:
		 0: %self->container def_%v_7 %self[2.0,] 	 SYMBOL:	 ARGS:
		 1: %v_7->attachments_editable? def_%v_8 %v_7[6.0,] user[3.2,2.5,] 	 SYMBOL:	 ARGS:user,
		 2: COPY TYPE_PASS def_%v_6 %v_8[6.1,] 
BB 7
	outgoing: 10 
	datadep: 
	instructions:
		 0: RETURN %v_6[6.2,5.1,] %self[2.0,] 
BB 8
	outgoing: 10 
	datadep: 
	instructions:
		 0: Line Number 184
		 1: %self->author def_%v_9 %self[2.0,] 	 SYMBOL:	 ARGS:
		 2: %v_9->== def_%v_10 %v_9[8.1,] user[3.2,2.5,] 	 SYMBOL:	 ARGS:user,
		 3: RETURN %v_10[8.2,] %self[8.1,2.0,] 
BB 10
	outgoing: 
	datadep: 
	instructions:

SET IRMethod, name = deletable? instanceMethod = true
BB 1
	outgoing: 10 2 
	datadep: 
	instructions:
BB 2
	outgoing: 3 4 
	datadep: 
	instructions:
		 0: def_%self 
		 1: def_%v_0 
		 2: COPY TYPE_CurrentScope def_%current_scope 
		 3: COPY TYPE_ScopeModule def_%current_module 
		 4: 
		 5: RECEIVECONSTARG def_user 
		 6: user[2.5,] 
BB 3
	outgoing: 4 
	datadep: 
	instructions:
		 0: (User) def_%v_3 
		 1: %v_3->current def_%v_4 %v_3[3.0,] 	 SYMBOL:	 ARGS:
		 2: COPY TYPE_PASS def_user %v_4[3.1,] 
BB 4
	outgoing: 5 8 
	datadep: 
	instructions:
		 0: Line Number 189
		 1: %self->container_id def_%v_5 %self[2.0,] 	 SYMBOL:	 ARGS:
		 2: BRANCH %v_5[4.1,] 
BB 5
	outgoing: 6 7 
	datadep: 
	instructions:
		 0: Line Number 190
		 1: %self->container def_%v_6 %self[2.0,] 	 SYMBOL:	 ARGS:
		 2: BRANCH %v_6[5.1,] 
BB 6
	outgoing: 7 
	datadep: 
	instructions:
		 0: %self->container def_%v_7 %self[2.0,] 	 SYMBOL:	 ARGS:
		 1: %v_7->attachments_deletable? def_%v_8 %v_7[6.0,] user[3.2,2.5,] 	 SYMBOL:	 ARGS:user,
		 2: COPY TYPE_PASS def_%v_6 %v_8[6.1,] 
BB 7
	outgoing: 10 
	datadep: 
	instructions:
		 0: RETURN %v_6[6.2,5.1,] %self[2.0,] 
BB 8
	outgoing: 10 
	datadep: 
	instructions:
		 0: Line Number 192
		 1: %self->author def_%v_9 %self[2.0,] 	 SYMBOL:	 ARGS:
		 2: %v_9->== def_%v_10 %v_9[8.1,] user[3.2,2.5,] 	 SYMBOL:	 ARGS:user,
		 3: RETURN %v_10[8.2,] %self[8.1,2.0,] 
BB 10
	outgoing: 
	datadep: 
	instructions:

SET IRMethod, name = image? instanceMethod = true
BB 1
	outgoing: 3 2 
	datadep: 
	instructions:
BB 2
	outgoing: 3 
	datadep: 
	instructions:
		 0: def_%self 
		 1: def_%v_0 
		 2: COPY TYPE_CurrentScope def_%current_scope 
		 3: COPY TYPE_ScopeModule def_%current_module 
		 4: 
		 5: Line Number 197
		 6: %self->filename def_%v_3 %self[2.0,] 	 SYMBOL:	 ARGS:
		 7: COPY TYPE_Regexp def_%v_4 
		 8: %v_3->=~ def_%v_5 %v_3[2.6,] 	 SYMBOL:	 ARGS:%v_4,
		 9: %v_5->! def_%v_6 %v_5[2.8,] 	 SYMBOL:	 ARGS:
		 10: %v_6->! def_%v_7 %v_6[2.9,] 	 SYMBOL:	 ARGS:
		 11: RETURN %v_7[2.10,] %self[2.0,2.6,] 
BB 3
	outgoing: 
	datadep: 
	instructions:

SET IRMethod, name = thumbnailable? instanceMethod = true
BB 1
	outgoing: 3 2 
	datadep: 
	instructions:
BB 2
	outgoing: 3 
	datadep: 
	instructions:
		 0: def_%self 
		 1: def_%v_0 
		 2: COPY TYPE_CurrentScope def_%current_scope 
		 3: COPY TYPE_ScopeModule def_%current_module 
		 4: 
		 5: Line Number 201
		 6: %self->image? def_%v_3 %self[2.0,] 	 SYMBOL:	 ARGS:
		 7: RETURN %v_3[2.6,] %self[2.0,2.6,] 
BB 3
	outgoing: 
	datadep: 
	instructions:

SET IRMethod, name = thumbnail instanceMethod = true
BB 1
	outgoing: 33 2 
	datadep: 
	instructions:
BB 2
	outgoing: 3 4 
	datadep: 
	instructions:
		 0: def_%self 
		 1: def_%v_0 
		 2: COPY TYPE_CurrentScope def_%current_scope 
		 3: COPY TYPE_ScopeModule def_%current_module 
		 4: 
		 5: RECEIVECONSTARG def_options 
		 6: options[2.5,] 
BB 3
	outgoing: 4 
	datadep: 
	instructions:
		 0: HASH- def_%v_3 
		 1: COPY TYPE_PASS def_options %v_3[3.0,] 
BB 4
	outgoing: 5 6 
	datadep: 
	instructions:
		 0: Line Number 207
		 1: %self->thumbnailable? def_%v_4 %self[2.0,] 	 SYMBOL:	 ARGS:
		 2: BRANCH %v_4[4.1,] 
BB 5
	outgoing: 6 
	datadep: 
	instructions:
		 0: %self->readable? def_%v_5 %self[2.0,] 	 SYMBOL:	 ARGS:
		 1: COPY TYPE_PASS def_%v_4 %v_5[5.0,] 
BB 6
	outgoing: 7 31 
	datadep: 
	instructions:
		 0: BRANCH %v_4[5.1,4.1,] 
BB 7
	outgoing: 8 12 
	datadep: 
	instructions:
		 0: Line Number 208
		 1: options->[] def_%v_6 options[3.1,2.5,] 	 SYMBOL:size,	 ARGS:Symbol,
		 2: %v_6->to_i def_%v_7 %v_6[7.1,] 	 SYMBOL:	 ARGS:
		 3: COPY TYPE_PASS def_size %v_7[7.2,] 
		 4: Line Number 209
		 5: %v_7->> def_%v_8 %v_7[7.2,] 	 SYMBOL:	 ARGS:Fixnum,
		 6: BRANCH %v_8[7.5,] 
BB 8
	outgoing: 9 10 
	datadep: 
	instructions:
		 0: Line Number 211
		 1: size->/ def_%v_9 size[7.3,] 	 SYMBOL:	 ARGS:Fixnum,
		 2: %v_9->* def_%v_10 %v_9[8.1,] 	 SYMBOL:	 ARGS:Fixnum,
		 3: COPY TYPE_PASS def_size %v_10[8.2,] 
		 4: Line Number 213
		 5: %v_10->> def_%v_11 %v_10[8.2,] 	 SYMBOL:	 ARGS:Fixnum,
		 6: BRANCH %v_11[8.5,] 
BB 9
	outgoing: 11 
	datadep: 
	instructions:
		 0: COPY TYPE_Fixnum def_size 
		 1: COPY TYPE_Fixnum def_%v_12 
		 2: 
BB 10
	outgoing: 11 
	datadep: 
	instructions:
		 0: COPY TYPE_Nil def_%v_12 
BB 11
	outgoing: 13 
	datadep: 
	instructions:
		 0: 
BB 12
	outgoing: 13 
	datadep: 
	instructions:
		 0: Line Number 215
		 1: (Setting) def_%v_13 
		 2: %v_13->thumbnails_size def_%v_14 %v_13[12.1,] 	 SYMBOL:	 ARGS:
		 3: %v_14->to_i def_%v_15 %v_14[12.2,] 	 SYMBOL:	 ARGS:
		 4: COPY TYPE_PASS def_size %v_15[12.3,] 
		 5: COPY TYPE_PASS def_%v_12 %v_15[12.3,] 
BB 13
	outgoing: 14 15 
	datadep: 
	instructions:
		 0: Line Number 217
		 1: size->> def_%v_16 size[12.4,9.0,8.3,] 	 SYMBOL:	 ARGS:Fixnum,
		 2: BRANCH %v_16[13.1,] 
BB 14
	outgoing: 16 
	datadep: 
	instructions:
		 0: COPY TYPE_Nil def_%v_17 
		 1: 
BB 15
	outgoing: 16 
	datadep: 
	instructions:
		 0: COPY TYPE_Fixnum def_size 
		 1: COPY TYPE_Fixnum def_%v_17 
BB 16
	outgoing: 18 
	datadep: 
	instructions:
		 0: Line Number 218
		 1: (File) def_%v_18 
		 2: %self->class def_%v_19 %self[2.0,] 	 SYMBOL:	 ARGS:
		 3: %v_19->thumbnails_storage_path def_%v_20 %v_19[16.2,] 	 SYMBOL:	 ARGS:
		 4: %self->id def_%v_21 %self[16.2,2.0,] 	 SYMBOL:	 ARGS:
		 5: COPY TYPE_StringLiteral "_" def_%v_22 
		 6: %self->digest def_%v_23 %self[16.2,16.4,2.0,] 	 SYMBOL:	 ARGS:
		 7: COPY TYPE_StringLiteral "_" def_%v_24 
		 8: COPY TYPE_StringLiteral ".thumb" def_%v_25 
		 9: BUILDSTRING def_%v_26 %v_21[16.4,] %v_22[16.5,] %v_23[16.6,] %v_24[16.7,] size[15.0,12.4,9.0,8.3,] %v_25[16.8,] 
		 10: %v_18->join def_%v_27 %v_18[16.1,] %v_20[16.3,] %v_26[16.9,] 	 SYMBOL:	 ARGS:%v_20,%v_26,
		 11: COPY TYPE_PASS def_target %v_27[16.10,] 
		 12: Line Number 220
		 13: GLOBALVAR $! def_%v_28 
BB 18
	outgoing: 19 20 22 
	datadep: 
	instructions:
		 0: 
		 1: Line Number 221
		 2: (Redmine) def_%v_31 
		 3: (inherit Thumbnail) def_%v_32 %v_31[18.2,] 
		 4: %v_32[18.3,] 
BB 19
	outgoing: 20 22 
	datadep: 
	instructions:
		 0: %v_31->const_missing def_%v_32 %v_31[18.2,] 	 SYMBOL:Thumbnail,	 ARGS:Symbol,
BB 20
	outgoing: 21 22 
	datadep: 
	instructions:
		 0: %self->diskfile def_%v_33 %self[2.0,] 	 SYMBOL:	 ARGS:
		 1: %v_32->generate def_%v_34 %v_32[19.0,18.3,] %v_33[20.0,] target[16.11,] size[15.0,12.4,9.0,8.3,] 	 SYMBOL:	 ARGS:%v_33,target,size,
		 2: COPY TYPE_PASS def_%v_30 %v_34[20.1,] 
		 3: %v_28[16.13,] 
BB 21
	outgoing: 32 
	datadep: 
	instructions:
		 0: 
BB 22
	outgoing: 23 24 29 
	datadep: 
	instructions:
		 0: def_%v_35 
		 1: def_%v_36 %v_35[22.0,] 
		 2: BRANCH %v_36[22.1,] 
BB 23
	outgoing: 29 33 
	datadep: 
	instructions:
		 0: %v_35[22.0,] 
BB 24
	outgoing: 25 26 29 
	datadep: 
	instructions:
		 0: GLOBALVAR $! def_%v_37 
		 1: COPY TYPE_PASS def_e %v_37[24.0,] 
		 2: Line Number 223
		 3: %self->logger def_%v_38 %self[2.0,] 	 SYMBOL:	 ARGS:
		 4: BRANCH %v_38[24.3,] 
BB 25
	outgoing: 27 29 
	datadep: 
	instructions:
		 0: %self->logger def_%v_39 %self[2.0,] 	 SYMBOL:	 ARGS:
		 1: COPY TYPE_StringLiteral "An error occured while generating thumbnail for " def_%v_40 
		 2: %self->disk_filename def_%v_41 %self[25.0,2.0,] 	 SYMBOL:	 ARGS:
		 3: COPY TYPE_StringLiteral " to " def_%v_42 
		 4: COPY TYPE_StringLiteral "
Exception was: " def_%v_43 
		 5: e->message def_%v_44 e[24.1,] 	 SYMBOL:	 ARGS:
		 6: BUILDSTRING def_%v_45 %v_40[25.1,] %v_41[25.2,] %v_42[25.3,] target[16.11,] %v_43[25.4,] %v_44[25.5,] 
		 7: %v_39->error def_%v_46 %v_39[25.0,] %v_45[25.6,] 	 SYMBOL:	 ARGS:%v_45,
		 8: 
BB 26
	outgoing: 27 
	datadep: 
	instructions:
		 0: COPY TYPE_Nil def_%v_46 
BB 27
	outgoing: 28 29 
	datadep: 
	instructions:
		 0: Line Number 224
		 1: COPY TYPE_Nil def_%v_47 
		 2: %v_28[16.13,] 
BB 28
	outgoing: 33 
	datadep: 
	instructions:
		 0: RETURN %v_47[27.1,] %self[2.0,] 
BB 29
	outgoing: 33 
	datadep: 
	instructions:
		 0: def_%v_48 
		 1: def_%v_49 %v_48[29.0,] %v_28[16.13,] 
		 2: %v_48[29.0,] 
BB 31
	outgoing: 33 
	datadep: 
	instructions:
		 0: RETURN %self[2.0,] 
BB 32
	outgoing: 33 
	datadep: 
	instructions:
		 0: RETURN %v_30[20.2,] %self[2.0,] 
BB 33
	outgoing: 
	datadep: 
	instructions:

SET IRMethod, name = clear_thumbnails instanceMethod = false
BB 1
	outgoing: 3 2 
	datadep: 
	instructions:
BB 2
	outgoing: 3 
	datadep: 
	instructions:
		 0: def_%self 
		 1: def_%v_0 
		 2: COPY TYPE_CurrentScope def_%current_scope 
		 3: COPY TYPE_ScopeModule def_%current_module 
		 4: 
		 5: Line Number 231
		 6: (Dir) def_%v_3 
		 7: (File) def_%v_4 
		 8: %self->thumbnails_storage_path def_%v_5 %self[2.0,] 	 SYMBOL:	 ARGS:
		 9: COPY TYPE_StringLiteral "*.thumb" def_%v_6 
		 10: %v_4->join def_%v_7 %v_4[2.7,] %v_5[2.8,] %v_6[2.9,] 	 SYMBOL:	 ARGS:%v_5,%v_6,
		 11: %v_3->glob def_%v_8 %v_3[2.6,] %v_7[2.10,] 	 SYMBOL:	 ARGS:%v_7,
		 12: %v_8->each def_%v_9 %v_8[2.11,] %self[2.0,2.8,] 	 SYMBOL:	 ARGS:%v_8,
CLOSURE BEGIN: file[] 
BB 1
	outgoing: 6 2 
	datadep: 
	instructions:
BB 2
	outgoing: 3 
	datadep: 
	instructions:
		 0: def_%self 
		 1: def_%cl_1_0 
		 2: RECEIVEARG def_file 
		 3: COPY TYPE_CurrentScope def_%current_scope 
		 4: COPY TYPE_ScopeModule def_%current_module 
BB 3
	outgoing: 4 6 
	datadep: 
	instructions:
		 0: Line Number 232
		 1: (File) def_%cl_1_3 
		 2: %cl_1_3->delete def_%cl_1_4 %cl_1_3[3.1,] file[2.2,] 	 SYMBOL:	 ARGS:file,
		 3: RETURN %cl_1_4[3.2,] %self[2.0,] 
BB 4
	outgoing: 6 
	datadep: 
	instructions:
		 0: def_%cl_1_5 
		 1: def_%cl_1_6 %cl_1_5[4.0,] 
		 2: RETURN %cl_1_6[4.1,] %self[2.0,] 
BB 6
	outgoing: 
	datadep: 
	instructions:
CLOSURE END: 
		 13: RETURN %v_9[2.12,] %self[2.0,2.8,] 
BB 3
	outgoing: 
	datadep: 
	instructions:

SET IRMethod, name = is_text? instanceMethod = true
BB 1
	outgoing: 5 2 
	datadep: 
	instructions:
BB 2
	outgoing: 3 4 
	datadep: 
	instructions:
		 0: def_%self 
		 1: def_%v_0 
		 2: COPY TYPE_CurrentScope def_%current_scope 
		 3: COPY TYPE_ScopeModule def_%current_module 
		 4: 
		 5: Line Number 237
		 6: (Redmine) def_%v_3 
		 7: (inherit MimeType) def_%v_4 %v_3[2.6,] 
		 8: %v_4[2.7,] 
BB 3
	outgoing: 4 
	datadep: 
	instructions:
		 0: %v_3->const_missing def_%v_4 %v_3[2.6,] 	 SYMBOL:MimeType,	 ARGS:Symbol,
BB 4
	outgoing: 5 
	datadep: 
	instructions:
		 0: COPY TYPE_StringLiteral "text" def_%v_5 
		 1: %self->filename def_%v_6 %self[2.0,] 	 SYMBOL:	 ARGS:
		 2: %v_4->is_type? def_%v_7 %v_4[3.0,2.7,] %v_5[4.0,] %v_6[4.1,] 	 SYMBOL:	 ARGS:%v_5,%v_6,
		 3: RETURN %v_7[4.2,] %self[4.1,2.0,] 
BB 5
	outgoing: 
	datadep: 
	instructions:

SET IRMethod, name = is_image? instanceMethod = true
BB 1
	outgoing: 5 2 
	datadep: 
	instructions:
BB 2
	outgoing: 3 4 
	datadep: 
	instructions:
		 0: def_%self 
		 1: def_%v_0 
		 2: COPY TYPE_CurrentScope def_%current_scope 
		 3: COPY TYPE_ScopeModule def_%current_module 
		 4: 
		 5: Line Number 241
		 6: (Redmine) def_%v_3 
		 7: (inherit MimeType) def_%v_4 %v_3[2.6,] 
		 8: %v_4[2.7,] 
BB 3
	outgoing: 4 
	datadep: 
	instructions:
		 0: %v_3->const_missing def_%v_4 %v_3[2.6,] 	 SYMBOL:MimeType,	 ARGS:Symbol,
BB 4
	outgoing: 5 
	datadep: 
	instructions:
		 0: COPY TYPE_StringLiteral "image" def_%v_5 
		 1: %self->filename def_%v_6 %self[2.0,] 	 SYMBOL:	 ARGS:
		 2: %v_4->is_type? def_%v_7 %v_4[3.0,2.7,] %v_5[4.0,] %v_6[4.1,] 	 SYMBOL:	 ARGS:%v_5,%v_6,
		 3: RETURN %v_7[4.2,] %self[4.1,2.0,] 
BB 5
	outgoing: 
	datadep: 
	instructions:

SET IRMethod, name = is_diff? instanceMethod = true
BB 1
	outgoing: 3 2 
	datadep: 
	instructions:
BB 2
	outgoing: 3 
	datadep: 
	instructions:
		 0: def_%self 
		 1: def_%v_0 
		 2: COPY TYPE_CurrentScope def_%current_scope 
		 3: COPY TYPE_ScopeModule def_%current_module 
		 4: 
		 5: Line Number 245
		 6: %self->filename def_%v_3 %self[2.0,] 	 SYMBOL:	 ARGS:
		 7: COPY TYPE_Regexp def_%v_4 
		 8: %v_3->=~ def_%v_5 %v_3[2.6,] 	 SYMBOL:	 ARGS:%v_4,
		 9: RETURN %v_5[2.8,] %self[2.0,2.6,] 
BB 3
	outgoing: 
	datadep: 
	instructions:

SET IRMethod, name = is_pdf? instanceMethod = true
BB 1
	outgoing: 5 2 
	datadep: 
	instructions:
BB 2
	outgoing: 3 4 
	datadep: 
	instructions:
		 0: def_%self 
		 1: def_%v_0 
		 2: COPY TYPE_CurrentScope def_%current_scope 
		 3: COPY TYPE_ScopeModule def_%current_module 
		 4: 
		 5: Line Number 249
		 6: (Redmine) def_%v_3 
		 7: (inherit MimeType) def_%v_4 %v_3[2.6,] 
		 8: %v_4[2.7,] 
BB 3
	outgoing: 4 
	datadep: 
	instructions:
		 0: %v_3->const_missing def_%v_4 %v_3[2.6,] 	 SYMBOL:MimeType,	 ARGS:Symbol,
BB 4
	outgoing: 5 
	datadep: 
	instructions:
		 0: %self->filename def_%v_5 %self[2.0,] 	 SYMBOL:	 ARGS:
		 1: %v_4->of def_%v_6 %v_4[3.0,2.7,] %v_5[4.0,] 	 SYMBOL:	 ARGS:%v_5,
		 2: COPY TYPE_StringLiteral "application/pdf" def_%v_7 
		 3: %v_6->== def_%v_8 %v_6[4.1,] %v_7[4.2,] 	 SYMBOL:	 ARGS:%v_7,
		 4: RETURN %v_8[4.3,] %self[4.0,2.0,] 
BB 5
	outgoing: 
	datadep: 
	instructions:

SET IRMethod, name = previewable? instanceMethod = true
BB 1
	outgoing: 5 2 
	datadep: 
	instructions:
BB 2
	outgoing: 3 4 
	datadep: 
	instructions:
		 0: def_%self 
		 1: def_%v_0 
		 2: COPY TYPE_CurrentScope def_%current_scope 
		 3: COPY TYPE_ScopeModule def_%current_module 
		 4: 
		 5: Line Number 253
		 6: %self->is_text? def_%v_3 %self[2.0,] 	 SYMBOL:	 ARGS:
		 7: BRANCH %v_3[2.6,] 
BB 3
	outgoing: 5 
	datadep: 
	instructions:
		 0: %self->is_image? def_%v_4 %self[2.0,] 	 SYMBOL:	 ARGS:
		 1: RETURN %v_4[3.0,] %self[3.0,2.0,] 
BB 4
	outgoing: 5 
	datadep: 
	instructions:
		 0: RETURN %v_3[2.6,] %self[2.0,] 
BB 5
	outgoing: 
	datadep: 
	instructions:

SET IRMethod, name = readable? instanceMethod = true
BB 1
	outgoing: 5 2 
	datadep: 
	instructions:
BB 2
	outgoing: 3 4 
	datadep: 
	instructions:
		 0: def_%self 
		 1: def_%v_0 
		 2: COPY TYPE_CurrentScope def_%current_scope 
		 3: COPY TYPE_ScopeModule def_%current_module 
		 4: 
		 5: Line Number 258
		 6: %self->disk_filename def_%v_3 %self[2.0,] 	 SYMBOL:	 ARGS:
		 7: %v_3->present? def_%v_4 %v_3[2.6,] 	 SYMBOL:	 ARGS:
		 8: BRANCH %v_4[2.7,] 
BB 3
	outgoing: 5 
	datadep: 
	instructions:
		 0: (File) def_%v_5 
		 1: %self->diskfile def_%v_6 %self[2.0,] 	 SYMBOL:	 ARGS:
		 2: %v_5->readable? def_%v_7 %v_5[3.0,] %v_6[3.1,] 	 SYMBOL:	 ARGS:%v_6,
		 3: RETURN %v_7[3.2,] %self[3.1,2.0,] 
BB 4
	outgoing: 5 
	datadep: 
	instructions:
		 0: RETURN %v_4[2.7,] %self[2.0,] 
BB 5
	outgoing: 
	datadep: 
	instructions:

SET IRMethod, name = token instanceMethod = true
BB 1
	outgoing: 3 2 
	datadep: 
	instructions:
BB 2
	outgoing: 3 
	datadep: 
	instructions:
		 0: def_%self 
		 1: def_%v_0 
		 2: COPY TYPE_CurrentScope def_%current_scope 
		 3: COPY TYPE_ScopeModule def_%current_module 
		 4: 
		 5: Line Number 263
		 6: %self->id def_%v_3 %self[2.0,] 	 SYMBOL:	 ARGS:
		 7: COPY TYPE_StringLiteral "." def_%v_4 
		 8: %self->digest def_%v_5 %self[2.0,2.6,] 	 SYMBOL:	 ARGS:
		 9: BUILDSTRING def_%v_6 %v_3[2.6,] %v_4[2.7,] %v_5[2.8,] 
		 10: RETURN %v_6[2.9,] %self[2.0,2.6,2.8,] 
BB 3
	outgoing: 
	datadep: 
	instructions:

SET IRMethod, name = find_by_token instanceMethod = false
BB 1
	outgoing: 11 2 
	datadep: 
	instructions:
BB 2
	outgoing: 3 9 
	datadep: 
	instructions:
		 0: def_%self 
		 1: def_%v_0 
		 2: COPY TYPE_CurrentScope def_%current_scope 
		 3: COPY TYPE_ScopeModule def_%current_module 
		 4: 
		 5: RECEIVEARG def_token 
		 6: Line Number 268
		 7: token->to_s def_%v_3 token[2.5,] 	 SYMBOL:	 ARGS:
		 8: COPY TYPE_Regexp def_%v_4 
		 9: %v_3->=~ def_%v_5 %v_3[2.7,] 	 SYMBOL:	 ARGS:%v_4,
		 10: BRANCH %v_5[2.9,] 
BB 3
	outgoing: 4 5 
	datadep: 
	instructions:
		 0: Line Number 269
		 1: COPY TYPE_NthRef def_%v_6 
		 2: COPY TYPE_NthRef def_%v_7 
		 3: COPY TYPE_Array def_%v_8 %v_6[3.1,] %v_7[3.2,] 
		 4: COPY TYPE_PASS def_%v_9 %v_6[3.1,] 
		 5: COPY TYPE_PASS def_%v_10 %v_7[3.2,] 
		 6: COPY TYPE_PASS def_attachment_id %v_6[3.1,] 
		 7: COPY TYPE_PASS def_attachment_digest %v_7[3.2,] 
		 8: Line Number 270
		 9: (Attachment) def_%v_11 
		 10: HASH-id-digest- def_%v_12 %v_6[3.1,] %v_7[3.2,] 
		 11: %v_11->where def_%v_13 %v_11[3.9,] %v_12[3.10,] 	 SYMBOL:	 ARGS:%v_12,
		 12: %v_13->first def_%v_14 %v_13[3.11,] 	 SYMBOL:	 ARGS:
		 13: COPY TYPE_PASS def_attachment %v_14[3.12,] 
		 14: Line Number 271
		 15: COPY TYPE_PASS def_%v_15 %v_14[3.12,] 
		 16: BRANCH %v_14[3.12,] 
BB 4
	outgoing: 5 
	datadep: 
	instructions:
		 0: attachment->container def_%v_16 attachment[3.13,] 	 SYMBOL:	 ARGS:
		 1: %v_16->nil? def_%v_17 %v_16[4.0,] 	 SYMBOL:	 ARGS:
		 2: COPY TYPE_PASS def_%v_15 %v_17[4.1,] 
BB 5
	outgoing: 6 7 
	datadep: 
	instructions:
		 0: BRANCH %v_15[4.2,3.15,] 
BB 6
	outgoing: 8 
	datadep: 
	instructions:
		 0: Line Number 272
		 1: COPY TYPE_PASS def_%v_18 attachment[3.13,] 
		 2: 
BB 7
	outgoing: 8 
	datadep: 
	instructions:
		 0: COPY TYPE_Nil def_%v_18 
BB 8
	outgoing: 11 
	datadep: 
	instructions:
		 0: RETURN %v_18[7.0,6.1,] %self[2.0,] 
BB 9
	outgoing: 11 
	datadep: 
	instructions:
		 0: RETURN %self[2.0,] 
BB 11
	outgoing: 
	datadep: 
	instructions:

SET IRMethod, name = attach_files instanceMethod = false
BB 1
	outgoing: 3 2 
	datadep: 
	instructions:
BB 2
	outgoing: 3 
	datadep: 
	instructions:
		 0: def_%self 
		 1: def_%v_0 
		 2: COPY TYPE_CurrentScope def_%current_scope 
		 3: COPY TYPE_ScopeModule def_%current_module 
		 4: 
		 5: RECEIVEARG def_obj 
		 6: RECEIVEARG def_attachments 
		 7: Line Number 283
		 8: (User) def_%v_3 
		 9: %v_3->current def_%v_4 %v_3[2.8,] 	 SYMBOL:	 ARGS:
		 10: obj->save_attachments def_%v_5 obj[2.5,] attachments[2.6,] %v_4[2.9,] 	 SYMBOL:	 ARGS:attachments,%v_4,
		 11: COPY TYPE_PASS def_result %v_5[2.10,] 
		 12: Line Number 284
		 13: obj->attach_saved_attachments def_%v_6 obj[2.5,2.10,] 	 SYMBOL:	 ARGS:
		 14: Line Number 285
		 15: RETURN result[2.11,] %self[2.0,] 
BB 3
	outgoing: 
	datadep: 
	instructions:

SET IRMethod, name = update_attachments instanceMethod = false
BB 1
	outgoing: 3 2 
	datadep: 
	instructions:
BB 2
	outgoing: 3 
	datadep: 
	instructions:
		 0: def_%self 
		 1: def_%v_0 
		 2: COPY TYPE_CurrentScope def_%current_scope 
		 3: COPY TYPE_ScopeModule def_%current_module 
		 4: 
		 5: RECEIVEARG def_attachments 
		 6: RECEIVEARG def_params 
		 7: Line Number 299
		 8: params->transform_keys def_%v_3 params[2.6,] %self[2.0,] 	 SYMBOL:	 ARGS:params,
CLOSURE BEGIN: key[] 
BB 1
	outgoing: 6 2 
	datadep: 
	instructions:
BB 2
	outgoing: 3 
	datadep: 
	instructions:
		 0: def_%self 
		 1: def_%cl_1_0 
		 2: RECEIVEARG def_key 
		 3: COPY TYPE_CurrentScope def_%current_scope 
		 4: COPY TYPE_ScopeModule def_%current_module 
BB 3
	outgoing: 4 6 
	datadep: 
	instructions:
		 0: Line Number 299
		 1: key->to_i def_%cl_1_3 key[2.2,] 	 SYMBOL:	 ARGS:
		 2: RETURN %cl_1_3[3.1,] %self[2.0,] 
BB 4
	outgoing: 6 
	datadep: 
	instructions:
		 0: def_%cl_1_4 
		 1: def_%cl_1_5 %cl_1_4[4.0,] 
		 2: RETURN %cl_1_5[4.1,] %self[2.0,] 
BB 6
	outgoing: 
	datadep: 
	instructions:
CLOSURE END: 
		 9: COPY TYPE_PASS def_params %v_3[2.8,] 
		 10: Line Number 301
		 11: COPY TYPE_Boolean def_saved 
		 12: Line Number 302
		 13: %self->transaction def_%v_4 %self[2.0,] %self[2.0,] 	 SYMBOL:	 ARGS:%self,
CLOSURE BEGIN: attachments[2.5,] %self[2.0,] attachment[] params[2.6,2.8,2.9,] p[] saved[2.11,] 
BB 1
	outgoing: 11 2 
	datadep: 
	instructions:
BB 2
	outgoing: 3 
	datadep: 
	instructions:
		 0: def_%self 
		 1: def_%cl_2_0 
		 2: COPY TYPE_CurrentScope def_%current_scope 
		 3: COPY TYPE_ScopeModule def_%current_module 
BB 3
	outgoing: 4 5 9 
	datadep: 
	instructions:
		 0: Line Number 303
		 1: attachments->each def_%cl_2_3 attachments[] %self[2.0,] 	 SYMBOL:	 ARGS:attachments,
CLOSURE BEGIN: attachment[] params[] p[] saved[] 
BB 1
	outgoing: 17 2 
	datadep: 
	instructions:
BB 2
	outgoing: 3 
	datadep: 
	instructions:
		 0: def_%self 
		 1: def_%cl_3_0 
		 2: RECEIVEARG def_attachment 
		 3: COPY TYPE_CurrentScope def_%current_scope 
		 4: COPY TYPE_ScopeModule def_%current_module 
BB 3
	outgoing: 4 13 15 
	datadep: 
	instructions:
		 0: Line Number 304
		 1: attachment->id def_%cl_3_3 attachment[2.2,] 	 SYMBOL:	 ARGS:
		 2: params->[] def_%cl_3_4 params[] %cl_3_3[3.1,] 	 SYMBOL:	 ARGS:%cl_3_3,
		 3: COPY TYPE_PASS def_p %cl_3_4[3.2,] 
		 4: BRANCH %cl_3_4[3.2,] 
BB 4
	outgoing: 5 6 15 
	datadep: 
	instructions:
		 0: Line Number 305
		 1: p->key? def_%cl_3_5 p[3.3,] 	 SYMBOL:filename,	 ARGS:Symbol,
		 2: BRANCH %cl_3_5[4.1,] 
BB 5
	outgoing: 7 15 
	datadep: 
	instructions:
		 0: p->[] def_%cl_3_6 p[3.3,] 	 SYMBOL:filename,	 ARGS:Symbol,
		 1: ATTRASSIGN attachment->filename %cl_3_6[5.0,] 
		 2: 
BB 6
	outgoing: 7 
	datadep: 
	instructions:
		 0: COPY TYPE_Nil def_%cl_3_6 
BB 7
	outgoing: 8 9 15 
	datadep: 
	instructions:
		 0: Line Number 306
		 1: p->key? def_%cl_3_7 p[3.3,] 	 SYMBOL:description,	 ARGS:Symbol,
		 2: BRANCH %cl_3_7[7.1,] 
BB 8
	outgoing: 10 15 
	datadep: 
	instructions:
		 0: p->[] def_%cl_3_8 p[3.3,] 	 SYMBOL:description,	 ARGS:Symbol,
		 1: ATTRASSIGN attachment->description %cl_3_8[8.0,] 
		 2: 
BB 9
	outgoing: 10 
	datadep: 
	instructions:
		 0: COPY TYPE_Nil def_%cl_3_8 
BB 10
	outgoing: 11 12 
	datadep: 
	instructions:
		 0: Line Number 307
		 1: COPY TYPE_PASS def_%cl_3_9 saved[] 
		 2: BRANCH saved[] 
BB 11
	outgoing: 12 15 
	datadep: 
	instructions:
		 0: attachment->save def_%cl_3_10 attachment[8.1,5.1,2.2,] 	 SYMBOL:	 ARGS:
		 1: COPY TYPE_PASS def_saved %cl_3_10[11.0,] 
		 2: COPY TYPE_PASS def_%cl_3_9 %cl_3_10[11.0,] 
BB 12
	outgoing: 17 
	datadep: 
	instructions:
		 0: RETURN %cl_3_9[11.2,10.1,] %self[2.0,] 
BB 13
	outgoing: 17 
	datadep: 
	instructions:
		 0: RETURN %self[2.0,] 
BB 15
	outgoing: 17 
	datadep: 
	instructions:
		 0: def_%cl_3_11 
		 1: def_%cl_3_12 %cl_3_11[15.0,] 
		 2: RETURN %cl_3_12[15.1,] %self[2.0,] 
BB 17
	outgoing: 
	datadep: 
	instructions:
CLOSURE END: p[3.3,] saved[11.1,] 
		 2: Line Number 310
		 3: BRANCH saved[3.1,] 
BB 4
	outgoing: 11 
	datadep: 
	instructions:
		 0: COPY TYPE_Nil def_%cl_2_4 
		 1: RETURN %cl_2_4[4.0,] %self[2.0,] 
BB 5
	outgoing: 6 7 9 
	datadep: 
	instructions:
		 0: Line Number 311
		 1: (ActiveRecord) def_%cl_2_5 
		 2: (inherit Rollback) def_%cl_2_6 %cl_2_5[5.1,] 
		 3: %cl_2_6[5.2,] 
BB 6
	outgoing: 7 9 
	datadep: 
	instructions:
		 0: %cl_2_5->const_missing def_%cl_2_6 %cl_2_5[5.1,] 	 SYMBOL:Rollback,	 ARGS:Symbol,
BB 7
	outgoing: 9 11 
	datadep: 
	instructions:
		 0: %self->raise def_%cl_2_7 %self[2.0,] %cl_2_6[6.0,5.2,] 	 SYMBOL:	 ARGS:%cl_2_6,
		 1: RETURN %cl_2_7[7.0,] %self[7.0,2.0,] 
BB 9
	outgoing: 11 
	datadep: 
	instructions:
		 0: def_%cl_2_8 
		 1: def_%cl_2_9 %cl_2_8[9.0,] 
		 2: RETURN %cl_2_9[9.1,] %self[2.0,] 
BB 11
	outgoing: 
	datadep: 
	instructions:
CLOSURE END: 
		 14: Line Number 314
		 15: RETURN saved[2.11,] %self[2.0,2.13,] 
BB 3
	outgoing: 
	datadep: 
	instructions:

SET IRMethod, name = latest_attach instanceMethod = false
BB 1
	outgoing: 3 2 
	datadep: 
	instructions:
BB 2
	outgoing: 3 
	datadep: 
	instructions:
		 0: def_%self 
		 1: def_%v_0 
		 2: COPY TYPE_CurrentScope def_%current_scope 
		 3: COPY TYPE_ScopeModule def_%current_module 
		 4: 
		 5: RECEIVEARG def_attachments 
		 6: RECEIVEARG def_filename 
		 7: Line Number 318
		 8: attachments->sort_by def_%v_3 attachments[2.5,] 	 SYMBOL:created_on,	 ARGS:
		 9: %v_3->reverse def_%v_4 %v_3[2.8,] 	 SYMBOL:	 ARGS:
		 10: %v_4->detect def_%v_5 %v_4[2.9,] %self[2.0,] 	 SYMBOL:	 ARGS:%v_4,
CLOSURE BEGIN: att[] filename[2.6,] 
BB 1
	outgoing: 6 2 
	datadep: 
	instructions:
BB 2
	outgoing: 3 
	datadep: 
	instructions:
		 0: def_%self 
		 1: def_%cl_1_0 
		 2: RECEIVEARG def_att 
		 3: COPY TYPE_CurrentScope def_%current_scope 
		 4: COPY TYPE_ScopeModule def_%current_module 
BB 3
	outgoing: 4 6 
	datadep: 
	instructions:
		 0: Line Number 319
		 1: att->filename def_%cl_1_3 att[2.2,] 	 SYMBOL:	 ARGS:
		 2: filename->casecmp def_%cl_1_4 filename[] %cl_1_3[3.1,] 	 SYMBOL:	 ARGS:%cl_1_3,
		 3: %cl_1_4->== def_%cl_1_5 %cl_1_4[3.2,] 	 SYMBOL:	 ARGS:Fixnum,
		 4: RETURN %cl_1_5[3.3,] %self[2.0,] 
BB 4
	outgoing: 6 
	datadep: 
	instructions:
		 0: def_%cl_1_6 
		 1: def_%cl_1_7 %cl_1_6[4.0,] 
		 2: RETURN %cl_1_7[4.1,] %self[2.0,] 
BB 6
	outgoing: 
	datadep: 
	instructions:
CLOSURE END: 
		 11: RETURN %v_5[2.10,] %self[2.0,] 
BB 3
	outgoing: 
	datadep: 
	instructions:

SET IRMethod, name = prune instanceMethod = false
BB 1
	outgoing: 5 2 
	datadep: 
	instructions:
BB 2
	outgoing: 3 4 
	datadep: 
	instructions:
		 0: def_%self 
		 1: def_%v_0 
		 2: COPY TYPE_CurrentScope def_%current_scope 
		 3: COPY TYPE_ScopeModule def_%current_module 
		 4: 
		 5: RECEIVECONSTARG def_age 
		 6: age[2.5,] 
BB 3
	outgoing: 4 
	datadep: 
	instructions:
		 0: CONSTANT def_%v_3 	 SYMBOL:	 ARGS:
		 1: COPY TYPE_PASS def_age %v_3[3.0,] 
BB 4
	outgoing: 5 
	datadep: 
	instructions:
		 0: Line Number 324
		 1: (Attachment) def_%v_4 
		 2: COPY TYPE_StringLiteral "created_on < ? AND (container_type IS NULL OR container_type = '')" def_%v_5 
		 3: (Time) def_%v_6 
		 4: %v_6->now def_%v_7 %v_6[4.3,] 	 SYMBOL:	 ARGS:
		 5: %v_7->- def_%v_8 %v_7[4.4,] age[3.1,2.5,] 	 SYMBOL:	 ARGS:age,
		 6: %v_4->where def_%v_9 %v_4[4.1,] %v_5[4.2,] %v_8[4.5,] 	 SYMBOL:	 ARGS:%v_5,%v_8,
		 7: %v_9->destroy_all def_%v_10 %v_9[4.6,] 	 SYMBOL:	 ARGS:
		 8: RETURN %v_10[4.7,] %self[2.0,] 
BB 5
	outgoing: 
	datadep: 
	instructions:

SET IRMethod, name = move_to_target_directory! instanceMethod = true
BB 1
	outgoing: 21 2 
	datadep: 
	instructions:
BB 2
	outgoing: 3 4 
	datadep: 
	instructions:
		 0: def_%self 
		 1: def_%v_0 
		 2: COPY TYPE_CurrentScope def_%current_scope 
		 3: COPY TYPE_ScopeModule def_%current_module 
		 4: 
		 5: Line Number 329
		 6: %self->new_record? def_%v_3 %self[2.0,] 	 SYMBOL:	 ARGS:
		 7: %v_3->! def_%v_4 %v_3[2.6,] 	 SYMBOL:	 ARGS:
		 8: %self->readable? def_%v_5 %self[2.0,2.6,] 	 SYMBOL:	 ARGS:
		 9: %v_4->& def_%v_6 %v_4[2.7,] %v_5[2.8,] 	 SYMBOL:	 ARGS:%v_5,
		 10: BRANCH %v_6[2.9,] 
BB 3
	outgoing: 6 7 
	datadep: 
	instructions:
		 0: COPY TYPE_Nil def_%v_7 
		 1: Line Number 331
		 2: %self->diskfile def_%v_8 %self[2.0,] 	 SYMBOL:	 ARGS:
		 3: COPY TYPE_PASS def_src %v_8[3.2,] 
		 4: Line Number 332
		 5: %self->target_directory def_%v_9 %self[3.2,2.0,] 	 SYMBOL:	 ARGS:
		 6: ATTRASSIGN %self->disk_directory %v_9[3.5,] 
		 7: Line Number 333
		 8: %self->diskfile def_%v_10 %self[3.2,3.5,3.6,2.0,] 	 SYMBOL:	 ARGS:
		 9: COPY TYPE_PASS def_dest %v_10[3.8,] 
		 10: Line Number 335
		 11: src->== def_%v_11 src[3.3,] %v_10[3.8,] 	 SYMBOL:	 ARGS:dest,
		 12: BRANCH %v_11[3.11,] 
BB 4
	outgoing: 21 
	datadep: 
	instructions:
		 0: RETURN %self[2.0,] 
BB 6
	outgoing: 21 
	datadep: 
	instructions:
		 0: RETURN %self[3.6,2.0,] 
BB 7
	outgoing: 9 13 
	datadep: 
	instructions:
		 0: COPY TYPE_Nil def_%v_12 
		 1: Line Number 337
		 2: (FileUtils) def_%v_13 
		 3: (File) def_%v_14 
		 4: %v_14->dirname def_%v_15 %v_14[7.3,] dest[3.9,] 	 SYMBOL:	 ARGS:dest,
		 5: %v_13->mkdir_p def_%v_16 %v_13[7.2,] %v_15[7.4,] 	 SYMBOL:	 ARGS:%v_15,
		 6: %v_16->! def_%v_17 %v_16[7.5,] 	 SYMBOL:	 ARGS:
		 7: BRANCH %v_17[7.6,] 
BB 9
	outgoing: 10 11 
	datadep: 
	instructions:
		 0: Line Number 338
		 1: %self->logger def_%v_18 %self[3.6,2.0,] 	 SYMBOL:	 ARGS:
		 2: BRANCH %v_18[9.1,] 
BB 10
	outgoing: 12 
	datadep: 
	instructions:
		 0: %self->logger def_%v_19 %self[3.6,2.0,] 	 SYMBOL:	 ARGS:
		 1: COPY TYPE_StringLiteral "Could not create directory " def_%v_20 
		 2: (File) def_%v_21 
		 3: %v_21->dirname def_%v_22 %v_21[10.2,] dest[3.9,] 	 SYMBOL:	 ARGS:dest,
		 4: BUILDSTRING def_%v_23 %v_20[10.1,] %v_22[10.3,] 
		 5: %v_19->error def_%v_24 %v_19[10.0,] %v_23[10.4,] 	 SYMBOL:	 ARGS:%v_23,
		 6: 
BB 11
	outgoing: 12 
	datadep: 
	instructions:
		 0: COPY TYPE_Nil def_%v_24 
BB 12
	outgoing: 21 
	datadep: 
	instructions:
		 0: Line Number 339
		 1: RETURN %self[3.6,2.0,] 
BB 13
	outgoing: 15 19 
	datadep: 
	instructions:
		 0: COPY TYPE_Nil def_%v_25 
		 1: Line Number 342
		 2: (FileUtils) def_%v_26 
		 3: %v_26->mv def_%v_27 %v_26[13.2,] src[3.3,] dest[3.9,] 	 SYMBOL:	 ARGS:src,dest,
		 4: %v_27->! def_%v_28 %v_27[13.3,] 	 SYMBOL:	 ARGS:
		 5: BRANCH %v_28[13.4,] 
BB 15
	outgoing: 16 17 
	datadep: 
	instructions:
		 0: Line Number 343
		 1: %self->logger def_%v_29 %self[3.6,2.0,] 	 SYMBOL:	 ARGS:
		 2: BRANCH %v_29[15.1,] 
BB 16
	outgoing: 18 
	datadep: 
	instructions:
		 0: %self->logger def_%v_30 %self[3.6,2.0,] 	 SYMBOL:	 ARGS:
		 1: COPY TYPE_StringLiteral "Could not move attachment from " def_%v_31 
		 2: COPY TYPE_StringLiteral " to " def_%v_32 
		 3: BUILDSTRING def_%v_33 %v_31[16.1,] src[3.3,] %v_32[16.2,] dest[3.9,] 
		 4: %v_30->error def_%v_34 %v_30[16.0,] %v_33[16.3,] 	 SYMBOL:	 ARGS:%v_33,
		 5: 
BB 17
	outgoing: 18 
	datadep: 
	instructions:
		 0: COPY TYPE_Nil def_%v_34 
BB 18
	outgoing: 21 
	datadep: 
	instructions:
		 0: Line Number 344
		 1: RETURN %self[3.6,2.0,] 
BB 19
	outgoing: 21 
	datadep: 
	instructions:
		 0: COPY TYPE_Nil def_%v_35 
		 1: Line Number 347
		 2: %self->disk_directory def_%v_36 %self[3.6,2.0,] 	 SYMBOL:	 ARGS:
		 3: %self->update_column def_%v_37 %self[19.2,3.6,2.0,] %v_36[19.2,] 	 SYMBOL:disk_directory,	 ARGS:Symbol,%v_36,
		 4: RETURN %v_37[19.3,] %self[19.2,19.3,3.6,2.0,] 
BB 21
	outgoing: 
	datadep: 
	instructions:

SET IRMethod, name = move_from_root_to_target_directory instanceMethod = false
BB 1
	outgoing: 3 2 
	datadep: 
	instructions:
BB 2
	outgoing: 3 
	datadep: 
	instructions:
		 0: def_%self 
		 1: def_%v_0 
		 2: COPY TYPE_CurrentScope def_%current_scope 
		 3: COPY TYPE_ScopeModule def_%current_module 
		 4: 
		 5: Line Number 353
		 6: (Attachment) def_%v_3 
		 7: COPY TYPE_StringLiteral "disk_directory IS NULL OR disk_directory = ''" def_%v_4 
		 8: %v_3->where def_%v_5 %v_3[2.6,] %v_4[2.7,] 	 SYMBOL:	 ARGS:%v_4,
		 9: %v_5->find_each def_%v_6 %v_5[2.8,] %self[2.0,] 	 SYMBOL:	 ARGS:%v_5,
CLOSURE BEGIN: attachment[] 
BB 1
	outgoing: 6 2 
	datadep: 
	instructions:
BB 2
	outgoing: 3 
	datadep: 
	instructions:
		 0: def_%self 
		 1: def_%cl_1_0 
		 2: RECEIVEARG def_attachment 
		 3: COPY TYPE_CurrentScope def_%current_scope 
		 4: COPY TYPE_ScopeModule def_%current_module 
BB 3
	outgoing: 4 6 
	datadep: 
	instructions:
		 0: Line Number 354
		 1: attachment->move_to_target_directory! def_%cl_1_3 attachment[2.2,] 	 SYMBOL:	 ARGS:
		 2: RETURN %cl_1_3[3.1,] %self[2.0,] 
BB 4
	outgoing: 6 
	datadep: 
	instructions:
		 0: def_%cl_1_4 
		 1: def_%cl_1_5 %cl_1_4[4.0,] 
		 2: RETURN %cl_1_5[4.1,] %self[2.0,] 
BB 6
	outgoing: 
	datadep: 
	instructions:
CLOSURE END: 
		 10: RETURN %v_6[2.9,] %self[2.0,] 
BB 3
	outgoing: 
	datadep: 
	instructions:

SET IRMethod, name = update_digests_to_sha256 instanceMethod = false
BB 1
	outgoing: 3 2 
	datadep: 
	instructions:
BB 2
	outgoing: 3 
	datadep: 
	instructions:
		 0: def_%self 
		 1: def_%v_0 
		 2: COPY TYPE_CurrentScope def_%current_scope 
		 3: COPY TYPE_ScopeModule def_%current_module 
		 4: 
		 5: Line Number 361
		 6: (Attachment) def_%v_3 
		 7: COPY TYPE_StringLiteral "length(digest) < 64" def_%v_4 
		 8: %v_3->where def_%v_5 %v_3[2.6,] %v_4[2.7,] 	 SYMBOL:	 ARGS:%v_4,
		 9: %v_5->find_each def_%v_6 %v_5[2.8,] %self[2.0,] 	 SYMBOL:	 ARGS:%v_5,
CLOSURE BEGIN: attachment[] 
BB 1
	outgoing: 6 2 
	datadep: 
	instructions:
BB 2
	outgoing: 3 
	datadep: 
	instructions:
		 0: def_%self 
		 1: def_%cl_1_0 
		 2: RECEIVEARG def_attachment 
		 3: COPY TYPE_CurrentScope def_%current_scope 
		 4: COPY TYPE_ScopeModule def_%current_module 
BB 3
	outgoing: 4 6 
	datadep: 
	instructions:
		 0: Line Number 362
		 1: attachment->update_digest_to_sha256! def_%cl_1_3 attachment[2.2,] 	 SYMBOL:	 ARGS:
		 2: RETURN %cl_1_3[3.1,] %self[2.0,] 
BB 4
	outgoing: 6 
	datadep: 
	instructions:
		 0: def_%cl_1_4 
		 1: def_%cl_1_5 %cl_1_4[4.0,] 
		 2: RETURN %cl_1_5[4.1,] %self[2.0,] 
BB 6
	outgoing: 
	datadep: 
	instructions:
CLOSURE END: 
		 10: RETURN %v_6[2.9,] %self[2.0,] 
BB 3
	outgoing: 
	datadep: 
	instructions:

SET IRMethod, name = update_digest_to_sha256! instanceMethod = true
BB 1
	outgoing: 8 2 
	datadep: 
	instructions:
BB 2
	outgoing: 3 6 
	datadep: 
	instructions:
		 0: def_%self 
		 1: def_%v_0 
		 2: COPY TYPE_CurrentScope def_%current_scope 
		 3: COPY TYPE_ScopeModule def_%current_module 
		 4: 
		 5: Line Number 368
		 6: %self->readable? def_%v_3 %self[2.0,] 	 SYMBOL:	 ARGS:
		 7: BRANCH %v_3[2.6,] 
BB 3
	outgoing: 4 5 
	datadep: 
	instructions:
		 0: Line Number 369
		 1: (Digest) def_%v_4 
		 2: (inherit SHA256) def_%v_5 %v_4[3.1,] 
		 3: %v_5[3.2,] 
BB 4
	outgoing: 5 
	datadep: 
	instructions:
		 0: %v_4->const_missing def_%v_5 %v_4[3.1,] 	 SYMBOL:SHA256,	 ARGS:Symbol,
BB 5
	outgoing: 8 
	datadep: 
	instructions:
		 0: %v_5->new def_%v_6 %v_5[4.0,3.2,] 	 SYMBOL:	 ARGS:
		 1: COPY TYPE_PASS def_sha %v_6[5.0,] 
		 2: Line Number 370
		 3: (File) def_%v_7 
		 4: %self->diskfile def_%v_8 %self[2.0,] 	 SYMBOL:	 ARGS:
		 5: COPY TYPE_StringLiteral "rb" def_%v_9 
		 6: %v_7->open def_%v_10 %v_7[5.3,] %v_8[5.4,] %v_9[5.5,] %self[5.4,2.0,] 	 SYMBOL:	 ARGS:%v_8,%v_9,%v_7,
CLOSURE BEGIN: f[] sha[5.1,] buffer[] 
BB 1
	outgoing: 11 2 
	datadep: 
	instructions:
BB 2
	outgoing: 4 
	datadep: 
	instructions:
		 0: def_%self 
		 1: def_%cl_1_0 
		 2: RECEIVEARG def_f 
		 3: COPY TYPE_CurrentScope def_%current_scope 
		 4: COPY TYPE_ScopeModule def_%current_module 
		 5: Line Number 371
BB 4
	outgoing: 5 7 9 
	datadep: 
	instructions:
		 0: f->read def_%cl_1_4 f[2.2,] 	 SYMBOL:	 ARGS:Fixnum,
		 1: COPY TYPE_PASS def_buffer %cl_1_4[4.0,] 
		 2: BRANCH %cl_1_4[4.0,] 
BB 5
	outgoing: 6 9 
	datadep: 
	instructions:
		 0: 
		 1: Line Number 372
		 2: sha->update def_%cl_1_5 sha[] buffer[4.1,] 	 SYMBOL:	 ARGS:buffer,
BB 6
	outgoing: 4 
	datadep: 
	instructions:
		 0: 
BB 7
	outgoing: 11 
	datadep: 
	instructions:
		 0: RETURN %self[2.0,] 
BB 9
	outgoing: 11 
	datadep: 
	instructions:
		 0: def_%cl_1_6 
		 1: def_%cl_1_7 %cl_1_6[9.0,] 
		 2: RETURN %cl_1_7[9.1,] %self[2.0,] 
BB 11
	outgoing: 
	datadep: 
	instructions:
CLOSURE END: buffer[4.1,] 
		 7: Line Number 375
		 8: sha->hexdigest def_%v_11 sha[5.1,] 	 SYMBOL:	 ARGS:
		 9: %self->update_column def_%v_12 %self[5.4,2.0,] %v_11[5.8,] 	 SYMBOL:digest,	 ARGS:Symbol,%v_11,
		 10: RETURN %v_12[5.9,] %self[5.4,5.9,2.0,] 
BB 6
	outgoing: 8 
	datadep: 
	instructions:
		 0: RETURN %self[2.0,] 
BB 8
	outgoing: 
	datadep: 
	instructions:

SET IRMethod, name = valid_extension? instanceMethod = false
BB 1
	outgoing: 16 2 
	datadep: 
	instructions:
BB 2
	outgoing: 4 5 14 
	datadep: 
	instructions:
		 0: def_%self 
		 1: def_%v_0 
		 2: COPY TYPE_CurrentScope def_%current_scope 
		 3: COPY TYPE_ScopeModule def_%current_module 
		 4: 
		 5: RECEIVEARG def_extension 
		 6: Line Number 382
		 7: COPY TYPE_Array def_%v_3 
		 8: %v_3->map def_%v_4 %v_3[2.7,] %self[2.0,] 	 SYMBOL:	 ARGS:%v_3,
CLOSURE BEGIN: setting[] 
BB 1
	outgoing: 6 2 
	datadep: 
	instructions:
BB 2
	outgoing: 3 
	datadep: 
	instructions:
		 0: def_%self 
		 1: def_%cl_1_0 
		 2: RECEIVEARG def_setting 
		 3: COPY TYPE_CurrentScope def_%current_scope 
		 4: COPY TYPE_ScopeModule def_%current_module 
BB 3
	outgoing: 4 6 
	datadep: 
	instructions:
		 0: Line Number 383
		 1: (Setting) def_%cl_1_3 
		 2: %cl_1_3->send def_%cl_1_4 %cl_1_3[3.1,] setting[2.2,] 	 SYMBOL:	 ARGS:setting,
		 3: RETURN %cl_1_4[3.2,] %self[2.0,] 
BB 4
	outgoing: 6 
	datadep: 
	instructions:
		 0: def_%cl_1_5 
		 1: def_%cl_1_6 %cl_1_5[4.0,] 
		 2: RETURN %cl_1_6[4.1,] %self[2.0,] 
BB 6
	outgoing: 
	datadep: 
	instructions:
CLOSURE END: 
		 9: def_%v_5 %v_4[2.8,] 
		 10: def_%v_6 %v_5[2.9,] 
		 11: def_%v_7 %v_5[2.9,] 
		 12: COPY TYPE_PASS def_denied %v_6[2.10,] 
		 13: COPY TYPE_PASS def_allowed %v_7[2.11,] 
		 14: Line Number 385
		 15: %v_6->present? def_%v_8 %v_6[2.10,] 	 SYMBOL:	 ARGS:
		 16: BRANCH %v_8[2.15,] 
BB 4
	outgoing: 5 14 
	datadep: 
	instructions:
		 0: %self->extension_in? def_%v_9 %self[2.0,] extension[2.5,] denied[2.12,] 	 SYMBOL:	 ARGS:extension,denied,
		 1: COPY TYPE_PASS def_%v_8 %v_9[4.0,] 
BB 5
	outgoing: 6 7 
	datadep: 
	instructions:
		 0: BRANCH %v_8[4.1,2.15,] 
BB 6
	outgoing: 16 
	datadep: 
	instructions:
		 0: Line Number 386
		 1: RETURN %self[2.0,] 
BB 7
	outgoing: 8 
	datadep: 
	instructions:
		 0: COPY TYPE_Nil def_%v_10 
BB 8
	outgoing: 9 10 14 
	datadep: 
	instructions:
		 0: Line Number 388
		 1: allowed->present? def_%v_11 allowed[2.13,] 	 SYMBOL:	 ARGS:
		 2: BRANCH %v_11[8.1,] 
BB 9
	outgoing: 10 14 
	datadep: 
	instructions:
		 0: %self->extension_in? def_%v_12 %self[2.0,] extension[2.5,] allowed[2.13,] 	 SYMBOL:	 ARGS:extension,allowed,
		 1: %v_12->! def_%v_13 %v_12[9.0,] 	 SYMBOL:	 ARGS:
		 2: COPY TYPE_PASS def_%v_11 %v_13[9.1,] 
BB 10
	outgoing: 11 12 
	datadep: 
	instructions:
		 0: BRANCH %v_11[9.2,8.1,] 
BB 11
	outgoing: 16 
	datadep: 
	instructions:
		 0: Line Number 389
		 1: RETURN %self[2.0,] 
BB 12
	outgoing: 16 
	datadep: 
	instructions:
		 0: COPY TYPE_Nil def_%v_14 
		 1: Line Number 392
		 2: RETURN %self[2.0,] 
BB 14
	outgoing: 16 
	datadep: 
	instructions:
		 0: def_%v_15 
		 1: def_%v_16 %v_15[14.0,] 
		 2: RETURN %v_16[14.1,] %self[2.0,] 
BB 16
	outgoing: 
	datadep: 
	instructions:

SET IRMethod, name = extension_in? instanceMethod = false
BB 1
	outgoing: 6 2 
	datadep: 
	instructions:
BB 2
	outgoing: 3 4 
	datadep: 
	instructions:
		 0: def_%self 
		 1: def_%v_0 
		 2: COPY TYPE_CurrentScope def_%current_scope 
		 3: COPY TYPE_ScopeModule def_%current_module 
		 4: 
		 5: RECEIVEARG def_extension 
		 6: RECEIVEARG def_extensions 
		 7: Line Number 396
		 8: extension->downcase def_%v_3 extension[2.5,] 	 SYMBOL:	 ARGS:
		 9: COPY TYPE_Regexp def_%v_4 
		 10: COPY TYPE_StringLiteral "" def_%v_5 
		 11: %v_3->sub def_%v_6 %v_3[2.8,] %v_5[2.10,] 	 SYMBOL:	 ARGS:%v_4,%v_5,
		 12: COPY TYPE_PASS def_extension %v_6[2.11,] 
		 13: Line Number 398
		 14: (Array) def_%v_7 
		 15: extensions->is_a? def_%v_8 extensions[2.6,] %v_7[2.14,] 	 SYMBOL:	 ARGS:%v_7,
		 16: BRANCH %v_8[2.15,] 
BB 3
	outgoing: 5 
	datadep: 
	instructions:
		 0: COPY TYPE_Nil def_%v_9 
		 1: 
BB 4
	outgoing: 5 
	datadep: 
	instructions:
		 0: Line Number 399
		 1: extensions->to_s def_%v_10 extensions[2.6,] 	 SYMBOL:	 ARGS:
		 2: COPY TYPE_StringLiteral "," def_%v_11 
		 3: %v_10->split def_%v_12 %v_10[4.1,] %v_11[4.2,] 	 SYMBOL:	 ARGS:%v_11,
		 4: %v_12->map def_%v_13 %v_12[4.3,] 	 SYMBOL:strip,	 ARGS:
		 5: COPY TYPE_PASS def_extensions %v_13[4.4,] 
		 6: COPY TYPE_PASS def_%v_9 %v_13[4.4,] 
BB 5
	outgoing: 6 
	datadep: 
	instructions:
		 0: Line Number 401
		 1: extensions->map def_%v_14 extensions[4.5,2.6,] %self[2.0,] 	 SYMBOL:	 ARGS:extensions,
CLOSURE BEGIN: s[] 
BB 1
	outgoing: 6 2 
	datadep: 
	instructions:
BB 2
	outgoing: 3 
	datadep: 
	instructions:
		 0: def_%self 
		 1: def_%cl_1_0 
		 2: RECEIVEARG def_s 
		 3: COPY TYPE_CurrentScope def_%current_scope 
		 4: COPY TYPE_ScopeModule def_%current_module 
BB 3
	outgoing: 4 6 
	datadep: 
	instructions:
		 0: Line Number 401
		 1: s->downcase def_%cl_1_3 s[2.2,] 	 SYMBOL:	 ARGS:
		 2: COPY TYPE_Regexp def_%cl_1_4 
		 3: COPY TYPE_StringLiteral "" def_%cl_1_5 
		 4: %cl_1_3->sub def_%cl_1_6 %cl_1_3[3.1,] %cl_1_5[3.3,] 	 SYMBOL:	 ARGS:%cl_1_4,%cl_1_5,
		 5: RETURN %cl_1_6[3.4,] %self[2.0,] 
BB 4
	outgoing: 6 
	datadep: 
	instructions:
		 0: def_%cl_1_7 
		 1: def_%cl_1_8 %cl_1_7[4.0,] 
		 2: RETURN %cl_1_8[4.1,] %self[2.0,] 
BB 6
	outgoing: 
	datadep: 
	instructions:
CLOSURE END: 
		 2: %v_14->reject def_%v_15 %v_14[5.1,] 	 SYMBOL:blank?,	 ARGS:
		 3: COPY TYPE_PASS def_extensions %v_15[5.2,] 
		 4: Line Number 402
		 5: %v_15->include? def_%v_16 %v_15[5.2,] extension[2.5,2.12,] 	 SYMBOL:	 ARGS:extension,
		 6: RETURN %v_16[5.5,] %self[2.0,] 
BB 6
	outgoing: 
	datadep: 
	instructions:

SET IRMethod, name = extension_in? instanceMethod = true
BB 1
	outgoing: 3 2 
	datadep: 
	instructions:
BB 2
	outgoing: 3 
	datadep: 
	instructions:
		 0: def_%self 
		 1: def_%v_0 
		 2: COPY TYPE_CurrentScope def_%current_scope 
		 3: COPY TYPE_ScopeModule def_%current_module 
		 4: 
		 5: RECEIVEARG def_extensions 
		 6: Line Number 407
		 7: %self->class def_%v_3 %self[2.0,] 	 SYMBOL:	 ARGS:
		 8: (File) def_%v_4 
		 9: %self->filename def_%v_5 %self[2.0,2.7,] 	 SYMBOL:	 ARGS:
		 10: %v_4->extname def_%v_6 %v_4[2.8,] %v_5[2.9,] 	 SYMBOL:	 ARGS:%v_5,
		 11: %v_3->extension_in? def_%v_7 %v_3[2.7,] %v_6[2.10,] extensions[2.5,] 	 SYMBOL:	 ARGS:%v_6,extensions,
		 12: RETURN %v_7[2.11,] %self[2.0,2.7,2.9,] 
BB 3
	outgoing: 
	datadep: 
	instructions:

SET IRMethod, name = digest_type instanceMethod = true
BB 1
	outgoing: 9 2 
	datadep: 
	instructions:
BB 2
	outgoing: 3 7 
	datadep: 
	instructions:
		 0: def_%self 
		 1: def_%v_0 
		 2: COPY TYPE_CurrentScope def_%current_scope 
		 3: COPY TYPE_ScopeModule def_%current_module 
		 4: 
		 5: Line Number 412
		 6: %self->digest def_%v_3 %self[2.0,] 	 SYMBOL:	 ARGS:
		 7: %v_3->present? def_%v_4 %v_3[2.6,] 	 SYMBOL:	 ARGS:
		 8: BRANCH %v_4[2.7,] 
BB 3
	outgoing: 4 5 
	datadep: 
	instructions:
		 0: %self->digest def_%v_5 %self[2.0,] 	 SYMBOL:	 ARGS:
		 1: %v_5->size def_%v_6 %v_5[3.0,] 	 SYMBOL:	 ARGS:
		 2: %v_6->< def_%v_7 %v_6[3.1,] 	 SYMBOL:	 ARGS:Fixnum,
		 3: BRANCH %v_7[3.2,] 
BB 4
	outgoing: 6 
	datadep: 
	instructions:
		 0: COPY TYPE_StringLiteral "MD5" def_%v_8 
		 1: 
BB 5
	outgoing: 6 
	datadep: 
	instructions:
		 0: COPY TYPE_StringLiteral "SHA256" def_%v_9 
		 1: COPY TYPE_PASS def_%v_8 %v_9[5.0,] 
BB 6
	outgoing: 9 
	datadep: 
	instructions:
		 0: RETURN %v_8[5.1,4.0,] %self[2.0,] 
BB 7
	outgoing: 9 
	datadep: 
	instructions:
		 0: RETURN %self[2.0,] 
BB 9
	outgoing: 
	datadep: 
	instructions:

SET IRMethod, name = reuse_existing_file_if_possible instanceMethod = true
BB 1
	outgoing: 19 2 
	datadep: 
	instructions:
BB 2
	outgoing: 4 
	datadep: 
	instructions:
		 0: def_%self 
		 1: def_%v_0 
		 2: COPY TYPE_CurrentScope def_%current_scope 
		 3: COPY TYPE_ScopeModule def_%current_module 
		 4: 
		 5: GLOBALVAR $! def_%v_3 
BB 4
	outgoing: 5 6 9 
	datadep: 
	instructions:
		 0: 
		 1: Line Number 418
		 2: COPY TYPE_Nil def_original_diskfile 
		 3: Line Number 420
		 4: %self->with_lock def_%v_6 %self[2.0,] %self[2.0,] 	 SYMBOL:	 ARGS:%self,
CLOSURE BEGIN: %self[2.0,] existing[] original_diskfile[4.2,] existing_diskfile[] 
BB 1
	outgoing: 9 2 
	datadep: 
	instructions:
BB 2
	outgoing: 3 
	datadep: 
	instructions:
		 0: def_%self 
		 1: def_%cl_1_0 
		 2: COPY TYPE_CurrentScope def_%current_scope 
		 3: COPY TYPE_ScopeModule def_%current_module 
BB 3
	outgoing: 4 5 7 
	datadep: 
	instructions:
		 0: Line Number 421
		 1: (Attachment) def_%cl_1_3 
		 2: %self->digest def_%cl_1_4 %self[2.0,] 	 SYMBOL:	 ARGS:
		 3: %self->filesize def_%cl_1_5 %self[3.2,2.0,] 	 SYMBOL:	 ARGS:
		 4: HASH-digest-filesize- def_%cl_1_6 %cl_1_4[3.2,] %cl_1_5[3.3,] 
		 5: %cl_1_3->where def_%cl_1_7 %cl_1_3[3.1,] %cl_1_6[3.4,] 	 SYMBOL:	 ARGS:%cl_1_6,
		 6: COPY TYPE_StringLiteral "id <> ? and disk_filename <> ?" def_%cl_1_8 
		 7: %self->id def_%cl_1_9 %self[3.2,3.3,2.0,] 	 SYMBOL:	 ARGS:
		 8: %self->disk_filename def_%cl_1_10 %self[3.2,3.3,3.7,2.0,] 	 SYMBOL:	 ARGS:
		 9: %cl_1_7->where def_%cl_1_11 %cl_1_7[3.5,] %cl_1_8[3.6,] %cl_1_9[3.7,] %cl_1_10[3.8,] 	 SYMBOL:	 ARGS:%cl_1_8,%cl_1_9,%cl_1_10,
		 10: %cl_1_11->first def_%cl_1_12 %cl_1_11[3.9,] 	 SYMBOL:	 ARGS:
		 11: COPY TYPE_PASS def_existing %cl_1_12[3.10,] 
		 12: BRANCH %cl_1_12[3.10,] 
BB 4
	outgoing: 6 7 
	datadep: 
	instructions:
		 0: Line Number 426
		 1: existing->with_lock def_%cl_1_13 existing[3.11,] %self[2.0,] 	 SYMBOL:	 ARGS:existing,
CLOSURE BEGIN: %self[2.0,] existing[3.11,] original_diskfile[] existing_diskfile[] 
BB 1
	outgoing: 13 2 
	datadep: 
	instructions:
BB 2
	outgoing: 3 
	datadep: 
	instructions:
		 0: def_%self 
		 1: def_%cl_2_0 
		 2: COPY TYPE_CurrentScope def_%current_scope 
		 3: COPY TYPE_ScopeModule def_%current_module 
BB 3
	outgoing: 4 5 11 
	datadep: 
	instructions:
		 0: Line Number 428
		 1: %self->diskfile def_%cl_2_3 %self[2.0,] 	 SYMBOL:	 ARGS:
		 2: COPY TYPE_PASS def_original_diskfile %cl_2_3[3.1,] 
		 3: Line Number 429
		 4: existing->diskfile def_%cl_2_4 existing[] 	 SYMBOL:	 ARGS:
		 5: COPY TYPE_PASS def_existing_diskfile %cl_2_4[3.4,] 
		 6: Line Number 431
		 7: (File) def_%cl_2_5 
		 8: %cl_2_5->readable? def_%cl_2_6 %cl_2_5[3.7,] original_diskfile[3.2,] 	 SYMBOL:	 ARGS:original_diskfile,
		 9: BRANCH %cl_2_6[3.8,] 
BB 4
	outgoing: 5 11 
	datadep: 
	instructions:
		 0: (File) def_%cl_2_7 
		 1: %cl_2_7->readable? def_%cl_2_8 %cl_2_7[4.0,] existing_diskfile[3.5,] 	 SYMBOL:	 ARGS:existing_diskfile,
		 2: COPY TYPE_PASS def_%cl_2_6 %cl_2_8[4.1,] 
BB 5
	outgoing: 6 7 
	datadep: 
	instructions:
		 0: BRANCH %cl_2_6[4.2,3.8,] 
BB 6
	outgoing: 7 11 
	datadep: 
	instructions:
		 0: (FileUtils) def_%cl_2_9 
		 1: %cl_2_9->identical? def_%cl_2_10 %cl_2_9[6.0,] original_diskfile[3.2,] existing_diskfile[3.5,] 	 SYMBOL:	 ARGS:original_diskfile,existing_diskfile,
		 2: COPY TYPE_PASS def_%cl_2_6 %cl_2_10[6.1,] 
BB 7
	outgoing: 8 9 
	datadep: 
	instructions:
		 0: BRANCH %cl_2_6[6.2,4.2,3.8,] 
BB 8
	outgoing: 10 11 
	datadep: 
	instructions:
		 0: Line Number 435
		 1: existing->disk_directory def_%cl_2_11 existing[] 	 SYMBOL:	 ARGS:
		 2: existing->disk_filename def_%cl_2_12 existing[8.1,] 	 SYMBOL:	 ARGS:
		 3: HASH-disk_directory-disk_filename- def_%cl_2_13 %cl_2_11[8.1,] %cl_2_12[8.2,] 
		 4: %self->update_columns def_%cl_2_14 %self[2.0,] %cl_2_13[8.3,] 	 SYMBOL:	 ARGS:%cl_2_13,
		 5: 
BB 9
	outgoing: 13 
	datadep: 
	instructions:
		 0: RETURN %self[2.0,] 
BB 10
	outgoing: 13 
	datadep: 
	instructions:
		 0: RETURN %cl_2_14[8.4,] %self[2.0,] 
BB 11
	outgoing: 13 
	datadep: 
	instructions:
		 0: def_%cl_2_15 
		 1: def_%cl_2_16 %cl_2_15[11.0,] 
		 2: RETURN %cl_2_16[11.1,] %self[2.0,] 
BB 13
	outgoing: 
	datadep: 
	instructions:
CLOSURE END: original_diskfile[3.2,] 
		 2: 
BB 5
	outgoing: 9 
	datadep: 
	instructions:
		 0: RETURN %self[2.0,] 
BB 6
	outgoing: 9 
	datadep: 
	instructions:
		 0: RETURN %cl_1_13[4.1,] %self[2.0,] 
BB 7
	outgoing: 9 
	datadep: 
	instructions:
		 0: def_%cl_1_14 
		 1: def_%cl_1_15 %cl_1_14[7.0,] 
		 2: RETURN %cl_1_15[7.1,] %self[2.0,] 
BB 9
	outgoing: 
	datadep: 
	instructions:
CLOSURE END: 
		 5: COPY TYPE_PASS def_reused %v_6[4.4,] 
		 6: Line Number 441
		 7: BRANCH %v_6[4.4,] 
BB 5
	outgoing: 7 9 
	datadep: 
	instructions:
		 0: Line Number 442
		 1: (File) def_%v_7 
		 2: %v_7->delete def_%v_8 %v_7[5.1,] original_diskfile[4.2,] 	 SYMBOL:	 ARGS:original_diskfile,
		 3: 
BB 6
	outgoing: 7 
	datadep: 
	instructions:
		 0: COPY TYPE_Nil def_%v_8 
BB 7
	outgoing: 8 9 
	datadep: 
	instructions:
		 0: COPY TYPE_PASS def_%v_5 %v_8[6.0,5.2,] 
		 1: 
		 2: %v_3[2.5,] 
BB 8
	outgoing: 18 
	datadep: 
	instructions:
		 0: 
BB 9
	outgoing: 10 11 17 
	datadep: 
	instructions:
		 0: 
		 1: def_%v_9 
		 2: (ActiveRecord) def_%v_10 
		 3: (inherit StatementInvalid) def_%v_11 %v_10[9.2,] 
		 4: %v_11[9.3,] 
BB 10
	outgoing: 11 17 
	datadep: 
	instructions:
		 0: %v_10->const_missing def_%v_11 %v_10[9.2,] 	 SYMBOL:StatementInvalid,	 ARGS:Symbol,
BB 11
	outgoing: 12 13 17 
	datadep: 
	instructions:
		 0: (ActiveRecord) def_%v_12 
		 1: (inherit RecordNotFound) def_%v_13 %v_12[11.0,] 
		 2: %v_13[11.1,] 
BB 12
	outgoing: 13 17 
	datadep: 
	instructions:
		 0: %v_12->const_missing def_%v_13 %v_12[11.0,] 	 SYMBOL:RecordNotFound,	 ARGS:Symbol,
BB 13
	outgoing: 14 15 17 
	datadep: 
	instructions:
		 0: def_%v_14 %v_11[10.0,9.3,] %v_13[12.0,11.1,] %v_9[9.1,] 
		 1: BRANCH %v_14[13.0,] 
BB 14
	outgoing: 17 19 
	datadep: 
	instructions:
		 0: %v_9[9.1,] 
BB 15
	outgoing: 16 17 
	datadep: 
	instructions:
		 0: COPY TYPE_Nil def_%v_5 
		 1: 
		 2: %v_3[2.5,] 
BB 16
	outgoing: 18 
	datadep: 
	instructions:
		 0: 
BB 17
	outgoing: 19 
	datadep: 
	instructions:
		 0: def_%v_15 
		 1: def_%v_16 %v_15[17.0,] %v_3[2.5,] 
		 2: %v_15[17.0,] 
BB 18
	outgoing: 19 
	datadep: 
	instructions:
		 0: RETURN %v_5[7.0,15.0,] %self[2.0,] 
BB 19
	outgoing: 
	datadep: 
	instructions:

SET IRMethod, name = delete_from_disk! instanceMethod = true
BB 1
	outgoing: 8 2 
	datadep: 
	instructions:
BB 2
	outgoing: 3 4 
	datadep: 
	instructions:
		 0: def_%self 
		 1: def_%v_0 
		 2: COPY TYPE_CurrentScope def_%current_scope 
		 3: COPY TYPE_ScopeModule def_%current_module 
		 4: 
		 5: Line Number 454
		 6: %self->disk_filename def_%v_3 %self[2.0,] 	 SYMBOL:	 ARGS:
		 7: %v_3->present? def_%v_4 %v_3[2.6,] 	 SYMBOL:	 ARGS:
		 8: BRANCH %v_4[2.7,] 
BB 3
	outgoing: 4 
	datadep: 
	instructions:
		 0: (File) def_%v_5 
		 1: %self->diskfile def_%v_6 %self[2.0,] 	 SYMBOL:	 ARGS:
		 2: %v_5->exist? def_%v_7 %v_5[3.0,] %v_6[3.1,] 	 SYMBOL:	 ARGS:%v_6,
		 3: COPY TYPE_PASS def_%v_4 %v_7[3.2,] 
BB 4
	outgoing: 5 6 
	datadep: 
	instructions:
		 0: BRANCH %v_4[3.3,2.7,] 
BB 5
	outgoing: 8 
	datadep: 
	instructions:
		 0: Line Number 455
		 1: (File) def_%v_8 
		 2: %self->diskfile def_%v_9 %self[2.0,] 	 SYMBOL:	 ARGS:
		 3: %v_8->delete def_%v_10 %v_8[5.1,] %v_9[5.2,] 	 SYMBOL:	 ARGS:%v_9,
		 4: RETURN %v_10[5.3,] %self[5.2,2.0,] 
BB 6
	outgoing: 8 
	datadep: 
	instructions:
		 0: RETURN %self[2.0,] 
BB 8
	outgoing: 
	datadep: 
	instructions:

SET IRMethod, name = sanitize_filename instanceMethod = true
BB 1
	outgoing: 3 2 
	datadep: 
	instructions:
BB 2
	outgoing: 3 
	datadep: 
	instructions:
		 0: def_%self 
		 1: def_%v_0 
		 2: COPY TYPE_CurrentScope def_%current_scope 
		 3: COPY TYPE_ScopeModule def_%current_module 
		 4: 
		 5: RECEIVEARG def_value 
		 6: Line Number 461
		 7: COPY TYPE_Regexp def_%v_3 
		 8: COPY TYPE_StringLiteral "" def_%v_4 
		 9: value->gsub def_%v_5 value[2.5,] %v_4[2.8,] 	 SYMBOL:	 ARGS:%v_3,%v_4,
		 10: COPY TYPE_PASS def_just_filename %v_5[2.9,] 
		 11: Line Number 464
		 12: COPY TYPE_Regexp def_%v_6 
		 13: COPY TYPE_StringLiteral "_" def_%v_7 
		 14: %v_5->gsub def_%v_8 %v_5[2.9,] %v_7[2.13,] 	 SYMBOL:	 ARGS:%v_6,%v_7,
		 15: RETURN %v_8[2.14,] %self[2.0,] 
BB 3
	outgoing: 
	datadep: 
	instructions:

SET IRMethod, name = target_directory instanceMethod = true
BB 1
	outgoing: 5 2 
	datadep: 
	instructions:
BB 2
	outgoing: 3 4 
	datadep: 
	instructions:
		 0: def_%self 
		 1: def_%v_0 
		 2: COPY TYPE_CurrentScope def_%current_scope 
		 3: COPY TYPE_ScopeModule def_%current_module 
		 4: 
		 5: Line Number 469
		 6: %self->created_on def_%v_3 %self[2.0,] 	 SYMBOL:	 ARGS:
		 7: BRANCH %v_3[2.6,] 
BB 3
	outgoing: 4 
	datadep: 
	instructions:
		 0: (DateTime) def_%v_4 
		 1: %v_4->now def_%v_5 %v_4[3.0,] 	 SYMBOL:	 ARGS:
		 2: COPY TYPE_PASS def_%v_3 %v_5[3.1,] 
BB 4
	outgoing: 5 
	datadep: 
	instructions:
		 0: COPY TYPE_PASS def_time %v_3[3.2,2.6,] 
		 1: Line Number 470
		 2: COPY TYPE_StringLiteral "%Y/%m" def_%v_6 
		 3: %v_3->strftime def_%v_7 %v_3[3.2,2.6,] %v_6[4.2,] 	 SYMBOL:	 ARGS:%v_6,
		 4: RETURN %v_7[4.3,] %self[2.0,] 
BB 5
	outgoing: 
	datadep: 
	instructions:

SET IRMethod, name = disk_filename instanceMethod = false
BB 1
	outgoing: 20 2 
	datadep: 
	instructions:
BB 2
	outgoing: 3 4 
	datadep: 
	instructions:
		 0: def_%self 
		 1: def_%v_0 
		 2: COPY TYPE_CurrentScope def_%current_scope 
		 3: COPY TYPE_ScopeModule def_%current_module 
		 4: 
		 5: RECEIVEARG def_filename 
		 6: RECEIVECONSTARG def_directory 
		 7: directory[2.6,] 
BB 3
	outgoing: 4 
	datadep: 
	instructions:
		 0: COPY TYPE_Nil def_directory 
BB 4
	outgoing: 5 6 
	datadep: 
	instructions:
		 0: Line Number 476
		 1: (DateTime) def_%v_3 
		 2: %v_3->now def_%v_4 %v_3[4.1,] 	 SYMBOL:	 ARGS:
		 3: COPY TYPE_StringLiteral "%y%m%d%H%M%S" def_%v_5 
		 4: %v_4->strftime def_%v_6 %v_4[4.2,] %v_5[4.3,] 	 SYMBOL:	 ARGS:%v_5,
		 5: COPY TYPE_PASS def_timestamp %v_6[4.4,] 
		 6: Line Number 477
		 7: COPY TYPE_StringLiteral "" def_%v_7 
		 8: COPY TYPE_PASS def_ascii %v_7[4.7,] 
		 9: Line Number 478
		 10: COPY TYPE_Regexp def_%v_8 
		 11: filename->=~ def_%v_9 filename[2.5,] 	 SYMBOL:	 ARGS:%v_8,
		 12: BRANCH %v_9[4.11,] 
BB 5
	outgoing: 6 
	datadep: 
	instructions:
		 0: filename->length def_%v_10 filename[2.5,] 	 SYMBOL:	 ARGS:
		 1: %v_10-><= def_%v_11 %v_10[5.0,] 	 SYMBOL:	 ARGS:Fixnum,
		 2: COPY TYPE_PASS def_%v_9 %v_11[5.1,] 
BB 6
	outgoing: 7 8 
	datadep: 
	instructions:
		 0: BRANCH %v_9[5.2,4.11,] 
BB 7
	outgoing: 14 
	datadep: 
	instructions:
		 0: Line Number 479
		 1: COPY TYPE_PASS def_ascii filename[2.5,] 
		 2: COPY TYPE_PASS def_%v_12 filename[2.5,] 
		 3: 
BB 8
	outgoing: 9 10 
	datadep: 
	instructions:
		 0: Line Number 481
		 1: (Digest) def_%v_13 
		 2: (inherit MD5) def_%v_14 %v_13[8.1,] 
		 3: %v_14[8.2,] 
BB 9
	outgoing: 10 
	datadep: 
	instructions:
		 0: %v_13->const_missing def_%v_14 %v_13[8.1,] 	 SYMBOL:MD5,	 ARGS:Symbol,
BB 10
	outgoing: 11 12 
	datadep: 
	instructions:
		 0: %v_14->hexdigest def_%v_15 %v_14[9.0,8.2,] filename[2.5,] 	 SYMBOL:	 ARGS:filename,
		 1: COPY TYPE_PASS def_ascii %v_15[10.0,] 
		 2: Line Number 483
		 3: COPY TYPE_Regexp def_%v_16 
		 4: filename->=~ def_%v_17 filename[2.5,] 	 SYMBOL:	 ARGS:%v_16,
		 5: BRANCH %v_17[10.4,] 
BB 11
	outgoing: 13 
	datadep: 
	instructions:
		 0: COPY TYPE_NthRef def_%v_18 
		 1: ascii-><< def_%v_19 ascii[10.1,] %v_18[11.0,] 	 SYMBOL:	 ARGS:%v_18,
		 2: 
BB 12
	outgoing: 13 
	datadep: 
	instructions:
		 0: COPY TYPE_Nil def_%v_19 
BB 13
	outgoing: 14 
	datadep: 
	instructions:
		 0: COPY TYPE_PASS def_%v_12 %v_19[12.0,11.1,] 
BB 14
	outgoing: 15 
	datadep: 
	instructions:
		 0: Line Number 485
BB 15
	outgoing: 16 18 
	datadep: 
	instructions:
		 0: (File) def_%v_21 
		 1: (File) def_%v_22 
		 2: %self->storage_path def_%v_23 %self[2.0,] 	 SYMBOL:	 ARGS:
		 3: directory->to_s def_%v_24 directory[3.0,2.6,] 	 SYMBOL:	 ARGS:
		 4: COPY TYPE_StringLiteral "_" def_%v_25 
		 5: BUILDSTRING def_%v_26 timestamp[4.5,] %v_25[15.4,] ascii[7.1,10.1,] 
		 6: %v_22->join def_%v_27 %v_22[15.1,] %v_23[15.2,] %v_24[15.3,] %v_26[15.5,] 	 SYMBOL:	 ARGS:%v_23,%v_24,%v_26,
		 7: %v_21->exist? def_%v_28 %v_21[15.0,] %v_27[15.6,] 	 SYMBOL:	 ARGS:%v_27,
		 8: BRANCH %v_28[15.7,] 
BB 16
	outgoing: 15 
	datadep: 
	instructions:
		 0: 
		 1: Line Number 486
		 2: timestamp->succ! def_%v_29 timestamp[4.5,] 	 SYMBOL:	 ARGS:
		 3: 
BB 18
	outgoing: 20 
	datadep: 
	instructions:
		 0: COPY TYPE_Nil def_%v_20 
		 1: Line Number 488
		 2: COPY TYPE_StringLiteral "_" def_%v_30 
		 3: BUILDSTRING def_%v_31 timestamp[4.5,] %v_30[18.2,] ascii[7.1,10.1,] 
		 4: RETURN %v_31[18.3,] %self[2.0,] 
BB 20
	outgoing: 
	datadep: 
	instructions:

