SET IRMethod, name = comments= instanceMethod = true
BB 1
	outgoing: 3 2 
	datadep: 
	instructions:
BB 2
	outgoing: 3 
	datadep: 
	instructions:
		 0: def_%self 
		 1: def_%v_0 
		 2: COPY TYPE_CurrentScope def_%current_scope 
		 3: COPY TYPE_ScopeModule def_%current_module 
		 4: 
		 5: RECEIVEARG def_arg 
		 6: Line Number 29
		 7: ATTRASSIGN %self->content arg[2.5,] 
		 8: RETURN arg[2.5,] %self[2.0,2.7,] 
BB 3
	outgoing: 
	datadep: 
	instructions:

SET IRMethod, name = comments instanceMethod = true
BB 1
	outgoing: 3 2 
	datadep: 
	instructions:
BB 2
	outgoing: 3 
	datadep: 
	instructions:
		 0: def_%self 
		 1: def_%v_0 
		 2: COPY TYPE_CurrentScope def_%current_scope 
		 3: COPY TYPE_ScopeModule def_%current_module 
		 4: 
		 5: Line Number 33
		 6: %self->content def_%v_3 %self[2.0,] 	 SYMBOL:	 ARGS:
		 7: RETURN %v_3[2.6,] %self[2.0,2.6,] 
BB 3
	outgoing: 
	datadep: 
	instructions:

SET IRMethod, name = send_notification instanceMethod = true
BB 1
	outgoing: 6 2 
	datadep: 
	instructions:
BB 2
	outgoing: 3 4 
	datadep: 
	instructions:
		 0: def_%self 
		 1: def_%v_0 
		 2: COPY TYPE_CurrentScope def_%current_scope 
		 3: COPY TYPE_ScopeModule def_%current_module 
		 4: 
		 5: Line Number 39
		 6: %self->commented def_%v_3 %self[2.0,] 	 SYMBOL:	 ARGS:
		 7: %v_3->class def_%v_4 %v_3[2.6,] 	 SYMBOL:	 ARGS:
		 8: %v_4->name def_%v_5 %v_4[2.7,] 	 SYMBOL:	 ARGS:
		 9: %v_5->underscore def_%v_6 %v_5[2.8,] 	 SYMBOL:	 ARGS:
		 10: COPY TYPE_StringLiteral "_comment_added" def_%v_7 
		 11: BUILDSTRING def_%v_8 %v_6[2.9,] %v_7[2.10,] 
		 12: COPY TYPE_PASS def_mailer_method %v_8[2.11,] 
		 13: Line Number 40
		 14: (Setting) def_%v_9 
		 15: %v_9->notified_events def_%v_10 %v_9[2.14,] 	 SYMBOL:	 ARGS:
		 16: %v_10->include? def_%v_11 %v_10[2.15,] mailer_method[2.12,] 	 SYMBOL:	 ARGS:mailer_method,
		 17: BRANCH %v_11[2.16,] 
BB 3
	outgoing: 6 
	datadep: 
	instructions:
		 0: Line Number 41
		 1: (Mailer) def_%v_12 
		 2: %v_12->send def_%v_13 %v_12[3.1,] mailer_method[2.12,] %self[2.0,] 	 SYMBOL:	 ARGS:mailer_method,%self,
		 3: %v_13->deliver def_%v_14 %v_13[3.2,] 	 SYMBOL:	 ARGS:
		 4: RETURN %v_14[3.3,] %self[2.0,] 
BB 4
	outgoing: 6 
	datadep: 
	instructions:
		 0: RETURN %self[2.0,] 
BB 6
	outgoing: 
	datadep: 
	instructions:

