SET IRMethod, name = validate_uniqueness instanceMethod = true
BB 1
	outgoing: 6 2 
	datadep: 
	instructions:
BB 2
	outgoing: 3 4 
	datadep: 
	instructions:
		 0: def_%self 
		 1: def_%v_0 
		 2: COPY TYPE_CurrentScope def_%current_scope 
		 3: COPY TYPE_ScopeModule def_%current_module 
		 4: 
		 5: Line Number 21
		 6: %self->class def_%v_3 %self[2.0,] 	 SYMBOL:	 ARGS:
		 7: %v_3->exists? def_%v_4 %v_3[2.6,] 	 SYMBOL:	 ARGS:
		 8: BRANCH %v_4[2.7,] 
BB 3
	outgoing: 6 
	datadep: 
	instructions:
		 0: %self->errors def_%v_5 %self[2.0,] 	 SYMBOL:	 ARGS:
		 1: COPY TYPE_StringLiteral "The builtin group already exists." def_%v_6 
		 2: %v_5->add def_%v_7 %v_5[3.0,] %v_6[3.1,] 	 SYMBOL:base,	 ARGS:Symbol,%v_6,
		 3: RETURN %v_7[3.2,] %self[3.0,2.0,] 
BB 4
	outgoing: 6 
	datadep: 
	instructions:
		 0: RETURN %self[2.0,] 
BB 6
	outgoing: 
	datadep: 
	instructions:

SET IRMethod, name = builtin? instanceMethod = true
BB 1
	outgoing: 3 2 
	datadep: 
	instructions:
BB 2
	outgoing: 3 
	datadep: 
	instructions:
		 0: def_%self 
		 1: def_%v_0 
		 2: COPY TYPE_CurrentScope def_%current_scope 
		 3: COPY TYPE_ScopeModule def_%current_module 
		 4: 
		 5: Line Number 26
		 6: RETURN %self[2.0,] 
BB 3
	outgoing: 
	datadep: 
	instructions:

SET IRMethod, name = destroy instanceMethod = true
BB 1
	outgoing: 3 2 
	datadep: 
	instructions:
BB 2
	outgoing: 3 
	datadep: 
	instructions:
		 0: def_%self 
		 1: def_%v_0 
		 2: COPY TYPE_CurrentScope def_%current_scope 
		 3: COPY TYPE_ScopeModule def_%current_module 
		 4: 
		 5: Line Number 30
		 6: RETURN %self[2.0,] 
BB 3
	outgoing: 
	datadep: 
	instructions:

SET IRMethod, name = user_added instanceMethod = true
BB 1
	outgoing: 3 2 
	datadep: 
	instructions:
BB 2
	outgoing: 3 
	datadep: 
	instructions:
		 0: def_%self 
		 1: def_%v_0 
		 2: COPY TYPE_CurrentScope def_%current_scope 
		 3: COPY TYPE_ScopeModule def_%current_module 
		 4: 
		 5: RECEIVEARG def_user 
		 6: Line Number 33
		 7: COPY TYPE_StringLiteral "Cannot add users to a builtin group" def_%v_3 
		 8: %self->raise def_%v_4 %self[2.0,] %v_3[2.7,] 	 SYMBOL:	 ARGS:%v_3,
		 9: RETURN %v_4[2.8,] %self[2.0,2.8,] 
BB 3
	outgoing: 
	datadep: 
	instructions:

SET IRMethod, name = load_instance instanceMethod = true
BB 1
	outgoing: 8 2 
	datadep: 
	instructions:
BB 2
	outgoing: 3 4 
	datadep: 
	instructions:
		 0: def_%self 
		 1: def_%v_0 
		 2: COPY TYPE_CurrentScope def_%current_scope 
		 3: COPY TYPE_ScopeModule def_%current_module 
		 4: 
		 5: Line Number 38
		 6: (GroupBuiltin) def_%v_3 
		 7: %self->== def_%v_4 %self[2.0,] %v_3[2.6,] 	 SYMBOL:	 ARGS:%v_3,
		 8: BRANCH %v_4[2.7,] 
BB 3
	outgoing: 8 
	datadep: 
	instructions:
		 0: RETURN %self[2.0,] 
BB 4
	outgoing: 6 7 
	datadep: 
	instructions:
		 0: COPY TYPE_Nil def_%v_5 
		 1: Line Number 39
		 2: %self->unscoped def_%v_6 %self[2.0,] 	 SYMBOL:	 ARGS:
		 3: COPY TYPE_StringLiteral "id" def_%v_7 
		 4: %v_6->order def_%v_8 %v_6[4.2,] %v_7[4.3,] 	 SYMBOL:	 ARGS:%v_7,
		 5: %v_8->first def_%v_9 %v_8[4.4,] 	 SYMBOL:	 ARGS:
		 6: BRANCH %v_9[4.5,] 
BB 6
	outgoing: 7 
	datadep: 
	instructions:
		 0: %self->create_instance def_%v_10 %self[2.0,] 	 SYMBOL:	 ARGS:
		 1: COPY TYPE_PASS def_%v_9 %v_10[6.0,] 
BB 7
	outgoing: 8 
	datadep: 
	instructions:
		 0: COPY TYPE_PASS def_instance %v_9[6.1,4.5,] 
		 1: RETURN %v_9[6.1,4.5,] %self[2.0,] 
BB 8
	outgoing: 
	datadep: 
	instructions:

SET IRMethod, name = create_instance instanceMethod = true
BB 1
	outgoing: 9 2 
	datadep: 
	instructions:
BB 2
	outgoing: 3 4 
	datadep: 
	instructions:
		 0: def_%self 
		 1: def_%v_0 
		 2: COPY TYPE_CurrentScope def_%current_scope 
		 3: COPY TYPE_ScopeModule def_%current_module 
		 4: 
		 5: Line Number 43
		 6: %self->exists? def_%v_3 %self[2.0,] 	 SYMBOL:	 ARGS:
		 7: BRANCH %v_3[2.6,] 
BB 3
	outgoing: 5 
	datadep: 
	instructions:
		 0: COPY TYPE_StringLiteral "The builtin group already exists." def_%v_4 
		 1: %self->raise def_%v_5 %self[2.0,] %v_4[3.0,] 	 SYMBOL:	 ARGS:%v_4,
		 2: 
BB 4
	outgoing: 5 
	datadep: 
	instructions:
		 0: COPY TYPE_Nil def_%v_5 
BB 5
	outgoing: 6 7 
	datadep: 
	instructions:
		 0: Line Number 44
		 1: %self->unscoped def_%v_6 %self[2.0,] 	 SYMBOL:	 ARGS:
		 2: %v_6->new def_%v_7 %v_6[5.1,] 	 SYMBOL:	 ARGS:
		 3: COPY TYPE_PASS def_instance %v_7[5.2,] 
		 4: Line Number 45
		 5: %self->name def_%v_8 %self[5.1,2.0,] 	 SYMBOL:	 ARGS:
		 6: ATTRASSIGN instance->lastname %v_8[5.5,] 
		 7: Line Number 46
		 8: HASH-validate- def_%v_9 
		 9: instance->save def_%v_10 instance[5.3,5.6,] %v_9[5.8,] 	 SYMBOL:	 ARGS:%v_9,
		 10: Line Number 47
		 11: instance->new_record? def_%v_11 instance[5.3,5.6,5.9,] 	 SYMBOL:	 ARGS:
		 12: BRANCH %v_11[5.11,] 
BB 6
	outgoing: 8 
	datadep: 
	instructions:
		 0: COPY TYPE_StringLiteral "Unable to create builtin group." def_%v_12 
		 1: %self->raise def_%v_13 %self[2.0,] %v_12[6.0,] 	 SYMBOL:	 ARGS:%v_12,
		 2: 
BB 7
	outgoing: 8 
	datadep: 
	instructions:
		 0: COPY TYPE_Nil def_%v_13 
BB 8
	outgoing: 9 
	datadep: 
	instructions:
		 0: Line Number 48
		 1: RETURN instance[5.3,5.6,] %self[2.0,] 
BB 9
	outgoing: 
	datadep: 
	instructions:

