SET IRMethod, name = initialize instanceMethod = true
BB 1
	outgoing: 7 2 
	datadep: 
	instructions:
BB 2
	outgoing: 3 4 
	datadep: 
	instructions:
		 0: def_%self 
		 1: def_%v_0 
		 2: COPY TYPE_CurrentScope def_%current_scope 
		 3: COPY TYPE_ScopeModule def_%current_module 
		 4: 
		 5: RECEIVECONSTARG def_attributes 
		 6: attributes[2.5,] 
BB 3
	outgoing: 4 
	datadep: 
	instructions:
		 0: COPY TYPE_Nil def_attributes 
BB 4
	outgoing: 5 6 
	datadep: 
	instructions:
		 0: RECEIVEARG def_args 
		 1: Line Number 37
		 2: %self->super def_%v_3 %current_module[2.3,] attributes[3.0,2.5,] %v_0[2.1,] 	 SYMBOL:	 ARGS:attributes,
		 3: Line Number 38
		 4: %self->filters def_%v_4 %self[2.0,] 	 SYMBOL:	 ARGS:
		 5: BRANCH %v_4[4.4,] 
BB 5
	outgoing: 7 
	datadep: 
	instructions:
		 0: COPY TYPE_StringLiteral "spent_on" def_%v_6 
		 1: COPY TYPE_StringLiteral "*" def_%v_7 
		 2: COPY TYPE_Array def_%v_8 
		 3: HASH-operator-values- def_%v_9 %v_7[5.1,] %v_8[5.2,] 
		 4: HASH- def_%v_10 %v_6[5.0,] %v_9[5.3,] 
		 5: %self->filters= def_%v_5 %v_10[5.4,] 	 SYMBOL:	 ARGS:%v_10,
		 6: RETURN %v_10[5.4,] %self[5.5,2.0,] 
BB 6
	outgoing: 7 
	datadep: 
	instructions:
		 0: RETURN %v_4[4.4,] %self[2.0,] 
BB 7
	outgoing: 
	datadep: 
	instructions:

SET IRMethod, name = initialize_available_filters instanceMethod = true
BB 1
	outgoing: 14 2 
	datadep: 
	instructions:
BB 2
	outgoing: 3 4 
	datadep: 
	instructions:
		 0: def_%self 
		 1: def_%v_0 
		 2: COPY TYPE_CurrentScope def_%current_scope 
		 3: COPY TYPE_ScopeModule def_%current_module 
		 4: 
		 5: Line Number 42
		 6: COPY TYPE_StringLiteral "spent_on" def_%v_3 
		 7: HASH-type- def_%v_4 
		 8: %self->add_available_filter def_%v_5 %self[2.0,] %v_3[2.6,] %v_4[2.7,] 	 SYMBOL:	 ARGS:%v_3,%v_4,
		 9: Line Number 46
		 10: %self->project def_%v_6 %self[2.0,2.8,] 	 SYMBOL:	 ARGS:
		 11: %v_6->nil? def_%v_7 %v_6[2.10,] 	 SYMBOL:	 ARGS:
		 12: BRANCH %v_7[2.11,] 
BB 3
	outgoing: 5 
	datadep: 
	instructions:
		 0: COPY TYPE_StringLiteral "project_id" def_%v_8 
		 1: %self->lambda def_%v_9 %self[2.0,] %self[2.0,] 	 SYMBOL:	 ARGS:%self,
CLOSURE BEGIN: %self[2.0,] 
BB 1
	outgoing: 6 2 
	datadep: 
	instructions:
BB 2
	outgoing: 3 
	datadep: 
	instructions:
		 0: def_%self 
		 1: def_%cl_1_0 
		 2: COPY TYPE_CurrentScope def_%current_scope 
		 3: COPY TYPE_ScopeModule def_%current_module 
BB 3
	outgoing: 4 6 
	datadep: 
	instructions:
		 0: Line Number 45
		 1: %self->project_values def_%cl_1_3 %self[2.0,] 	 SYMBOL:	 ARGS:
		 2: RETURN %cl_1_3[3.1,] %self[3.1,2.0,] 
BB 4
	outgoing: 6 
	datadep: 
	instructions:
		 0: def_%cl_1_4 
		 1: def_%cl_1_5 %cl_1_4[4.0,] 
		 2: RETURN %cl_1_5[4.1,] %self[2.0,] 
BB 6
	outgoing: 
	datadep: 
	instructions:
CLOSURE END: 
		 2: HASH-type-values- def_%v_10 %v_9[3.1,] 
		 3: %self->add_available_filter def_%v_11 %self[3.1,2.0,] %v_8[3.0,] %v_10[3.2,] 	 SYMBOL:	 ARGS:%v_8,%v_10,
		 4: 
BB 4
	outgoing: 5 
	datadep: 
	instructions:
		 0: COPY TYPE_Nil def_%v_11 
BB 5
	outgoing: 6 7 
	datadep: 
	instructions:
		 0: Line Number 48
		 1: %self->project def_%v_12 %self[2.0,] 	 SYMBOL:	 ARGS:
		 2: BRANCH %v_12[5.1,] 
BB 6
	outgoing: 7 
	datadep: 
	instructions:
		 0: %self->project def_%v_13 %self[2.0,] 	 SYMBOL:	 ARGS:
		 1: %v_13->leaf? def_%v_14 %v_13[6.0,] 	 SYMBOL:	 ARGS:
		 2: %v_14->! def_%v_15 %v_14[6.1,] 	 SYMBOL:	 ARGS:
		 3: COPY TYPE_PASS def_%v_12 %v_15[6.2,] 
BB 7
	outgoing: 8 9 
	datadep: 
	instructions:
		 0: BRANCH %v_12[6.3,5.1,] 
BB 8
	outgoing: 10 
	datadep: 
	instructions:
		 0: Line Number 49
		 1: COPY TYPE_StringLiteral "subproject_id" def_%v_16 
		 2: %self->lambda def_%v_17 %self[2.0,] %self[2.0,] 	 SYMBOL:	 ARGS:%self,
CLOSURE BEGIN: %self[2.0,] 
BB 1
	outgoing: 6 2 
	datadep: 
	instructions:
BB 2
	outgoing: 3 
	datadep: 
	instructions:
		 0: def_%self 
		 1: def_%cl_2_0 
		 2: COPY TYPE_CurrentScope def_%current_scope 
		 3: COPY TYPE_ScopeModule def_%current_module 
BB 3
	outgoing: 4 6 
	datadep: 
	instructions:
		 0: Line Number 51
		 1: %self->subproject_values def_%cl_2_3 %self[2.0,] 	 SYMBOL:	 ARGS:
		 2: RETURN %cl_2_3[3.1,] %self[3.1,2.0,] 
BB 4
	outgoing: 6 
	datadep: 
	instructions:
		 0: def_%cl_2_4 
		 1: def_%cl_2_5 %cl_2_4[4.0,] 
		 2: RETURN %cl_2_5[4.1,] %self[2.0,] 
BB 6
	outgoing: 
	datadep: 
	instructions:
CLOSURE END: 
		 3: HASH-type-values- def_%v_18 %v_17[8.2,] 
		 4: %self->add_available_filter def_%v_19 %self[8.2,2.0,] %v_16[8.1,] %v_18[8.3,] 	 SYMBOL:	 ARGS:%v_16,%v_18,
		 5: 
BB 9
	outgoing: 10 
	datadep: 
	instructions:
		 0: COPY TYPE_Nil def_%v_19 
BB 10
	outgoing: 11 12 
	datadep: 
	instructions:
		 0: Line Number 54
		 1: COPY TYPE_StringLiteral "issue_id" def_%v_20 
		 2: HASH-type-label- def_%v_21 
		 3: %self->add_available_filter def_%v_22 %self[2.0,] %v_20[10.1,] %v_21[10.2,] 	 SYMBOL:	 ARGS:%v_20,%v_21,
		 4: Line Number 55
		 5: COPY TYPE_StringLiteral "issue.tracker_id" def_%v_23 
		 6: COPY TYPE_StringLiteral "label_attribute_of_issue" def_%v_24 
		 7: %self->l def_%v_25 %self[10.3,2.0,] 	 SYMBOL:field_tracker,	 ARGS:Symbol,
		 8: HASH-name- def_%v_26 %v_25[10.7,] 
		 9: %self->l def_%v_27 %self[10.3,10.7,2.0,] %v_24[10.6,] %v_26[10.8,] 	 SYMBOL:	 ARGS:%v_24,%v_26,
		 10: %self->lambda def_%v_28 %self[10.3,10.7,10.9,2.0,] %self[10.3,10.7,10.9,2.0,] 	 SYMBOL:	 ARGS:%self,
CLOSURE BEGIN: %self[10.3,10.7,10.9,2.0,] t[] 
BB 1
	outgoing: 6 2 
	datadep: 
	instructions:
BB 2
	outgoing: 3 
	datadep: 
	instructions:
		 0: def_%self 
		 1: def_%cl_3_0 
		 2: COPY TYPE_CurrentScope def_%current_scope 
		 3: COPY TYPE_ScopeModule def_%current_module 
BB 3
	outgoing: 4 6 
	datadep: 
	instructions:
		 0: Line Number 58
		 1: %self->trackers def_%cl_3_3 %self[2.0,] 	 SYMBOL:	 ARGS:
		 2: %cl_3_3->map def_%cl_3_4 %cl_3_3[3.1,] %self[3.1,2.0,] 	 SYMBOL:	 ARGS:%cl_3_3,
CLOSURE BEGIN: t[] 
BB 1
	outgoing: 6 2 
	datadep: 
	instructions:
BB 2
	outgoing: 3 
	datadep: 
	instructions:
		 0: def_%self 
		 1: def_%cl_4_0 
		 2: RECEIVEARG def_t 
		 3: COPY TYPE_CurrentScope def_%current_scope 
		 4: COPY TYPE_ScopeModule def_%current_module 
BB 3
	outgoing: 4 6 
	datadep: 
	instructions:
		 0: Line Number 58
		 1: t->name def_%cl_4_3 t[2.2,] 	 SYMBOL:	 ARGS:
		 2: t->id def_%cl_4_4 t[3.1,2.2,] 	 SYMBOL:	 ARGS:
		 3: %cl_4_4->to_s def_%cl_4_5 %cl_4_4[3.2,] 	 SYMBOL:	 ARGS:
		 4: COPY TYPE_Array def_%cl_4_6 %cl_4_3[3.1,] %cl_4_5[3.3,] 
		 5: RETURN %cl_4_6[3.4,] %self[2.0,] 
BB 4
	outgoing: 6 
	datadep: 
	instructions:
		 0: def_%cl_4_7 
		 1: def_%cl_4_8 %cl_4_7[4.0,] 
		 2: RETURN %cl_4_8[4.1,] %self[2.0,] 
BB 6
	outgoing: 
	datadep: 
	instructions:
CLOSURE END: 
		 3: RETURN %cl_3_4[3.2,] %self[3.1,2.0,] 
BB 4
	outgoing: 6 
	datadep: 
	instructions:
		 0: def_%cl_3_5 
		 1: def_%cl_3_6 %cl_3_5[4.0,] 
		 2: RETURN %cl_3_6[4.1,] %self[2.0,] 
BB 6
	outgoing: 
	datadep: 
	instructions:
CLOSURE END: 
		 11: HASH-type-name-values- def_%v_29 %v_27[10.9,] %v_28[10.10,] 
		 12: %self->add_available_filter def_%v_30 %self[10.3,10.7,10.9,10.10,2.0,] %v_23[10.5,] %v_29[10.11,] 	 SYMBOL:	 ARGS:%v_23,%v_29,
		 13: Line Number 59
		 14: COPY TYPE_StringLiteral "issue.status_id" def_%v_31 
		 15: COPY TYPE_StringLiteral "label_attribute_of_issue" def_%v_32 
		 16: %self->l def_%v_33 %self[10.3,10.7,10.9,10.10,10.12,2.0,] 	 SYMBOL:field_status,	 ARGS:Symbol,
		 17: HASH-name- def_%v_34 %v_33[10.16,] 
		 18: %self->l def_%v_35 %self[10.3,10.7,10.9,10.10,10.12,10.16,2.0,] %v_32[10.15,] %v_34[10.17,] 	 SYMBOL:	 ARGS:%v_32,%v_34,
		 19: %self->lambda def_%v_36 %self[10.3,10.7,10.9,10.10,10.12,10.16,10.18,2.0,] %self[10.3,10.7,10.9,10.10,10.12,10.16,10.18,2.0,] 	 SYMBOL:	 ARGS:%self,
CLOSURE BEGIN: %self[10.3,10.7,10.9,10.10,10.12,10.16,10.18,2.0,] 
BB 1
	outgoing: 6 2 
	datadep: 
	instructions:
BB 2
	outgoing: 3 
	datadep: 
	instructions:
		 0: def_%self 
		 1: def_%cl_5_0 
		 2: COPY TYPE_CurrentScope def_%current_scope 
		 3: COPY TYPE_ScopeModule def_%current_module 
BB 3
	outgoing: 4 6 
	datadep: 
	instructions:
		 0: Line Number 62
		 1: %self->issue_statuses_values def_%cl_5_3 %self[2.0,] 	 SYMBOL:	 ARGS:
		 2: RETURN %cl_5_3[3.1,] %self[3.1,2.0,] 
BB 4
	outgoing: 6 
	datadep: 
	instructions:
		 0: def_%cl_5_4 
		 1: def_%cl_5_5 %cl_5_4[4.0,] 
		 2: RETURN %cl_5_5[4.1,] %self[2.0,] 
BB 6
	outgoing: 
	datadep: 
	instructions:
CLOSURE END: 
		 20: HASH-type-name-values- def_%v_37 %v_35[10.18,] %v_36[10.19,] 
		 21: %self->add_available_filter def_%v_38 %self[10.3,10.7,10.9,10.10,10.12,10.16,10.18,10.19,2.0,] %v_31[10.14,] %v_37[10.20,] 	 SYMBOL:	 ARGS:%v_31,%v_37,
		 22: Line Number 63
		 23: COPY TYPE_StringLiteral "issue.fixed_version_id" def_%v_39 
		 24: COPY TYPE_StringLiteral "label_attribute_of_issue" def_%v_40 
		 25: %self->l def_%v_41 %self[10.3,10.7,10.9,10.10,10.12,10.16,10.18,10.19,10.21,2.0,] 	 SYMBOL:field_fixed_version,	 ARGS:Symbol,
		 26: HASH-name- def_%v_42 %v_41[10.25,] 
		 27: %self->l def_%v_43 %self[10.3,10.7,10.9,10.10,10.12,10.16,10.18,10.19,10.21,10.25,2.0,] %v_40[10.24,] %v_42[10.26,] 	 SYMBOL:	 ARGS:%v_40,%v_42,
		 28: %self->lambda def_%v_44 %self[10.3,10.7,10.9,10.10,10.12,10.16,10.18,10.19,10.21,10.25,10.27,2.0,] %self[10.3,10.7,10.9,10.10,10.12,10.16,10.18,10.19,10.21,10.25,10.27,2.0,] 	 SYMBOL:	 ARGS:%self,
CLOSURE BEGIN: %self[10.3,10.7,10.9,10.10,10.12,10.16,10.18,10.19,10.21,10.25,10.27,2.0,] 
BB 1
	outgoing: 6 2 
	datadep: 
	instructions:
BB 2
	outgoing: 3 
	datadep: 
	instructions:
		 0: def_%self 
		 1: def_%cl_6_0 
		 2: COPY TYPE_CurrentScope def_%current_scope 
		 3: COPY TYPE_ScopeModule def_%current_module 
BB 3
	outgoing: 4 6 
	datadep: 
	instructions:
		 0: Line Number 66
		 1: %self->fixed_version_values def_%cl_6_3 %self[2.0,] 	 SYMBOL:	 ARGS:
		 2: RETURN %cl_6_3[3.1,] %self[3.1,2.0,] 
BB 4
	outgoing: 6 
	datadep: 
	instructions:
		 0: def_%cl_6_4 
		 1: def_%cl_6_5 %cl_6_4[4.0,] 
		 2: RETURN %cl_6_5[4.1,] %self[2.0,] 
BB 6
	outgoing: 
	datadep: 
	instructions:
CLOSURE END: 
		 29: HASH-type-name-values- def_%v_45 %v_43[10.27,] %v_44[10.28,] 
		 30: %self->add_available_filter def_%v_46 %self[10.3,10.7,10.9,10.10,10.12,10.16,10.18,10.19,10.21,10.25,10.27,10.28,2.0,] %v_39[10.23,] %v_45[10.29,] 	 SYMBOL:	 ARGS:%v_39,%v_45,
		 31: Line Number 68
		 32: COPY TYPE_StringLiteral "user_id" def_%v_47 
		 33: %self->lambda def_%v_48 %self[10.3,10.7,10.9,10.10,10.12,10.16,10.18,10.19,10.21,10.25,10.27,10.28,10.30,2.0,] %self[10.3,10.7,10.9,10.10,10.12,10.16,10.18,10.19,10.21,10.25,10.27,10.28,10.30,2.0,] 	 SYMBOL:	 ARGS:%self,
CLOSURE BEGIN: %self[10.3,10.7,10.9,10.10,10.12,10.16,10.18,10.19,10.21,10.25,10.27,10.28,10.30,2.0,] 
BB 1
	outgoing: 6 2 
	datadep: 
	instructions:
BB 2
	outgoing: 3 
	datadep: 
	instructions:
		 0: def_%self 
		 1: def_%cl_7_0 
		 2: COPY TYPE_CurrentScope def_%current_scope 
		 3: COPY TYPE_ScopeModule def_%current_module 
BB 3
	outgoing: 4 6 
	datadep: 
	instructions:
		 0: Line Number 69
		 1: %self->author_values def_%cl_7_3 %self[2.0,] 	 SYMBOL:	 ARGS:
		 2: RETURN %cl_7_3[3.1,] %self[3.1,2.0,] 
BB 4
	outgoing: 6 
	datadep: 
	instructions:
		 0: def_%cl_7_4 
		 1: def_%cl_7_5 %cl_7_4[4.0,] 
		 2: RETURN %cl_7_5[4.1,] %self[2.0,] 
BB 6
	outgoing: 
	datadep: 
	instructions:
CLOSURE END: 
		 34: HASH-type-values- def_%v_49 %v_48[10.33,] 
		 35: %self->add_available_filter def_%v_50 %self[10.3,10.7,10.9,10.10,10.12,10.16,10.18,10.19,10.21,10.25,10.27,10.28,10.30,10.33,2.0,] %v_47[10.32,] %v_49[10.34,] 	 SYMBOL:	 ARGS:%v_47,%v_49,
		 36: Line Number 72
		 37: %self->project def_%v_51 %self[10.3,10.7,10.9,10.10,10.12,10.16,10.18,10.19,10.21,10.25,10.27,10.28,10.30,10.33,10.35,2.0,] 	 SYMBOL:	 ARGS:
		 38: BRANCH %v_51[10.37,] 
BB 11
	outgoing: 13 
	datadep: 
	instructions:
		 0: %self->project def_%v_52 %self[2.0,] 	 SYMBOL:	 ARGS:
		 1: %v_52->activities def_%v_53 %v_52[11.0,] 	 SYMBOL:	 ARGS:
		 2: 
BB 12
	outgoing: 13 
	datadep: 
	instructions:
		 0: (TimeEntryActivity) def_%v_54 
		 1: %v_54->shared def_%v_55 %v_54[12.0,] 	 SYMBOL:	 ARGS:
		 2: COPY TYPE_PASS def_%v_53 %v_55[12.1,] 
BB 13
	outgoing: 14 
	datadep: 
	instructions:
		 0: COPY TYPE_PASS def_activities %v_53[12.2,11.1,] 
		 1: Line Number 73
		 2: COPY TYPE_StringLiteral "activity_id" def_%v_56 
		 3: %v_53->map def_%v_57 %v_53[12.2,11.1,] %self[2.0,] 	 SYMBOL:	 ARGS:%v_53,
CLOSURE BEGIN: a[] 
BB 1
	outgoing: 6 2 
	datadep: 
	instructions:
BB 2
	outgoing: 3 
	datadep: 
	instructions:
		 0: def_%self 
		 1: def_%cl_8_0 
		 2: RECEIVEARG def_a 
		 3: COPY TYPE_CurrentScope def_%current_scope 
		 4: COPY TYPE_ScopeModule def_%current_module 
BB 3
	outgoing: 4 6 
	datadep: 
	instructions:
		 0: Line Number 74
		 1: a->name def_%cl_8_3 a[2.2,] 	 SYMBOL:	 ARGS:
		 2: a->id def_%cl_8_4 a[3.1,2.2,] 	 SYMBOL:	 ARGS:
		 3: %cl_8_4->to_s def_%cl_8_5 %cl_8_4[3.2,] 	 SYMBOL:	 ARGS:
		 4: COPY TYPE_Array def_%cl_8_6 %cl_8_3[3.1,] %cl_8_5[3.3,] 
		 5: RETURN %cl_8_6[3.4,] %self[2.0,] 
BB 4
	outgoing: 6 
	datadep: 
	instructions:
		 0: def_%cl_8_7 
		 1: def_%cl_8_8 %cl_8_7[4.0,] 
		 2: RETURN %cl_8_8[4.1,] %self[2.0,] 
BB 6
	outgoing: 
	datadep: 
	instructions:
CLOSURE END: 
		 4: HASH-type-values- def_%v_58 %v_57[13.3,] 
		 5: %self->add_available_filter def_%v_59 %self[2.0,] %v_56[13.2,] %v_58[13.4,] 	 SYMBOL:	 ARGS:%v_56,%v_58,
		 6: Line Number 77
		 7: COPY TYPE_StringLiteral "comments" def_%v_60 
		 8: HASH-type- def_%v_61 
		 9: %self->add_available_filter def_%v_62 %self[13.5,2.0,] %v_60[13.7,] %v_61[13.8,] 	 SYMBOL:	 ARGS:%v_60,%v_61,
		 10: Line Number 78
		 11: COPY TYPE_StringLiteral "hours" def_%v_63 
		 12: HASH-type- def_%v_64 
		 13: %self->add_available_filter def_%v_65 %self[13.5,13.9,2.0,] %v_63[13.11,] %v_64[13.12,] 	 SYMBOL:	 ARGS:%v_63,%v_64,
		 14: Line Number 80
		 15: (TimeEntryCustomField) def_%v_66 
		 16: %self->add_custom_fields_filters def_%v_67 %self[13.5,13.9,13.13,2.0,] %v_66[13.15,] 	 SYMBOL:	 ARGS:%v_66,
		 17: Line Number 81
		 18: %self->add_associations_custom_fields_filters def_%v_68 %self[13.5,13.9,13.13,13.16,2.0,] 	 SYMBOL:project,	 ARGS:Symbol,
		 19: Line Number 82
		 20: %self->issue_custom_fields def_%v_69 %self[13.5,13.9,13.13,13.16,13.18,2.0,] 	 SYMBOL:	 ARGS:
		 21: %self->add_custom_fields_filters def_%v_70 %self[13.5,13.9,13.13,13.16,13.18,13.20,2.0,] %v_69[13.20,] 	 SYMBOL:issue,	 ARGS:%v_69,Symbol,
		 22: Line Number 83
		 23: %self->add_associations_custom_fields_filters def_%v_71 %self[13.5,13.9,13.13,13.16,13.18,13.20,13.21,2.0,] 	 SYMBOL:user,	 ARGS:Symbol,
		 24: RETURN %v_71[13.23,] %self[13.5,13.9,13.13,13.16,13.18,13.20,13.21,13.23,2.0,] 
BB 14
	outgoing: 
	datadep: 
	instructions:

SET IRMethod, name = available_columns instanceMethod = true
BB 1
	outgoing: 6 2 
	datadep: 
	instructions:
BB 2
	outgoing: 3 4 
	datadep: 
	instructions:
		 0: def_%self 
		 1: def_%v_0 
		 2: COPY TYPE_CurrentScope def_%current_scope 
		 3: COPY TYPE_ScopeModule def_%current_module 
		 4: 
		 5: Line Number 88
		 6: GETFIELD %self->available_columns def_%v_3 %self[2.0,] 
		 7: BRANCH %v_3[2.6,] 
BB 3
	outgoing: 6 
	datadep: 
	instructions:
		 0: GETFIELD %self->available_columns def_%v_4 %self[2.0,] 
		 1: RETURN %v_4[3.0,] %self[2.0,] 
BB 4
	outgoing: 6 
	datadep: 
	instructions:
		 0: COPY TYPE_Nil def_%v_5 
		 1: %self->class def_%v_6 %self[2.0,] 	 SYMBOL:	 ARGS:
		 2: %v_6->available_columns def_%v_7 %v_6[4.1,] 	 SYMBOL:	 ARGS:
		 3: %v_7->dup def_%v_8 %v_7[4.2,] 	 SYMBOL:	 ARGS:
		 4: ATTRASSIGN %self->available_columns %v_8[4.3,] 
		 5: Line Number 89
		 6: GETFIELD %self->available_columns def_%v_9 %self[4.1,4.4,2.0,] 
		 7: (TimeEntryCustomField) def_%v_10 
		 8: %v_10->visible def_%v_11 %v_10[4.7,] 	 SYMBOL:	 ARGS:
		 9: %v_11->map def_%v_12 %v_11[4.8,] %self[4.1,4.4,2.0,] 	 SYMBOL:	 ARGS:%v_11,
CLOSURE BEGIN: cf[] 
BB 1
	outgoing: 6 2 
	datadep: 
	instructions:
BB 2
	outgoing: 3 
	datadep: 
	instructions:
		 0: def_%self 
		 1: def_%cl_1_0 
		 2: RECEIVEARG def_cf 
		 3: COPY TYPE_CurrentScope def_%current_scope 
		 4: COPY TYPE_ScopeModule def_%current_module 
BB 3
	outgoing: 4 6 
	datadep: 
	instructions:
		 0: Line Number 90
		 1: (QueryCustomFieldColumn) def_%cl_1_3 
		 2: %cl_1_3->new def_%cl_1_4 %cl_1_3[3.1,] cf[2.2,] 	 SYMBOL:	 ARGS:cf,
		 3: RETURN %cl_1_4[3.2,] %self[2.0,] 
BB 4
	outgoing: 6 
	datadep: 
	instructions:
		 0: def_%cl_1_5 
		 1: def_%cl_1_6 %cl_1_5[4.0,] 
		 2: RETURN %cl_1_6[4.1,] %self[2.0,] 
BB 6
	outgoing: 
	datadep: 
	instructions:
CLOSURE END: 
		 10: %v_9->+ def_%v_13 %v_9[4.6,] %v_12[4.9,] 	 SYMBOL:	 ARGS:%v_12,
		 11: ATTRASSIGN %self->available_columns %v_13[4.10,] 
		 12: Line Number 91
		 13: GETFIELD %self->available_columns def_%v_14 %self[4.1,4.4,4.11,2.0,] 
		 14: %self->issue_custom_fields def_%v_15 %self[4.1,4.4,4.11,2.0,] 	 SYMBOL:	 ARGS:
		 15: %v_15->visible def_%v_16 %v_15[4.14,] 	 SYMBOL:	 ARGS:
		 16: %v_16->map def_%v_17 %v_16[4.15,] %self[4.1,4.4,4.11,4.14,2.0,] 	 SYMBOL:	 ARGS:%v_16,
CLOSURE BEGIN: cf[4.9,] 
BB 1
	outgoing: 6 2 
	datadep: 
	instructions:
BB 2
	outgoing: 3 
	datadep: 
	instructions:
		 0: def_%self 
		 1: def_%cl_2_0 
		 2: RECEIVEARG def_cf 
		 3: COPY TYPE_CurrentScope def_%current_scope 
		 4: COPY TYPE_ScopeModule def_%current_module 
BB 3
	outgoing: 4 6 
	datadep: 
	instructions:
		 0: Line Number 92
		 1: (QueryAssociationCustomFieldColumn) def_%cl_2_3 
		 2: HASH-totalable- def_%cl_2_4 
		 3: %cl_2_3->new def_%cl_2_5 %cl_2_3[3.1,] cf[2.2,] %cl_2_4[3.2,] 	 SYMBOL:issue,	 ARGS:Symbol,cf,%cl_2_4,
		 4: RETURN %cl_2_5[3.3,] %self[2.0,] 
BB 4
	outgoing: 6 
	datadep: 
	instructions:
		 0: def_%cl_2_6 
		 1: def_%cl_2_7 %cl_2_6[4.0,] 
		 2: RETURN %cl_2_7[4.1,] %self[2.0,] 
BB 6
	outgoing: 
	datadep: 
	instructions:
CLOSURE END: 
		 17: %v_14->+ def_%v_18 %v_14[4.13,] %v_17[4.16,] 	 SYMBOL:	 ARGS:%v_17,
		 18: ATTRASSIGN %self->available_columns %v_18[4.17,] 
		 19: Line Number 93
		 20: GETFIELD %self->available_columns def_%v_19 %self[4.1,4.4,4.11,4.14,4.18,2.0,] 
		 21: (ProjectCustomField) def_%v_20 
		 22: %v_20->visible def_%v_21 %v_20[4.21,] 	 SYMBOL:	 ARGS:
		 23: %v_21->map def_%v_22 %v_21[4.22,] %self[4.1,4.4,4.11,4.14,4.18,2.0,] 	 SYMBOL:	 ARGS:%v_21,
CLOSURE BEGIN: cf[4.9,4.16,] 
BB 1
	outgoing: 6 2 
	datadep: 
	instructions:
BB 2
	outgoing: 3 
	datadep: 
	instructions:
		 0: def_%self 
		 1: def_%cl_3_0 
		 2: RECEIVEARG def_cf 
		 3: COPY TYPE_CurrentScope def_%current_scope 
		 4: COPY TYPE_ScopeModule def_%current_module 
BB 3
	outgoing: 4 6 
	datadep: 
	instructions:
		 0: Line Number 94
		 1: (QueryAssociationCustomFieldColumn) def_%cl_3_3 
		 2: %cl_3_3->new def_%cl_3_4 %cl_3_3[3.1,] cf[2.2,] 	 SYMBOL:project,	 ARGS:Symbol,cf,
		 3: RETURN %cl_3_4[3.2,] %self[2.0,] 
BB 4
	outgoing: 6 
	datadep: 
	instructions:
		 0: def_%cl_3_5 
		 1: def_%cl_3_6 %cl_3_5[4.0,] 
		 2: RETURN %cl_3_6[4.1,] %self[2.0,] 
BB 6
	outgoing: 
	datadep: 
	instructions:
CLOSURE END: 
		 24: %v_19->+ def_%v_23 %v_19[4.20,] %v_22[4.23,] 	 SYMBOL:	 ARGS:%v_22,
		 25: ATTRASSIGN %self->available_columns %v_23[4.24,] 
		 26: Line Number 96
		 27: GETFIELD %self->available_columns def_%v_24 %self[4.1,4.4,4.11,4.14,4.18,4.25,2.0,] 
		 28: RETURN %v_24[4.27,] %self[4.1,4.4,4.11,4.14,4.18,4.25,2.0,] 
BB 6
	outgoing: 
	datadep: 
	instructions:

SET IRMethod, name = default_columns_names instanceMethod = true
BB 1
	outgoing: 10 2 
	datadep: 
	instructions:
BB 2
	outgoing: 3 4 
	datadep: 
	instructions:
		 0: def_%self 
		 1: def_%v_0 
		 2: COPY TYPE_CurrentScope def_%current_scope 
		 3: COPY TYPE_ScopeModule def_%current_module 
		 4: 
		 5: Line Number 99
		 6: def_%v_4 %self[2.0,] 
		 7: COPY TYPE_PASS def_%v_3 %v_4[2.6,] 
		 8: %v_4[2.6,] 
BB 3
	outgoing: 4 
	datadep: 
	instructions:
		 0: GETFIELD %self->default_columns_names def_%v_5 %self[2.0,] 
		 1: COPY TYPE_PASS def_%v_3 %v_5[3.0,] 
BB 4
	outgoing: 5 9 
	datadep: 
	instructions:
		 0: BRANCH %v_3[3.1,2.7,] 
BB 5
	outgoing: 6 7 
	datadep: 
	instructions:
		 0: Line Number 100
		 1: COPY TYPE_Array def_%v_6 
		 2: COPY TYPE_PASS def_default_columns %v_6[5.1,] 
		 3: Line Number 102
		 4: %self->project def_%v_7 %self[2.0,] 	 SYMBOL:	 ARGS:
		 5: %v_7->present? def_%v_8 %v_7[5.4,] 	 SYMBOL:	 ARGS:
		 6: BRANCH %v_8[5.5,] 
BB 6
	outgoing: 8 
	datadep: 
	instructions:
		 0: COPY TYPE_PASS def_%v_9 default_columns[5.2,] 
		 1: 
BB 7
	outgoing: 8 
	datadep: 
	instructions:
		 0: COPY TYPE_Array def_%v_10 
		 1: %v_10->| def_%v_11 %v_10[7.0,] default_columns[5.2,] 	 SYMBOL:	 ARGS:default_columns,
		 2: COPY TYPE_PASS def_%v_9 %v_11[7.1,] 
BB 8
	outgoing: 10 
	datadep: 
	instructions:
		 0: ATTRASSIGN %self->default_columns_names %v_9[7.2,6.0,] 
		 1: RETURN %v_9[7.2,6.0,] %self[8.0,2.0,] 
BB 9
	outgoing: 10 
	datadep: 
	instructions:
		 0: RETURN %v_5[3.0,] %self[2.0,] 
BB 10
	outgoing: 
	datadep: 
	instructions:

SET IRMethod, name = default_totalable_names instanceMethod = true
BB 1
	outgoing: 3 2 
	datadep: 
	instructions:
BB 2
	outgoing: 3 
	datadep: 
	instructions:
		 0: def_%self 
		 1: def_%v_0 
		 2: COPY TYPE_CurrentScope def_%current_scope 
		 3: COPY TYPE_ScopeModule def_%current_module 
		 4: 
		 5: Line Number 107
		 6: COPY TYPE_Array def_%v_3 
		 7: RETURN %v_3[2.6,] %self[2.0,] 
BB 3
	outgoing: 
	datadep: 
	instructions:

SET IRMethod, name = default_sort_criteria instanceMethod = true
BB 1
	outgoing: 3 2 
	datadep: 
	instructions:
BB 2
	outgoing: 3 
	datadep: 
	instructions:
		 0: def_%self 
		 1: def_%v_0 
		 2: COPY TYPE_CurrentScope def_%current_scope 
		 3: COPY TYPE_ScopeModule def_%current_module 
		 4: 
		 5: Line Number 111
		 6: COPY TYPE_StringLiteral "spent_on" def_%v_3 
		 7: COPY TYPE_StringLiteral "desc" def_%v_4 
		 8: COPY TYPE_Array def_%v_5 %v_3[2.6,] %v_4[2.7,] 
		 9: COPY TYPE_Array def_%v_6 %v_5[2.8,] 
		 10: RETURN %v_6[2.9,] %self[2.0,] 
BB 3
	outgoing: 
	datadep: 
	instructions:

SET IRMethod, name = filtered_issue_id instanceMethod = true
BB 1
	outgoing: 6 2 
	datadep: 
	instructions:
BB 2
	outgoing: 3 4 
	datadep: 
	instructions:
		 0: def_%self 
		 1: def_%v_0 
		 2: COPY TYPE_CurrentScope def_%current_scope 
		 3: COPY TYPE_ScopeModule def_%current_module 
		 4: 
		 5: Line Number 116
		 6: COPY TYPE_StringLiteral "issue_id" def_%v_3 
		 7: %self->value_for def_%v_4 %self[2.0,] %v_3[2.6,] 	 SYMBOL:	 ARGS:%v_3,
		 8: %v_4->to_s def_%v_5 %v_4[2.7,] 	 SYMBOL:	 ARGS:
		 9: COPY TYPE_Regexp def_%v_6 
		 10: %v_5->=~ def_%v_7 %v_5[2.8,] 	 SYMBOL:	 ARGS:%v_6,
		 11: BRANCH %v_7[2.10,] 
BB 3
	outgoing: 6 
	datadep: 
	instructions:
		 0: Line Number 117
		 1: COPY TYPE_NthRef def_%v_8 
		 2: RETURN %self[2.0,] 
BB 4
	outgoing: 6 
	datadep: 
	instructions:
		 0: RETURN %self[2.0,] 
BB 6
	outgoing: 
	datadep: 
	instructions:

SET IRMethod, name = base_scope instanceMethod = true
BB 1
	outgoing: 3 2 
	datadep: 
	instructions:
BB 2
	outgoing: 3 
	datadep: 
	instructions:
		 0: def_%self 
		 1: def_%v_0 
		 2: COPY TYPE_CurrentScope def_%current_scope 
		 3: COPY TYPE_ScopeModule def_%current_module 
		 4: 
		 5: Line Number 122
		 6: (TimeEntry) def_%v_3 
		 7: %v_3->visible def_%v_4 %v_3[2.6,] 	 SYMBOL:	 ARGS:
		 8: %v_4->joins def_%v_5 %v_4[2.7,] 	 SYMBOL:project,user,	 ARGS:Symbol,Symbol,
		 9: %v_5->includes def_%v_6 %v_5[2.8,] 	 SYMBOL:activity,	 ARGS:Symbol,
		 10: %v_6->references def_%v_7 %v_6[2.9,] 	 SYMBOL:activity,	 ARGS:Symbol,
		 11: %v_7->left_join_issue def_%v_8 %v_7[2.10,] 	 SYMBOL:	 ARGS:
		 12: %self->statement def_%v_9 %self[2.0,] 	 SYMBOL:	 ARGS:
		 13: %v_8->where def_%v_10 %v_8[2.11,] %v_9[2.12,] 	 SYMBOL:	 ARGS:%v_9,
		 14: RETURN %v_10[2.13,] %self[2.0,2.12,] 
BB 3
	outgoing: 
	datadep: 
	instructions:

SET IRMethod, name = results_scope instanceMethod = true
BB 1
	outgoing: 7 2 
	datadep: 
	instructions:
BB 2
	outgoing: 3 4 
	datadep: 
	instructions:
		 0: def_%self 
		 1: def_%v_0 
		 2: COPY TYPE_CurrentScope def_%current_scope 
		 3: COPY TYPE_ScopeModule def_%current_module 
		 4: 
		 5: RECEIVECONSTARG def_options 
		 6: options[2.5,] 
BB 3
	outgoing: 4 
	datadep: 
	instructions:
		 0: HASH- def_%v_3 
		 1: COPY TYPE_PASS def_options %v_3[3.0,] 
BB 4
	outgoing: 5 6 
	datadep: 
	instructions:
		 0: Line Number 131
		 1: %self->group_by_sort_order def_%v_4 %self[2.0,] 	 SYMBOL:	 ARGS:
		 2: options->[] def_%v_5 options[3.1,2.5,] 	 SYMBOL:order,	 ARGS:Symbol,
		 3: BRANCH %v_5[4.2,] 
BB 5
	outgoing: 6 
	datadep: 
	instructions:
		 0: %self->sort_clause def_%v_6 %self[2.0,] 	 SYMBOL:	 ARGS:
		 1: COPY TYPE_PASS def_%v_5 %v_6[5.0,] 
BB 6
	outgoing: 7 
	datadep: 
	instructions:
		 0: COPY TYPE_Array def_%v_7 %v_4[4.1,] %v_5[5.1,4.2,] 
		 1: %v_7->flatten def_%v_8 %v_7[6.0,] 	 SYMBOL:	 ARGS:
		 2: %v_8->reject def_%v_9 %v_8[6.1,] 	 SYMBOL:blank?,	 ARGS:
		 3: COPY TYPE_PASS def_order_option %v_9[6.2,] 
		 4: Line Number 133
		 5: %self->base_scope def_%v_10 %self[2.0,] 	 SYMBOL:	 ARGS:
		 6: %v_10->order def_%v_11 %v_10[6.5,] order_option[6.3,] 	 SYMBOL:	 ARGS:order_option,
		 7: COPY TYPE_StringLiteral "," def_%v_12 
		 8: order_option->join def_%v_13 order_option[6.3,] %v_12[6.7,] 	 SYMBOL:	 ARGS:%v_12,
		 9: %self->joins_for_order_statement def_%v_14 %self[6.5,2.0,] %v_13[6.8,] 	 SYMBOL:	 ARGS:%v_13,
		 10: %v_11->joins def_%v_15 %v_11[6.6,] %v_14[6.9,] 	 SYMBOL:	 ARGS:%v_14,
		 11: RETURN %v_15[6.10,] %self[6.5,6.9,2.0,] 
BB 7
	outgoing: 
	datadep: 
	instructions:

SET IRMethod, name = total_for_hours instanceMethod = true
BB 1
	outgoing: 3 2 
	datadep: 
	instructions:
BB 2
	outgoing: 3 
	datadep: 
	instructions:
		 0: def_%self 
		 1: def_%v_0 
		 2: COPY TYPE_CurrentScope def_%current_scope 
		 3: COPY TYPE_ScopeModule def_%current_module 
		 4: 
		 5: RECEIVEARG def_scope 
		 6: Line Number 140
		 7: scope->sum def_%v_3 scope[2.5,] 	 SYMBOL:hours,	 ARGS:Symbol,
		 8: %self->map_total def_%v_4 %self[2.0,] %v_3[2.7,] %self[2.0,] 	 SYMBOL:	 ARGS:%v_3,%self,
CLOSURE BEGIN: t[] 
BB 1
	outgoing: 6 2 
	datadep: 
	instructions:
BB 2
	outgoing: 3 
	datadep: 
	instructions:
		 0: def_%self 
		 1: def_%cl_1_0 
		 2: RECEIVEARG def_t 
		 3: COPY TYPE_CurrentScope def_%current_scope 
		 4: COPY TYPE_ScopeModule def_%current_module 
BB 3
	outgoing: 4 6 
	datadep: 
	instructions:
		 0: Line Number 140
		 1: t->to_f def_%cl_1_3 t[2.2,] 	 SYMBOL:	 ARGS:
		 2: %cl_1_3->round def_%cl_1_4 %cl_1_3[3.1,] 	 SYMBOL:	 ARGS:Fixnum,
		 3: RETURN %cl_1_4[3.2,] %self[2.0,] 
BB 4
	outgoing: 6 
	datadep: 
	instructions:
		 0: def_%cl_1_5 
		 1: def_%cl_1_6 %cl_1_5[4.0,] 
		 2: RETURN %cl_1_6[4.1,] %self[2.0,] 
BB 6
	outgoing: 
	datadep: 
	instructions:
CLOSURE END: 
		 9: RETURN %v_4[2.8,] %self[2.0,2.8,] 
BB 3
	outgoing: 
	datadep: 
	instructions:

SET IRMethod, name = sql_for_issue_id_field instanceMethod = true
BB 1
	outgoing: 18 2 
	datadep: 
	instructions:
BB 2
	outgoing: 3 7 
	datadep: 
	instructions:
		 0: def_%self 
		 1: def_%v_0 
		 2: COPY TYPE_CurrentScope def_%current_scope 
		 3: COPY TYPE_ScopeModule def_%current_module 
		 4: 
		 5: RECEIVEARG def_field 
		 6: RECEIVEARG def_operator 
		 7: RECEIVEARG def_value 
		 8: Line Number 144
		 9: COPY TYPE_StringLiteral "=" def_%v_5 
		 10: def_%v_4 %v_5[2.9,] operator[2.6,] 
		 11: BRANCH %v_4[2.10,] 
BB 3
	outgoing: 4 8 
	datadep: 
	instructions:
		 0: COPY TYPE_StringLiteral "~" def_%v_7 
		 1: def_%v_6 %v_7[3.0,] operator[2.6,] 
		 2: BRANCH %v_6[3.1,] 
BB 4
	outgoing: 5 14 
	datadep: 
	instructions:
		 0: COPY TYPE_StringLiteral "!*" def_%v_9 
		 1: def_%v_8 %v_9[4.0,] operator[2.6,] 
		 2: BRANCH %v_8[4.1,] 
BB 5
	outgoing: 6 15 
	datadep: 
	instructions:
		 0: COPY TYPE_StringLiteral "*" def_%v_11 
		 1: def_%v_10 %v_11[5.0,] operator[2.6,] 
		 2: BRANCH %v_10[5.1,] 
BB 6
	outgoing: 17 
	datadep: 
	instructions:
		 0: COPY TYPE_Nil def_%v_3 
		 1: 
BB 7
	outgoing: 18 
	datadep: 
	instructions:
		 0: Line Number 146
		 1: (TimeEntry) def_%v_12 
		 2: %v_12->table_name def_%v_13 %v_12[7.1,] 	 SYMBOL:	 ARGS:
		 3: COPY TYPE_StringLiteral ".issue_id = " def_%v_14 
		 4: value->first def_%v_15 value[2.7,] 	 SYMBOL:	 ARGS:
		 5: %v_15->to_i def_%v_16 %v_15[7.4,] 	 SYMBOL:	 ARGS:
		 6: BUILDSTRING def_%v_17 %v_13[7.2,] %v_14[7.3,] %v_16[7.5,] 
		 7: COPY TYPE_PASS def_%v_3 %v_17[7.6,] 
		 8: RETURN %v_17[7.6,] %self[2.0,] 
BB 8
	outgoing: 9 10 
	datadep: 
	instructions:
		 0: Line Number 148
		 1: (Issue) def_%v_18 
		 2: value->first def_%v_19 value[2.7,] 	 SYMBOL:	 ARGS:
		 3: %v_19->to_i def_%v_20 %v_19[8.2,] 	 SYMBOL:	 ARGS:
		 4: HASH-id- def_%v_21 %v_20[8.3,] 
		 5: %v_18->where def_%v_22 %v_18[8.1,] %v_21[8.4,] 	 SYMBOL:	 ARGS:%v_21,
		 6: %v_22->first def_%v_23 %v_22[8.5,] 	 SYMBOL:	 ARGS:
		 7: COPY TYPE_PASS def_issue %v_23[8.6,] 
		 8: Line Number 149
		 9: COPY TYPE_PASS def_%v_24 %v_23[8.6,] 
		 10: BRANCH %v_23[8.6,] 
BB 9
	outgoing: 10 
	datadep: 
	instructions:
		 0: issue->self_and_descendants def_%v_25 issue[8.7,] 	 SYMBOL:	 ARGS:
		 1: %v_25->pluck def_%v_26 %v_25[9.0,] 	 SYMBOL:id,	 ARGS:Symbol,
		 2: COPY TYPE_PASS def_issue_ids %v_26[9.1,] 
		 3: COPY TYPE_PASS def_%v_27 %v_26[9.1,] 
		 4: %v_26->any? def_%v_28 %v_26[9.1,] 	 SYMBOL:	 ARGS:
		 5: COPY TYPE_PASS def_%v_24 %v_28[9.4,] 
BB 10
	outgoing: 11 12 
	datadep: 
	instructions:
		 0: BRANCH %v_24[9.5,8.9,] 
BB 11
	outgoing: 13 
	datadep: 
	instructions:
		 0: Line Number 150
		 1: (TimeEntry) def_%v_29 
		 2: %v_29->table_name def_%v_30 %v_29[11.1,] 	 SYMBOL:	 ARGS:
		 3: COPY TYPE_StringLiteral ".issue_id IN (" def_%v_31 
		 4: COPY TYPE_StringLiteral "," def_%v_32 
		 5: issue_ids->join def_%v_33 issue_ids[9.2,] %v_32[11.4,] 	 SYMBOL:	 ARGS:%v_32,
		 6: COPY TYPE_StringLiteral ")" def_%v_34 
		 7: BUILDSTRING def_%v_35 %v_30[11.2,] %v_31[11.3,] %v_33[11.5,] %v_34[11.6,] 
		 8: 
BB 12
	outgoing: 13 
	datadep: 
	instructions:
		 0: Line Number 152
		 1: COPY TYPE_StringLiteral "1=0" def_%v_36 
		 2: COPY TYPE_PASS def_%v_35 %v_36[12.1,] 
BB 13
	outgoing: 17 
	datadep: 
	instructions:
		 0: COPY TYPE_PASS def_%v_3 %v_35[12.2,11.7,] 
		 1: 
BB 14
	outgoing: 18 
	datadep: 
	instructions:
		 0: Line Number 155
		 1: (TimeEntry) def_%v_37 
		 2: %v_37->table_name def_%v_38 %v_37[14.1,] 	 SYMBOL:	 ARGS:
		 3: COPY TYPE_StringLiteral ".issue_id IS NULL" def_%v_39 
		 4: BUILDSTRING def_%v_40 %v_38[14.2,] %v_39[14.3,] 
		 5: COPY TYPE_PASS def_%v_3 %v_40[14.4,] 
		 6: RETURN %v_40[14.4,] %self[2.0,] 
BB 15
	outgoing: 18 
	datadep: 
	instructions:
		 0: Line Number 157
		 1: (TimeEntry) def_%v_41 
		 2: %v_41->table_name def_%v_42 %v_41[15.1,] 	 SYMBOL:	 ARGS:
		 3: COPY TYPE_StringLiteral ".issue_id IS NOT NULL" def_%v_43 
		 4: BUILDSTRING def_%v_44 %v_42[15.2,] %v_43[15.3,] 
		 5: COPY TYPE_PASS def_%v_3 %v_44[15.4,] 
		 6: RETURN %v_44[15.4,] %self[2.0,] 
BB 17
	outgoing: 18 
	datadep: 
	instructions:
		 0: RETURN %v_3[13.0,6.0,] %self[2.0,] 
BB 18
	outgoing: 
	datadep: 
	instructions:

SET IRMethod, name = sql_for_issue_fixed_version_id_field instanceMethod = true
BB 1
	outgoing: 15 2 
	datadep: 
	instructions:
BB 2
	outgoing: 3 5 
	datadep: 
	instructions:
		 0: def_%self 
		 1: def_%v_0 
		 2: COPY TYPE_CurrentScope def_%current_scope 
		 3: COPY TYPE_ScopeModule def_%current_module 
		 4: 
		 5: RECEIVEARG def_field 
		 6: RECEIVEARG def_operator 
		 7: RECEIVEARG def_value 
		 8: Line Number 162
		 9: (Issue) def_%v_3 
		 10: value->map def_%v_4 value[2.7,] 	 SYMBOL:to_i,	 ARGS:
		 11: HASH-fixed_version_id- def_%v_5 %v_4[2.10,] 
		 12: %v_3->where def_%v_6 %v_3[2.9,] %v_5[2.11,] 	 SYMBOL:	 ARGS:%v_5,
		 13: %v_6->pluck def_%v_7 %v_6[2.12,] 	 SYMBOL:id,	 ARGS:Symbol,
		 14: COPY TYPE_PASS def_issue_ids %v_7[2.13,] 
		 15: Line Number 163
		 16: COPY TYPE_StringLiteral "=" def_%v_10 
		 17: def_%v_9 %v_10[2.16,] operator[2.6,] 
		 18: BRANCH %v_9[2.17,] 
BB 3
	outgoing: 4 9 
	datadep: 
	instructions:
		 0: COPY TYPE_StringLiteral "!" def_%v_12 
		 1: def_%v_11 %v_12[3.0,] operator[2.6,] 
		 2: BRANCH %v_11[3.1,] 
BB 4
	outgoing: 14 
	datadep: 
	instructions:
		 0: COPY TYPE_Nil def_%v_8 
		 1: 
BB 5
	outgoing: 6 7 
	datadep: 
	instructions:
		 0: Line Number 165
		 1: issue_ids->any? def_%v_13 issue_ids[2.14,] 	 SYMBOL:	 ARGS:
		 2: BRANCH %v_13[5.1,] 
BB 6
	outgoing: 8 
	datadep: 
	instructions:
		 0: Line Number 166
		 1: (TimeEntry) def_%v_14 
		 2: %v_14->table_name def_%v_15 %v_14[6.1,] 	 SYMBOL:	 ARGS:
		 3: COPY TYPE_StringLiteral ".issue_id IN (" def_%v_16 
		 4: COPY TYPE_StringLiteral "," def_%v_17 
		 5: issue_ids->join def_%v_18 issue_ids[2.14,] %v_17[6.4,] 	 SYMBOL:	 ARGS:%v_17,
		 6: COPY TYPE_StringLiteral ")" def_%v_19 
		 7: BUILDSTRING def_%v_20 %v_15[6.2,] %v_16[6.3,] %v_18[6.5,] %v_19[6.6,] 
		 8: 
BB 7
	outgoing: 8 
	datadep: 
	instructions:
		 0: Line Number 168
		 1: COPY TYPE_StringLiteral "1=0" def_%v_21 
		 2: COPY TYPE_PASS def_%v_20 %v_21[7.1,] 
BB 8
	outgoing: 14 
	datadep: 
	instructions:
		 0: COPY TYPE_PASS def_%v_8 %v_20[7.2,6.7,] 
		 1: 
BB 9
	outgoing: 10 11 
	datadep: 
	instructions:
		 0: Line Number 171
		 1: issue_ids->any? def_%v_22 issue_ids[2.14,] 	 SYMBOL:	 ARGS:
		 2: BRANCH %v_22[9.1,] 
BB 10
	outgoing: 12 
	datadep: 
	instructions:
		 0: Line Number 172
		 1: (TimeEntry) def_%v_23 
		 2: %v_23->table_name def_%v_24 %v_23[10.1,] 	 SYMBOL:	 ARGS:
		 3: COPY TYPE_StringLiteral ".issue_id NOT IN (" def_%v_25 
		 4: COPY TYPE_StringLiteral "," def_%v_26 
		 5: issue_ids->join def_%v_27 issue_ids[2.14,] %v_26[10.4,] 	 SYMBOL:	 ARGS:%v_26,
		 6: COPY TYPE_StringLiteral ")" def_%v_28 
		 7: BUILDSTRING def_%v_29 %v_24[10.2,] %v_25[10.3,] %v_27[10.5,] %v_28[10.6,] 
		 8: 
BB 11
	outgoing: 12 
	datadep: 
	instructions:
		 0: Line Number 174
		 1: COPY TYPE_StringLiteral "1=1" def_%v_30 
		 2: COPY TYPE_PASS def_%v_29 %v_30[11.1,] 
BB 12
	outgoing: 14 
	datadep: 
	instructions:
		 0: COPY TYPE_PASS def_%v_8 %v_29[11.2,10.7,] 
		 1: 
BB 14
	outgoing: 15 
	datadep: 
	instructions:
		 0: RETURN %v_8[8.0,12.0,4.0,] %self[2.0,] 
BB 15
	outgoing: 
	datadep: 
	instructions:

SET IRMethod, name = sql_for_activity_id_field instanceMethod = true
BB 1
	outgoing: 6 2 
	datadep: 
	instructions:
BB 2
	outgoing: 3 4 
	datadep: 
	instructions:
		 0: def_%self 
		 1: def_%v_0 
		 2: COPY TYPE_CurrentScope def_%current_scope 
		 3: COPY TYPE_ScopeModule def_%current_module 
		 4: 
		 5: RECEIVEARG def_field 
		 6: RECEIVEARG def_operator 
		 7: RECEIVEARG def_value 
		 8: Line Number 180
		 9: (Enumeration) def_%v_3 
		 10: %v_3->table_name def_%v_4 %v_3[2.9,] 	 SYMBOL:	 ARGS:
		 11: COPY TYPE_StringLiteral "id" def_%v_5 
		 12: %self->sql_for_field def_%v_6 %self[2.0,] field[2.5,] operator[2.6,] value[2.7,] %v_4[2.10,] %v_5[2.11,] 	 SYMBOL:	 ARGS:field,operator,value,%v_4,%v_5,
		 13: COPY TYPE_PASS def_condition_on_id %v_6[2.12,] 
		 14: Line Number 181
		 15: (Enumeration) def_%v_7 
		 16: %v_7->table_name def_%v_8 %v_7[2.15,] 	 SYMBOL:	 ARGS:
		 17: COPY TYPE_StringLiteral "parent_id" def_%v_9 
		 18: %self->sql_for_field def_%v_10 %self[2.0,2.12,] field[2.5,] operator[2.6,] value[2.7,] %v_8[2.16,] %v_9[2.17,] 	 SYMBOL:	 ARGS:field,operator,value,%v_8,%v_9,
		 19: COPY TYPE_PASS def_condition_on_parent_id %v_10[2.18,] 
		 20: Line Number 182
		 21: value->map def_%v_11 value[2.7,] 	 SYMBOL:to_i,	 ARGS:
		 22: COPY TYPE_StringLiteral "," def_%v_12 
		 23: %v_11->join def_%v_13 %v_11[2.21,] %v_12[2.22,] 	 SYMBOL:	 ARGS:%v_12,
		 24: COPY TYPE_PASS def_ids %v_13[2.23,] 
		 25: Line Number 183
		 26: (Enumeration) def_%v_14 
		 27: %v_14->table_name def_%v_15 %v_14[2.26,] 	 SYMBOL:	 ARGS:
		 28: COPY TYPE_PASS def_table_name %v_15[2.27,] 
		 29: Line Number 184
		 30: COPY TYPE_StringLiteral "=" def_%v_16 
		 31: operator->== def_%v_17 operator[2.6,] %v_16[2.30,] 	 SYMBOL:	 ARGS:%v_16,
		 32: BRANCH %v_17[2.31,] 
BB 3
	outgoing: 6 
	datadep: 
	instructions:
		 0: Line Number 185
		 1: COPY TYPE_StringLiteral "(" def_%v_18 
		 2: COPY TYPE_StringLiteral ".id IN (" def_%v_19 
		 3: COPY TYPE_StringLiteral ") OR " def_%v_20 
		 4: COPY TYPE_StringLiteral ".parent_id IN (" def_%v_21 
		 5: COPY TYPE_StringLiteral "))" def_%v_22 
		 6: BUILDSTRING def_%v_23 %v_18[3.1,] table_name[2.28,] %v_19[3.2,] ids[2.24,] %v_20[3.3,] table_name[2.28,] %v_21[3.4,] ids[2.24,] %v_22[3.5,] 
		 7: RETURN %v_23[3.6,] %self[2.0,] 
BB 4
	outgoing: 6 
	datadep: 
	instructions:
		 0: Line Number 187
		 1: COPY TYPE_StringLiteral "(" def_%v_24 
		 2: COPY TYPE_StringLiteral ".id NOT IN (" def_%v_25 
		 3: COPY TYPE_StringLiteral ") AND (" def_%v_26 
		 4: COPY TYPE_StringLiteral ".parent_id IS NULL OR " def_%v_27 
		 5: COPY TYPE_StringLiteral ".parent_id NOT IN (" def_%v_28 
		 6: COPY TYPE_StringLiteral ")))" def_%v_29 
		 7: BUILDSTRING def_%v_30 %v_24[4.1,] table_name[2.28,] %v_25[4.2,] ids[2.24,] %v_26[4.3,] table_name[2.28,] %v_27[4.4,] table_name[2.28,] %v_28[4.5,] ids[2.24,] %v_29[4.6,] 
		 8: RETURN %v_30[4.7,] %self[2.0,] 
BB 6
	outgoing: 
	datadep: 
	instructions:

SET IRMethod, name = sql_for_issue_tracker_id_field instanceMethod = true
BB 1
	outgoing: 3 2 
	datadep: 
	instructions:
BB 2
	outgoing: 3 
	datadep: 
	instructions:
		 0: def_%self 
		 1: def_%v_0 
		 2: COPY TYPE_CurrentScope def_%current_scope 
		 3: COPY TYPE_ScopeModule def_%current_module 
		 4: 
		 5: RECEIVEARG def_field 
		 6: RECEIVEARG def_operator 
		 7: RECEIVEARG def_value 
		 8: Line Number 192
		 9: COPY TYPE_StringLiteral "tracker_id" def_%v_3 
		 10: (Issue) def_%v_4 
		 11: %v_4->table_name def_%v_5 %v_4[2.10,] 	 SYMBOL:	 ARGS:
		 12: COPY TYPE_StringLiteral "tracker_id" def_%v_6 
		 13: %self->sql_for_field def_%v_7 %self[2.0,] %v_3[2.9,] operator[2.6,] value[2.7,] %v_5[2.11,] %v_6[2.12,] 	 SYMBOL:	 ARGS:%v_3,operator,value,%v_5,%v_6,
		 14: RETURN %v_7[2.13,] %self[2.0,2.13,] 
BB 3
	outgoing: 
	datadep: 
	instructions:

SET IRMethod, name = sql_for_issue_status_id_field instanceMethod = true
BB 1
	outgoing: 3 2 
	datadep: 
	instructions:
BB 2
	outgoing: 3 
	datadep: 
	instructions:
		 0: def_%self 
		 1: def_%v_0 
		 2: COPY TYPE_CurrentScope def_%current_scope 
		 3: COPY TYPE_ScopeModule def_%current_module 
		 4: 
		 5: RECEIVEARG def_field 
		 6: RECEIVEARG def_operator 
		 7: RECEIVEARG def_value 
		 8: Line Number 196
		 9: COPY TYPE_StringLiteral "status_id" def_%v_3 
		 10: (Issue) def_%v_4 
		 11: %v_4->table_name def_%v_5 %v_4[2.10,] 	 SYMBOL:	 ARGS:
		 12: COPY TYPE_StringLiteral "status_id" def_%v_6 
		 13: %self->sql_for_field def_%v_7 %self[2.0,] %v_3[2.9,] operator[2.6,] value[2.7,] %v_5[2.11,] %v_6[2.12,] 	 SYMBOL:	 ARGS:%v_3,operator,value,%v_5,%v_6,
		 14: RETURN %v_7[2.13,] %self[2.0,2.13,] 
BB 3
	outgoing: 
	datadep: 
	instructions:

SET IRMethod, name = build_from_params instanceMethod = true
BB 1
	outgoing: 16 2 
	datadep: 
	instructions:
BB 2
	outgoing: 3 4 
	datadep: 
	instructions:
		 0: def_%self 
		 1: def_%v_0 
		 2: COPY TYPE_CurrentScope def_%current_scope 
		 3: COPY TYPE_ScopeModule def_%current_module 
		 4: 
		 5: RECEIVEARG def_params 
		 6: RECEIVECONSTARG def_defaults 
		 7: defaults[2.6,] 
BB 3
	outgoing: 4 
	datadep: 
	instructions:
		 0: HASH- def_%v_3 
		 1: COPY TYPE_PASS def_defaults %v_3[3.0,] 
BB 4
	outgoing: 5 6 
	datadep: 
	instructions:
		 0: Line Number 201
		 1: %self->super def_%v_4 %current_module[2.3,] params[2.5,] defaults[3.1,2.6,] %v_0[2.1,] 	 SYMBOL:	 ARGS:params,defaults,
		 2: Line Number 202
		 3: params->[] def_%v_5 params[2.5,] 	 SYMBOL:from,	 ARGS:Symbol,
		 4: %v_5->present? def_%v_6 %v_5[4.3,] 	 SYMBOL:	 ARGS:
		 5: BRANCH %v_6[4.4,] 
BB 5
	outgoing: 6 
	datadep: 
	instructions:
		 0: params->[] def_%v_7 params[2.5,] 	 SYMBOL:to,	 ARGS:Symbol,
		 1: %v_7->present? def_%v_8 %v_7[5.0,] 	 SYMBOL:	 ARGS:
		 2: COPY TYPE_PASS def_%v_6 %v_8[5.1,] 
BB 6
	outgoing: 7 8 
	datadep: 
	instructions:
		 0: BRANCH %v_6[5.2,4.4,] 
BB 7
	outgoing: 15 
	datadep: 
	instructions:
		 0: Line Number 203
		 1: COPY TYPE_StringLiteral "spent_on" def_%v_9 
		 2: COPY TYPE_StringLiteral "><" def_%v_10 
		 3: params->[] def_%v_11 params[2.5,] 	 SYMBOL:from,	 ARGS:Symbol,
		 4: params->[] def_%v_12 params[7.3,2.5,] 	 SYMBOL:to,	 ARGS:Symbol,
		 5: COPY TYPE_Array def_%v_13 %v_11[7.3,] %v_12[7.4,] 
		 6: %self->add_filter def_%v_14 %self[2.0,] %v_9[7.1,] %v_10[7.2,] %v_13[7.5,] 	 SYMBOL:	 ARGS:%v_9,%v_10,%v_13,
		 7: 
BB 8
	outgoing: 9 10 
	datadep: 
	instructions:
		 0: Line Number 204
		 1: params->[] def_%v_15 params[2.5,] 	 SYMBOL:from,	 ARGS:Symbol,
		 2: %v_15->present? def_%v_16 %v_15[8.1,] 	 SYMBOL:	 ARGS:
		 3: BRANCH %v_16[8.2,] 
BB 9
	outgoing: 14 
	datadep: 
	instructions:
		 0: Line Number 205
		 1: COPY TYPE_StringLiteral "spent_on" def_%v_17 
		 2: COPY TYPE_StringLiteral ">=" def_%v_18 
		 3: params->[] def_%v_19 params[2.5,] 	 SYMBOL:from,	 ARGS:Symbol,
		 4: COPY TYPE_Array def_%v_20 %v_19[9.3,] 
		 5: %self->add_filter def_%v_21 %self[2.0,] %v_17[9.1,] %v_18[9.2,] %v_20[9.4,] 	 SYMBOL:	 ARGS:%v_17,%v_18,%v_20,
		 6: 
BB 10
	outgoing: 11 12 
	datadep: 
	instructions:
		 0: Line Number 206
		 1: params->[] def_%v_22 params[2.5,] 	 SYMBOL:to,	 ARGS:Symbol,
		 2: %v_22->present? def_%v_23 %v_22[10.1,] 	 SYMBOL:	 ARGS:
		 3: BRANCH %v_23[10.2,] 
BB 11
	outgoing: 13 
	datadep: 
	instructions:
		 0: Line Number 207
		 1: COPY TYPE_StringLiteral "spent_on" def_%v_24 
		 2: COPY TYPE_StringLiteral "<=" def_%v_25 
		 3: params->[] def_%v_26 params[2.5,] 	 SYMBOL:to,	 ARGS:Symbol,
		 4: COPY TYPE_Array def_%v_27 %v_26[11.3,] 
		 5: %self->add_filter def_%v_28 %self[2.0,] %v_24[11.1,] %v_25[11.2,] %v_27[11.4,] 	 SYMBOL:	 ARGS:%v_24,%v_25,%v_27,
		 6: 
BB 12
	outgoing: 13 
	datadep: 
	instructions:
		 0: COPY TYPE_Nil def_%v_28 
BB 13
	outgoing: 14 
	datadep: 
	instructions:
		 0: COPY TYPE_PASS def_%v_21 %v_28[12.0,11.5,] 
BB 14
	outgoing: 15 
	datadep: 
	instructions:
		 0: COPY TYPE_PASS def_%v_14 %v_21[13.0,9.5,] 
BB 15
	outgoing: 16 
	datadep: 
	instructions:
		 0: Line Number 210
		 1: RETURN %self[2.0,] %self[2.0,] 
BB 16
	outgoing: 
	datadep: 
	instructions:

SET IRMethod, name = joins_for_order_statement instanceMethod = true
BB 1
	outgoing: 15 2 
	datadep: 
	instructions:
BB 2
	outgoing: 3 10 
	datadep: 
	instructions:
		 0: def_%self 
		 1: def_%v_0 
		 2: COPY TYPE_CurrentScope def_%current_scope 
		 3: COPY TYPE_ScopeModule def_%current_module 
		 4: 
		 5: RECEIVEARG def_order_options 
		 6: Line Number 213
		 7: %self->super def_%v_3 order_options[2.5,] %v_0[2.1,] 	 SYMBOL:	 ARGS:order_options,
		 8: COPY TYPE_Array def_%v_4 %v_3[2.7,] 
		 9: COPY TYPE_PASS def_joins %v_4[2.8,] 
		 10: Line Number 215
		 11: BRANCH order_options[2.5,2.7,] 
BB 3
	outgoing: 4 5 
	datadep: 
	instructions:
		 0: Line Number 216
		 1: COPY TYPE_StringLiteral "issue_statuses" def_%v_5 
		 2: order_options->include? def_%v_6 order_options[2.5,] %v_5[3.1,] 	 SYMBOL:	 ARGS:%v_5,
		 3: BRANCH %v_6[3.2,] 
BB 4
	outgoing: 6 
	datadep: 
	instructions:
		 0: Line Number 217
		 1: COPY TYPE_StringLiteral "LEFT OUTER JOIN " def_%v_7 
		 2: (IssueStatus) def_%v_8 
		 3: %v_8->table_name def_%v_9 %v_8[4.2,] 	 SYMBOL:	 ARGS:
		 4: COPY TYPE_StringLiteral " ON " def_%v_10 
		 5: (IssueStatus) def_%v_11 
		 6: %v_11->table_name def_%v_12 %v_11[4.5,] 	 SYMBOL:	 ARGS:
		 7: COPY TYPE_StringLiteral ".id = " def_%v_13 
		 8: (Issue) def_%v_14 
		 9: %v_14->table_name def_%v_15 %v_14[4.8,] 	 SYMBOL:	 ARGS:
		 10: COPY TYPE_StringLiteral ".status_id" def_%v_16 
		 11: BUILDSTRING def_%v_17 %v_7[4.1,] %v_9[4.3,] %v_10[4.4,] %v_12[4.6,] %v_13[4.7,] %v_15[4.9,] %v_16[4.10,] 
		 12: joins-><< def_%v_18 joins[2.9,] %v_17[4.11,] 	 SYMBOL:	 ARGS:%v_17,
		 13: 
BB 5
	outgoing: 6 
	datadep: 
	instructions:
		 0: COPY TYPE_Nil def_%v_18 
BB 6
	outgoing: 7 8 
	datadep: 
	instructions:
		 0: Line Number 219
		 1: COPY TYPE_StringLiteral "trackers" def_%v_19 
		 2: order_options->include? def_%v_20 order_options[2.5,] %v_19[6.1,] 	 SYMBOL:	 ARGS:%v_19,
		 3: BRANCH %v_20[6.2,] 
BB 7
	outgoing: 9 
	datadep: 
	instructions:
		 0: Line Number 220
		 1: COPY TYPE_StringLiteral "LEFT OUTER JOIN " def_%v_21 
		 2: (Tracker) def_%v_22 
		 3: %v_22->table_name def_%v_23 %v_22[7.2,] 	 SYMBOL:	 ARGS:
		 4: COPY TYPE_StringLiteral " ON " def_%v_24 
		 5: (Tracker) def_%v_25 
		 6: %v_25->table_name def_%v_26 %v_25[7.5,] 	 SYMBOL:	 ARGS:
		 7: COPY TYPE_StringLiteral ".id = " def_%v_27 
		 8: (Issue) def_%v_28 
		 9: %v_28->table_name def_%v_29 %v_28[7.8,] 	 SYMBOL:	 ARGS:
		 10: COPY TYPE_StringLiteral ".tracker_id" def_%v_30 
		 11: BUILDSTRING def_%v_31 %v_21[7.1,] %v_23[7.3,] %v_24[7.4,] %v_26[7.6,] %v_27[7.7,] %v_29[7.9,] %v_30[7.10,] 
		 12: joins-><< def_%v_32 joins[2.9,] %v_31[7.11,] 	 SYMBOL:	 ARGS:%v_31,
		 13: 
BB 8
	outgoing: 9 
	datadep: 
	instructions:
		 0: COPY TYPE_Nil def_%v_32 
BB 9
	outgoing: 11 
	datadep: 
	instructions:
		 0: 
BB 10
	outgoing: 11 
	datadep: 
	instructions:
		 0: COPY TYPE_Nil def_%v_32 
BB 11
	outgoing: 12 13 
	datadep: 
	instructions:
		 0: Line Number 224
		 1: joins->compact! def_%v_33 joins[2.9,] 	 SYMBOL:	 ARGS:
		 2: Line Number 225
		 3: joins->any? def_%v_34 joins[11.1,2.9,] 	 SYMBOL:	 ARGS:
		 4: BRANCH %v_34[11.3,] 
BB 12
	outgoing: 15 
	datadep: 
	instructions:
		 0: COPY TYPE_StringLiteral " " def_%v_35 
		 1: joins->join def_%v_36 joins[2.9,] %v_35[12.0,] 	 SYMBOL:	 ARGS:%v_35,
		 2: RETURN %v_36[12.1,] %self[2.0,] 
BB 13
	outgoing: 15 
	datadep: 
	instructions:
		 0: RETURN %self[2.0,] 
BB 15
	outgoing: 
	datadep: 
	instructions:

