SET IRMethod, name = estimated_hours instanceMethod = true
BB 1
	outgoing: 7 2 
	datadep: 
	instructions:
BB 2
	outgoing: 3 4 
	datadep: 
	instructions:
		 0: def_%self 
		 1: def_%v_0 
		 2: COPY TYPE_CurrentScope def_%current_scope 
		 3: COPY TYPE_ScopeModule def_%current_module 
		 4: 
		 5: Line Number 29
		 6: def_%v_4 %self[2.0,] 
		 7: COPY TYPE_PASS def_%v_3 %v_4[2.6,] 
		 8: %v_4[2.6,] 
BB 3
	outgoing: 4 
	datadep: 
	instructions:
		 0: GETFIELD %self->estimated_hours def_%v_5 %self[2.0,] 
		 1: COPY TYPE_PASS def_%v_3 %v_5[3.0,] 
BB 4
	outgoing: 5 6 
	datadep: 
	instructions:
		 0: BRANCH %v_3[3.1,2.7,] 
BB 5
	outgoing: 7 
	datadep: 
	instructions:
		 0: %self->sum def_%v_6 %self[2.0,] 	 SYMBOL:estimated_hours,	 ARGS:Symbol,
		 1: %v_6->to_f def_%v_7 %v_6[5.0,] 	 SYMBOL:	 ARGS:
		 2: ATTRASSIGN %self->estimated_hours %v_7[5.1,] 
		 3: RETURN %v_7[5.1,] %self[5.0,5.2,2.0,] 
BB 6
	outgoing: 7 
	datadep: 
	instructions:
		 0: RETURN %v_5[3.0,] %self[2.0,] 
BB 7
	outgoing: 
	datadep: 
	instructions:

SET IRMethod, name = open_count instanceMethod = true
BB 1
	outgoing: 3 2 
	datadep: 
	instructions:
BB 2
	outgoing: 3 
	datadep: 
	instructions:
		 0: def_%self 
		 1: def_%v_0 
		 2: COPY TYPE_CurrentScope def_%current_scope 
		 3: COPY TYPE_ScopeModule def_%current_module 
		 4: 
		 5: Line Number 34
		 6: %self->load_counts def_%v_3 %self[2.0,] 	 SYMBOL:	 ARGS:
		 7: Line Number 36
		 8: GETFIELD %self->open_count def_%v_4 %self[2.0,2.6,] 
		 9: RETURN %v_4[2.8,] %self[2.0,2.6,] 
BB 3
	outgoing: 
	datadep: 
	instructions:

SET IRMethod, name = closed_count instanceMethod = true
BB 1
	outgoing: 3 2 
	datadep: 
	instructions:
BB 2
	outgoing: 3 
	datadep: 
	instructions:
		 0: def_%self 
		 1: def_%v_0 
		 2: COPY TYPE_CurrentScope def_%current_scope 
		 3: COPY TYPE_ScopeModule def_%current_module 
		 4: 
		 5: Line Number 40
		 6: %self->load_counts def_%v_3 %self[2.0,] 	 SYMBOL:	 ARGS:
		 7: Line Number 42
		 8: GETFIELD %self->closed_count def_%v_4 %self[2.0,2.6,] 
		 9: RETURN %v_4[2.8,] %self[2.0,2.6,] 
BB 3
	outgoing: 
	datadep: 
	instructions:

SET IRMethod, name = completed_percent instanceMethod = true
BB 1
	outgoing: 9 2 
	datadep: 
	instructions:
BB 2
	outgoing: 3 4 
	datadep: 
	instructions:
		 0: def_%self 
		 1: def_%v_0 
		 2: COPY TYPE_CurrentScope def_%current_scope 
		 3: COPY TYPE_ScopeModule def_%current_module 
		 4: 
		 5: Line Number 47
		 6: %self->count def_%v_3 %self[2.0,] 	 SYMBOL:	 ARGS:
		 7: %v_3->== def_%v_4 %v_3[2.6,] 	 SYMBOL:	 ARGS:Fixnum,
		 8: BRANCH %v_4[2.7,] 
BB 3
	outgoing: 9 
	datadep: 
	instructions:
		 0: Line Number 48
		 1: COPY TYPE_Fixnum def_%v_5 
		 2: RETURN %self[2.0,] 
BB 4
	outgoing: 5 6 
	datadep: 
	instructions:
		 0: Line Number 49
		 1: %self->open_count def_%v_6 %self[2.0,] 	 SYMBOL:	 ARGS:
		 2: %v_6->== def_%v_7 %v_6[4.1,] 	 SYMBOL:	 ARGS:Fixnum,
		 3: BRANCH %v_7[4.2,] 
BB 5
	outgoing: 7 
	datadep: 
	instructions:
		 0: Line Number 50
		 1: COPY TYPE_Fixnum def_%v_8 
		 2: 
BB 6
	outgoing: 7 
	datadep: 
	instructions:
		 0: Line Number 52
		 1: %self->issues_progress def_%v_9 %self[2.0,] 	 SYMBOL:	 ARGS:Boolean,
		 2: %self->issues_progress def_%v_10 %self[6.1,2.0,] 	 SYMBOL:	 ARGS:Boolean,
		 3: %v_9->+ def_%v_11 %v_9[6.1,] %v_10[6.2,] 	 SYMBOL:	 ARGS:%v_10,
		 4: COPY TYPE_PASS def_%v_8 %v_11[6.3,] 
BB 7
	outgoing: 9 
	datadep: 
	instructions:
		 0: RETURN %v_8[6.4,5.1,] %self[2.0,] 
BB 9
	outgoing: 
	datadep: 
	instructions:

SET IRMethod, name = closed_percent instanceMethod = true
BB 1
	outgoing: 6 2 
	datadep: 
	instructions:
BB 2
	outgoing: 3 4 
	datadep: 
	instructions:
		 0: def_%self 
		 1: def_%v_0 
		 2: COPY TYPE_CurrentScope def_%current_scope 
		 3: COPY TYPE_ScopeModule def_%current_module 
		 4: 
		 5: Line Number 58
		 6: %self->count def_%v_3 %self[2.0,] 	 SYMBOL:	 ARGS:
		 7: %v_3->== def_%v_4 %v_3[2.6,] 	 SYMBOL:	 ARGS:Fixnum,
		 8: BRANCH %v_4[2.7,] 
BB 3
	outgoing: 6 
	datadep: 
	instructions:
		 0: Line Number 59
		 1: COPY TYPE_Fixnum def_%v_5 
		 2: RETURN %self[2.0,] 
BB 4
	outgoing: 6 
	datadep: 
	instructions:
		 0: Line Number 61
		 1: %self->issues_progress def_%v_6 %self[2.0,] 	 SYMBOL:	 ARGS:Boolean,
		 2: RETURN %v_6[4.1,] %self[4.1,2.0,] 
BB 6
	outgoing: 
	datadep: 
	instructions:

SET IRMethod, name = load_counts instanceMethod = true
BB 1
	outgoing: 6 2 
	datadep: 
	instructions:
BB 2
	outgoing: 3 4 
	datadep: 
	instructions:
		 0: def_%self 
		 1: def_%v_0 
		 2: COPY TYPE_CurrentScope def_%current_scope 
		 3: COPY TYPE_ScopeModule def_%current_module 
		 4: 
		 5: Line Number 68
		 6: Line Number 69
		 7: GETFIELD %self->open_count def_%v_3 %self[2.0,] 
		 8: BRANCH %v_3[2.7,] 
BB 3
	outgoing: 6 
	datadep: 
	instructions:
		 0: COPY TYPE_Nil def_%v_4 
		 1: RETURN %v_4[3.0,] %self[2.0,] 
BB 4
	outgoing: 6 
	datadep: 
	instructions:
		 0: ATTRASSIGN %self->open_count 
		 1: Line Number 70
		 2: ATTRASSIGN %self->closed_count 
		 3: Line Number 71
		 4: %self->group def_%v_5 %self[4.0,4.2,2.0,] 	 SYMBOL:status,	 ARGS:Symbol,
		 5: %v_5->count def_%v_6 %v_5[4.4,] 	 SYMBOL:	 ARGS:
		 6: %v_6->each def_%v_7 %v_6[4.5,] %self[4.0,4.2,4.4,2.0,] 	 SYMBOL:	 ARGS:%v_6,
CLOSURE BEGIN: status[] %self[4.0,4.2,4.4,2.0,] count[] 
BB 1
	outgoing: 9 2 
	datadep: 
	instructions:
BB 2
	outgoing: 3 
	datadep: 
	instructions:
		 0: def_%self 
		 1: def_%cl_1_0 
		 2: RECEIVEARG def_status 
		 3: RECEIVEARG def_count 
		 4: COPY TYPE_CurrentScope def_%current_scope 
		 5: COPY TYPE_ScopeModule def_%current_module 
BB 3
	outgoing: 4 5 7 
	datadep: 
	instructions:
		 0: Line Number 72
		 1: status->is_closed? def_%cl_1_3 status[2.2,] 	 SYMBOL:	 ARGS:
		 2: BRANCH %cl_1_3[3.1,] 
BB 4
	outgoing: 6 7 
	datadep: 
	instructions:
		 0: Line Number 73
		 1: GETFIELD %self->closed_count def_%cl_1_4 %self[2.0,] 
		 2: %cl_1_4->+ def_%cl_1_5 %cl_1_4[4.1,] count[2.3,] 	 SYMBOL:	 ARGS:count,
		 3: ATTRASSIGN %self->closed_count %cl_1_5[4.2,] 
		 4: 
BB 5
	outgoing: 7 9 
	datadep: 
	instructions:
		 0: Line Number 75
		 1: GETFIELD %self->open_count def_%cl_1_6 %self[2.0,] 
		 2: %cl_1_6->+ def_%cl_1_7 %cl_1_6[5.1,] count[2.3,] 	 SYMBOL:	 ARGS:count,
		 3: ATTRASSIGN %self->open_count %cl_1_7[5.2,] 
		 4: RETURN %cl_1_7[5.2,] %self[5.3,2.0,] 
BB 6
	outgoing: 9 
	datadep: 
	instructions:
		 0: RETURN %cl_1_5[4.2,] %self[4.3,2.0,] 
BB 7
	outgoing: 9 
	datadep: 
	instructions:
		 0: def_%cl_1_8 
		 1: def_%cl_1_9 %cl_1_8[7.0,] 
		 2: RETURN %cl_1_9[7.1,] %self[4.3,5.3,2.0,] 
BB 9
	outgoing: 
	datadep: 
	instructions:
CLOSURE END: count[2.3,] 
		 7: RETURN %v_7[4.6,] %self[4.0,4.2,4.4,2.0,] 
BB 6
	outgoing: 
	datadep: 
	instructions:

SET IRMethod, name = estimated_average instanceMethod = true
BB 1
	outgoing: 9 2 
	datadep: 
	instructions:
BB 2
	outgoing: 3 7 
	datadep: 
	instructions:
		 0: def_%self 
		 1: def_%v_0 
		 2: COPY TYPE_CurrentScope def_%current_scope 
		 3: COPY TYPE_ScopeModule def_%current_module 
		 4: 
		 5: Line Number 85
		 6: GETFIELD %self->estimated_average def_%v_3 %self[2.0,] 
		 7: %v_3->nil? def_%v_4 %v_3[2.6,] 	 SYMBOL:	 ARGS:
		 8: BRANCH %v_4[2.7,] 
BB 3
	outgoing: 4 5 
	datadep: 
	instructions:
		 0: Line Number 86
		 1: %self->average def_%v_5 %self[2.0,] 	 SYMBOL:estimated_hours,	 ARGS:Symbol,
		 2: %v_5->to_f def_%v_6 %v_5[3.1,] 	 SYMBOL:	 ARGS:
		 3: COPY TYPE_PASS def_average %v_6[3.2,] 
		 4: Line Number 87
		 5: %v_6->== def_%v_7 %v_6[3.2,] 	 SYMBOL:	 ARGS:Fixnum,
		 6: BRANCH %v_7[3.5,] 
BB 4
	outgoing: 6 
	datadep: 
	instructions:
		 0: Line Number 88
		 1: COPY TYPE_Fixnum def_average 
		 2: COPY TYPE_Fixnum def_%v_8 
		 3: 
BB 5
	outgoing: 6 
	datadep: 
	instructions:
		 0: COPY TYPE_Nil def_%v_8 
BB 6
	outgoing: 8 
	datadep: 
	instructions:
		 0: Line Number 90
		 1: ATTRASSIGN %self->estimated_average average[4.1,3.3,] 
		 2: COPY TYPE_PASS def_%v_9 average[4.1,3.3,] 
		 3: 
BB 7
	outgoing: 8 
	datadep: 
	instructions:
		 0: COPY TYPE_Nil def_%v_9 
BB 8
	outgoing: 9 
	datadep: 
	instructions:
		 0: Line Number 93
		 1: GETFIELD %self->estimated_average def_%v_10 %self[6.1,2.0,] 
		 2: RETURN %v_10[8.1,] %self[6.1,2.0,] 
BB 9
	outgoing: 
	datadep: 
	instructions:

SET IRMethod, name = issues_progress instanceMethod = true
BB 1
	outgoing: 15 2 
	datadep: 
	instructions:
BB 2
	outgoing: 3 4 
	datadep: 
	instructions:
		 0: def_%self 
		 1: def_%v_0 
		 2: COPY TYPE_CurrentScope def_%current_scope 
		 3: COPY TYPE_ScopeModule def_%current_module 
		 4: 
		 5: RECEIVEARG def_open 
		 6: Line Number 102
		 7: def_%v_4 %self[2.0,] 
		 8: COPY TYPE_PASS def_%v_3 %v_4[2.7,] 
		 9: %v_4[2.7,] 
BB 3
	outgoing: 4 
	datadep: 
	instructions:
		 0: GETFIELD %self->issues_progress def_%v_5 %self[2.0,] 
		 1: COPY TYPE_PASS def_%v_3 %v_5[3.0,] 
BB 4
	outgoing: 5 6 
	datadep: 
	instructions:
		 0: BRANCH %v_3[3.1,2.8,] 
BB 5
	outgoing: 6 
	datadep: 
	instructions:
		 0: HASH- def_%v_6 
		 1: ATTRASSIGN %self->issues_progress %v_6[5.0,] 
		 2: COPY TYPE_PASS def_%v_5 %v_6[5.0,] 
BB 6
	outgoing: 7 14 
	datadep: 
	instructions:
		 0: Line Number 103
		 1: GETFIELD %self->issues_progress def_%v_7 %self[5.1,2.0,] 
		 2: COPY TYPE_PASS def_%v_8 %v_7[6.1,] 
		 3: %v_7->[] def_%v_9 %v_7[6.1,] open[2.5,] 	 SYMBOL:	 ARGS:open,
		 4: BRANCH %v_9[6.3,] 
BB 7
	outgoing: 8 12 
	datadep: 
	instructions:
		 0: Line Number 104
		 1: COPY TYPE_Fixnum def_progress 
		 2: Line Number 105
		 3: %self->count def_%v_10 %self[5.1,2.0,] 	 SYMBOL:	 ARGS:
		 4: %v_10->> def_%v_11 %v_10[7.3,] 	 SYMBOL:	 ARGS:Fixnum,
		 5: BRANCH %v_11[7.4,] 
BB 8
	outgoing: 9 10 
	datadep: 
	instructions:
		 0: Line Number 106
		 1: BRANCH open[2.5,] 
BB 9
	outgoing: 11 
	datadep: 
	instructions:
		 0: COPY TYPE_StringLiteral "done_ratio" def_%v_12 
		 1: 
BB 10
	outgoing: 11 
	datadep: 
	instructions:
		 0: COPY TYPE_Fixnum def_%v_12 
BB 11
	outgoing: 13 
	datadep: 
	instructions:
		 0: COPY TYPE_PASS def_ratio %v_12[10.0,9.0,] 
		 1: Line Number 108
		 2: %self->open def_%v_13 %self[5.1,2.0,] open[2.5,] 	 SYMBOL:	 ARGS:open,
		 3: COPY TYPE_StringLiteral "COALESCE(estimated_hours, " def_%v_14 
		 4: %self->estimated_average def_%v_15 %self[11.2,5.1,2.0,] 	 SYMBOL:	 ARGS:
		 5: COPY TYPE_StringLiteral ") * " def_%v_16 
		 6: BUILDSTRING def_%v_17 %v_14[11.3,] %v_15[11.4,] %v_16[11.5,] ratio[11.0,] 
		 7: %v_13->sum def_%v_18 %v_13[11.2,] %v_17[11.6,] 	 SYMBOL:	 ARGS:%v_17,
		 8: %v_18->to_f def_%v_19 %v_18[11.7,] 	 SYMBOL:	 ARGS:
		 9: COPY TYPE_PASS def_done %v_19[11.8,] 
		 10: Line Number 109
		 11: %self->estimated_average def_%v_20 %self[11.2,11.4,5.1,2.0,] 	 SYMBOL:	 ARGS:
		 12: %self->count def_%v_21 %self[11.2,11.4,11.11,5.1,2.0,] 	 SYMBOL:	 ARGS:
		 13: %v_20->* def_%v_22 %v_20[11.11,] %v_21[11.12,] 	 SYMBOL:	 ARGS:%v_21,
		 14: done->/ def_%v_23 done[11.9,] %v_22[11.13,] 	 SYMBOL:	 ARGS:%v_22,
		 15: COPY TYPE_PASS def_progress %v_23[11.14,] 
		 16: 
BB 12
	outgoing: 13 
	datadep: 
	instructions:
		 0: COPY TYPE_Nil def_%v_23 
BB 13
	outgoing: 15 
	datadep: 
	instructions:
		 0: Line Number 111
		 1: %v_8->[]= def_%v_9 %v_8[6.2,] open[2.5,] progress[11.15,7.1,] 	 SYMBOL:	 ARGS:open,progress,
		 2: RETURN progress[11.15,7.1,] %self[5.1,2.0,] 
BB 14
	outgoing: 15 
	datadep: 
	instructions:
		 0: RETURN %v_9[6.3,] %self[5.1,2.0,] 
BB 15
	outgoing: 
	datadep: 
	instructions:

SET IRMethod, name = visible? instanceMethod = true
BB 1
	outgoing: 5 2 
	datadep: 
	instructions:
BB 2
	outgoing: 3 4 
	datadep: 
	instructions:
		 0: def_%self 
		 1: def_%v_0 
		 2: COPY TYPE_CurrentScope def_%current_scope 
		 3: COPY TYPE_ScopeModule def_%current_module 
		 4: 
		 5: RECEIVECONSTARG def_user 
		 6: user[2.5,] 
BB 3
	outgoing: 4 
	datadep: 
	instructions:
		 0: (User) def_%v_3 
		 1: %v_3->current def_%v_4 %v_3[3.0,] 	 SYMBOL:	 ARGS:
		 2: COPY TYPE_PASS def_user %v_4[3.1,] 
BB 4
	outgoing: 5 
	datadep: 
	instructions:
		 0: Line Number 163
		 1: %self->project def_%v_5 %self[2.0,] 	 SYMBOL:	 ARGS:
		 2: user->allowed_to? def_%v_6 user[3.2,2.5,] %v_5[4.1,] 	 SYMBOL:view_issues,	 ARGS:Symbol,%v_5,
		 3: RETURN %v_6[4.2,] %self[4.1,2.0,] 
BB 5
	outgoing: 
	datadep: 
	instructions:

SET IRMethod, name = attachments_visible? instanceMethod = true
BB 1
	outgoing: 5 2 
	datadep: 
	instructions:
BB 2
	outgoing: 3 4 
	datadep: 
	instructions:
		 0: def_%self 
		 1: def_%v_0 
		 2: COPY TYPE_CurrentScope def_%current_scope 
		 3: COPY TYPE_ScopeModule def_%current_module 
		 4: 
		 5: RECEIVEARG def_args 
		 6: Line Number 168
		 7: %self->project def_%v_3 %self[2.0,] 	 SYMBOL:	 ARGS:
		 8: %v_3->present? def_%v_4 %v_3[2.7,] 	 SYMBOL:	 ARGS:
		 9: BRANCH %v_4[2.8,] 
BB 3
	outgoing: 5 
	datadep: 
	instructions:
		 0: %self->project def_%v_5 %self[2.0,] 	 SYMBOL:	 ARGS:
		 1: def_%v_6 args[2.5,] 
		 2: %v_5->attachments_visible? def_%v_7 %v_5[3.0,] %v_6[3.1,] 	 SYMBOL:	 ARGS:Splat,
		 3: RETURN %v_7[3.2,] %self[3.0,2.0,] 
BB 4
	outgoing: 5 
	datadep: 
	instructions:
		 0: RETURN %v_4[2.8,] %self[2.0,] 
BB 5
	outgoing: 
	datadep: 
	instructions:

SET IRMethod, name = attachments_deletable? instanceMethod = true
BB 1
	outgoing: 7 2 
	datadep: 
	instructions:
BB 2
	outgoing: 3 4 
	datadep: 
	instructions:
		 0: def_%self 
		 1: def_%v_0 
		 2: COPY TYPE_CurrentScope def_%current_scope 
		 3: COPY TYPE_ScopeModule def_%current_module 
		 4: 
		 5: RECEIVECONSTARG def_usr 
		 6: usr[2.5,] 
BB 3
	outgoing: 4 
	datadep: 
	instructions:
		 0: (User) def_%v_3 
		 1: %v_3->current def_%v_4 %v_3[3.0,] 	 SYMBOL:	 ARGS:
		 2: COPY TYPE_PASS def_usr %v_4[3.1,] 
BB 4
	outgoing: 5 6 
	datadep: 
	instructions:
		 0: Line Number 172
		 1: %self->project def_%v_5 %self[2.0,] 	 SYMBOL:	 ARGS:
		 2: %v_5->present? def_%v_6 %v_5[4.1,] 	 SYMBOL:	 ARGS:
		 3: BRANCH %v_6[4.2,] 
BB 5
	outgoing: 7 
	datadep: 
	instructions:
		 0: %self->project def_%v_7 %self[2.0,] 	 SYMBOL:	 ARGS:
		 1: %v_7->attachments_deletable? def_%v_8 %v_7[5.0,] usr[3.2,2.5,] 	 SYMBOL:	 ARGS:usr,
		 2: RETURN %v_8[5.1,] %self[5.0,2.0,] 
BB 6
	outgoing: 7 
	datadep: 
	instructions:
		 0: RETURN %v_6[4.2,] %self[2.0,] 
BB 7
	outgoing: 
	datadep: 
	instructions:

SET IRMethod, name = reload instanceMethod = true
BB 1
	outgoing: 3 2 
	datadep: 
	instructions:
BB 2
	outgoing: 3 
	datadep: 
	instructions:
		 0: def_%self 
		 1: def_%v_0 
		 2: COPY TYPE_CurrentScope def_%current_scope 
		 3: COPY TYPE_ScopeModule def_%current_module 
		 4: 
		 5: RECEIVEARG def_args 
		 6: Line Number 177
		 7: ATTRASSIGN %self->default_project_version 
		 8: Line Number 178
		 9: ATTRASSIGN %self->visible_fixed_issues 
		 10: Line Number 179
		 11: def_%v_3 args[2.5,] 
		 12: %self->base_reload def_%v_4 %self[2.0,2.7,2.9,] %v_3[2.11,] 	 SYMBOL:	 ARGS:Splat,
		 13: RETURN %v_4[2.12,] %self[2.0,2.7,2.9,2.12,] 
BB 3
	outgoing: 
	datadep: 
	instructions:

SET IRMethod, name = start_date instanceMethod = true
BB 1
	outgoing: 7 2 
	datadep: 
	instructions:
BB 2
	outgoing: 3 4 
	datadep: 
	instructions:
		 0: def_%self 
		 1: def_%v_0 
		 2: COPY TYPE_CurrentScope def_%current_scope 
		 3: COPY TYPE_ScopeModule def_%current_module 
		 4: 
		 5: Line Number 183
		 6: def_%v_4 %self[2.0,] 
		 7: COPY TYPE_PASS def_%v_3 %v_4[2.6,] 
		 8: %v_4[2.6,] 
BB 3
	outgoing: 4 
	datadep: 
	instructions:
		 0: GETFIELD %self->start_date def_%v_5 %self[2.0,] 
		 1: COPY TYPE_PASS def_%v_3 %v_5[3.0,] 
BB 4
	outgoing: 5 6 
	datadep: 
	instructions:
		 0: BRANCH %v_3[3.1,2.7,] 
BB 5
	outgoing: 7 
	datadep: 
	instructions:
		 0: %self->fixed_issues def_%v_6 %self[2.0,] 	 SYMBOL:	 ARGS:
		 1: COPY TYPE_StringLiteral "start_date" def_%v_7 
		 2: %v_6->minimum def_%v_8 %v_6[5.0,] %v_7[5.1,] 	 SYMBOL:	 ARGS:%v_7,
		 3: ATTRASSIGN %self->start_date %v_8[5.2,] 
		 4: RETURN %v_8[5.2,] %self[5.0,5.3,2.0,] 
BB 6
	outgoing: 7 
	datadep: 
	instructions:
		 0: RETURN %v_5[3.0,] %self[2.0,] 
BB 7
	outgoing: 
	datadep: 
	instructions:

SET IRMethod, name = due_date instanceMethod = true
BB 1
	outgoing: 3 2 
	datadep: 
	instructions:
BB 2
	outgoing: 3 
	datadep: 
	instructions:
		 0: def_%self 
		 1: def_%v_0 
		 2: COPY TYPE_CurrentScope def_%current_scope 
		 3: COPY TYPE_ScopeModule def_%current_module 
		 4: 
		 5: Line Number 187
		 6: %self->effective_date def_%v_3 %self[2.0,] 	 SYMBOL:	 ARGS:
		 7: RETURN %v_3[2.6,] %self[2.0,2.6,] 
BB 3
	outgoing: 
	datadep: 
	instructions:

SET IRMethod, name = due_date= instanceMethod = true
BB 1
	outgoing: 3 2 
	datadep: 
	instructions:
BB 2
	outgoing: 3 
	datadep: 
	instructions:
		 0: def_%self 
		 1: def_%v_0 
		 2: COPY TYPE_CurrentScope def_%current_scope 
		 3: COPY TYPE_ScopeModule def_%current_module 
		 4: 
		 5: RECEIVEARG def_arg 
		 6: Line Number 191
		 7: ATTRASSIGN %self->effective_date arg[2.5,] 
		 8: RETURN arg[2.5,] %self[2.0,2.7,] 
BB 3
	outgoing: 
	datadep: 
	instructions:

SET IRMethod, name = estimated_hours instanceMethod = true
BB 1
	outgoing: 3 2 
	datadep: 
	instructions:
BB 2
	outgoing: 3 
	datadep: 
	instructions:
		 0: def_%self 
		 1: def_%v_0 
		 2: COPY TYPE_CurrentScope def_%current_scope 
		 3: COPY TYPE_ScopeModule def_%current_module 
		 4: 
		 5: Line Number 197
		 6: %self->fixed_issues def_%v_3 %self[2.0,] 	 SYMBOL:	 ARGS:
		 7: %v_3->estimated_hours def_%v_4 %v_3[2.6,] 	 SYMBOL:	 ARGS:
		 8: RETURN %v_4[2.7,] %self[2.0,2.6,] 
BB 3
	outgoing: 
	datadep: 
	instructions:

SET IRMethod, name = spent_hours instanceMethod = true
BB 1
	outgoing: 7 2 
	datadep: 
	instructions:
BB 2
	outgoing: 3 4 
	datadep: 
	instructions:
		 0: def_%self 
		 1: def_%v_0 
		 2: COPY TYPE_CurrentScope def_%current_scope 
		 3: COPY TYPE_ScopeModule def_%current_module 
		 4: 
		 5: Line Number 202
		 6: def_%v_4 %self[2.0,] 
		 7: COPY TYPE_PASS def_%v_3 %v_4[2.6,] 
		 8: %v_4[2.6,] 
BB 3
	outgoing: 4 
	datadep: 
	instructions:
		 0: GETFIELD %self->spent_hours def_%v_5 %self[2.0,] 
		 1: COPY TYPE_PASS def_%v_3 %v_5[3.0,] 
BB 4
	outgoing: 5 6 
	datadep: 
	instructions:
		 0: BRANCH %v_3[3.1,2.7,] 
BB 5
	outgoing: 7 
	datadep: 
	instructions:
		 0: (TimeEntry) def_%v_6 
		 1: %v_6->joins def_%v_7 %v_6[5.0,] 	 SYMBOL:issue,	 ARGS:Symbol,
		 2: (Issue) def_%v_8 
		 3: %v_8->table_name def_%v_9 %v_8[5.2,] 	 SYMBOL:	 ARGS:
		 4: COPY TYPE_StringLiteral ".fixed_version_id = ?" def_%v_10 
		 5: BUILDSTRING def_%v_11 %v_9[5.3,] %v_10[5.4,] 
		 6: %self->id def_%v_12 %self[2.0,] 	 SYMBOL:	 ARGS:
		 7: %v_7->where def_%v_13 %v_7[5.1,] %v_11[5.5,] %v_12[5.6,] 	 SYMBOL:	 ARGS:%v_11,%v_12,
		 8: %v_13->sum def_%v_14 %v_13[5.7,] 	 SYMBOL:hours,	 ARGS:Symbol,
		 9: %v_14->to_f def_%v_15 %v_14[5.8,] 	 SYMBOL:	 ARGS:
		 10: ATTRASSIGN %self->spent_hours %v_15[5.9,] 
		 11: RETURN %v_15[5.9,] %self[5.6,5.10,2.0,] 
BB 6
	outgoing: 7 
	datadep: 
	instructions:
		 0: RETURN %v_5[3.0,] %self[2.0,] 
BB 7
	outgoing: 
	datadep: 
	instructions:

SET IRMethod, name = closed? instanceMethod = true
BB 1
	outgoing: 3 2 
	datadep: 
	instructions:
BB 2
	outgoing: 3 
	datadep: 
	instructions:
		 0: def_%self 
		 1: def_%v_0 
		 2: COPY TYPE_CurrentScope def_%current_scope 
		 3: COPY TYPE_ScopeModule def_%current_module 
		 4: 
		 5: Line Number 206
		 6: %self->status def_%v_3 %self[2.0,] 	 SYMBOL:	 ARGS:
		 7: COPY TYPE_StringLiteral "closed" def_%v_4 
		 8: %v_3->== def_%v_5 %v_3[2.6,] %v_4[2.7,] 	 SYMBOL:	 ARGS:%v_4,
		 9: RETURN %v_5[2.8,] %self[2.0,2.6,] 
BB 3
	outgoing: 
	datadep: 
	instructions:

SET IRMethod, name = open? instanceMethod = true
BB 1
	outgoing: 3 2 
	datadep: 
	instructions:
BB 2
	outgoing: 3 
	datadep: 
	instructions:
		 0: def_%self 
		 1: def_%v_0 
		 2: COPY TYPE_CurrentScope def_%current_scope 
		 3: COPY TYPE_ScopeModule def_%current_module 
		 4: 
		 5: Line Number 210
		 6: %self->status def_%v_3 %self[2.0,] 	 SYMBOL:	 ARGS:
		 7: COPY TYPE_StringLiteral "open" def_%v_4 
		 8: %v_3->== def_%v_5 %v_3[2.6,] %v_4[2.7,] 	 SYMBOL:	 ARGS:%v_4,
		 9: RETURN %v_5[2.8,] %self[2.0,2.6,] 
BB 3
	outgoing: 
	datadep: 
	instructions:

SET IRMethod, name = completed? instanceMethod = true
BB 1
	outgoing: 9 2 
	datadep: 
	instructions:
BB 2
	outgoing: 3 8 
	datadep: 
	instructions:
		 0: def_%self 
		 1: def_%v_0 
		 2: COPY TYPE_CurrentScope def_%current_scope 
		 3: COPY TYPE_ScopeModule def_%current_module 
		 4: 
		 5: Line Number 215
		 6: %self->closed? def_%v_3 %self[2.0,] 	 SYMBOL:	 ARGS:
		 7: BRANCH %v_3[2.6,] 
BB 3
	outgoing: 4 5 
	datadep: 
	instructions:
		 0: %self->effective_date def_%v_4 %self[2.0,] 	 SYMBOL:	 ARGS:
		 1: BRANCH %v_4[3.0,] 
BB 4
	outgoing: 5 
	datadep: 
	instructions:
		 0: %self->effective_date def_%v_5 %self[2.0,] 	 SYMBOL:	 ARGS:
		 1: (User) def_%v_6 
		 2: %v_6->current def_%v_7 %v_6[4.1,] 	 SYMBOL:	 ARGS:
		 3: %v_7->today def_%v_8 %v_7[4.2,] 	 SYMBOL:	 ARGS:
		 4: %v_5->< def_%v_9 %v_5[4.0,] %v_8[4.3,] 	 SYMBOL:	 ARGS:%v_8,
		 5: COPY TYPE_PASS def_%v_4 %v_9[4.4,] 
BB 5
	outgoing: 6 7 
	datadep: 
	instructions:
		 0: BRANCH %v_4[4.5,3.0,] 
BB 6
	outgoing: 7 
	datadep: 
	instructions:
		 0: %self->open_issues_count def_%v_10 %self[2.0,] 	 SYMBOL:	 ARGS:
		 1: %v_10->== def_%v_11 %v_10[6.0,] 	 SYMBOL:	 ARGS:Fixnum,
		 2: COPY TYPE_PASS def_%v_4 %v_11[6.1,] 
BB 7
	outgoing: 9 
	datadep: 
	instructions:
		 0: RETURN %v_4[6.2,4.5,3.0,] %self[2.0,] 
BB 8
	outgoing: 9 
	datadep: 
	instructions:
		 0: RETURN %v_3[2.6,] %self[2.0,] 
BB 9
	outgoing: 
	datadep: 
	instructions:

SET IRMethod, name = behind_schedule? instanceMethod = true
BB 1
	outgoing: 11 2 
	datadep: 
	instructions:
BB 2
	outgoing: 3 4 
	datadep: 
	instructions:
		 0: def_%self 
		 1: def_%v_0 
		 2: COPY TYPE_CurrentScope def_%current_scope 
		 3: COPY TYPE_ScopeModule def_%current_module 
		 4: 
		 5: Line Number 219
		 6: %self->completed_percent def_%v_3 %self[2.0,] 	 SYMBOL:	 ARGS:
		 7: %v_3->== def_%v_4 %v_3[2.6,] 	 SYMBOL:	 ARGS:Fixnum,
		 8: BRANCH %v_4[2.7,] 
BB 3
	outgoing: 11 
	datadep: 
	instructions:
		 0: Line Number 220
		 1: RETURN %self[2.0,] 
BB 4
	outgoing: 5 6 
	datadep: 
	instructions:
		 0: Line Number 221
		 1: %self->due_date def_%v_6 %self[2.0,] 	 SYMBOL:	 ARGS:
		 2: BRANCH %v_6[4.1,] 
BB 5
	outgoing: 6 
	datadep: 
	instructions:
		 0: %self->start_date def_%v_7 %self[2.0,] 	 SYMBOL:	 ARGS:
		 1: COPY TYPE_PASS def_%v_6 %v_7[5.0,] 
BB 6
	outgoing: 7 8 
	datadep: 
	instructions:
		 0: BRANCH %v_6[5.1,4.1,] 
BB 7
	outgoing: 11 
	datadep: 
	instructions:
		 0: Line Number 222
		 1: %self->start_date def_%v_8 %self[2.0,] 	 SYMBOL:	 ARGS:
		 2: %self->due_date def_%v_9 %self[7.1,2.0,] 	 SYMBOL:	 ARGS:
		 3: %self->start_date def_%v_10 %self[7.1,7.2,2.0,] 	 SYMBOL:	 ARGS:
		 4: %v_9->- def_%v_11 %v_9[7.2,] %v_10[7.3,] 	 SYMBOL:	 ARGS:%v_10,
		 5: %v_11->+ def_%v_12 %v_11[7.4,] 	 SYMBOL:	 ARGS:Fixnum,
		 6: %self->completed_percent def_%v_13 %self[7.1,7.2,7.3,2.0,] 	 SYMBOL:	 ARGS:
		 7: %v_12->* def_%v_14 %v_12[7.5,] %v_13[7.6,] 	 SYMBOL:	 ARGS:%v_13,
		 8: %v_14->/ def_%v_15 %v_14[7.7,] 	 SYMBOL:	 ARGS:Fixnum,
		 9: %v_15->floor def_%v_16 %v_15[7.8,] 	 SYMBOL:	 ARGS:
		 10: %v_8->+ def_%v_17 %v_8[7.1,] %v_16[7.9,] 	 SYMBOL:	 ARGS:%v_16,
		 11: COPY TYPE_PASS def_done_date %v_17[7.10,] 
		 12: Line Number 223
		 13: (User) def_%v_18 
		 14: %v_18->current def_%v_19 %v_18[7.13,] 	 SYMBOL:	 ARGS:
		 15: %v_19->today def_%v_20 %v_19[7.14,] 	 SYMBOL:	 ARGS:
		 16: done_date-><= def_%v_21 done_date[7.11,] %v_20[7.15,] 	 SYMBOL:	 ARGS:%v_20,
		 17: RETURN %v_21[7.16,] %self[7.1,7.2,7.3,7.6,2.0,] 
BB 8
	outgoing: 11 
	datadep: 
	instructions:
		 0: Line Number 226
		 1: COPY TYPE_Boolean def_%v_22 
		 2: RETURN %v_22[8.1,] %self[2.0,] 
BB 11
	outgoing: 
	datadep: 
	instructions:

SET IRMethod, name = completed_percent instanceMethod = true
BB 1
	outgoing: 3 2 
	datadep: 
	instructions:
BB 2
	outgoing: 3 
	datadep: 
	instructions:
		 0: def_%self 
		 1: def_%v_0 
		 2: COPY TYPE_CurrentScope def_%current_scope 
		 3: COPY TYPE_ScopeModule def_%current_module 
		 4: 
		 5: Line Number 232
		 6: %self->fixed_issues def_%v_3 %self[2.0,] 	 SYMBOL:	 ARGS:
		 7: %v_3->completed_percent def_%v_4 %v_3[2.6,] 	 SYMBOL:	 ARGS:
		 8: RETURN %v_4[2.7,] %self[2.0,2.6,] 
BB 3
	outgoing: 
	datadep: 
	instructions:

SET IRMethod, name = closed_percent instanceMethod = true
BB 1
	outgoing: 3 2 
	datadep: 
	instructions:
BB 2
	outgoing: 3 
	datadep: 
	instructions:
		 0: def_%self 
		 1: def_%v_0 
		 2: COPY TYPE_CurrentScope def_%current_scope 
		 3: COPY TYPE_ScopeModule def_%current_module 
		 4: 
		 5: Line Number 237
		 6: %self->fixed_issues def_%v_3 %self[2.0,] 	 SYMBOL:	 ARGS:
		 7: %v_3->closed_percent def_%v_4 %v_3[2.6,] 	 SYMBOL:	 ARGS:
		 8: RETURN %v_4[2.7,] %self[2.0,2.6,] 
BB 3
	outgoing: 
	datadep: 
	instructions:

SET IRMethod, name = overdue? instanceMethod = true
BB 1
	outgoing: 7 2 
	datadep: 
	instructions:
BB 2
	outgoing: 3 4 
	datadep: 
	instructions:
		 0: def_%self 
		 1: def_%v_0 
		 2: COPY TYPE_CurrentScope def_%current_scope 
		 3: COPY TYPE_ScopeModule def_%current_module 
		 4: 
		 5: Line Number 242
		 6: %self->effective_date def_%v_3 %self[2.0,] 	 SYMBOL:	 ARGS:
		 7: BRANCH %v_3[2.6,] 
BB 3
	outgoing: 4 
	datadep: 
	instructions:
		 0: %self->effective_date def_%v_4 %self[2.0,] 	 SYMBOL:	 ARGS:
		 1: (User) def_%v_5 
		 2: %v_5->current def_%v_6 %v_5[3.1,] 	 SYMBOL:	 ARGS:
		 3: %v_6->today def_%v_7 %v_6[3.2,] 	 SYMBOL:	 ARGS:
		 4: %v_4->< def_%v_8 %v_4[3.0,] %v_7[3.3,] 	 SYMBOL:	 ARGS:%v_7,
		 5: COPY TYPE_PASS def_%v_3 %v_8[3.4,] 
BB 4
	outgoing: 5 6 
	datadep: 
	instructions:
		 0: BRANCH %v_3[3.5,2.6,] 
BB 5
	outgoing: 7 
	datadep: 
	instructions:
		 0: %self->open_issues_count def_%v_9 %self[2.0,] 	 SYMBOL:	 ARGS:
		 1: %v_9->> def_%v_10 %v_9[5.0,] 	 SYMBOL:	 ARGS:Fixnum,
		 2: RETURN %v_10[5.1,] %self[5.0,2.0,] 
BB 6
	outgoing: 7 
	datadep: 
	instructions:
		 0: RETURN %v_3[3.5,2.6,] %self[2.0,] 
BB 7
	outgoing: 
	datadep: 
	instructions:

SET IRMethod, name = issues_count instanceMethod = true
BB 1
	outgoing: 3 2 
	datadep: 
	instructions:
BB 2
	outgoing: 3 
	datadep: 
	instructions:
		 0: def_%self 
		 1: def_%v_0 
		 2: COPY TYPE_CurrentScope def_%current_scope 
		 3: COPY TYPE_ScopeModule def_%current_module 
		 4: 
		 5: Line Number 247
		 6: %self->fixed_issues def_%v_3 %self[2.0,] 	 SYMBOL:	 ARGS:
		 7: %v_3->count def_%v_4 %v_3[2.6,] 	 SYMBOL:	 ARGS:
		 8: RETURN %v_4[2.7,] %self[2.0,2.6,] 
BB 3
	outgoing: 
	datadep: 
	instructions:

SET IRMethod, name = open_issues_count instanceMethod = true
BB 1
	outgoing: 3 2 
	datadep: 
	instructions:
BB 2
	outgoing: 3 
	datadep: 
	instructions:
		 0: def_%self 
		 1: def_%v_0 
		 2: COPY TYPE_CurrentScope def_%current_scope 
		 3: COPY TYPE_ScopeModule def_%current_module 
		 4: 
		 5: Line Number 252
		 6: %self->fixed_issues def_%v_3 %self[2.0,] 	 SYMBOL:	 ARGS:
		 7: %v_3->open_count def_%v_4 %v_3[2.6,] 	 SYMBOL:	 ARGS:
		 8: RETURN %v_4[2.7,] %self[2.0,2.6,] 
BB 3
	outgoing: 
	datadep: 
	instructions:

SET IRMethod, name = closed_issues_count instanceMethod = true
BB 1
	outgoing: 3 2 
	datadep: 
	instructions:
BB 2
	outgoing: 3 
	datadep: 
	instructions:
		 0: def_%self 
		 1: def_%v_0 
		 2: COPY TYPE_CurrentScope def_%current_scope 
		 3: COPY TYPE_ScopeModule def_%current_module 
		 4: 
		 5: Line Number 257
		 6: %self->fixed_issues def_%v_3 %self[2.0,] 	 SYMBOL:	 ARGS:
		 7: %v_3->closed_count def_%v_4 %v_3[2.6,] 	 SYMBOL:	 ARGS:
		 8: RETURN %v_4[2.7,] %self[2.0,2.6,] 
BB 3
	outgoing: 
	datadep: 
	instructions:

SET IRMethod, name = visible_fixed_issues instanceMethod = true
BB 1
	outgoing: 7 2 
	datadep: 
	instructions:
BB 2
	outgoing: 3 4 
	datadep: 
	instructions:
		 0: def_%self 
		 1: def_%v_0 
		 2: COPY TYPE_CurrentScope def_%current_scope 
		 3: COPY TYPE_ScopeModule def_%current_module 
		 4: 
		 5: Line Number 261
		 6: def_%v_4 %self[2.0,] 
		 7: COPY TYPE_PASS def_%v_3 %v_4[2.6,] 
		 8: %v_4[2.6,] 
BB 3
	outgoing: 4 
	datadep: 
	instructions:
		 0: GETFIELD %self->visible_fixed_issues def_%v_5 %self[2.0,] 
		 1: COPY TYPE_PASS def_%v_3 %v_5[3.0,] 
BB 4
	outgoing: 5 6 
	datadep: 
	instructions:
		 0: BRANCH %v_3[3.1,2.7,] 
BB 5
	outgoing: 7 
	datadep: 
	instructions:
		 0: %self->fixed_issues def_%v_6 %self[2.0,] 	 SYMBOL:	 ARGS:
		 1: %v_6->visible def_%v_7 %v_6[5.0,] 	 SYMBOL:	 ARGS:
		 2: ATTRASSIGN %self->visible_fixed_issues %v_7[5.1,] 
		 3: RETURN %v_7[5.1,] %self[5.0,5.2,2.0,] 
BB 6
	outgoing: 7 
	datadep: 
	instructions:
		 0: RETURN %v_5[3.0,] %self[2.0,] 
BB 7
	outgoing: 
	datadep: 
	instructions:

SET IRMethod, name = wiki_page instanceMethod = true
BB 1
	outgoing: 12 2 
	datadep: 
	instructions:
BB 2
	outgoing: 3 4 
	datadep: 
	instructions:
		 0: def_%self 
		 1: def_%v_0 
		 2: COPY TYPE_CurrentScope def_%current_scope 
		 3: COPY TYPE_ScopeModule def_%current_module 
		 4: 
		 5: Line Number 265
		 6: %self->project def_%v_3 %self[2.0,] 	 SYMBOL:	 ARGS:
		 7: %v_3->wiki def_%v_4 %v_3[2.6,] 	 SYMBOL:	 ARGS:
		 8: BRANCH %v_4[2.7,] 
BB 3
	outgoing: 4 
	datadep: 
	instructions:
		 0: %self->wiki_page_title def_%v_5 %self[2.0,] 	 SYMBOL:	 ARGS:
		 1: %v_5->blank? def_%v_6 %v_5[3.0,] 	 SYMBOL:	 ARGS:
		 2: %v_6->! def_%v_7 %v_6[3.1,] 	 SYMBOL:	 ARGS:
		 3: COPY TYPE_PASS def_%v_4 %v_7[3.2,] 
BB 4
	outgoing: 5 10 
	datadep: 
	instructions:
		 0: BRANCH %v_4[3.3,2.7,] 
BB 5
	outgoing: 6 7 
	datadep: 
	instructions:
		 0: Line Number 266
		 1: def_%v_9 %self[2.0,] 
		 2: COPY TYPE_PASS def_%v_8 %v_9[5.1,] 
		 3: %v_9[5.1,] 
BB 6
	outgoing: 7 
	datadep: 
	instructions:
		 0: GETFIELD %self->wiki_page def_%v_10 %self[2.0,] 
		 1: COPY TYPE_PASS def_%v_8 %v_10[6.0,] 
BB 7
	outgoing: 8 9 
	datadep: 
	instructions:
		 0: BRANCH %v_8[6.1,5.2,] 
BB 8
	outgoing: 9 
	datadep: 
	instructions:
		 0: %self->project def_%v_11 %self[2.0,] 	 SYMBOL:	 ARGS:
		 1: %v_11->wiki def_%v_12 %v_11[8.0,] 	 SYMBOL:	 ARGS:
		 2: %self->wiki_page_title def_%v_13 %self[8.0,2.0,] 	 SYMBOL:	 ARGS:
		 3: %v_12->find_page def_%v_14 %v_12[8.1,] %v_13[8.2,] 	 SYMBOL:	 ARGS:%v_13,
		 4: ATTRASSIGN %self->wiki_page %v_14[8.3,] 
		 5: COPY TYPE_PASS def_%v_10 %v_14[8.3,] 
BB 9
	outgoing: 11 
	datadep: 
	instructions:
		 0: 
BB 10
	outgoing: 11 
	datadep: 
	instructions:
		 0: COPY TYPE_Nil def_%v_10 
BB 11
	outgoing: 12 
	datadep: 
	instructions:
		 0: Line Number 269
		 1: GETFIELD %self->wiki_page def_%v_15 %self[8.4,2.0,] 
		 2: RETURN %v_15[11.1,] %self[8.4,2.0,] 
BB 12
	outgoing: 
	datadep: 
	instructions:

SET IRMethod, name = to_s instanceMethod = true
BB 1
	outgoing: 3 2 
	datadep: 
	instructions:
BB 2
	outgoing: 3 
	datadep: 
	instructions:
		 0: def_%self 
		 1: def_%v_0 
		 2: COPY TYPE_CurrentScope def_%current_scope 
		 3: COPY TYPE_ScopeModule def_%current_module 
		 4: 
		 5: Line Number 271
		 6: %self->name def_%v_3 %self[2.0,] 	 SYMBOL:	 ARGS:
		 7: RETURN %v_3[2.6,] %self[2.0,2.6,] 
BB 3
	outgoing: 
	datadep: 
	instructions:

SET IRMethod, name = to_s_with_project instanceMethod = true
BB 1
	outgoing: 3 2 
	datadep: 
	instructions:
BB 2
	outgoing: 3 
	datadep: 
	instructions:
		 0: def_%self 
		 1: def_%v_0 
		 2: COPY TYPE_CurrentScope def_%current_scope 
		 3: COPY TYPE_ScopeModule def_%current_module 
		 4: 
		 5: Line Number 274
		 6: %self->project def_%v_3 %self[2.0,] 	 SYMBOL:	 ARGS:
		 7: COPY TYPE_StringLiteral " - " def_%v_4 
		 8: %self->name def_%v_5 %self[2.0,2.6,] 	 SYMBOL:	 ARGS:
		 9: BUILDSTRING def_%v_6 %v_3[2.6,] %v_4[2.7,] %v_5[2.8,] 
		 10: RETURN %v_6[2.9,] %self[2.0,2.6,2.8,] 
BB 3
	outgoing: 
	datadep: 
	instructions:

SET IRMethod, name = <=> instanceMethod = true
BB 1
	outgoing: 21 2 
	datadep: 
	instructions:
BB 2
	outgoing: 3 13 
	datadep: 
	instructions:
		 0: def_%self 
		 1: def_%v_0 
		 2: COPY TYPE_CurrentScope def_%current_scope 
		 3: COPY TYPE_ScopeModule def_%current_module 
		 4: 
		 5: RECEIVEARG def_version 
		 6: Line Number 280
		 7: %self->effective_date def_%v_3 %self[2.0,] 	 SYMBOL:	 ARGS:
		 8: BRANCH %v_3[2.7,] 
BB 3
	outgoing: 4 11 
	datadep: 
	instructions:
		 0: Line Number 281
		 1: version->effective_date def_%v_4 version[2.5,] 	 SYMBOL:	 ARGS:
		 2: BRANCH %v_4[3.1,] 
BB 4
	outgoing: 5 9 
	datadep: 
	instructions:
		 0: Line Number 282
		 1: %self->effective_date def_%v_5 %self[2.0,] 	 SYMBOL:	 ARGS:
		 2: version->effective_date def_%v_6 version[2.5,] 	 SYMBOL:	 ARGS:
		 3: %v_5->== def_%v_7 %v_5[4.1,] %v_6[4.2,] 	 SYMBOL:	 ARGS:%v_6,
		 4: BRANCH %v_7[4.3,] 
BB 5
	outgoing: 6 7 
	datadep: 
	instructions:
		 0: Line Number 283
		 1: %self->name def_%v_8 %self[2.0,] 	 SYMBOL:	 ARGS:
		 2: version->name def_%v_9 version[2.5,] 	 SYMBOL:	 ARGS:
		 3: %v_8->== def_%v_10 %v_8[5.1,] %v_9[5.2,] 	 SYMBOL:	 ARGS:%v_9,
		 4: BRANCH %v_10[5.3,] 
BB 6
	outgoing: 8 
	datadep: 
	instructions:
		 0: %self->id def_%v_11 %self[2.0,] 	 SYMBOL:	 ARGS:
		 1: version->id def_%v_12 version[2.5,] 	 SYMBOL:	 ARGS:
		 2: %v_11-><=> def_%v_13 %v_11[6.0,] %v_12[6.1,] 	 SYMBOL:	 ARGS:%v_12,
		 3: 
BB 7
	outgoing: 8 
	datadep: 
	instructions:
		 0: %self->name def_%v_14 %self[2.0,] 	 SYMBOL:	 ARGS:
		 1: version->name def_%v_15 version[2.5,] 	 SYMBOL:	 ARGS:
		 2: %v_14-><=> def_%v_16 %v_14[7.0,] %v_15[7.1,] 	 SYMBOL:	 ARGS:%v_15,
		 3: COPY TYPE_PASS def_%v_13 %v_16[7.2,] 
BB 8
	outgoing: 10 
	datadep: 
	instructions:
		 0: 
BB 9
	outgoing: 10 
	datadep: 
	instructions:
		 0: Line Number 285
		 1: %self->effective_date def_%v_17 %self[2.0,] 	 SYMBOL:	 ARGS:
		 2: version->effective_date def_%v_18 version[2.5,] 	 SYMBOL:	 ARGS:
		 3: %v_17-><=> def_%v_19 %v_17[9.1,] %v_18[9.2,] 	 SYMBOL:	 ARGS:%v_18,
		 4: COPY TYPE_PASS def_%v_13 %v_19[9.3,] 
BB 10
	outgoing: 12 
	datadep: 
	instructions:
		 0: 
BB 11
	outgoing: 12 
	datadep: 
	instructions:
		 0: Line Number 288
		 1: COPY TYPE_Fixnum def_%v_13 
BB 12
	outgoing: 21 
	datadep: 
	instructions:
		 0: RETURN %v_13[11.1,9.4,7.3,6.2,] %self[2.0,] 
BB 13
	outgoing: 14 15 
	datadep: 
	instructions:
		 0: Line Number 291
		 1: version->effective_date def_%v_20 version[2.5,] 	 SYMBOL:	 ARGS:
		 2: BRANCH %v_20[13.1,] 
BB 14
	outgoing: 19 
	datadep: 
	instructions:
		 0: Line Number 292
		 1: COPY TYPE_Fixnum def_%v_21 
		 2: 
BB 15
	outgoing: 16 17 
	datadep: 
	instructions:
		 0: Line Number 294
		 1: %self->name def_%v_22 %self[2.0,] 	 SYMBOL:	 ARGS:
		 2: version->name def_%v_23 version[2.5,] 	 SYMBOL:	 ARGS:
		 3: %v_22->== def_%v_24 %v_22[15.1,] %v_23[15.2,] 	 SYMBOL:	 ARGS:%v_23,
		 4: BRANCH %v_24[15.3,] 
BB 16
	outgoing: 18 
	datadep: 
	instructions:
		 0: %self->id def_%v_25 %self[2.0,] 	 SYMBOL:	 ARGS:
		 1: version->id def_%v_26 version[2.5,] 	 SYMBOL:	 ARGS:
		 2: %v_25-><=> def_%v_27 %v_25[16.0,] %v_26[16.1,] 	 SYMBOL:	 ARGS:%v_26,
		 3: 
BB 17
	outgoing: 18 
	datadep: 
	instructions:
		 0: %self->name def_%v_28 %self[2.0,] 	 SYMBOL:	 ARGS:
		 1: version->name def_%v_29 version[2.5,] 	 SYMBOL:	 ARGS:
		 2: %v_28-><=> def_%v_30 %v_28[17.0,] %v_29[17.1,] 	 SYMBOL:	 ARGS:%v_29,
		 3: COPY TYPE_PASS def_%v_27 %v_30[17.2,] 
BB 18
	outgoing: 19 
	datadep: 
	instructions:
		 0: COPY TYPE_PASS def_%v_21 %v_27[17.3,16.2,] 
BB 19
	outgoing: 21 
	datadep: 
	instructions:
		 0: RETURN %v_21[18.0,14.1,] %self[2.0,] 
BB 21
	outgoing: 
	datadep: 
	instructions:

SET IRMethod, name = sort_by_status instanceMethod = false
BB 1
	outgoing: 3 2 
	datadep: 
	instructions:
BB 2
	outgoing: 3 
	datadep: 
	instructions:
		 0: def_%self 
		 1: def_%v_0 
		 2: COPY TYPE_CurrentScope def_%current_scope 
		 3: COPY TYPE_ScopeModule def_%current_module 
		 4: 
		 5: RECEIVEARG def_versions 
		 6: Line Number 301
		 7: versions->sort def_%v_3 versions[2.5,] %self[2.0,] 	 SYMBOL:	 ARGS:versions,
CLOSURE BEGIN: a[] b[] 
BB 1
	outgoing: 9 2 
	datadep: 
	instructions:
BB 2
	outgoing: 3 
	datadep: 
	instructions:
		 0: def_%self 
		 1: def_%cl_1_0 
		 2: RECEIVEARG def_a 
		 3: RECEIVEARG def_b 
		 4: COPY TYPE_CurrentScope def_%current_scope 
		 5: COPY TYPE_ScopeModule def_%current_module 
BB 3
	outgoing: 4 5 7 
	datadep: 
	instructions:
		 0: Line Number 302
		 1: a->status def_%cl_1_3 a[2.2,] 	 SYMBOL:	 ARGS:
		 2: b->status def_%cl_1_4 b[2.3,] 	 SYMBOL:	 ARGS:
		 3: %cl_1_3->== def_%cl_1_5 %cl_1_3[3.1,] %cl_1_4[3.2,] 	 SYMBOL:	 ARGS:%cl_1_4,
		 4: BRANCH %cl_1_5[3.3,] 
BB 4
	outgoing: 6 7 
	datadep: 
	instructions:
		 0: Line Number 303
		 1: a-><=> def_%cl_1_6 a[2.2,] b[2.3,] 	 SYMBOL:	 ARGS:b,
		 2: 
BB 5
	outgoing: 7 9 
	datadep: 
	instructions:
		 0: Line Number 305
		 1: b->status def_%cl_1_7 b[2.3,] 	 SYMBOL:	 ARGS:
		 2: a->status def_%cl_1_8 a[2.2,] 	 SYMBOL:	 ARGS:
		 3: %cl_1_7-><=> def_%cl_1_9 %cl_1_7[5.1,] %cl_1_8[5.2,] 	 SYMBOL:	 ARGS:%cl_1_8,
		 4: RETURN %cl_1_9[5.3,] %self[2.0,] 
BB 6
	outgoing: 9 
	datadep: 
	instructions:
		 0: RETURN %cl_1_6[4.1,] %self[2.0,] 
BB 7
	outgoing: 9 
	datadep: 
	instructions:
		 0: def_%cl_1_10 
		 1: def_%cl_1_11 %cl_1_10[7.0,] 
		 2: RETURN %cl_1_11[7.1,] %self[2.0,] 
BB 9
	outgoing: 
	datadep: 
	instructions:
CLOSURE END: b[2.3,] 
		 8: RETURN %v_3[2.7,] %self[2.0,] 
BB 3
	outgoing: 
	datadep: 
	instructions:

SET IRMethod, name = css_classes instanceMethod = true
BB 1
	outgoing: 6 2 
	datadep: 
	instructions:
BB 2
	outgoing: 3 4 
	datadep: 
	instructions:
		 0: def_%self 
		 1: def_%v_0 
		 2: COPY TYPE_CurrentScope def_%current_scope 
		 3: COPY TYPE_ScopeModule def_%current_module 
		 4: 
		 5: Line Number 312
		 6: %self->completed? def_%v_3 %self[2.0,] 	 SYMBOL:	 ARGS:
		 7: BRANCH %v_3[2.6,] 
BB 3
	outgoing: 5 
	datadep: 
	instructions:
		 0: COPY TYPE_StringLiteral "version-completed" def_%v_4 
		 1: 
BB 4
	outgoing: 5 
	datadep: 
	instructions:
		 0: COPY TYPE_StringLiteral "version-incompleted" def_%v_5 
		 1: COPY TYPE_PASS def_%v_4 %v_5[4.0,] 
BB 5
	outgoing: 6 
	datadep: 
	instructions:
		 0: COPY TYPE_StringLiteral "version-" def_%v_6 
		 1: Line Number 313
		 2: %self->status def_%v_7 %self[2.0,] 	 SYMBOL:	 ARGS:
		 3: BUILDSTRING def_%v_8 %v_6[5.0,] %v_7[5.2,] 
		 4: COPY TYPE_Array def_%v_9 %v_4[4.1,3.0,] %v_8[5.3,] 
		 5: COPY TYPE_StringLiteral " " def_%v_10 
		 6: %v_9->join def_%v_11 %v_9[5.4,] %v_10[5.5,] 	 SYMBOL:	 ARGS:%v_10,
		 7: RETURN %v_11[5.6,] %self[5.2,2.0,] 
BB 6
	outgoing: 
	datadep: 
	instructions:

SET IRMethod, name = fields_for_order_statement instanceMethod = false
BB 1
	outgoing: 7 2 
	datadep: 
	instructions:
BB 2
	outgoing: 3 4 
	datadep: 
	instructions:
		 0: def_%self 
		 1: def_%v_0 
		 2: COPY TYPE_CurrentScope def_%current_scope 
		 3: COPY TYPE_ScopeModule def_%current_module 
		 4: 
		 5: RECEIVECONSTARG def_table 
		 6: table[2.5,] 
BB 3
	outgoing: 4 
	datadep: 
	instructions:
		 0: COPY TYPE_Nil def_table 
BB 4
	outgoing: 5 6 
	datadep: 
	instructions:
		 0: Line Number 318
		 1: COPY TYPE_PASS def_%v_3 table[3.0,2.5,] 
		 2: COPY TYPE_PASS def_%v_4 table[3.0,2.5,] 
		 3: BRANCH table[3.0,2.5,] 
BB 5
	outgoing: 6 
	datadep: 
	instructions:
		 0: %self->table_name def_%v_5 %self[2.0,] 	 SYMBOL:	 ARGS:
		 1: COPY TYPE_PASS def_table %v_5[5.0,] 
		 2: COPY TYPE_PASS def_%v_4 %v_5[5.0,] 
BB 6
	outgoing: 7 
	datadep: 
	instructions:
		 0: Line Number 319
		 1: COPY TYPE_StringLiteral "(CASE WHEN " def_%v_6 
		 2: COPY TYPE_StringLiteral ".effective_date IS NULL THEN 1 ELSE 0 END)" def_%v_7 
		 3: BUILDSTRING def_%v_8 %v_6[6.1,] table[5.1,3.0,2.5,] %v_7[6.2,] 
		 4: COPY TYPE_StringLiteral ".effective_date" def_%v_9 
		 5: BUILDSTRING def_%v_10 table[5.1,3.0,2.5,] %v_9[6.4,] 
		 6: COPY TYPE_StringLiteral ".name" def_%v_11 
		 7: BUILDSTRING def_%v_12 table[5.1,3.0,2.5,] %v_11[6.6,] 
		 8: COPY TYPE_StringLiteral ".id" def_%v_13 
		 9: BUILDSTRING def_%v_14 table[5.1,3.0,2.5,] %v_13[6.8,] 
		 10: COPY TYPE_Array def_%v_15 %v_8[6.3,] %v_10[6.5,] %v_12[6.7,] %v_14[6.9,] 
		 11: RETURN %v_15[6.10,] %self[2.0,] 
BB 7
	outgoing: 
	datadep: 
	instructions:

SET IRMethod, name = allowed_sharings instanceMethod = true
BB 1
	outgoing: 5 2 
	datadep: 
	instructions:
BB 2
	outgoing: 3 4 
	datadep: 
	instructions:
		 0: def_%self 
		 1: def_%v_0 
		 2: COPY TYPE_CurrentScope def_%current_scope 
		 3: COPY TYPE_ScopeModule def_%current_module 
		 4: 
		 5: RECEIVECONSTARG def_user 
		 6: user[2.5,] 
BB 3
	outgoing: 4 
	datadep: 
	instructions:
		 0: (User) def_%v_3 
		 1: %v_3->current def_%v_4 %v_3[3.0,] 	 SYMBOL:	 ARGS:
		 2: COPY TYPE_PASS def_user %v_4[3.1,] 
BB 4
	outgoing: 5 
	datadep: 
	instructions:
		 0: Line Number 326
		 1: (VERSION_SHARINGS) def_%v_5 
		 2: %v_5->select def_%v_6 %v_5[4.1,] %self[2.0,] 	 SYMBOL:	 ARGS:%v_5,
CLOSURE BEGIN: %self[2.0,] s[] user[3.2,2.5,] 
BB 1
	outgoing: 21 2 
	datadep: 
	instructions:
BB 2
	outgoing: 3 
	datadep: 
	instructions:
		 0: def_%self 
		 1: def_%cl_1_0 
		 2: RECEIVEARG def_s 
		 3: COPY TYPE_CurrentScope def_%current_scope 
		 4: COPY TYPE_ScopeModule def_%current_module 
BB 3
	outgoing: 4 5 19 
	datadep: 
	instructions:
		 0: Line Number 327
		 1: %self->sharing def_%cl_1_3 %self[2.0,] 	 SYMBOL:	 ARGS:
		 2: %cl_1_3->== def_%cl_1_4 %cl_1_3[3.1,] s[2.2,] 	 SYMBOL:	 ARGS:s,
		 3: BRANCH %cl_1_4[3.2,] 
BB 4
	outgoing: 21 
	datadep: 
	instructions:
		 0: Line Number 329
		 1: COPY TYPE_Boolean def_%cl_1_5 
		 2: RETURN %self[2.0,] 
BB 5
	outgoing: 6 9 19 
	datadep: 
	instructions:
		 0: Line Number 330
		 1: COPY TYPE_StringLiteral "system" def_%cl_1_8 
		 2: def_%cl_1_7 %cl_1_8[5.1,] s[2.2,] 
		 3: BRANCH %cl_1_7[5.2,] 
BB 6
	outgoing: 7 10 19 
	datadep: 
	instructions:
		 0: COPY TYPE_StringLiteral "hierarchy" def_%cl_1_10 
		 1: def_%cl_1_9 %cl_1_10[6.0,] s[2.2,] 
		 2: BRANCH %cl_1_9[6.1,] 
BB 7
	outgoing: 8 13 19 
	datadep: 
	instructions:
		 0: COPY TYPE_StringLiteral "tree" def_%cl_1_12 
		 1: def_%cl_1_11 %cl_1_12[7.0,] s[2.2,] 
		 2: BRANCH %cl_1_11[7.1,] 
BB 8
	outgoing: 17 
	datadep: 
	instructions:
		 0: Line Number 340
		 1: COPY TYPE_Boolean def_%cl_1_6 
		 2: 
BB 9
	outgoing: 17 19 
	datadep: 
	instructions:
		 0: Line Number 333
		 1: user->admin? def_%cl_1_13 user[] 	 SYMBOL:	 ARGS:
		 2: COPY TYPE_PASS def_%cl_1_6 %cl_1_13[9.1,] 
		 3: 
BB 10
	outgoing: 11 12 19 
	datadep: 
	instructions:
		 0: Line Number 337
		 1: %self->project def_%cl_1_14 %self[2.0,] 	 SYMBOL:	 ARGS:
		 2: %cl_1_14->nil? def_%cl_1_15 %cl_1_14[10.1,] 	 SYMBOL:	 ARGS:
		 3: BRANCH %cl_1_15[10.2,] 
BB 11
	outgoing: 12 19 
	datadep: 
	instructions:
		 0: %self->project def_%cl_1_16 %self[2.0,] 	 SYMBOL:	 ARGS:
		 1: %cl_1_16->root def_%cl_1_17 %cl_1_16[11.0,] 	 SYMBOL:	 ARGS:
		 2: user->allowed_to? def_%cl_1_18 user[] %cl_1_17[11.1,] 	 SYMBOL:manage_versions,	 ARGS:Symbol,%cl_1_17,
		 3: COPY TYPE_PASS def_%cl_1_15 %cl_1_18[11.2,] 
BB 12
	outgoing: 17 
	datadep: 
	instructions:
		 0: COPY TYPE_PASS def_%cl_1_6 %cl_1_15[11.3,10.2,] 
		 1: 
BB 13
	outgoing: 14 15 19 
	datadep: 
	instructions:
		 0: %self->project def_%cl_1_19 %self[2.0,] 	 SYMBOL:	 ARGS:
		 1: %cl_1_19->nil? def_%cl_1_20 %cl_1_19[13.0,] 	 SYMBOL:	 ARGS:
		 2: BRANCH %cl_1_20[13.1,] 
BB 14
	outgoing: 15 19 
	datadep: 
	instructions:
		 0: %self->project def_%cl_1_21 %self[2.0,] 	 SYMBOL:	 ARGS:
		 1: %cl_1_21->root def_%cl_1_22 %cl_1_21[14.0,] 	 SYMBOL:	 ARGS:
		 2: user->allowed_to? def_%cl_1_23 user[] %cl_1_22[14.1,] 	 SYMBOL:manage_versions,	 ARGS:Symbol,%cl_1_22,
		 3: COPY TYPE_PASS def_%cl_1_20 %cl_1_23[14.2,] 
BB 15
	outgoing: 17 
	datadep: 
	instructions:
		 0: COPY TYPE_PASS def_%cl_1_6 %cl_1_20[14.3,13.1,] 
		 1: 
BB 17
	outgoing: 21 
	datadep: 
	instructions:
		 0: RETURN %cl_1_6[9.2,12.0,15.0,8.1,] %self[2.0,] 
BB 19
	outgoing: 21 
	datadep: 
	instructions:
		 0: def_%cl_1_24 
		 1: def_%cl_1_25 %cl_1_24[19.0,] 
		 2: RETURN %cl_1_25[19.1,] %self[2.0,] 
BB 21
	outgoing: 
	datadep: 
	instructions:
CLOSURE END: 
		 3: RETURN %v_6[4.2,] %self[2.0,] 
BB 5
	outgoing: 
	datadep: 
	instructions:

SET IRMethod, name = shared? instanceMethod = true
BB 1
	outgoing: 3 2 
	datadep: 
	instructions:
BB 2
	outgoing: 3 
	datadep: 
	instructions:
		 0: def_%self 
		 1: def_%v_0 
		 2: COPY TYPE_CurrentScope def_%current_scope 
		 3: COPY TYPE_ScopeModule def_%current_module 
		 4: 
		 5: Line Number 347
		 6: %self->sharing def_%v_3 %self[2.0,] 	 SYMBOL:	 ARGS:
		 7: COPY TYPE_StringLiteral "none" def_%v_4 
		 8: %v_3->!= def_%v_5 %v_3[2.6,] %v_4[2.7,] 	 SYMBOL:	 ARGS:%v_4,
		 9: RETURN %v_5[2.8,] %self[2.0,2.6,] 
BB 3
	outgoing: 
	datadep: 
	instructions:

SET IRMethod, name = deletable? instanceMethod = true
BB 1
	outgoing: 5 2 
	datadep: 
	instructions:
BB 2
	outgoing: 3 4 
	datadep: 
	instructions:
		 0: def_%self 
		 1: def_%v_0 
		 2: COPY TYPE_CurrentScope def_%current_scope 
		 3: COPY TYPE_ScopeModule def_%current_module 
		 4: 
		 5: Line Number 351
		 6: %self->fixed_issues def_%v_3 %self[2.0,] 	 SYMBOL:	 ARGS:
		 7: %v_3->empty? def_%v_4 %v_3[2.6,] 	 SYMBOL:	 ARGS:
		 8: BRANCH %v_4[2.7,] 
BB 3
	outgoing: 5 
	datadep: 
	instructions:
		 0: %self->referenced_by_a_custom_field? def_%v_5 %self[2.0,] 	 SYMBOL:	 ARGS:
		 1: %v_5->! def_%v_6 %v_5[3.0,] 	 SYMBOL:	 ARGS:
		 2: RETURN %v_6[3.1,] %self[3.0,2.0,] 
BB 4
	outgoing: 5 
	datadep: 
	instructions:
		 0: RETURN %v_4[2.7,] %self[2.0,] 
BB 5
	outgoing: 
	datadep: 
	instructions:

SET IRMethod, name = default_project_version instanceMethod = true
BB 1
	outgoing: 8 2 
	datadep: 
	instructions:
BB 2
	outgoing: 3 6 
	datadep: 
	instructions:
		 0: def_%self 
		 1: def_%v_0 
		 2: COPY TYPE_CurrentScope def_%current_scope 
		 3: COPY TYPE_ScopeModule def_%current_module 
		 4: 
		 5: Line Number 355
		 6: GETFIELD %self->default_project_version def_%v_3 %self[2.0,] 
		 7: %v_3->nil? def_%v_4 %v_3[2.6,] 	 SYMBOL:	 ARGS:
		 8: BRANCH %v_4[2.7,] 
BB 3
	outgoing: 4 5 
	datadep: 
	instructions:
		 0: Line Number 356
		 1: %self->project def_%v_5 %self[2.0,] 	 SYMBOL:	 ARGS:
		 2: %v_5->present? def_%v_6 %v_5[3.1,] 	 SYMBOL:	 ARGS:
		 3: BRANCH %v_6[3.2,] 
BB 4
	outgoing: 5 
	datadep: 
	instructions:
		 0: %self->project def_%v_7 %self[2.0,] 	 SYMBOL:	 ARGS:
		 1: %v_7->default_version def_%v_8 %v_7[4.0,] 	 SYMBOL:	 ARGS:
		 2: %v_8->== def_%v_9 %v_8[4.1,] %self[4.0,2.0,] 	 SYMBOL:	 ARGS:%self,
		 3: COPY TYPE_PASS def_%v_6 %v_9[4.2,] 
BB 5
	outgoing: 8 
	datadep: 
	instructions:
		 0: RETURN %v_6[4.3,3.2,] %self[2.0,] 
BB 6
	outgoing: 8 
	datadep: 
	instructions:
		 0: Line Number 359
		 1: GETFIELD %self->default_project_version def_%v_10 %self[2.0,] 
		 2: RETURN %v_10[6.1,] %self[2.0,] 
BB 8
	outgoing: 
	datadep: 
	instructions:

SET IRMethod, name = default_project_version= instanceMethod = true
BB 1
	outgoing: 5 2 
	datadep: 
	instructions:
BB 2
	outgoing: 3 4 
	datadep: 
	instructions:
		 0: def_%self 
		 1: def_%v_0 
		 2: COPY TYPE_CurrentScope def_%current_scope 
		 3: COPY TYPE_ScopeModule def_%current_module 
		 4: 
		 5: RECEIVEARG def_arg 
		 6: Line Number 363
		 7: COPY TYPE_StringLiteral "1" def_%v_3 
		 8: arg->== def_%v_4 arg[2.5,] %v_3[2.7,] 	 SYMBOL:	 ARGS:%v_3,
		 9: BRANCH %v_4[2.8,] 
BB 3
	outgoing: 4 
	datadep: 
	instructions:
		 0: arg->== def_%v_5 arg[2.5,] 	 SYMBOL:	 ARGS:Boolean,
		 1: COPY TYPE_PASS def_%v_4 %v_5[3.0,] 
BB 4
	outgoing: 5 
	datadep: 
	instructions:
		 0: ATTRASSIGN %self->default_project_version %v_4[3.1,2.8,] 
		 1: RETURN %v_4[3.1,2.8,] %self[4.0,2.0,] 
BB 5
	outgoing: 
	datadep: 
	instructions:

SET IRMethod, name = update_issues_from_sharing_change instanceMethod = true
BB 1
	outgoing: 13 2 
	datadep: 
	instructions:
BB 2
	outgoing: 3 11 
	datadep: 
	instructions:
		 0: def_%self 
		 1: def_%v_0 
		 2: COPY TYPE_CurrentScope def_%current_scope 
		 3: COPY TYPE_ScopeModule def_%current_module 
		 4: 
		 5: Line Number 370
		 6: %self->saved_change_to_sharing? def_%v_3 %self[2.0,] 	 SYMBOL:	 ARGS:
		 7: BRANCH %v_3[2.6,] 
BB 3
	outgoing: 4 5 
	datadep: 
	instructions:
		 0: Line Number 371
		 1: (VERSION_SHARINGS) def_%v_4 
		 2: %self->sharing_before_last_save def_%v_5 %self[2.0,] 	 SYMBOL:	 ARGS:
		 3: %v_4->index def_%v_6 %v_4[3.1,] %v_5[3.2,] 	 SYMBOL:	 ARGS:%v_5,
		 4: %v_6->nil? def_%v_7 %v_6[3.3,] 	 SYMBOL:	 ARGS:
		 5: BRANCH %v_7[3.4,] 
BB 4
	outgoing: 5 
	datadep: 
	instructions:
		 0: (VERSION_SHARINGS) def_%v_8 
		 1: %self->sharing def_%v_9 %self[2.0,] 	 SYMBOL:	 ARGS:
		 2: %v_8->index def_%v_10 %v_8[4.0,] %v_9[4.1,] 	 SYMBOL:	 ARGS:%v_9,
		 3: %v_10->nil? def_%v_11 %v_10[4.2,] 	 SYMBOL:	 ARGS:
		 4: COPY TYPE_PASS def_%v_7 %v_11[4.3,] 
BB 5
	outgoing: 6 7 
	datadep: 
	instructions:
		 0: BRANCH %v_7[4.4,3.4,] 
BB 6
	outgoing: 7 
	datadep: 
	instructions:
		 0: (VERSION_SHARINGS) def_%v_12 
		 1: %self->sharing_before_last_save def_%v_13 %self[2.0,] 	 SYMBOL:	 ARGS:
		 2: %v_12->index def_%v_14 %v_12[6.0,] %v_13[6.1,] 	 SYMBOL:	 ARGS:%v_13,
		 3: (VERSION_SHARINGS) def_%v_15 
		 4: %self->sharing def_%v_16 %self[6.1,2.0,] 	 SYMBOL:	 ARGS:
		 5: %v_15->index def_%v_17 %v_15[6.3,] %v_16[6.4,] 	 SYMBOL:	 ARGS:%v_16,
		 6: %v_14->> def_%v_18 %v_14[6.2,] %v_17[6.5,] 	 SYMBOL:	 ARGS:%v_17,
		 7: COPY TYPE_PASS def_%v_7 %v_18[6.6,] 
BB 7
	outgoing: 8 9 
	datadep: 
	instructions:
		 0: BRANCH %v_7[6.7,4.4,3.4,] 
BB 8
	outgoing: 10 
	datadep: 
	instructions:
		 0: Line Number 374
		 1: (Issue) def_%v_19 
		 2: %v_19->update_versions_from_sharing_change def_%v_20 %v_19[8.1,] %self[2.0,] 	 SYMBOL:	 ARGS:%self,
		 3: 
BB 9
	outgoing: 10 
	datadep: 
	instructions:
		 0: COPY TYPE_Nil def_%v_20 
BB 10
	outgoing: 13 
	datadep: 
	instructions:
		 0: RETURN %v_20[9.0,8.2,] %self[2.0,] 
BB 11
	outgoing: 13 
	datadep: 
	instructions:
		 0: RETURN %self[2.0,] 
BB 13
	outgoing: 
	datadep: 
	instructions:

SET IRMethod, name = update_default_project_version instanceMethod = true
BB 1
	outgoing: 8 2 
	datadep: 
	instructions:
BB 2
	outgoing: 3 4 
	datadep: 
	instructions:
		 0: def_%self 
		 1: def_%v_0 
		 2: COPY TYPE_CurrentScope def_%current_scope 
		 3: COPY TYPE_ScopeModule def_%current_module 
		 4: 
		 5: Line Number 380
		 6: GETFIELD %self->default_project_version def_%v_3 %self[2.0,] 
		 7: BRANCH %v_3[2.6,] 
BB 3
	outgoing: 4 
	datadep: 
	instructions:
		 0: %self->project def_%v_4 %self[2.0,] 	 SYMBOL:	 ARGS:
		 1: %v_4->present? def_%v_5 %v_4[3.0,] 	 SYMBOL:	 ARGS:
		 2: COPY TYPE_PASS def_%v_3 %v_5[3.1,] 
BB 4
	outgoing: 5 6 
	datadep: 
	instructions:
		 0: BRANCH %v_3[3.2,2.6,] 
BB 5
	outgoing: 8 
	datadep: 
	instructions:
		 0: Line Number 381
		 1: %self->project def_%v_6 %self[2.0,] 	 SYMBOL:	 ARGS:
		 2: %self->id def_%v_7 %self[5.1,2.0,] 	 SYMBOL:	 ARGS:
		 3: HASH-default_version_id- def_%v_8 %v_7[5.2,] 
		 4: %v_6->update_columns def_%v_9 %v_6[5.1,] %v_8[5.3,] 	 SYMBOL:	 ARGS:%v_8,
		 5: RETURN %v_9[5.4,] %self[5.1,5.2,2.0,] 
BB 6
	outgoing: 8 
	datadep: 
	instructions:
		 0: RETURN %self[2.0,] 
BB 8
	outgoing: 
	datadep: 
	instructions:

SET IRMethod, name = referenced_by_a_custom_field? instanceMethod = true
BB 1
	outgoing: 3 2 
	datadep: 
	instructions:
BB 2
	outgoing: 3 
	datadep: 
	instructions:
		 0: def_%self 
		 1: def_%v_0 
		 2: COPY TYPE_CurrentScope def_%current_scope 
		 3: COPY TYPE_ScopeModule def_%current_module 
		 4: 
		 5: Line Number 386
		 6: (CustomValue) def_%v_3 
		 7: %v_3->joins def_%v_4 %v_3[2.6,] 	 SYMBOL:custom_field,	 ARGS:Symbol,
		 8: %self->id def_%v_5 %self[2.0,] 	 SYMBOL:	 ARGS:
		 9: %v_5->to_s def_%v_6 %v_5[2.8,] 	 SYMBOL:	 ARGS:
		 10: COPY TYPE_StringLiteral "version" def_%v_7 
		 11: HASH-field_format- def_%v_8 %v_7[2.10,] 
		 12: HASH-value-custom_fields- def_%v_9 %v_6[2.9,] %v_8[2.11,] 
		 13: %v_4->where def_%v_10 %v_4[2.7,] %v_9[2.12,] 	 SYMBOL:	 ARGS:%v_9,
		 14: %v_10->any? def_%v_11 %v_10[2.13,] 	 SYMBOL:	 ARGS:
		 15: RETURN %v_11[2.14,] %self[2.0,2.8,] 
BB 3
	outgoing: 
	datadep: 
	instructions:

SET IRMethod, name = nullify_projects_default_version instanceMethod = true
BB 1
	outgoing: 3 2 
	datadep: 
	instructions:
BB 2
	outgoing: 3 
	datadep: 
	instructions:
		 0: def_%self 
		 1: def_%v_0 
		 2: COPY TYPE_CurrentScope def_%current_scope 
		 3: COPY TYPE_ScopeModule def_%current_module 
		 4: 
		 5: Line Number 391
		 6: (Project) def_%v_3 
		 7: %self->id def_%v_4 %self[2.0,] 	 SYMBOL:	 ARGS:
		 8: HASH-default_version_id- def_%v_5 %v_4[2.7,] 
		 9: %v_3->where def_%v_6 %v_3[2.6,] %v_5[2.8,] 	 SYMBOL:	 ARGS:%v_5,
		 10: HASH-default_version_id- def_%v_7 
		 11: %v_6->update_all def_%v_8 %v_6[2.9,] %v_7[2.10,] 	 SYMBOL:	 ARGS:%v_7,
		 12: RETURN %v_8[2.11,] %self[2.0,2.7,] 
BB 3
	outgoing: 
	datadep: 
	instructions:

