SET IRMethod, name = text= instanceMethod = true
BB 1
	outgoing: 20 2 
	datadep: 
	instructions:
BB 2
	outgoing: 3 4 
	datadep: 
	instructions:
		 0: def_%self 
		 1: def_%v_0 
		 2: COPY TYPE_CurrentScope def_%current_scope 
		 3: COPY TYPE_ScopeModule def_%current_module 
		 4: 
		 5: RECEIVEARG def_plain 
		 6: Line Number 45
		 7: (Setting) def_%v_3 
		 8: %v_3->wiki_compression def_%v_4 %v_3[2.7,] 	 SYMBOL:	 ARGS:
		 9: COPY TYPE_StringLiteral "gzip" def_%v_7 
		 10: def_%v_6 %v_7[2.9,] %v_4[2.8,] 
		 11: BRANCH %v_6[2.10,] 
BB 3
	outgoing: 19 
	datadep: 
	instructions:
		 0: Line Number 55
		 1: ATTRASSIGN %self->data plain[2.5,] 
		 2: Line Number 56
		 3: COPY TYPE_StringLiteral "" def_%v_22 
		 4: ATTRASSIGN %self->compression %v_22[3.3,] 
		 5: COPY TYPE_PASS def_%v_5 %v_22[3.3,] 
		 6: 
BB 4
	outgoing: 6 
	datadep: 
	instructions:
		 0: Line Number 47
		 1: GLOBALVAR $! def_%v_8 
BB 6
	outgoing: 7 8 12 
	datadep: 
	instructions:
		 0: 
		 1: Line Number 48
		 2: (Zlib) def_%v_11 
		 3: (inherit Deflate) def_%v_12 %v_11[6.2,] 
		 4: %v_12[6.3,] 
BB 7
	outgoing: 8 12 
	datadep: 
	instructions:
		 0: %v_11->const_missing def_%v_12 %v_11[6.2,] 	 SYMBOL:Deflate,	 ARGS:Symbol,
BB 8
	outgoing: 9 10 12 
	datadep: 
	instructions:
		 0: (Zlib) def_%v_13 
		 1: (inherit BEST_COMPRESSION) def_%v_14 %v_13[8.0,] 
		 2: %v_14[8.1,] 
BB 9
	outgoing: 10 12 
	datadep: 
	instructions:
		 0: %v_13->const_missing def_%v_14 %v_13[8.0,] 	 SYMBOL:BEST_COMPRESSION,	 ARGS:Symbol,
BB 10
	outgoing: 11 12 
	datadep: 
	instructions:
		 0: %v_12->deflate def_%v_15 %v_12[7.0,6.3,] plain[2.5,] %v_14[9.0,8.1,] 	 SYMBOL:	 ARGS:plain,%v_14,
		 1: ATTRASSIGN %self->data %v_15[10.0,] 
		 2: Line Number 49
		 3: COPY TYPE_StringLiteral "gzip" def_%v_16 
		 4: ATTRASSIGN %self->compression %v_16[10.3,] 
		 5: COPY TYPE_PASS def_%v_10 %v_16[10.3,] 
		 6: %v_8[4.1,] 
BB 11
	outgoing: 17 
	datadep: 
	instructions:
		 0: 
BB 12
	outgoing: 13 14 16 
	datadep: 
	instructions:
		 0: def_%v_17 
		 1: def_%v_18 %v_17[12.0,] 
		 2: BRANCH %v_18[12.1,] 
BB 13
	outgoing: 16 20 
	datadep: 
	instructions:
		 0: %v_17[12.0,] 
BB 14
	outgoing: 15 16 
	datadep: 
	instructions:
		 0: Line Number 51
		 1: ATTRASSIGN %self->data plain[2.5,] 
		 2: Line Number 52
		 3: COPY TYPE_StringLiteral "" def_%v_19 
		 4: ATTRASSIGN %self->compression %v_19[14.3,] 
		 5: COPY TYPE_PASS def_%v_10 %v_19[14.3,] 
		 6: %v_8[4.1,] 
BB 15
	outgoing: 17 
	datadep: 
	instructions:
		 0: 
BB 16
	outgoing: 20 
	datadep: 
	instructions:
		 0: def_%v_20 
		 1: def_%v_21 %v_20[16.0,] %v_8[4.1,] 
		 2: %v_20[16.0,] 
BB 17
	outgoing: 19 
	datadep: 
	instructions:
		 0: COPY TYPE_PASS def_%v_5 %v_10[10.5,14.5,] 
		 1: 
BB 19
	outgoing: 20 
	datadep: 
	instructions:
		 0: Line Number 58
		 1: RETURN plain[2.5,] %self[3.1,3.4,2.0,10.1,10.4,14.1,14.4,] 
BB 20
	outgoing: 
	datadep: 
	instructions:

SET IRMethod, name = text instanceMethod = true
BB 1
	outgoing: 13 2 
	datadep: 
	instructions:
BB 2
	outgoing: 3 4 
	datadep: 
	instructions:
		 0: def_%self 
		 1: def_%v_0 
		 2: COPY TYPE_CurrentScope def_%current_scope 
		 3: COPY TYPE_ScopeModule def_%current_module 
		 4: 
		 5: Line Number 62
		 6: def_%v_4 %self[2.0,] 
		 7: COPY TYPE_PASS def_%v_3 %v_4[2.6,] 
		 8: %v_4[2.6,] 
BB 3
	outgoing: 4 
	datadep: 
	instructions:
		 0: GETFIELD %self->text def_%v_5 %self[2.0,] 
		 1: COPY TYPE_PASS def_%v_3 %v_5[3.0,] 
BB 4
	outgoing: 5 12 
	datadep: 
	instructions:
		 0: BRANCH %v_3[3.1,2.7,] 
BB 5
	outgoing: 6 7 
	datadep: 
	instructions:
		 0: Line Number 63
		 1: %self->compression def_%v_6 %self[2.0,] 	 SYMBOL:	 ARGS:
		 2: COPY TYPE_StringLiteral "gzip" def_%v_9 
		 3: def_%v_8 %v_9[5.2,] %v_6[5.1,] 
		 4: BRANCH %v_8[5.3,] 
BB 6
	outgoing: 11 
	datadep: 
	instructions:
		 0: Line Number 68
		 1: %self->data def_%v_14 %self[2.0,] 	 SYMBOL:	 ARGS:
		 2: COPY TYPE_PASS def_%v_7 %v_14[6.1,] 
		 3: 
BB 7
	outgoing: 8 9 
	datadep: 
	instructions:
		 0: Line Number 65
		 1: (Zlib) def_%v_10 
		 2: (inherit Inflate) def_%v_11 %v_10[7.1,] 
		 3: %v_11[7.2,] 
BB 8
	outgoing: 9 
	datadep: 
	instructions:
		 0: %v_10->const_missing def_%v_11 %v_10[7.1,] 	 SYMBOL:Inflate,	 ARGS:Symbol,
BB 9
	outgoing: 11 
	datadep: 
	instructions:
		 0: %self->data def_%v_12 %self[2.0,] 	 SYMBOL:	 ARGS:
		 1: %v_11->inflate def_%v_13 %v_11[8.0,7.2,] %v_12[9.0,] 	 SYMBOL:	 ARGS:%v_12,
		 2: COPY TYPE_PASS def_%v_7 %v_13[9.1,] 
		 3: 
BB 11
	outgoing: 13 
	datadep: 
	instructions:
		 0: COPY TYPE_PASS def_str %v_7[9.2,6.2,] 
		 1: Line Number 70
		 2: COPY TYPE_StringLiteral "UTF-8" def_%v_15 
		 3: %v_7->force_encoding def_%v_16 %v_7[9.2,6.2,] %v_15[11.2,] 	 SYMBOL:	 ARGS:%v_15,
		 4: Line Number 71
		 5: ATTRASSIGN %self->text str[11.0,] 
		 6: RETURN str[11.0,] %self[11.5,2.0,] 
BB 12
	outgoing: 13 
	datadep: 
	instructions:
		 0: RETURN %v_5[3.0,] %self[2.0,] 
BB 13
	outgoing: 
	datadep: 
	instructions:

SET IRMethod, name = project instanceMethod = true
BB 1
	outgoing: 3 2 
	datadep: 
	instructions:
BB 2
	outgoing: 3 
	datadep: 
	instructions:
		 0: def_%self 
		 1: def_%v_0 
		 2: COPY TYPE_CurrentScope def_%current_scope 
		 3: COPY TYPE_ScopeModule def_%current_module 
		 4: 
		 5: Line Number 76
		 6: %self->page def_%v_3 %self[2.0,] 	 SYMBOL:	 ARGS:
		 7: %v_3->project def_%v_4 %v_3[2.6,] 	 SYMBOL:	 ARGS:
		 8: RETURN %v_4[2.7,] %self[2.0,2.6,] 
BB 3
	outgoing: 
	datadep: 
	instructions:

SET IRMethod, name = attachments instanceMethod = true
BB 1
	outgoing: 6 2 
	datadep: 
	instructions:
BB 2
	outgoing: 3 4 
	datadep: 
	instructions:
		 0: def_%self 
		 1: def_%v_0 
		 2: COPY TYPE_CurrentScope def_%current_scope 
		 3: COPY TYPE_ScopeModule def_%current_module 
		 4: 
		 5: Line Number 80
		 6: %self->page def_%v_3 %self[2.0,] 	 SYMBOL:	 ARGS:
		 7: %v_3->nil? def_%v_4 %v_3[2.6,] 	 SYMBOL:	 ARGS:
		 8: BRANCH %v_4[2.7,] 
BB 3
	outgoing: 6 
	datadep: 
	instructions:
		 0: COPY TYPE_Array def_%v_5 
		 1: RETURN %v_5[3.0,] %self[2.0,] 
BB 4
	outgoing: 6 
	datadep: 
	instructions:
		 0: %self->page def_%v_6 %self[2.0,] 	 SYMBOL:	 ARGS:
		 1: %v_6->attachments def_%v_7 %v_6[4.0,] 	 SYMBOL:	 ARGS:
		 2: RETURN %v_7[4.1,] %self[4.0,2.0,] 
BB 6
	outgoing: 
	datadep: 
	instructions:

SET IRMethod, name = current_version? instanceMethod = true
BB 1
	outgoing: 3 2 
	datadep: 
	instructions:
BB 2
	outgoing: 3 
	datadep: 
	instructions:
		 0: def_%self 
		 1: def_%v_0 
		 2: COPY TYPE_CurrentScope def_%current_scope 
		 3: COPY TYPE_ScopeModule def_%current_module 
		 4: 
		 5: Line Number 85
		 6: %self->page def_%v_3 %self[2.0,] 	 SYMBOL:	 ARGS:
		 7: %v_3->content def_%v_4 %v_3[2.6,] 	 SYMBOL:	 ARGS:
		 8: %v_4->version def_%v_5 %v_4[2.7,] 	 SYMBOL:	 ARGS:
		 9: %self->version def_%v_6 %self[2.0,2.6,] 	 SYMBOL:	 ARGS:
		 10: %v_5->== def_%v_7 %v_5[2.8,] %v_6[2.9,] 	 SYMBOL:	 ARGS:%v_6,
		 11: RETURN %v_7[2.10,] %self[2.0,2.6,2.9,] 
BB 3
	outgoing: 
	datadep: 
	instructions:

SET IRMethod, name = previous instanceMethod = true
BB 1
	outgoing: 7 2 
	datadep: 
	instructions:
BB 2
	outgoing: 3 4 
	datadep: 
	instructions:
		 0: def_%self 
		 1: def_%v_0 
		 2: COPY TYPE_CurrentScope def_%current_scope 
		 3: COPY TYPE_ScopeModule def_%current_module 
		 4: 
		 5: Line Number 90
		 6: def_%v_4 %self[2.0,] 
		 7: COPY TYPE_PASS def_%v_3 %v_4[2.6,] 
		 8: %v_4[2.6,] 
BB 3
	outgoing: 4 
	datadep: 
	instructions:
		 0: GETFIELD %self->previous def_%v_5 %self[2.0,] 
		 1: COPY TYPE_PASS def_%v_3 %v_5[3.0,] 
BB 4
	outgoing: 5 6 
	datadep: 
	instructions:
		 0: BRANCH %v_3[3.1,2.7,] 
BB 5
	outgoing: 7 
	datadep: 
	instructions:
		 0: (WikiContentVersion) def_%v_6 
		 1: HASH-version- def_%v_7 
		 2: %v_6->reorder def_%v_8 %v_6[5.0,] %v_7[5.1,] 	 SYMBOL:	 ARGS:%v_7,
		 3: %v_8->includes def_%v_9 %v_8[5.2,] 	 SYMBOL:author,	 ARGS:Symbol,
		 4: COPY TYPE_StringLiteral "wiki_content_id = ? AND version < ?" def_%v_10 
		 5: %self->wiki_content_id def_%v_11 %self[2.0,] 	 SYMBOL:	 ARGS:
		 6: %self->version def_%v_12 %self[5.5,2.0,] 	 SYMBOL:	 ARGS:
		 7: %v_9->where def_%v_13 %v_9[5.3,] %v_10[5.4,] %v_11[5.5,] %v_12[5.6,] 	 SYMBOL:	 ARGS:%v_10,%v_11,%v_12,
		 8: %v_13->first def_%v_14 %v_13[5.7,] 	 SYMBOL:	 ARGS:
		 9: ATTRASSIGN %self->previous %v_14[5.8,] 
		 10: RETURN %v_14[5.8,] %self[5.5,5.6,5.9,2.0,] 
BB 6
	outgoing: 7 
	datadep: 
	instructions:
		 0: RETURN %v_5[3.0,] %self[2.0,] 
BB 7
	outgoing: 
	datadep: 
	instructions:

SET IRMethod, name = next instanceMethod = true
BB 1
	outgoing: 7 2 
	datadep: 
	instructions:
BB 2
	outgoing: 3 4 
	datadep: 
	instructions:
		 0: def_%self 
		 1: def_%v_0 
		 2: COPY TYPE_CurrentScope def_%current_scope 
		 3: COPY TYPE_ScopeModule def_%current_module 
		 4: 
		 5: Line Number 98
		 6: def_%v_4 %self[2.0,] 
		 7: COPY TYPE_PASS def_%v_3 %v_4[2.6,] 
		 8: %v_4[2.6,] 
BB 3
	outgoing: 4 
	datadep: 
	instructions:
		 0: GETFIELD %self->next def_%v_5 %self[2.0,] 
		 1: COPY TYPE_PASS def_%v_3 %v_5[3.0,] 
BB 4
	outgoing: 5 6 
	datadep: 
	instructions:
		 0: BRANCH %v_3[3.1,2.7,] 
BB 5
	outgoing: 7 
	datadep: 
	instructions:
		 0: (WikiContentVersion) def_%v_6 
		 1: HASH-version- def_%v_7 
		 2: %v_6->reorder def_%v_8 %v_6[5.0,] %v_7[5.1,] 	 SYMBOL:	 ARGS:%v_7,
		 3: %v_8->includes def_%v_9 %v_8[5.2,] 	 SYMBOL:author,	 ARGS:Symbol,
		 4: COPY TYPE_StringLiteral "wiki_content_id = ? AND version > ?" def_%v_10 
		 5: %self->wiki_content_id def_%v_11 %self[2.0,] 	 SYMBOL:	 ARGS:
		 6: %self->version def_%v_12 %self[5.5,2.0,] 	 SYMBOL:	 ARGS:
		 7: %v_9->where def_%v_13 %v_9[5.3,] %v_10[5.4,] %v_11[5.5,] %v_12[5.6,] 	 SYMBOL:	 ARGS:%v_10,%v_11,%v_12,
		 8: %v_13->first def_%v_14 %v_13[5.7,] 	 SYMBOL:	 ARGS:
		 9: ATTRASSIGN %self->next %v_14[5.8,] 
		 10: RETURN %v_14[5.8,] %self[5.5,5.6,5.9,2.0,] 
BB 6
	outgoing: 7 
	datadep: 
	instructions:
		 0: RETURN %v_5[3.0,] %self[2.0,] 
BB 7
	outgoing: 
	datadep: 
	instructions:

SET IRMethod, name = page_update_after_destroy instanceMethod = true
BB 1
	outgoing: 21 2 
	datadep: 
	instructions:
BB 2
	outgoing: 3 4 
	datadep: 
	instructions:
		 0: def_%self 
		 1: def_%v_0 
		 2: COPY TYPE_CurrentScope def_%current_scope 
		 3: COPY TYPE_ScopeModule def_%current_module 
		 4: 
		 5: Line Number 109
		 6: %self->page def_%v_3 %self[2.0,] 	 SYMBOL:	 ARGS:
		 7: %v_3->content def_%v_4 %v_3[2.6,] 	 SYMBOL:	 ARGS:
		 8: %v_4->versions def_%v_5 %v_4[2.7,] 	 SYMBOL:	 ARGS:
		 9: HASH-version- def_%v_6 
		 10: %v_5->reorder def_%v_7 %v_5[2.8,] %v_6[2.9,] 	 SYMBOL:	 ARGS:%v_6,
		 11: %v_7->first def_%v_8 %v_7[2.10,] 	 SYMBOL:	 ARGS:
		 12: COPY TYPE_PASS def_latest %v_8[2.11,] 
		 13: Line Number 110
		 14: COPY TYPE_PASS def_%v_9 %v_8[2.11,] 
		 15: BRANCH %v_8[2.11,] 
BB 3
	outgoing: 4 
	datadep: 
	instructions:
		 0: %self->page def_%v_10 %self[2.0,] 	 SYMBOL:	 ARGS:
		 1: %v_10->content def_%v_11 %v_10[3.0,] 	 SYMBOL:	 ARGS:
		 2: %v_11->version def_%v_12 %v_11[3.1,] 	 SYMBOL:	 ARGS:
		 3: latest->version def_%v_13 latest[2.12,] 	 SYMBOL:	 ARGS:
		 4: %v_12->!= def_%v_14 %v_12[3.2,] %v_13[3.3,] 	 SYMBOL:	 ARGS:%v_13,
		 5: COPY TYPE_PASS def_%v_9 %v_14[3.4,] 
BB 4
	outgoing: 5 11 
	datadep: 
	instructions:
		 0: BRANCH %v_9[3.5,2.14,] 
BB 5
	outgoing: 6 7 
	datadep: 
	instructions:
		 0: Line Number 111
		 1: %self->page def_%v_15 %self[2.0,] 	 SYMBOL:	 ARGS:
		 2: %v_15->content def_%v_16 %v_15[5.1,] 	 SYMBOL:	 ARGS:
		 3: %v_16->revert_to! def_%v_17 %v_16[5.2,] latest[2.12,] 	 SYMBOL:	 ARGS:latest,
		 4: BRANCH %v_17[5.3,] 
BB 6
	outgoing: 10 
	datadep: 
	instructions:
		 0: COPY TYPE_Nil def_%v_18 
		 1: 
BB 7
	outgoing: 8 9 
	datadep: 
	instructions:
		 0: (ActiveRecord) def_%v_19 
		 1: (inherit Rollback) def_%v_20 %v_19[7.0,] 
		 2: %v_20[7.1,] 
BB 8
	outgoing: 9 
	datadep: 
	instructions:
		 0: %v_19->const_missing def_%v_20 %v_19[7.0,] 	 SYMBOL:Rollback,	 ARGS:Symbol,
BB 9
	outgoing: 10 
	datadep: 
	instructions:
		 0: %self->raise def_%v_21 %self[2.0,] %v_20[8.0,7.1,] 	 SYMBOL:	 ARGS:%v_20,
		 1: COPY TYPE_PASS def_%v_18 %v_21[9.0,] 
BB 10
	outgoing: 21 
	datadep: 
	instructions:
		 0: RETURN %v_18[9.1,6.0,] %self[2.0,] 
BB 11
	outgoing: 12 18 
	datadep: 
	instructions:
		 0: Line Number 112
		 1: latest->nil? def_%v_22 latest[2.12,] 	 SYMBOL:	 ARGS:
		 2: BRANCH %v_22[11.1,] 
BB 12
	outgoing: 13 14 
	datadep: 
	instructions:
		 0: Line Number 113
		 1: %self->page def_%v_23 %self[2.0,] 	 SYMBOL:	 ARGS:
		 2: %v_23->destroy def_%v_24 %v_23[12.1,] 	 SYMBOL:	 ARGS:
		 3: BRANCH %v_24[12.2,] 
BB 13
	outgoing: 17 
	datadep: 
	instructions:
		 0: COPY TYPE_Nil def_%v_25 
		 1: 
BB 14
	outgoing: 15 16 
	datadep: 
	instructions:
		 0: (ActiveRecord) def_%v_26 
		 1: (inherit Rollback) def_%v_27 %v_26[14.0,] 
		 2: %v_27[14.1,] 
BB 15
	outgoing: 16 
	datadep: 
	instructions:
		 0: %v_26->const_missing def_%v_27 %v_26[14.0,] 	 SYMBOL:Rollback,	 ARGS:Symbol,
BB 16
	outgoing: 17 
	datadep: 
	instructions:
		 0: %self->raise def_%v_28 %self[2.0,] %v_27[15.0,14.1,] 	 SYMBOL:	 ARGS:%v_27,
		 1: COPY TYPE_PASS def_%v_25 %v_28[16.0,] 
BB 17
	outgoing: 19 
	datadep: 
	instructions:
		 0: 
BB 18
	outgoing: 19 
	datadep: 
	instructions:
		 0: COPY TYPE_Nil def_%v_25 
BB 19
	outgoing: 21 
	datadep: 
	instructions:
		 0: RETURN %v_25[18.0,16.1,13.0,] %self[2.0,] 
BB 21
	outgoing: 
	datadep: 
	instructions:

