SET IRMethod, name = initialize instanceMethod = true
BB 1
	outgoing: 6 2 
	datadep: 
	instructions:
BB 2
	outgoing: 3 4 
	datadep: 
	instructions:
		 0: def_%self 
		 1: def_%v_0 
		 2: COPY TYPE_CurrentScope def_%current_scope 
		 3: COPY TYPE_ScopeModule def_%current_module 
		 4: 
		 5: RECEIVEARG def_args 
		 6: Line Number 33
		 7: %self->super def_%v_3 args[2.5,] %v_0[2.1,] 	 SYMBOL:	 ARGS:Splat,
		 8: Line Number 34
		 9: %self->new_record? def_%v_4 %self[2.0,] 	 SYMBOL:	 ARGS:
		 10: BRANCH %v_4[2.9,] 
BB 3
	outgoing: 6 
	datadep: 
	instructions:
		 0: Line Number 35
		 1: ATTRASSIGN %self->version 
		 2: COPY TYPE_Fixnum def_%v_5 
		 3: RETURN %self[3.1,2.0,] 
BB 4
	outgoing: 6 
	datadep: 
	instructions:
		 0: RETURN %self[2.0,] 
BB 6
	outgoing: 
	datadep: 
	instructions:

SET IRMethod, name = visible? instanceMethod = true
BB 1
	outgoing: 5 2 
	datadep: 
	instructions:
BB 2
	outgoing: 3 4 
	datadep: 
	instructions:
		 0: def_%self 
		 1: def_%v_0 
		 2: COPY TYPE_CurrentScope def_%current_scope 
		 3: COPY TYPE_ScopeModule def_%current_module 
		 4: 
		 5: RECEIVECONSTARG def_user 
		 6: user[2.5,] 
BB 3
	outgoing: 4 
	datadep: 
	instructions:
		 0: (User) def_%v_3 
		 1: %v_3->current def_%v_4 %v_3[3.0,] 	 SYMBOL:	 ARGS:
		 2: COPY TYPE_PASS def_user %v_4[3.1,] 
BB 4
	outgoing: 5 
	datadep: 
	instructions:
		 0: Line Number 40
		 1: %self->page def_%v_5 %self[2.0,] 	 SYMBOL:	 ARGS:
		 2: %v_5->visible? def_%v_6 %v_5[4.1,] user[3.2,2.5,] 	 SYMBOL:	 ARGS:user,
		 3: RETURN %v_6[4.2,] %self[4.1,2.0,] 
BB 5
	outgoing: 
	datadep: 
	instructions:

SET IRMethod, name = project instanceMethod = true
BB 1
	outgoing: 3 2 
	datadep: 
	instructions:
BB 2
	outgoing: 3 
	datadep: 
	instructions:
		 0: def_%self 
		 1: def_%v_0 
		 2: COPY TYPE_CurrentScope def_%current_scope 
		 3: COPY TYPE_ScopeModule def_%current_module 
		 4: 
		 5: Line Number 44
		 6: %self->page def_%v_3 %self[2.0,] 	 SYMBOL:	 ARGS:
		 7: %v_3->project def_%v_4 %v_3[2.6,] 	 SYMBOL:	 ARGS:
		 8: RETURN %v_4[2.7,] %self[2.0,2.6,] 
BB 3
	outgoing: 
	datadep: 
	instructions:

SET IRMethod, name = attachments instanceMethod = true
BB 1
	outgoing: 6 2 
	datadep: 
	instructions:
BB 2
	outgoing: 3 4 
	datadep: 
	instructions:
		 0: def_%self 
		 1: def_%v_0 
		 2: COPY TYPE_CurrentScope def_%current_scope 
		 3: COPY TYPE_ScopeModule def_%current_module 
		 4: 
		 5: Line Number 48
		 6: %self->page def_%v_3 %self[2.0,] 	 SYMBOL:	 ARGS:
		 7: %v_3->nil? def_%v_4 %v_3[2.6,] 	 SYMBOL:	 ARGS:
		 8: BRANCH %v_4[2.7,] 
BB 3
	outgoing: 6 
	datadep: 
	instructions:
		 0: COPY TYPE_Array def_%v_5 
		 1: RETURN %v_5[3.0,] %self[2.0,] 
BB 4
	outgoing: 6 
	datadep: 
	instructions:
		 0: %self->page def_%v_6 %self[2.0,] 	 SYMBOL:	 ARGS:
		 1: %v_6->attachments def_%v_7 %v_6[4.0,] 	 SYMBOL:	 ARGS:
		 2: RETURN %v_7[4.1,] %self[4.0,2.0,] 
BB 6
	outgoing: 
	datadep: 
	instructions:

SET IRMethod, name = notified_users instanceMethod = true
BB 1
	outgoing: 3 2 
	datadep: 
	instructions:
BB 2
	outgoing: 3 
	datadep: 
	instructions:
		 0: def_%self 
		 1: def_%v_0 
		 2: COPY TYPE_CurrentScope def_%current_scope 
		 3: COPY TYPE_ScopeModule def_%current_module 
		 4: 
		 5: Line Number 52
		 6: %self->project def_%v_3 %self[2.0,] 	 SYMBOL:	 ARGS:
		 7: %v_3->notified_users def_%v_4 %v_3[2.6,] 	 SYMBOL:	 ARGS:
		 8: %v_4->reject def_%v_5 %v_4[2.7,] %self[2.0,2.6,] 	 SYMBOL:	 ARGS:%v_4,
CLOSURE BEGIN: %self[2.0,2.6,] user[] 
BB 1
	outgoing: 6 2 
	datadep: 
	instructions:
BB 2
	outgoing: 3 
	datadep: 
	instructions:
		 0: def_%self 
		 1: def_%cl_1_0 
		 2: RECEIVEARG def_user 
		 3: COPY TYPE_CurrentScope def_%current_scope 
		 4: COPY TYPE_ScopeModule def_%current_module 
BB 3
	outgoing: 4 6 
	datadep: 
	instructions:
		 0: Line Number 52
		 1: %self->visible? def_%cl_1_3 %self[2.0,] user[2.2,] 	 SYMBOL:	 ARGS:user,
		 2: %cl_1_3->! def_%cl_1_4 %cl_1_3[3.1,] 	 SYMBOL:	 ARGS:
		 3: RETURN %cl_1_4[3.2,] %self[3.1,2.0,] 
BB 4
	outgoing: 6 
	datadep: 
	instructions:
		 0: def_%cl_1_5 
		 1: def_%cl_1_6 %cl_1_5[4.0,] 
		 2: RETURN %cl_1_6[4.1,] %self[2.0,] 
BB 6
	outgoing: 
	datadep: 
	instructions:
CLOSURE END: 
		 9: RETURN %v_5[2.8,] %self[2.0,2.6,] 
BB 3
	outgoing: 
	datadep: 
	instructions:

SET IRMethod, name = recipients instanceMethod = true
BB 1
	outgoing: 3 2 
	datadep: 
	instructions:
BB 2
	outgoing: 3 
	datadep: 
	instructions:
		 0: def_%self 
		 1: def_%v_0 
		 2: COPY TYPE_CurrentScope def_%current_scope 
		 3: COPY TYPE_ScopeModule def_%current_module 
		 4: 
		 5: Line Number 57
		 6: %self->notified_users def_%v_3 %self[2.0,] 	 SYMBOL:	 ARGS:
		 7: %v_3->collect def_%v_4 %v_3[2.6,] 	 SYMBOL:mail,	 ARGS:
		 8: RETURN %v_4[2.7,] %self[2.0,2.6,] 
BB 3
	outgoing: 
	datadep: 
	instructions:

SET IRMethod, name = current_version? instanceMethod = true
BB 1
	outgoing: 3 2 
	datadep: 
	instructions:
BB 2
	outgoing: 3 
	datadep: 
	instructions:
		 0: def_%self 
		 1: def_%v_0 
		 2: COPY TYPE_CurrentScope def_%current_scope 
		 3: COPY TYPE_ScopeModule def_%current_module 
		 4: 
		 5: Line Number 63
		 6: RETURN %self[2.0,] 
BB 3
	outgoing: 
	datadep: 
	instructions:

SET IRMethod, name = revert_to! instanceMethod = true
BB 1
	outgoing: 8 2 
	datadep: 
	instructions:
BB 2
	outgoing: 3 6 
	datadep: 
	instructions:
		 0: def_%self 
		 1: def_%v_0 
		 2: COPY TYPE_CurrentScope def_%current_scope 
		 3: COPY TYPE_ScopeModule def_%current_module 
		 4: 
		 5: RECEIVEARG def_version 
		 6: Line Number 67
		 7: version->wiki_content_id def_%v_3 version[2.5,] 	 SYMBOL:	 ARGS:
		 8: %self->id def_%v_4 %self[2.0,] 	 SYMBOL:	 ARGS:
		 9: %v_3->== def_%v_5 %v_3[2.7,] %v_4[2.8,] 	 SYMBOL:	 ARGS:%v_4,
		 10: BRANCH %v_5[2.9,] 
BB 3
	outgoing: 4 5 
	datadep: 
	instructions:
		 0: Line Number 68
		 1: version->author_id def_%v_6 version[2.5,] 	 SYMBOL:	 ARGS:
		 2: version->text def_%v_7 version[3.1,2.5,] 	 SYMBOL:	 ARGS:
		 3: version->comments def_%v_8 version[3.1,3.2,2.5,] 	 SYMBOL:	 ARGS:
		 4: version->version def_%v_9 version[3.1,3.2,3.3,2.5,] 	 SYMBOL:	 ARGS:
		 5: version->updated_on def_%v_10 version[3.1,3.2,3.3,3.4,2.5,] 	 SYMBOL:	 ARGS:
		 6: HASH-author_id-text-comments-version-updated_on- def_%v_11 %v_6[3.1,] %v_7[3.2,] %v_8[3.3,] %v_9[3.4,] %v_10[3.5,] 
		 7: %self->update_columns def_%v_12 %self[2.0,] %v_11[3.6,] 	 SYMBOL:	 ARGS:%v_11,
		 8: BRANCH %v_12[3.7,] 
BB 4
	outgoing: 5 
	datadep: 
	instructions:
		 0: %self->reload def_%v_13 %self[2.0,] 	 SYMBOL:	 ARGS:
		 1: COPY TYPE_PASS def_%v_12 %v_13[4.0,] 
BB 5
	outgoing: 8 
	datadep: 
	instructions:
		 0: RETURN %v_12[4.1,3.7,] %self[2.0,] 
BB 6
	outgoing: 8 
	datadep: 
	instructions:
		 0: RETURN %self[2.0,] 
BB 8
	outgoing: 
	datadep: 
	instructions:

SET IRMethod, name = create_version instanceMethod = true
BB 1
	outgoing: 3 2 
	datadep: 
	instructions:
BB 2
	outgoing: 3 
	datadep: 
	instructions:
		 0: def_%self 
		 1: def_%v_0 
		 2: COPY TYPE_CurrentScope def_%current_scope 
		 3: COPY TYPE_ScopeModule def_%current_module 
		 4: 
		 5: Line Number 81
		 6: %self->versions def_%v_3 %self[2.0,] 	 SYMBOL:	 ARGS:
		 7: (WikiContentVersion) def_%v_4 
		 8: %self->attributes def_%v_5 %self[2.0,2.6,] 	 SYMBOL:	 ARGS:
		 9: COPY TYPE_StringLiteral "id" def_%v_6 
		 10: %v_5->except def_%v_7 %v_5[2.8,] %v_6[2.9,] 	 SYMBOL:	 ARGS:%v_6,
		 11: %v_4->new def_%v_8 %v_4[2.7,] %v_7[2.10,] 	 SYMBOL:	 ARGS:%v_7,
		 12: %v_3-><< def_%v_9 %v_3[2.6,] %v_8[2.11,] 	 SYMBOL:	 ARGS:%v_8,
		 13: RETURN %v_9[2.12,] %self[2.0,2.6,2.8,] 
BB 3
	outgoing: 
	datadep: 
	instructions:

SET IRMethod, name = send_notification instanceMethod = true
BB 1
	outgoing: 15 2 
	datadep: 
	instructions:
BB 2
	outgoing: 3 7 
	datadep: 
	instructions:
		 0: def_%self 
		 1: def_%v_0 
		 2: COPY TYPE_CurrentScope def_%current_scope 
		 3: COPY TYPE_ScopeModule def_%current_module 
		 4: 
		 5: Line Number 86
		 6: %self->saved_change_to_id? def_%v_3 %self[2.0,] 	 SYMBOL:	 ARGS:
		 7: BRANCH %v_3[2.6,] 
BB 3
	outgoing: 4 5 
	datadep: 
	instructions:
		 0: Line Number 87
		 1: (Setting) def_%v_4 
		 2: %v_4->notified_events def_%v_5 %v_4[3.1,] 	 SYMBOL:	 ARGS:
		 3: COPY TYPE_StringLiteral "wiki_content_added" def_%v_6 
		 4: %v_5->include? def_%v_7 %v_5[3.2,] %v_6[3.3,] 	 SYMBOL:	 ARGS:%v_6,
		 5: BRANCH %v_7[3.4,] 
BB 4
	outgoing: 6 
	datadep: 
	instructions:
		 0: Line Number 88
		 1: (Mailer) def_%v_8 
		 2: %v_8->wiki_content_added def_%v_9 %v_8[4.1,] %self[2.0,] 	 SYMBOL:	 ARGS:%self,
		 3: %v_9->deliver def_%v_10 %v_9[4.2,] 	 SYMBOL:	 ARGS:
		 4: 
BB 5
	outgoing: 6 
	datadep: 
	instructions:
		 0: COPY TYPE_Nil def_%v_10 
BB 6
	outgoing: 15 
	datadep: 
	instructions:
		 0: RETURN %v_10[5.0,4.3,] %self[2.0,] 
BB 7
	outgoing: 8 12 
	datadep: 
	instructions:
		 0: Line Number 90
		 1: %self->saved_change_to_text? def_%v_11 %self[2.0,] 	 SYMBOL:	 ARGS:
		 2: BRANCH %v_11[7.1,] 
BB 8
	outgoing: 9 10 
	datadep: 
	instructions:
		 0: Line Number 91
		 1: (Setting) def_%v_12 
		 2: %v_12->notified_events def_%v_13 %v_12[8.1,] 	 SYMBOL:	 ARGS:
		 3: COPY TYPE_StringLiteral "wiki_content_updated" def_%v_14 
		 4: %v_13->include? def_%v_15 %v_13[8.2,] %v_14[8.3,] 	 SYMBOL:	 ARGS:%v_14,
		 5: BRANCH %v_15[8.4,] 
BB 9
	outgoing: 11 
	datadep: 
	instructions:
		 0: Line Number 92
		 1: (Mailer) def_%v_16 
		 2: %v_16->wiki_content_updated def_%v_17 %v_16[9.1,] %self[2.0,] 	 SYMBOL:	 ARGS:%self,
		 3: %v_17->deliver def_%v_18 %v_17[9.2,] 	 SYMBOL:	 ARGS:
		 4: 
BB 10
	outgoing: 11 
	datadep: 
	instructions:
		 0: COPY TYPE_Nil def_%v_18 
BB 11
	outgoing: 13 
	datadep: 
	instructions:
		 0: 
BB 12
	outgoing: 13 
	datadep: 
	instructions:
		 0: COPY TYPE_Nil def_%v_18 
BB 13
	outgoing: 15 
	datadep: 
	instructions:
		 0: RETURN %v_18[12.0,10.0,9.3,] %self[2.0,] 
BB 15
	outgoing: 
	datadep: 
	instructions:

