SET IRMethod, name = copy instanceMethod = false
BB 1
	outgoing: 14 2 
	datadep: 
	instructions:
BB 2
	outgoing: 3 4 
	datadep: 
	instructions:
		 0: def_%self 
		 1: def_%v_0 
		 2: COPY TYPE_CurrentScope def_%current_scope 
		 3: COPY TYPE_ScopeModule def_%current_module 
		 4: 
		 5: RECEIVEARG def_source_tracker 
		 6: RECEIVEARG def_source_role 
		 7: RECEIVEARG def_target_trackers 
		 8: RECEIVEARG def_target_roles 
		 9: Line Number 29
		 10: (Tracker) def_%v_3 
		 11: source_tracker->is_a? def_%v_4 source_tracker[2.5,] %v_3[2.10,] 	 SYMBOL:	 ARGS:%v_3,
		 12: BRANCH %v_4[2.11,] 
BB 3
	outgoing: 4 
	datadep: 
	instructions:
		 0: (Role) def_%v_5 
		 1: source_role->is_a? def_%v_6 source_role[2.6,] %v_5[3.0,] 	 SYMBOL:	 ARGS:%v_5,
		 2: COPY TYPE_PASS def_%v_4 %v_6[3.1,] 
BB 4
	outgoing: 5 6 
	datadep: 
	instructions:
		 0: BRANCH %v_4[3.2,2.11,] 
BB 5
	outgoing: 7 
	datadep: 
	instructions:
		 0: COPY TYPE_Nil def_%v_7 
		 1: 
BB 6
	outgoing: 7 
	datadep: 
	instructions:
		 0: Line Number 30
		 1: (ArgumentError) def_%v_8 
		 2: COPY TYPE_StringLiteral "source_tracker or source_role must be specified, given: " def_%v_9 
		 3: source_tracker->class def_%v_10 source_tracker[2.5,] 	 SYMBOL:	 ARGS:
		 4: %v_10->name def_%v_11 %v_10[6.3,] 	 SYMBOL:	 ARGS:
		 5: COPY TYPE_StringLiteral " and " def_%v_12 
		 6: source_role->class def_%v_13 source_role[2.6,] 	 SYMBOL:	 ARGS:
		 7: %v_13->name def_%v_14 %v_13[6.6,] 	 SYMBOL:	 ARGS:
		 8: BUILDSTRING def_%v_15 %v_9[6.2,] %v_11[6.4,] %v_12[6.5,] %v_14[6.7,] 
		 9: %v_8->new def_%v_16 %v_8[6.1,] %v_15[6.8,] 	 SYMBOL:	 ARGS:%v_15,
		 10: %self->raise def_%v_17 %self[2.0,] %v_16[6.9,] 	 SYMBOL:	 ARGS:%v_16,
		 11: COPY TYPE_PASS def_%v_7 %v_17[6.10,] 
BB 7
	outgoing: 8 9 
	datadep: 
	instructions:
		 0: Line Number 33
		 1: COPY TYPE_Array def_%v_18 target_trackers[2.7,] 
		 2: %v_18->flatten def_%v_19 %v_18[7.1,] 	 SYMBOL:	 ARGS:
		 3: %v_19->compact def_%v_20 %v_19[7.2,] 	 SYMBOL:	 ARGS:
		 4: COPY TYPE_PASS def_target_trackers %v_20[7.3,] 
		 5: Line Number 34
		 6: COPY TYPE_Array def_%v_21 target_roles[2.8,] 
		 7: %v_21->flatten def_%v_22 %v_21[7.6,] 	 SYMBOL:	 ARGS:
		 8: %v_22->compact def_%v_23 %v_22[7.7,] 	 SYMBOL:	 ARGS:
		 9: COPY TYPE_PASS def_target_roles %v_23[7.8,] 
		 10: Line Number 36
		 11: target_trackers->empty? def_%v_24 target_trackers[7.4,] 	 SYMBOL:	 ARGS:
		 12: BRANCH %v_24[7.11,] 
BB 8
	outgoing: 10 
	datadep: 
	instructions:
		 0: (Tracker) def_%v_25 
		 1: %v_25->sorted def_%v_26 %v_25[8.0,] 	 SYMBOL:	 ARGS:
		 2: %v_26->to_a def_%v_27 %v_26[8.1,] 	 SYMBOL:	 ARGS:
		 3: COPY TYPE_PASS def_target_trackers %v_27[8.2,] 
		 4: 
BB 9
	outgoing: 10 
	datadep: 
	instructions:
		 0: COPY TYPE_Nil def_%v_27 
BB 10
	outgoing: 11 12 
	datadep: 
	instructions:
		 0: Line Number 37
		 1: target_roles->empty? def_%v_28 target_roles[7.9,] 	 SYMBOL:	 ARGS:
		 2: BRANCH %v_28[10.1,] 
BB 11
	outgoing: 13 
	datadep: 
	instructions:
		 0: (Role) def_%v_29 
		 1: %v_29->all def_%v_30 %v_29[11.0,] 	 SYMBOL:	 ARGS:
		 2: %v_30->select def_%v_31 %v_30[11.1,] 	 SYMBOL:consider_workflow?,	 ARGS:
		 3: COPY TYPE_PASS def_target_roles %v_31[11.2,] 
		 4: 
BB 12
	outgoing: 13 
	datadep: 
	instructions:
		 0: COPY TYPE_Nil def_%v_31 
BB 13
	outgoing: 14 
	datadep: 
	instructions:
		 0: Line Number 39
		 1: target_trackers->each def_%v_32 target_trackers[8.3,7.4,] %self[2.0,] 	 SYMBOL:	 ARGS:target_trackers,
CLOSURE BEGIN: target_roles[11.3,7.9,] %self[2.0,] source_tracker[2.5,] target_tracker[] source_role[2.6,] target_role[] 
BB 1
	outgoing: 6 2 
	datadep: 
	instructions:
BB 2
	outgoing: 3 
	datadep: 
	instructions:
		 0: def_%self 
		 1: def_%cl_1_0 
		 2: RECEIVEARG def_target_tracker 
		 3: COPY TYPE_CurrentScope def_%current_scope 
		 4: COPY TYPE_ScopeModule def_%current_module 
BB 3
	outgoing: 4 6 
	datadep: 
	instructions:
		 0: Line Number 40
		 1: target_roles->each def_%cl_1_3 target_roles[] %self[2.0,] 	 SYMBOL:	 ARGS:target_roles,
CLOSURE BEGIN: source_tracker[] target_tracker[2.2,] source_role[] target_role[] %self[2.0,] 
BB 1
	outgoing: 10 2 
	datadep: 
	instructions:
BB 2
	outgoing: 4 5 
	datadep: 
	instructions:
		 0: def_%self 
		 1: def_%cl_2_0 
		 2: RECEIVEARG def_target_role 
		 3: COPY TYPE_CurrentScope def_%current_scope 
		 4: COPY TYPE_ScopeModule def_%current_module 
		 5: Line Number 41
		 6: COPY TYPE_PASS def_%cl_2_3 source_tracker[] 
		 7: BRANCH source_tracker[] 
BB 4
	outgoing: 5 
	datadep: 
	instructions:
		 0: COPY TYPE_PASS def_%cl_2_3 target_tracker[] 
BB 5
	outgoing: 6 7 
	datadep: 
	instructions:
		 0: COPY TYPE_PASS def_%cl_2_4 source_role[] 
		 1: BRANCH source_role[] 
BB 6
	outgoing: 7 
	datadep: 
	instructions:
		 0: COPY TYPE_PASS def_%cl_2_4 target_role[2.2,] 
BB 7
	outgoing: 8 10 
	datadep: 
	instructions:
		 0: %self->copy_one def_%cl_2_5 %self[2.0,] %cl_2_3[4.0,2.6,] %cl_2_4[6.0,5.0,] target_tracker[] target_role[2.2,] 	 SYMBOL:	 ARGS:%cl_2_3,%cl_2_4,target_tracker,target_role,
		 1: RETURN %cl_2_5[7.0,] %self[7.0,2.0,] 
BB 8
	outgoing: 10 
	datadep: 
	instructions:
		 0: def_%cl_2_6 
		 1: def_%cl_2_7 %cl_2_6[8.0,] 
		 2: RETURN %cl_2_7[8.1,] %self[2.0,] 
BB 10
	outgoing: 
	datadep: 
	instructions:
CLOSURE END: 
		 2: RETURN %cl_1_3[3.1,] %self[2.0,] 
BB 4
	outgoing: 6 
	datadep: 
	instructions:
		 0: def_%cl_1_4 
		 1: def_%cl_1_5 %cl_1_4[4.0,] 
		 2: RETURN %cl_1_5[4.1,] %self[2.0,] 
BB 6
	outgoing: 
	datadep: 
	instructions:
CLOSURE END: 
		 2: RETURN %v_32[13.1,] %self[2.0,] 
BB 14
	outgoing: 
	datadep: 
	instructions:

SET IRMethod, name = copy_one instanceMethod = false
BB 1
	outgoing: 25 2 
	datadep: 
	instructions:
BB 2
	outgoing: 3 4 
	datadep: 
	instructions:
		 0: def_%self 
		 1: def_%v_0 
		 2: COPY TYPE_CurrentScope def_%current_scope 
		 3: COPY TYPE_ScopeModule def_%current_module 
		 4: 
		 5: RECEIVEARG def_source_tracker 
		 6: RECEIVEARG def_source_role 
		 7: RECEIVEARG def_target_tracker 
		 8: RECEIVEARG def_target_role 
		 9: Line Number 51
		 10: (Tracker) def_%v_3 
		 11: source_tracker->is_a? def_%v_4 source_tracker[2.5,] %v_3[2.10,] 	 SYMBOL:	 ARGS:%v_3,
		 12: BRANCH %v_4[2.11,] 
BB 3
	outgoing: 4 
	datadep: 
	instructions:
		 0: source_tracker->new_record? def_%v_5 source_tracker[2.5,] 	 SYMBOL:	 ARGS:
		 1: %v_5->! def_%v_6 %v_5[3.0,] 	 SYMBOL:	 ARGS:
		 2: COPY TYPE_PASS def_%v_4 %v_6[3.1,] 
BB 4
	outgoing: 5 6 
	datadep: 
	instructions:
		 0: BRANCH %v_4[3.2,2.11,] 
BB 5
	outgoing: 6 
	datadep: 
	instructions:
		 0: (Role) def_%v_7 
		 1: source_role->is_a? def_%v_8 source_role[2.6,] %v_7[5.0,] 	 SYMBOL:	 ARGS:%v_7,
		 2: COPY TYPE_PASS def_%v_4 %v_8[5.1,] 
BB 6
	outgoing: 7 8 
	datadep: 
	instructions:
		 0: BRANCH %v_4[5.2,3.2,2.11,] 
BB 7
	outgoing: 8 
	datadep: 
	instructions:
		 0: Line Number 52
		 1: source_role->new_record? def_%v_9 source_role[2.6,] 	 SYMBOL:	 ARGS:
		 2: %v_9->! def_%v_10 %v_9[7.1,] 	 SYMBOL:	 ARGS:
		 3: COPY TYPE_PASS def_%v_4 %v_10[7.2,] 
BB 8
	outgoing: 9 10 
	datadep: 
	instructions:
		 0: BRANCH %v_4[7.3,5.2,3.2,2.11,] 
BB 9
	outgoing: 10 
	datadep: 
	instructions:
		 0: (Tracker) def_%v_11 
		 1: target_tracker->is_a? def_%v_12 target_tracker[2.7,] %v_11[9.0,] 	 SYMBOL:	 ARGS:%v_11,
		 2: COPY TYPE_PASS def_%v_4 %v_12[9.1,] 
BB 10
	outgoing: 11 12 
	datadep: 
	instructions:
		 0: BRANCH %v_4[9.2,7.3,5.2,3.2,2.11,] 
BB 11
	outgoing: 12 
	datadep: 
	instructions:
		 0: Line Number 53
		 1: target_tracker->new_record? def_%v_13 target_tracker[2.7,] 	 SYMBOL:	 ARGS:
		 2: %v_13->! def_%v_14 %v_13[11.1,] 	 SYMBOL:	 ARGS:
		 3: COPY TYPE_PASS def_%v_4 %v_14[11.2,] 
BB 12
	outgoing: 13 14 
	datadep: 
	instructions:
		 0: BRANCH %v_4[11.3,9.2,7.3,5.2,3.2,2.11,] 
BB 13
	outgoing: 14 
	datadep: 
	instructions:
		 0: (Role) def_%v_15 
		 1: target_role->is_a? def_%v_16 target_role[2.8,] %v_15[13.0,] 	 SYMBOL:	 ARGS:%v_15,
		 2: COPY TYPE_PASS def_%v_4 %v_16[13.1,] 
BB 14
	outgoing: 15 16 
	datadep: 
	instructions:
		 0: BRANCH %v_4[13.2,11.3,9.2,7.3,5.2,3.2,2.11,] 
BB 15
	outgoing: 16 
	datadep: 
	instructions:
		 0: Line Number 54
		 1: target_role->new_record? def_%v_17 target_role[2.8,] 	 SYMBOL:	 ARGS:
		 2: %v_17->! def_%v_18 %v_17[15.1,] 	 SYMBOL:	 ARGS:
		 3: COPY TYPE_PASS def_%v_4 %v_18[15.2,] 
BB 16
	outgoing: 17 18 
	datadep: 
	instructions:
		 0: BRANCH %v_4[15.3,13.2,11.3,9.2,7.3,5.2,3.2,2.11,] 
BB 17
	outgoing: 19 
	datadep: 
	instructions:
		 0: COPY TYPE_Nil def_%v_19 
		 1: 
BB 18
	outgoing: 19 
	datadep: 
	instructions:
		 0: Line Number 56
		 1: (ArgumentError) def_%v_20 
		 2: COPY TYPE_StringLiteral "arguments can not be nil or unsaved objects" def_%v_21 
		 3: %v_20->new def_%v_22 %v_20[18.1,] %v_21[18.2,] 	 SYMBOL:	 ARGS:%v_21,
		 4: %self->raise def_%v_23 %self[2.0,] %v_22[18.3,] 	 SYMBOL:	 ARGS:%v_22,
		 5: COPY TYPE_PASS def_%v_19 %v_23[18.4,] 
BB 19
	outgoing: 20 21 
	datadep: 
	instructions:
		 0: Line Number 59
		 1: source_tracker->== def_%v_24 source_tracker[2.5,] target_tracker[2.7,] 	 SYMBOL:	 ARGS:target_tracker,
		 2: BRANCH %v_24[19.1,] 
BB 20
	outgoing: 21 
	datadep: 
	instructions:
		 0: source_role->== def_%v_25 source_role[2.6,] target_role[2.8,] 	 SYMBOL:	 ARGS:target_role,
		 1: COPY TYPE_PASS def_%v_24 %v_25[20.0,] 
BB 21
	outgoing: 22 23 
	datadep: 
	instructions:
		 0: BRANCH %v_24[20.1,19.1,] 
BB 22
	outgoing: 25 
	datadep: 
	instructions:
		 0: Line Number 61
		 1: COPY TYPE_Boolean def_%v_26 
		 2: RETURN %self[2.0,] 
BB 23
	outgoing: 25 
	datadep: 
	instructions:
		 0: Line Number 62
		 1: %self->transaction def_%v_27 %self[2.0,] %self[2.0,] 	 SYMBOL:	 ARGS:%self,
CLOSURE BEGIN: target_tracker[2.7,] target_role[2.8,] %self[2.0,] source_tracker[2.5,] source_role[2.6,] 
BB 1
	outgoing: 6 2 
	datadep: 
	instructions:
BB 2
	outgoing: 3 
	datadep: 
	instructions:
		 0: def_%self 
		 1: def_%cl_1_0 
		 2: COPY TYPE_CurrentScope def_%current_scope 
		 3: COPY TYPE_ScopeModule def_%current_module 
BB 3
	outgoing: 4 6 
	datadep: 
	instructions:
		 0: Line Number 63
		 1: target_tracker->id def_%cl_1_3 target_tracker[] 	 SYMBOL:	 ARGS:
		 2: target_role->id def_%cl_1_4 target_role[] 	 SYMBOL:	 ARGS:
		 3: HASH-tracker_id-role_id- def_%cl_1_5 %cl_1_3[3.1,] %cl_1_4[3.2,] 
		 4: %self->where def_%cl_1_6 %self[2.0,] %cl_1_5[3.3,] 	 SYMBOL:	 ARGS:%cl_1_5,
		 5: %cl_1_6->delete_all def_%cl_1_7 %cl_1_6[3.4,] 	 SYMBOL:	 ARGS:
		 6: Line Number 64
		 7: %self->connection def_%cl_1_8 %self[3.4,2.0,] 	 SYMBOL:	 ARGS:
		 8: COPY TYPE_StringLiteral "INSERT INTO " def_%cl_1_9 
		 9: (WorkflowRule) def_%cl_1_10 
		 10: %cl_1_10->table_name def_%cl_1_11 %cl_1_10[3.9,] 	 SYMBOL:	 ARGS:
		 11: COPY TYPE_StringLiteral " (tracker_id, role_id, old_status_id, new_status_id, author, assignee, field_name, " def_%cl_1_12 
		 12: %self->connection def_%cl_1_13 %self[3.4,3.7,2.0,] 	 SYMBOL:	 ARGS:
		 13: COPY TYPE_StringLiteral "rule" def_%cl_1_14 
		 14: %cl_1_13->quote_column_name def_%cl_1_15 %cl_1_13[3.12,] %cl_1_14[3.13,] 	 SYMBOL:	 ARGS:%cl_1_14,
		 15: COPY TYPE_StringLiteral ", type)" def_%cl_1_16 
		 16: BUILDSTRING def_%cl_1_17 %cl_1_9[3.8,] %cl_1_11[3.10,] %cl_1_12[3.11,] %cl_1_15[3.14,] %cl_1_16[3.15,] 
		 17: COPY TYPE_StringLiteral " SELECT " def_%cl_1_18 
		 18: Line Number 65
		 19: target_tracker->id def_%cl_1_19 target_tracker[3.1,] 	 SYMBOL:	 ARGS:
		 20: COPY TYPE_StringLiteral ", " def_%cl_1_20 
		 21: target_role->id def_%cl_1_21 target_role[3.2,] 	 SYMBOL:	 ARGS:
		 22: COPY TYPE_StringLiteral ", old_status_id, new_status_id, author, assignee, field_name, " def_%cl_1_22 
		 23: %self->connection def_%cl_1_23 %self[3.4,3.7,3.12,2.0,] 	 SYMBOL:	 ARGS:
		 24: COPY TYPE_StringLiteral "rule" def_%cl_1_24 
		 25: %cl_1_23->quote_column_name def_%cl_1_25 %cl_1_23[3.23,] %cl_1_24[3.24,] 	 SYMBOL:	 ARGS:%cl_1_24,
		 26: COPY TYPE_StringLiteral ", type" def_%cl_1_26 
		 27: BUILDSTRING def_%cl_1_27 %cl_1_18[3.17,] %cl_1_19[3.19,] %cl_1_20[3.20,] %cl_1_21[3.21,] %cl_1_22[3.22,] %cl_1_25[3.25,] %cl_1_26[3.26,] 
		 28: %cl_1_17->+ def_%cl_1_28 %cl_1_17[3.16,] %cl_1_27[3.27,] 	 SYMBOL:	 ARGS:%cl_1_27,
		 29: COPY TYPE_StringLiteral " FROM " def_%cl_1_29 
		 30: Line Number 66
		 31: (WorkflowRule) def_%cl_1_30 
		 32: %cl_1_30->table_name def_%cl_1_31 %cl_1_30[3.31,] 	 SYMBOL:	 ARGS:
		 33: BUILDSTRING def_%cl_1_32 %cl_1_29[3.29,] %cl_1_31[3.32,] 
		 34: %cl_1_28->+ def_%cl_1_33 %cl_1_28[3.28,] %cl_1_32[3.33,] 	 SYMBOL:	 ARGS:%cl_1_32,
		 35: COPY TYPE_StringLiteral " WHERE tracker_id = " def_%cl_1_34 
		 36: Line Number 67
		 37: source_tracker->id def_%cl_1_35 source_tracker[] 	 SYMBOL:	 ARGS:
		 38: COPY TYPE_StringLiteral " AND role_id = " def_%cl_1_36 
		 39: source_role->id def_%cl_1_37 source_role[] 	 SYMBOL:	 ARGS:
		 40: BUILDSTRING def_%cl_1_38 %cl_1_34[3.35,] %cl_1_35[3.37,] %cl_1_36[3.38,] %cl_1_37[3.39,] 
		 41: %cl_1_33->+ def_%cl_1_39 %cl_1_33[3.34,] %cl_1_38[3.40,] 	 SYMBOL:	 ARGS:%cl_1_38,
		 42: %cl_1_8->insert def_%cl_1_40 %cl_1_8[3.7,] %cl_1_39[3.41,] 	 SYMBOL:	 ARGS:%cl_1_39,
		 43: RETURN %cl_1_40[3.42,] %self[3.4,3.7,3.12,3.23,2.0,] 
BB 4
	outgoing: 6 
	datadep: 
	instructions:
		 0: def_%cl_1_41 
		 1: def_%cl_1_42 %cl_1_41[4.0,] 
		 2: RETURN %cl_1_42[4.1,] %self[2.0,] 
BB 6
	outgoing: 
	datadep: 
	instructions:
CLOSURE END: 
		 2: Line Number 70
		 3: RETURN %self[23.1,2.0,] 
BB 25
	outgoing: 
	datadep: 
	instructions:

