SET IRMethod, name = render_custom_fields_tabs instanceMethod = true
BB 1
	outgoing: 3 2 
	datadep: 
	instructions:
BB 2
	outgoing: 3 
	datadep: 
	instructions:
		 0: def_%self 
		 1: def_%v_0 
		 2: COPY TYPE_CurrentScope def_%current_scope 
		 3: COPY TYPE_ScopeModule def_%current_module 
		 4: 
		 5: RECEIVEARG def_types 
		 6: Line Number 45
		 7: (CUSTOM_FIELDS_TABS) def_%v_3 
		 8: %v_3->select def_%v_4 %v_3[2.7,] %self[2.0,] 	 SYMBOL:	 ARGS:%v_3,
CLOSURE BEGIN: h[] types[2.5,] 
BB 1
	outgoing: 6 2 
	datadep: 
	instructions:
BB 2
	outgoing: 3 
	datadep: 
	instructions:
		 0: def_%self 
		 1: def_%cl_1_0 
		 2: RECEIVEARG def_h 
		 3: COPY TYPE_CurrentScope def_%current_scope 
		 4: COPY TYPE_ScopeModule def_%current_module 
BB 3
	outgoing: 4 6 
	datadep: 
	instructions:
		 0: Line Number 45
		 1: h->[] def_%cl_1_3 h[2.2,] 	 SYMBOL:name,	 ARGS:Symbol,
		 2: types->include? def_%cl_1_4 types[] %cl_1_3[3.1,] 	 SYMBOL:	 ARGS:%cl_1_3,
		 3: RETURN %cl_1_4[3.2,] %self[2.0,] 
BB 4
	outgoing: 6 
	datadep: 
	instructions:
		 0: def_%cl_1_5 
		 1: def_%cl_1_6 %cl_1_5[4.0,] 
		 2: RETURN %cl_1_6[4.1,] %self[2.0,] 
BB 6
	outgoing: 
	datadep: 
	instructions:
CLOSURE END: 
		 9: COPY TYPE_PASS def_tabs %v_4[2.8,] 
		 10: Line Number 46
		 11: %self->render_tabs def_%v_5 %self[2.0,] %v_4[2.8,] 	 SYMBOL:	 ARGS:tabs,
		 12: RETURN %v_5[2.11,] %self[2.0,2.11,] 
BB 3
	outgoing: 
	datadep: 
	instructions:

SET IRMethod, name = custom_field_type_options instanceMethod = true
BB 1
	outgoing: 3 2 
	datadep: 
	instructions:
BB 2
	outgoing: 3 
	datadep: 
	instructions:
		 0: def_%self 
		 1: def_%v_0 
		 2: COPY TYPE_CurrentScope def_%current_scope 
		 3: COPY TYPE_ScopeModule def_%current_module 
		 4: 
		 5: Line Number 50
		 6: (CUSTOM_FIELDS_TABS) def_%v_3 
		 7: %v_3->map def_%v_4 %v_3[2.6,] %self[2.0,] 	 SYMBOL:	 ARGS:%v_3,
CLOSURE BEGIN: h[] %self[2.0,] 
BB 1
	outgoing: 6 2 
	datadep: 
	instructions:
BB 2
	outgoing: 3 
	datadep: 
	instructions:
		 0: def_%self 
		 1: def_%cl_1_0 
		 2: RECEIVEARG def_h 
		 3: COPY TYPE_CurrentScope def_%current_scope 
		 4: COPY TYPE_ScopeModule def_%current_module 
BB 3
	outgoing: 4 6 
	datadep: 
	instructions:
		 0: Line Number 50
		 1: h->[] def_%cl_1_3 h[2.2,] 	 SYMBOL:label,	 ARGS:Symbol,
		 2: %self->l def_%cl_1_4 %self[2.0,] %cl_1_3[3.1,] 	 SYMBOL:	 ARGS:%cl_1_3,
		 3: h->[] def_%cl_1_5 h[3.1,2.2,] 	 SYMBOL:name,	 ARGS:Symbol,
		 4: COPY TYPE_Array def_%cl_1_6 %cl_1_4[3.2,] %cl_1_5[3.3,] 
		 5: RETURN %cl_1_6[3.4,] %self[3.2,2.0,] 
BB 4
	outgoing: 6 
	datadep: 
	instructions:
		 0: def_%cl_1_7 
		 1: def_%cl_1_8 %cl_1_7[4.0,] 
		 2: RETURN %cl_1_8[4.1,] %self[2.0,] 
BB 6
	outgoing: 
	datadep: 
	instructions:
CLOSURE END: 
		 8: RETURN %v_4[2.7,] %self[2.0,] 
BB 3
	outgoing: 
	datadep: 
	instructions:

SET IRMethod, name = custom_field_title instanceMethod = true
BB 1
	outgoing: 11 2 
	datadep: 
	instructions:
BB 2
	outgoing: 3 4 
	datadep: 
	instructions:
		 0: def_%self 
		 1: def_%v_0 
		 2: COPY TYPE_CurrentScope def_%current_scope 
		 3: COPY TYPE_ScopeModule def_%current_module 
		 4: 
		 5: RECEIVEARG def_custom_field 
		 6: Line Number 54
		 7: COPY TYPE_Array def_%v_3 
		 8: COPY TYPE_PASS def_items %v_3[2.7,] 
		 9: Line Number 55
		 10: %self->l def_%v_4 %self[2.0,] 	 SYMBOL:label_custom_field_plural,	 ARGS:Symbol,
		 11: %self->custom_fields_path def_%v_5 %self[2.0,2.10,] 	 SYMBOL:	 ARGS:
		 12: COPY TYPE_Array def_%v_6 %v_4[2.10,] %v_5[2.11,] 
		 13: items-><< def_%v_7 items[2.8,] %v_6[2.12,] 	 SYMBOL:	 ARGS:%v_6,
		 14: Line Number 56
		 15: BRANCH custom_field[2.5,] 
BB 3
	outgoing: 5 
	datadep: 
	instructions:
		 0: custom_field->type_name def_%v_8 custom_field[2.5,] 	 SYMBOL:	 ARGS:
		 1: %self->l def_%v_9 %self[2.0,] %v_8[3.0,] 	 SYMBOL:	 ARGS:%v_8,
		 2: custom_field->class def_%v_10 custom_field[3.0,2.5,] 	 SYMBOL:	 ARGS:
		 3: %v_10->name def_%v_11 %v_10[3.2,] 	 SYMBOL:	 ARGS:
		 4: HASH-tab- def_%v_12 %v_11[3.3,] 
		 5: %self->custom_fields_path def_%v_13 %self[3.1,2.0,] %v_12[3.4,] 	 SYMBOL:	 ARGS:%v_12,
		 6: COPY TYPE_Array def_%v_14 %v_9[3.1,] %v_13[3.5,] 
		 7: items-><< def_%v_15 items[2.8,] %v_14[3.6,] 	 SYMBOL:	 ARGS:%v_14,
		 8: 
BB 4
	outgoing: 5 
	datadep: 
	instructions:
		 0: COPY TYPE_Nil def_%v_15 
BB 5
	outgoing: 6 7 
	datadep: 
	instructions:
		 0: Line Number 57
		 1: custom_field->nil? def_%v_16 custom_field[2.5,] 	 SYMBOL:	 ARGS:
		 2: BRANCH %v_16[5.1,] 
BB 6
	outgoing: 7 
	datadep: 
	instructions:
		 0: custom_field->new_record? def_%v_17 custom_field[2.5,] 	 SYMBOL:	 ARGS:
		 1: COPY TYPE_PASS def_%v_16 %v_17[6.0,] 
BB 7
	outgoing: 8 9 
	datadep: 
	instructions:
		 0: BRANCH %v_16[6.1,5.1,] 
BB 8
	outgoing: 10 
	datadep: 
	instructions:
		 0: %self->l def_%v_18 %self[2.0,] 	 SYMBOL:label_custom_field_new,	 ARGS:Symbol,
		 1: 
BB 9
	outgoing: 10 
	datadep: 
	instructions:
		 0: custom_field->name def_%v_19 custom_field[2.5,] 	 SYMBOL:	 ARGS:
		 1: COPY TYPE_PASS def_%v_18 %v_19[9.0,] 
BB 10
	outgoing: 11 
	datadep: 
	instructions:
		 0: items-><< def_%v_20 items[2.8,] %v_18[9.1,8.0,] 	 SYMBOL:	 ARGS:%v_18,
		 1: Line Number 59
		 2: def_%v_21 items[10.0,2.8,] 
		 3: %self->title def_%v_22 %self[2.0,] %v_21[10.2,] 	 SYMBOL:	 ARGS:Splat,
		 4: RETURN %v_22[10.3,] %self[10.3,2.0,] 
BB 11
	outgoing: 
	datadep: 
	instructions:

SET IRMethod, name = render_custom_field_format_partial instanceMethod = true
BB 1
	outgoing: 6 2 
	datadep: 
	instructions:
BB 2
	outgoing: 3 4 
	datadep: 
	instructions:
		 0: def_%self 
		 1: def_%v_0 
		 2: COPY TYPE_CurrentScope def_%current_scope 
		 3: COPY TYPE_ScopeModule def_%current_module 
		 4: 
		 5: RECEIVEARG def_form 
		 6: RECEIVEARG def_custom_field 
		 7: Line Number 63
		 8: custom_field->format def_%v_3 custom_field[2.6,] 	 SYMBOL:	 ARGS:
		 9: %v_3->form_partial def_%v_4 %v_3[2.8,] 	 SYMBOL:	 ARGS:
		 10: COPY TYPE_PASS def_partial %v_4[2.9,] 
		 11: Line Number 64
		 12: BRANCH %v_4[2.9,] 
BB 3
	outgoing: 6 
	datadep: 
	instructions:
		 0: Line Number 65
		 1: custom_field->format def_%v_5 custom_field[2.6,] 	 SYMBOL:	 ARGS:
		 2: %v_5->form_partial def_%v_6 %v_5[3.1,] 	 SYMBOL:	 ARGS:
		 3: HASH-f-custom_field- def_%v_7 form[2.5,] custom_field[3.1,2.6,] 
		 4: HASH-partial-locals- def_%v_8 %v_6[3.2,] %v_7[3.3,] 
		 5: %self->render def_%v_9 %self[2.0,] %v_8[3.4,] 	 SYMBOL:	 ARGS:%v_8,
		 6: RETURN %v_9[3.5,] %self[3.5,2.0,] 
BB 4
	outgoing: 6 
	datadep: 
	instructions:
		 0: RETURN %self[2.0,] 
BB 6
	outgoing: 
	datadep: 
	instructions:

SET IRMethod, name = custom_field_tag_name instanceMethod = true
BB 1
	outgoing: 6 2 
	datadep: 
	instructions:
BB 2
	outgoing: 3 4 
	datadep: 
	instructions:
		 0: def_%self 
		 1: def_%v_0 
		 2: COPY TYPE_CurrentScope def_%current_scope 
		 3: COPY TYPE_ScopeModule def_%current_module 
		 4: 
		 5: RECEIVEARG def_prefix 
		 6: RECEIVEARG def_custom_field 
		 7: Line Number 70
		 8: COPY TYPE_StringLiteral "[custom_field_values][" def_%v_3 
		 9: custom_field->id def_%v_4 custom_field[2.6,] 	 SYMBOL:	 ARGS:
		 10: COPY TYPE_StringLiteral "]" def_%v_5 
		 11: BUILDSTRING def_%v_6 prefix[2.5,] %v_3[2.8,] %v_4[2.9,] %v_5[2.10,] 
		 12: COPY TYPE_PASS def_name %v_6[2.11,] 
		 13: Line Number 71
		 14: custom_field->multiple? def_%v_7 custom_field[2.6,2.9,] 	 SYMBOL:	 ARGS:
		 15: BRANCH %v_7[2.14,] 
BB 3
	outgoing: 5 
	datadep: 
	instructions:
		 0: COPY TYPE_StringLiteral "[]" def_%v_8 
		 1: name-><< def_%v_9 name[2.12,] %v_8[3.0,] 	 SYMBOL:	 ARGS:%v_8,
		 2: 
BB 4
	outgoing: 5 
	datadep: 
	instructions:
		 0: COPY TYPE_Nil def_%v_9 
BB 5
	outgoing: 6 
	datadep: 
	instructions:
		 0: Line Number 72
		 1: RETURN name[2.12,] %self[2.0,] 
BB 6
	outgoing: 
	datadep: 
	instructions:

SET IRMethod, name = custom_field_tag_id instanceMethod = true
BB 1
	outgoing: 3 2 
	datadep: 
	instructions:
BB 2
	outgoing: 3 
	datadep: 
	instructions:
		 0: def_%self 
		 1: def_%v_0 
		 2: COPY TYPE_CurrentScope def_%current_scope 
		 3: COPY TYPE_ScopeModule def_%current_module 
		 4: 
		 5: RECEIVEARG def_prefix 
		 6: RECEIVEARG def_custom_field 
		 7: Line Number 76
		 8: COPY TYPE_StringLiteral "_custom_field_values_" def_%v_3 
		 9: custom_field->id def_%v_4 custom_field[2.6,] 	 SYMBOL:	 ARGS:
		 10: BUILDSTRING def_%v_5 prefix[2.5,] %v_3[2.8,] %v_4[2.9,] 
		 11: RETURN %v_5[2.10,] %self[2.0,] 
BB 3
	outgoing: 
	datadep: 
	instructions:

SET IRMethod, name = custom_field_tag instanceMethod = true
BB 1
	outgoing: 3 2 
	datadep: 
	instructions:
BB 2
	outgoing: 3 
	datadep: 
	instructions:
		 0: def_%self 
		 1: def_%v_0 
		 2: COPY TYPE_CurrentScope def_%current_scope 
		 3: COPY TYPE_ScopeModule def_%current_module 
		 4: 
		 5: RECEIVEARG def_prefix 
		 6: RECEIVEARG def_custom_value 
		 7: Line Number 81
		 8: custom_value->custom_field def_%v_3 custom_value[2.6,] 	 SYMBOL:	 ARGS:
		 9: %v_3->format def_%v_4 %v_3[2.8,] 	 SYMBOL:	 ARGS:
		 10: custom_value->custom_field def_%v_5 custom_value[2.6,2.8,] 	 SYMBOL:	 ARGS:
		 11: %self->custom_field_tag_id def_%v_6 %self[2.0,] prefix[2.5,] %v_5[2.10,] 	 SYMBOL:	 ARGS:prefix,%v_5,
		 12: custom_value->custom_field def_%v_7 custom_value[2.6,2.8,2.10,] 	 SYMBOL:	 ARGS:
		 13: %self->custom_field_tag_name def_%v_8 %self[2.0,2.11,] prefix[2.5,] %v_7[2.12,] 	 SYMBOL:	 ARGS:prefix,%v_7,
		 14: Line Number 85
		 15: custom_value->custom_field def_%v_9 custom_value[2.6,2.8,2.10,2.12,] 	 SYMBOL:	 ARGS:
		 16: %v_9->field_format def_%v_10 %v_9[2.15,] 	 SYMBOL:	 ARGS:
		 17: COPY TYPE_StringLiteral "_cf" def_%v_11 
		 18: BUILDSTRING def_%v_12 %v_10[2.16,] %v_11[2.17,] 
		 19: HASH-class- def_%v_13 %v_12[2.18,] 
		 20: %v_4->edit_tag def_%v_14 %v_4[2.9,] %self[2.0,2.11,2.13,] %v_6[2.11,] %v_8[2.13,] custom_value[2.6,2.8,2.10,2.12,2.15,] %v_13[2.19,] 	 SYMBOL:	 ARGS:%self,%v_6,%v_8,custom_value,%v_13,
		 21: RETURN %v_14[2.20,] %self[2.0,2.11,2.13,] 
BB 3
	outgoing: 
	datadep: 
	instructions:

SET IRMethod, name = custom_field_name_tag instanceMethod = true
BB 1
	outgoing: 6 2 
	datadep: 
	instructions:
BB 2
	outgoing: 3 4 
	datadep: 
	instructions:
		 0: def_%self 
		 1: def_%v_0 
		 2: COPY TYPE_CurrentScope def_%current_scope 
		 3: COPY TYPE_ScopeModule def_%current_module 
		 4: 
		 5: RECEIVEARG def_custom_field 
		 6: Line Number 90
		 7: custom_field->description def_%v_3 custom_field[2.5,] 	 SYMBOL:	 ARGS:
		 8: %v_3->presence def_%v_4 %v_3[2.7,] 	 SYMBOL:	 ARGS:
		 9: COPY TYPE_PASS def_title %v_4[2.8,] 
		 10: Line Number 91
		 11: BRANCH %v_4[2.8,] 
BB 3
	outgoing: 5 
	datadep: 
	instructions:
		 0: COPY TYPE_StringLiteral "field-description" def_%v_5 
		 1: 
BB 4
	outgoing: 5 
	datadep: 
	instructions:
		 0: COPY TYPE_Nil def_%v_5 
BB 5
	outgoing: 6 
	datadep: 
	instructions:
		 0: COPY TYPE_PASS def_css %v_5[4.0,3.0,] 
		 1: Line Number 92
		 2: COPY TYPE_StringLiteral "span" def_%v_6 
		 3: custom_field->name def_%v_7 custom_field[2.5,] 	 SYMBOL:	 ARGS:
		 4: HASH-title-class- def_%v_8 title[2.9,] css[5.0,] 
		 5: %self->content_tag def_%v_9 %self[2.0,] %v_6[5.2,] %v_7[5.3,] %v_8[5.4,] 	 SYMBOL:	 ARGS:%v_6,%v_7,%v_8,
		 6: RETURN %v_9[5.5,] %self[5.5,2.0,] 
BB 6
	outgoing: 
	datadep: 
	instructions:

SET IRMethod, name = custom_field_label_tag instanceMethod = true
BB 1
	outgoing: 10 2 
	datadep: 
	instructions:
BB 2
	outgoing: 3 4 
	datadep: 
	instructions:
		 0: def_%self 
		 1: def_%v_0 
		 2: COPY TYPE_CurrentScope def_%current_scope 
		 3: COPY TYPE_ScopeModule def_%current_module 
		 4: 
		 5: RECEIVEARG def_name 
		 6: RECEIVEARG def_custom_value 
		 7: RECEIVECONSTARG def_options 
		 8: options[2.7,] 
BB 3
	outgoing: 4 
	datadep: 
	instructions:
		 0: HASH- def_%v_3 
		 1: COPY TYPE_PASS def_options %v_3[3.0,] 
BB 4
	outgoing: 5 6 
	datadep: 
	instructions:
		 0: Line Number 97
		 1: options->[] def_%v_4 options[3.1,2.7,] 	 SYMBOL:required,	 ARGS:Symbol,
		 2: BRANCH %v_4[4.1,] 
BB 5
	outgoing: 6 
	datadep: 
	instructions:
		 0: custom_value->custom_field def_%v_5 custom_value[2.6,] 	 SYMBOL:	 ARGS:
		 1: %v_5->is_required? def_%v_6 %v_5[5.0,] 	 SYMBOL:	 ARGS:
		 2: COPY TYPE_PASS def_%v_4 %v_6[5.1,] 
BB 6
	outgoing: 7 8 
	datadep: 
	instructions:
		 0: COPY TYPE_PASS def_required %v_4[5.2,4.1,] 
		 1: Line Number 98
		 2: COPY TYPE_StringLiteral "_custom_field_values_" def_%v_7 
		 3: custom_value->custom_field def_%v_8 custom_value[2.6,] 	 SYMBOL:	 ARGS:
		 4: %v_8->id def_%v_9 %v_8[6.3,] 	 SYMBOL:	 ARGS:
		 5: BUILDSTRING def_%v_10 name[2.5,] %v_7[6.2,] %v_9[6.4,] 
		 6: options->fetch def_%v_11 options[3.1,2.7,] %v_10[6.5,] 	 SYMBOL:for_tag_id,	 ARGS:Symbol,%v_10,
		 7: COPY TYPE_PASS def_for_tag_id %v_11[6.6,] 
		 8: Line Number 99
		 9: custom_value->custom_field def_%v_12 custom_value[6.3,2.6,] 	 SYMBOL:	 ARGS:
		 10: %self->custom_field_name_tag def_%v_13 %self[2.0,] %v_12[6.9,] 	 SYMBOL:	 ARGS:%v_12,
		 11: COPY TYPE_PASS def_content %v_13[6.10,] 
		 12: Line Number 101
		 13: COPY TYPE_StringLiteral "label" def_%v_14 
		 14: Line Number 102
		 15: BRANCH required[6.0,] 
BB 7
	outgoing: 9 
	datadep: 
	instructions:
		 0: COPY TYPE_StringLiteral " <span class="required">*</span>" def_%v_15 
		 1: %v_15->html_safe def_%v_16 %v_15[7.0,] 	 SYMBOL:	 ARGS:
		 2: 
BB 8
	outgoing: 9 
	datadep: 
	instructions:
		 0: COPY TYPE_StringLiteral "" def_%v_17 
		 1: COPY TYPE_PASS def_%v_16 %v_17[8.0,] 
BB 9
	outgoing: 10 
	datadep: 
	instructions:
		 0: content->+ def_%v_18 content[6.11,] %v_16[8.1,7.1,] 	 SYMBOL:	 ARGS:%v_16,
		 1: HASH-for- def_%v_19 for_tag_id[6.7,] 
		 2: %self->content_tag def_%v_20 %self[2.0,] %v_14[6.13,] %v_18[9.0,] %v_19[9.1,] 	 SYMBOL:	 ARGS:%v_14,%v_18,%v_19,
		 3: RETURN %v_20[9.2,] %self[9.2,2.0,] 
BB 10
	outgoing: 
	datadep: 
	instructions:

SET IRMethod, name = custom_field_tag_with_label instanceMethod = true
BB 1
	outgoing: 8 2 
	datadep: 
	instructions:
BB 2
	outgoing: 3 4 
	datadep: 
	instructions:
		 0: def_%self 
		 1: def_%v_0 
		 2: COPY TYPE_CurrentScope def_%current_scope 
		 3: COPY TYPE_ScopeModule def_%current_module 
		 4: 
		 5: RECEIVEARG def_name 
		 6: RECEIVEARG def_custom_value 
		 7: RECEIVECONSTARG def_options 
		 8: options[2.7,] 
BB 3
	outgoing: 4 
	datadep: 
	instructions:
		 0: HASH- def_%v_3 
		 1: COPY TYPE_PASS def_options %v_3[3.0,] 
BB 4
	outgoing: 5 6 
	datadep: 
	instructions:
		 0: Line Number 108
		 1: %self->custom_field_tag def_%v_4 %self[2.0,] name[2.5,] custom_value[2.6,] 	 SYMBOL:	 ARGS:name,custom_value,
		 2: COPY TYPE_PASS def_tag %v_4[4.1,] 
		 3: Line Number 109
		 4: COPY TYPE_Nil def_tag_id 
		 5: Line Number 110
		 6: COPY TYPE_Regexp def_%v_5 
		 7: %v_4->scan def_%v_6 %v_4[4.1,] 	 SYMBOL:	 ARGS:%v_5,
		 8: COPY TYPE_PASS def_ids %v_6[4.7,] 
		 9: Line Number 111
		 10: %v_6->size def_%v_7 %v_6[4.7,] 	 SYMBOL:	 ARGS:
		 11: %v_7->== def_%v_8 %v_7[4.10,] 	 SYMBOL:	 ARGS:Fixnum,
		 12: BRANCH %v_8[4.11,] 
BB 5
	outgoing: 7 
	datadep: 
	instructions:
		 0: Line Number 112
		 1: ids->first def_%v_9 ids[4.8,] 	 SYMBOL:	 ARGS:
		 2: %v_9->first def_%v_10 %v_9[5.1,] 	 SYMBOL:	 ARGS:
		 3: COPY TYPE_PASS def_tag_id %v_10[5.2,] 
		 4: 
BB 6
	outgoing: 7 
	datadep: 
	instructions:
		 0: COPY TYPE_Nil def_%v_10 
BB 7
	outgoing: 8 
	datadep: 
	instructions:
		 0: Line Number 114
		 1: HASH-for_tag_id- def_%v_11 tag_id[5.3,4.4,] 
		 2: options->merge def_%v_12 options[3.1,2.7,] %v_11[7.1,] 	 SYMBOL:	 ARGS:%v_11,
		 3: %self->custom_field_label_tag def_%v_13 %self[2.0,] name[2.5,] custom_value[2.6,] %v_12[7.2,] 	 SYMBOL:	 ARGS:name,custom_value,%v_12,
		 4: %v_13->+ def_%v_14 %v_13[7.3,] tag[4.2,] 	 SYMBOL:	 ARGS:tag,
		 5: RETURN %v_14[7.4,] %self[7.3,2.0,] 
BB 8
	outgoing: 
	datadep: 
	instructions:

SET IRMethod, name = custom_field_tag_for_bulk_edit instanceMethod = true
BB 1
	outgoing: 7 2 
	datadep: 
	instructions:
BB 2
	outgoing: 3 4 
	datadep: 
	instructions:
		 0: def_%self 
		 1: def_%v_0 
		 2: COPY TYPE_CurrentScope def_%current_scope 
		 3: COPY TYPE_ScopeModule def_%current_module 
		 4: 
		 5: RECEIVEARG def_prefix 
		 6: RECEIVEARG def_custom_field 
		 7: RECEIVECONSTARG def_objects 
		 8: objects[2.7,] 
BB 3
	outgoing: 4 
	datadep: 
	instructions:
		 0: COPY TYPE_Nil def_objects 
BB 4
	outgoing: 5 6 
	datadep: 
	instructions:
		 0: RECEIVECONSTARG def_value 
		 1: value[4.0,] 
BB 5
	outgoing: 6 
	datadep: 
	instructions:
		 0: COPY TYPE_StringLiteral "" def_%v_3 
		 1: COPY TYPE_PASS def_value %v_3[5.0,] 
BB 6
	outgoing: 7 
	datadep: 
	instructions:
		 0: Line Number 119
		 1: custom_field->format def_%v_4 custom_field[2.6,] 	 SYMBOL:	 ARGS:
		 2: %self->custom_field_tag_id def_%v_5 %self[2.0,] prefix[2.5,] custom_field[6.1,2.6,] 	 SYMBOL:	 ARGS:prefix,custom_field,
		 3: %self->custom_field_tag_name def_%v_6 %self[6.2,2.0,] prefix[2.5,] custom_field[6.1,2.6,] 	 SYMBOL:	 ARGS:prefix,custom_field,
		 4: Line Number 125
		 5: custom_field->field_format def_%v_7 custom_field[6.1,2.6,] 	 SYMBOL:	 ARGS:
		 6: COPY TYPE_StringLiteral "_cf" def_%v_8 
		 7: BUILDSTRING def_%v_9 %v_7[6.5,] %v_8[6.6,] 
		 8: HASH-class- def_%v_10 %v_9[6.7,] 
		 9: %v_4->bulk_edit_tag def_%v_11 %v_4[6.1,] %self[6.2,6.3,2.0,] %v_5[6.2,] %v_6[6.3,] custom_field[6.1,6.5,2.6,] objects[3.0,2.7,] value[5.1,4.0,] %v_10[6.8,] 	 SYMBOL:	 ARGS:%self,%v_5,%v_6,custom_field,objects,value,%v_10,
		 10: RETURN %v_11[6.9,] %self[6.2,6.3,2.0,] 
BB 7
	outgoing: 
	datadep: 
	instructions:

SET IRMethod, name = show_value instanceMethod = true
BB 1
	outgoing: 5 2 
	datadep: 
	instructions:
BB 2
	outgoing: 3 4 
	datadep: 
	instructions:
		 0: def_%self 
		 1: def_%v_0 
		 2: COPY TYPE_CurrentScope def_%current_scope 
		 3: COPY TYPE_ScopeModule def_%current_module 
		 4: 
		 5: RECEIVEARG def_custom_value 
		 6: RECEIVECONSTARG def_html 
		 7: html[2.6,] 
BB 3
	outgoing: 4 
	datadep: 
	instructions:
		 0: COPY TYPE_Boolean def_html 
BB 4
	outgoing: 5 
	datadep: 
	instructions:
		 0: Line Number 130
		 1: %self->format_object def_%v_3 %self[2.0,] custom_value[2.5,] html[3.0,2.6,] 	 SYMBOL:	 ARGS:custom_value,html,
		 2: RETURN %v_3[4.1,] %self[4.1,2.0,] 
BB 5
	outgoing: 
	datadep: 
	instructions:

SET IRMethod, name = format_value instanceMethod = true
BB 1
	outgoing: 3 2 
	datadep: 
	instructions:
BB 2
	outgoing: 3 
	datadep: 
	instructions:
		 0: def_%self 
		 1: def_%v_0 
		 2: COPY TYPE_CurrentScope def_%current_scope 
		 3: COPY TYPE_ScopeModule def_%current_module 
		 4: 
		 5: RECEIVEARG def_value 
		 6: RECEIVEARG def_custom_field 
		 7: Line Number 135
		 8: custom_field->format def_%v_3 custom_field[2.6,] 	 SYMBOL:	 ARGS:
		 9: %v_3->formatted_value def_%v_4 %v_3[2.8,] %self[2.0,] custom_field[2.6,2.8,] value[2.5,] 	 SYMBOL:	 ARGS:%self,custom_field,value,Boolean,
		 10: %self->format_object def_%v_5 %self[2.0,] %v_4[2.9,] 	 SYMBOL:	 ARGS:%v_4,Boolean,
		 11: RETURN %v_5[2.10,] %self[2.0,2.10,] 
BB 3
	outgoing: 
	datadep: 
	instructions:

SET IRMethod, name = custom_field_formats_for_select instanceMethod = true
BB 1
	outgoing: 5 2 
	datadep: 
	instructions:
BB 2
	outgoing: 3 4 
	datadep: 
	instructions:
		 0: def_%self 
		 1: def_%v_0 
		 2: COPY TYPE_CurrentScope def_%current_scope 
		 3: COPY TYPE_ScopeModule def_%current_module 
		 4: 
		 5: RECEIVEARG def_custom_field 
		 6: Line Number 140
		 7: (Redmine) def_%v_3 
		 8: (inherit FieldFormat) def_%v_4 %v_3[2.7,] 
		 9: %v_4[2.8,] 
BB 3
	outgoing: 4 
	datadep: 
	instructions:
		 0: %v_3->const_missing def_%v_4 %v_3[2.7,] 	 SYMBOL:FieldFormat,	 ARGS:Symbol,
BB 4
	outgoing: 5 
	datadep: 
	instructions:
		 0: custom_field->class def_%v_5 custom_field[2.5,] 	 SYMBOL:	 ARGS:
		 1: %v_5->customized_class def_%v_6 %v_5[4.0,] 	 SYMBOL:	 ARGS:
		 2: %v_6->name def_%v_7 %v_6[4.1,] 	 SYMBOL:	 ARGS:
		 3: %v_4->as_select def_%v_8 %v_4[3.0,2.8,] %v_7[4.2,] 	 SYMBOL:	 ARGS:%v_7,
		 4: RETURN %v_8[4.3,] %self[2.0,] 
BB 5
	outgoing: 
	datadep: 
	instructions:

SET IRMethod, name = render_custom_field_values instanceMethod = true
BB 1
	outgoing: 3 2 
	datadep: 
	instructions:
BB 2
	outgoing: 3 
	datadep: 
	instructions:
		 0: def_%self 
		 1: def_%v_0 
		 2: COPY TYPE_CurrentScope def_%current_scope 
		 3: COPY TYPE_ScopeModule def_%current_module 
		 4: 
		 5: RECEIVEARG def_object 
		 6: def_%v_3 
		 7: def_block %v_3[2.6,] 
		 8: Line Number 146
		 9: object->visible_custom_field_values def_%v_4 object[2.5,] 	 SYMBOL:	 ARGS:
		 10: %v_4->each def_%v_5 %v_4[2.9,] %self[2.0,] 	 SYMBOL:	 ARGS:%v_4,
CLOSURE BEGIN: %self[2.0,] custom_value[] formatted[] 
BB 1
	outgoing: 9 2 
	datadep: 
	instructions:
BB 2
	outgoing: 3 
	datadep: 
	instructions:
		 0: def_%self 
		 1: def_%cl_1_0 
		 2: RECEIVEARG def_custom_value 
		 3: COPY TYPE_CurrentScope def_%current_scope 
		 4: COPY TYPE_ScopeModule def_%current_module 
BB 3
	outgoing: 4 5 7 
	datadep: 
	instructions:
		 0: Line Number 147
		 1: %self->show_value def_%cl_1_3 %self[2.0,] custom_value[2.2,] 	 SYMBOL:	 ARGS:custom_value,
		 2: COPY TYPE_PASS def_formatted %cl_1_3[3.1,] 
		 3: Line Number 148
		 4: %cl_1_3->present? def_%cl_1_4 %cl_1_3[3.1,] 	 SYMBOL:	 ARGS:
		 5: BRANCH %cl_1_4[3.4,] 
BB 4
	outgoing: 6 7 
	datadep: 
	instructions:
		 0: Line Number 149
		 1: custom_value->custom_field def_%cl_1_6 custom_value[2.2,] 	 SYMBOL:	 ARGS:
		 2: COPY TYPE_Array def_%cl_1_7 %cl_1_6[4.1,] formatted[3.2,] 
		 3: def_%cl_1_5 %cl_1_0[2.1,] %cl_1_7[4.2,] 
		 4: 
BB 5
	outgoing: 9 
	datadep: 
	instructions:
		 0: RETURN %self[2.0,] 
BB 6
	outgoing: 9 
	datadep: 
	instructions:
		 0: RETURN %cl_1_5[4.3,] %self[2.0,] 
BB 7
	outgoing: 9 
	datadep: 
	instructions:
		 0: def_%cl_1_8 
		 1: def_%cl_1_9 %cl_1_8[7.0,] 
		 2: RETURN %cl_1_9[7.1,] %self[2.0,] 
BB 9
	outgoing: 
	datadep: 
	instructions:
CLOSURE END: formatted[3.2,] 
		 11: RETURN %v_5[2.10,] %self[2.0,] 
BB 3
	outgoing: 
	datadep: 
	instructions:

SET IRMethod, name = render_api_custom_values instanceMethod = true
BB 1
	outgoing: 6 2 
	datadep: 
	instructions:
BB 2
	outgoing: 3 4 
	datadep: 
	instructions:
		 0: def_%self 
		 1: def_%v_0 
		 2: COPY TYPE_CurrentScope def_%current_scope 
		 3: COPY TYPE_ScopeModule def_%current_module 
		 4: 
		 5: RECEIVEARG def_custom_values 
		 6: RECEIVEARG def_api 
		 7: Line Number 172
		 8: custom_values->empty? def_%v_3 custom_values[2.5,] 	 SYMBOL:	 ARGS:
		 9: BRANCH %v_3[2.8,] 
BB 3
	outgoing: 6 
	datadep: 
	instructions:
		 0: COPY TYPE_Nil def_%v_4 
		 1: RETURN %v_4[3.0,] %self[2.0,] 
BB 4
	outgoing: 6 
	datadep: 
	instructions:
		 0: api->array def_%v_5 api[2.6,] %self[2.0,] 	 SYMBOL:custom_fields,	 ARGS:Symbol,api,
CLOSURE BEGIN: custom_values[2.5,] %self[2.0,] custom_value[] attrs[] api[2.6,] value[] 
BB 1
	outgoing: 6 2 
	datadep: 
	instructions:
BB 2
	outgoing: 3 
	datadep: 
	instructions:
		 0: def_%self 
		 1: def_%cl_1_0 
		 2: COPY TYPE_CurrentScope def_%current_scope 
		 3: COPY TYPE_ScopeModule def_%current_module 
BB 3
	outgoing: 4 6 
	datadep: 
	instructions:
		 0: Line Number 157
		 1: custom_values->each def_%cl_1_3 custom_values[] %self[2.0,] 	 SYMBOL:	 ARGS:custom_values,
CLOSURE BEGIN: custom_value[] attrs[] api[] %self[2.0,] value[] 
BB 1
	outgoing: 9 2 
	datadep: 
	instructions:
BB 2
	outgoing: 3 
	datadep: 
	instructions:
		 0: def_%self 
		 1: def_%cl_2_0 
		 2: RECEIVEARG def_custom_value 
		 3: COPY TYPE_CurrentScope def_%current_scope 
		 4: COPY TYPE_ScopeModule def_%current_module 
BB 3
	outgoing: 4 5 7 
	datadep: 
	instructions:
		 0: Line Number 158
		 1: custom_value->custom_field_id def_%cl_2_3 custom_value[2.2,] 	 SYMBOL:	 ARGS:
		 2: custom_value->custom_field def_%cl_2_4 custom_value[3.1,2.2,] 	 SYMBOL:	 ARGS:
		 3: %cl_2_4->name def_%cl_2_5 %cl_2_4[3.2,] 	 SYMBOL:	 ARGS:
		 4: HASH-id-name- def_%cl_2_6 %cl_2_3[3.1,] %cl_2_5[3.3,] 
		 5: COPY TYPE_PASS def_attrs %cl_2_6[3.4,] 
		 6: Line Number 159
		 7: custom_value->custom_field def_%cl_2_7 custom_value[3.1,3.2,2.2,] 	 SYMBOL:	 ARGS:
		 8: %cl_2_7->multiple? def_%cl_2_8 %cl_2_7[3.7,] 	 SYMBOL:	 ARGS:
		 9: BRANCH %cl_2_8[3.8,] 
BB 4
	outgoing: 6 7 
	datadep: 
	instructions:
		 0: HASH-multiple- def_%cl_2_9 
		 1: attrs->merge! def_%cl_2_10 attrs[3.5,] %cl_2_9[4.0,] 	 SYMBOL:	 ARGS:%cl_2_9,
		 2: 
BB 5
	outgoing: 6 
	datadep: 
	instructions:
		 0: COPY TYPE_Nil def_%cl_2_10 
BB 6
	outgoing: 7 9 
	datadep: 
	instructions:
		 0: Line Number 160
		 1: api->custom_field def_%cl_2_11 api[] attrs[3.5,] %self[2.0,] 	 SYMBOL:	 ARGS:attrs,api,
CLOSURE BEGIN: custom_value[2.2,] api[] %self[2.0,] value[] 
BB 1
	outgoing: 9 2 
	datadep: 
	instructions:
BB 2
	outgoing: 3 
	datadep: 
	instructions:
		 0: def_%self 
		 1: def_%cl_3_0 
		 2: COPY TYPE_CurrentScope def_%current_scope 
		 3: COPY TYPE_ScopeModule def_%current_module 
BB 3
	outgoing: 4 5 7 
	datadep: 
	instructions:
		 0: Line Number 161
		 1: custom_value->value def_%cl_3_3 custom_value[] 	 SYMBOL:	 ARGS:
		 2: (Array) def_%cl_3_4 
		 3: %cl_3_3->is_a? def_%cl_3_5 %cl_3_3[3.1,] %cl_3_4[3.2,] 	 SYMBOL:	 ARGS:%cl_3_4,
		 4: BRANCH %cl_3_5[3.3,] 
BB 4
	outgoing: 6 7 
	datadep: 
	instructions:
		 0: Line Number 162
		 1: api->array def_%cl_3_6 api[] %self[2.0,] 	 SYMBOL:value,	 ARGS:Symbol,api,
CLOSURE BEGIN: custom_value[] %self[2.0,] value[] api[] 
BB 1
	outgoing: 6 2 
	datadep: 
	instructions:
BB 2
	outgoing: 3 
	datadep: 
	instructions:
		 0: def_%self 
		 1: def_%cl_4_0 
		 2: COPY TYPE_CurrentScope def_%current_scope 
		 3: COPY TYPE_ScopeModule def_%current_module 
BB 3
	outgoing: 4 6 
	datadep: 
	instructions:
		 0: Line Number 163
		 1: custom_value->value def_%cl_4_3 custom_value[] 	 SYMBOL:	 ARGS:
		 2: %cl_4_3->each def_%cl_4_4 %cl_4_3[3.1,] %self[2.0,] 	 SYMBOL:	 ARGS:%cl_4_3,
CLOSURE BEGIN: value[] api[] 
BB 1
	outgoing: 9 2 
	datadep: 
	instructions:
BB 2
	outgoing: 3 
	datadep: 
	instructions:
		 0: def_%self 
		 1: def_%cl_5_0 
		 2: RECEIVEARG def_value 
		 3: COPY TYPE_CurrentScope def_%current_scope 
		 4: COPY TYPE_ScopeModule def_%current_module 
BB 3
	outgoing: 4 5 7 
	datadep: 
	instructions:
		 0: Line Number 164
		 1: value->blank? def_%cl_5_3 value[2.2,] 	 SYMBOL:	 ARGS:
		 2: BRANCH %cl_5_3[3.1,] 
BB 4
	outgoing: 9 
	datadep: 
	instructions:
		 0: COPY TYPE_Nil def_%cl_5_4 
		 1: RETURN %cl_5_4[4.0,] %self[2.0,] 
BB 5
	outgoing: 7 9 
	datadep: 
	instructions:
		 0: api->value def_%cl_5_5 api[] value[2.2,] 	 SYMBOL:	 ARGS:value,
		 1: RETURN %cl_5_5[5.0,] %self[2.0,] 
BB 7
	outgoing: 9 
	datadep: 
	instructions:
		 0: def_%cl_5_6 
		 1: def_%cl_5_7 %cl_5_6[7.0,] 
		 2: RETURN %cl_5_7[7.1,] %self[2.0,] 
BB 9
	outgoing: 
	datadep: 
	instructions:
CLOSURE END: 
		 3: RETURN %cl_4_4[3.2,] %self[2.0,] 
BB 4
	outgoing: 6 
	datadep: 
	instructions:
		 0: def_%cl_4_5 
		 1: def_%cl_4_6 %cl_4_5[4.0,] 
		 2: RETURN %cl_4_6[4.1,] %self[2.0,] 
BB 6
	outgoing: 
	datadep: 
	instructions:
CLOSURE END: 
		 2: 
BB 5
	outgoing: 7 9 
	datadep: 
	instructions:
		 0: Line Number 168
		 1: custom_value->value def_%cl_3_7 custom_value[] 	 SYMBOL:	 ARGS:
		 2: api->value def_%cl_3_8 api[] %cl_3_7[5.1,] 	 SYMBOL:	 ARGS:%cl_3_7,
		 3: RETURN %cl_3_8[5.2,] %self[2.0,] 
BB 6
	outgoing: 9 
	datadep: 
	instructions:
		 0: RETURN %cl_3_6[4.1,] %self[2.0,] 
BB 7
	outgoing: 9 
	datadep: 
	instructions:
		 0: def_%cl_3_9 
		 1: def_%cl_3_10 %cl_3_9[7.0,] 
		 2: RETURN %cl_3_10[7.1,] %self[2.0,] 
BB 9
	outgoing: 
	datadep: 
	instructions:
CLOSURE END: 
		 2: RETURN %cl_2_11[6.1,] %self[2.0,] 
BB 7
	outgoing: 9 
	datadep: 
	instructions:
		 0: def_%cl_2_12 
		 1: def_%cl_2_13 %cl_2_12[7.0,] 
		 2: RETURN %cl_2_13[7.1,] %self[2.0,] 
BB 9
	outgoing: 
	datadep: 
	instructions:
CLOSURE END: attrs[3.5,] 
		 2: RETURN %cl_1_3[3.1,] %self[2.0,] 
BB 4
	outgoing: 6 
	datadep: 
	instructions:
		 0: def_%cl_1_4 
		 1: def_%cl_1_5 %cl_1_4[4.0,] 
		 2: RETURN %cl_1_5[4.1,] %self[2.0,] 
BB 6
	outgoing: 
	datadep: 
	instructions:
CLOSURE END: 
		 1: RETURN %v_5[4.0,] %self[2.0,] 
BB 6
	outgoing: 
	datadep: 
	instructions:

SET IRMethod, name = edit_tag_style_tag instanceMethod = true
BB 1
	outgoing: 8 2 
	datadep: 
	instructions:
BB 2
	outgoing: 3 4 
	datadep: 
	instructions:
		 0: def_%self 
		 1: def_%v_0 
		 2: COPY TYPE_CurrentScope def_%current_scope 
		 3: COPY TYPE_ScopeModule def_%current_module 
		 4: 
		 5: RECEIVEARG def_form 
		 6: RECEIVECONSTARG def_options 
		 7: options[2.6,] 
BB 3
	outgoing: 4 
	datadep: 
	instructions:
		 0: HASH- def_%v_3 
		 1: COPY TYPE_PASS def_options %v_3[3.0,] 
BB 4
	outgoing: 5 6 
	datadep: 
	instructions:
		 0: Line Number 176
		 1: %self->l def_%v_4 %self[2.0,] 	 SYMBOL:label_drop_down_list,	 ARGS:Symbol,
		 2: COPY TYPE_StringLiteral "" def_%v_5 
		 3: COPY TYPE_Array def_%v_6 %v_4[4.1,] %v_5[4.2,] 
		 4: %self->l def_%v_7 %self[4.1,2.0,] 	 SYMBOL:label_checkboxes,	 ARGS:Symbol,
		 5: COPY TYPE_StringLiteral "check_box" def_%v_8 
		 6: COPY TYPE_Array def_%v_9 %v_7[4.4,] %v_8[4.5,] 
		 7: COPY TYPE_Array def_%v_10 %v_6[4.3,] %v_9[4.6,] 
		 8: COPY TYPE_PASS def_select_options %v_10[4.7,] 
		 9: Line Number 177
		 10: options->[] def_%v_11 options[3.1,2.6,] 	 SYMBOL:include_radio,	 ARGS:Symbol,
		 11: BRANCH %v_11[4.10,] 
BB 5
	outgoing: 7 
	datadep: 
	instructions:
		 0: Line Number 178
		 1: %self->l def_%v_12 %self[2.0,] 	 SYMBOL:label_radio_buttons,	 ARGS:Symbol,
		 2: COPY TYPE_StringLiteral "radio" def_%v_13 
		 3: COPY TYPE_Array def_%v_14 %v_12[5.1,] %v_13[5.2,] 
		 4: select_options-><< def_%v_15 select_options[4.8,] %v_14[5.3,] 	 SYMBOL:	 ARGS:%v_14,
		 5: 
BB 6
	outgoing: 7 
	datadep: 
	instructions:
		 0: COPY TYPE_Nil def_%v_15 
BB 7
	outgoing: 8 
	datadep: 
	instructions:
		 0: Line Number 180
		 1: HASH-label- def_%v_16 
		 2: form->select def_%v_17 form[2.5,] select_options[4.8,] %v_16[7.1,] 	 SYMBOL:edit_tag_style,	 ARGS:Symbol,select_options,%v_16,
		 3: RETURN %v_17[7.2,] %self[2.0,] 
BB 8
	outgoing: 
	datadep: 
	instructions:

