SET IRMethod, name = sort_name instanceMethod = true
BB 1
	outgoing: 3 2 
	datadep: 
	instructions:
BB 2
	outgoing: 3 
	datadep: 
	instructions:
		 0: def_%self 
		 1: def_%v_0 
		 2: COPY TYPE_CurrentScope def_%current_scope 
		 3: COPY TYPE_ScopeModule def_%current_module 
		 4: 
		 5: Line Number 56
		 6: %self->controller_name def_%v_3 %self[2.0,] 	 SYMBOL:	 ARGS:
		 7: COPY TYPE_StringLiteral "_" def_%v_4 
		 8: %v_3->+ def_%v_5 %v_3[2.6,] %v_4[2.7,] 	 SYMBOL:	 ARGS:%v_4,
		 9: %self->action_name def_%v_6 %self[2.0,2.6,] 	 SYMBOL:	 ARGS:
		 10: %v_5->+ def_%v_7 %v_5[2.8,] %v_6[2.9,] 	 SYMBOL:	 ARGS:%v_6,
		 11: COPY TYPE_StringLiteral "_sort" def_%v_8 
		 12: %v_7->+ def_%v_9 %v_7[2.10,] %v_8[2.11,] 	 SYMBOL:	 ARGS:%v_8,
		 13: RETURN %v_9[2.12,] %self[2.0,2.6,2.9,] 
BB 3
	outgoing: 
	datadep: 
	instructions:

SET IRMethod, name = sort_init instanceMethod = true
BB 1
	outgoing: 12 2 
	datadep: 
	instructions:
BB 2
	outgoing: 3 5 
	datadep: 
	instructions:
		 0: def_%self 
		 1: def_%v_0 
		 2: COPY TYPE_CurrentScope def_%current_scope 
		 3: COPY TYPE_ScopeModule def_%current_module 
		 4: 
		 5: RECEIVEARG def_args 
		 6: Line Number 68
		 7: args->size def_%v_3 args[2.5,] 	 SYMBOL:	 ARGS:
		 8: def_%v_5 %v_3[2.7,] 
		 9: BRANCH %v_5[2.8,] 
BB 3
	outgoing: 4 9 
	datadep: 
	instructions:
		 0: def_%v_6 %v_3[2.7,] 
		 1: BRANCH %v_6[3.0,] 
BB 4
	outgoing: 12 
	datadep: 
	instructions:
		 0: Line Number 74
		 1: (ArgumentError) def_%v_18 
		 2: %self->raise def_%v_19 %self[2.0,] %v_18[4.1,] 	 SYMBOL:	 ARGS:%v_18,
		 3: COPY TYPE_PASS def_%v_4 %v_19[4.2,] 
		 4: RETURN %v_19[4.2,] %self[4.2,2.0,] 
BB 5
	outgoing: 6 7 
	datadep: 
	instructions:
		 0: Line Number 70
		 1: args->first def_%v_7 args[2.5,] 	 SYMBOL:	 ARGS:
		 2: (Array) def_%v_8 
		 3: %v_7->is_a? def_%v_9 %v_7[5.1,] %v_8[5.2,] 	 SYMBOL:	 ARGS:%v_8,
		 4: BRANCH %v_9[5.3,] 
BB 6
	outgoing: 8 
	datadep: 
	instructions:
		 0: args->first def_%v_10 args[2.5,] 	 SYMBOL:	 ARGS:
		 1: 
BB 7
	outgoing: 8 
	datadep: 
	instructions:
		 0: args->first def_%v_11 args[2.5,] 	 SYMBOL:	 ARGS:
		 1: COPY TYPE_Array def_%v_12 %v_11[7.0,] 
		 2: COPY TYPE_Array def_%v_13 %v_12[7.1,] 
		 3: COPY TYPE_PASS def_%v_10 %v_13[7.2,] 
BB 8
	outgoing: 12 
	datadep: 
	instructions:
		 0: ATTRASSIGN %self->sort_default %v_10[7.3,6.0,] 
		 1: COPY TYPE_PASS def_%v_4 %v_10[7.3,6.0,] 
		 2: RETURN %v_10[7.3,6.0,] %self[8.0,2.0,] 
BB 9
	outgoing: 12 
	datadep: 
	instructions:
		 0: Line Number 72
		 1: args->first def_%v_14 args[2.5,] 	 SYMBOL:	 ARGS:
		 2: args->last def_%v_15 args[9.1,2.5,] 	 SYMBOL:	 ARGS:
		 3: COPY TYPE_Array def_%v_16 %v_14[9.1,] %v_15[9.2,] 
		 4: COPY TYPE_Array def_%v_17 %v_16[9.3,] 
		 5: ATTRASSIGN %self->sort_default %v_17[9.4,] 
		 6: COPY TYPE_PASS def_%v_4 %v_17[9.4,] 
		 7: RETURN %v_17[9.4,] %self[9.5,2.0,] 
BB 12
	outgoing: 
	datadep: 
	instructions:

SET IRMethod, name = sort_update instanceMethod = true
BB 1
	outgoing: 13 2 
	datadep: 
	instructions:
BB 2
	outgoing: 3 4 
	datadep: 
	instructions:
		 0: def_%self 
		 1: def_%v_0 
		 2: COPY TYPE_CurrentScope def_%current_scope 
		 3: COPY TYPE_ScopeModule def_%current_module 
		 4: 
		 5: RECEIVEARG def_criteria 
		 6: RECEIVECONSTARG def_sort_name 
		 7: sort_name[2.6,] 
BB 3
	outgoing: 4 
	datadep: 
	instructions:
		 0: COPY TYPE_Nil def_sort_name 
BB 4
	outgoing: 5 6 
	datadep: 
	instructions:
		 0: Line Number 83
		 1: COPY TYPE_PASS def_%v_3 sort_name[3.0,2.6,] 
		 2: COPY TYPE_PASS def_%v_4 sort_name[3.0,2.6,] 
		 3: BRANCH sort_name[3.0,2.6,] 
BB 5
	outgoing: 6 
	datadep: 
	instructions:
		 0: %self->sort_name def_%v_5 %self[2.0,] 	 SYMBOL:	 ARGS:
		 1: COPY TYPE_PASS def_sort_name %v_5[5.0,] 
		 2: COPY TYPE_PASS def_%v_4 %v_5[5.0,] 
BB 6
	outgoing: 7 8 
	datadep: 
	instructions:
		 0: Line Number 84
		 1: (Redmine) def_%v_6 
		 2: (inherit SortCriteria) def_%v_7 %v_6[6.1,] 
		 3: %v_7[6.2,] 
BB 7
	outgoing: 8 
	datadep: 
	instructions:
		 0: %v_6->const_missing def_%v_7 %v_6[6.1,] 	 SYMBOL:SortCriteria,	 ARGS:Symbol,
BB 8
	outgoing: 9 10 
	datadep: 
	instructions:
		 0: %self->params def_%v_8 %self[2.0,] 	 SYMBOL:	 ARGS:
		 1: %v_8->[] def_%v_9 %v_8[8.0,] 	 SYMBOL:sort,	 ARGS:Symbol,
		 2: BRANCH %v_9[8.1,] 
BB 9
	outgoing: 10 
	datadep: 
	instructions:
		 0: %self->session def_%v_10 %self[2.0,] 	 SYMBOL:	 ARGS:
		 1: %v_10->[] def_%v_11 %v_10[9.0,] sort_name[5.1,3.0,2.6,] 	 SYMBOL:	 ARGS:sort_name,
		 2: COPY TYPE_PASS def_%v_9 %v_11[9.1,] 
BB 10
	outgoing: 11 12 
	datadep: 
	instructions:
		 0: BRANCH %v_9[9.2,8.1,] 
BB 11
	outgoing: 12 
	datadep: 
	instructions:
		 0: GETFIELD %self->sort_default def_%v_12 %self[2.0,] 
		 1: COPY TYPE_PASS def_%v_9 %v_12[11.0,] 
BB 12
	outgoing: 13 
	datadep: 
	instructions:
		 0: %v_7->new def_%v_13 %v_7[7.0,6.2,] %v_9[11.1,9.2,8.1,] 	 SYMBOL:	 ARGS:%v_9,
		 1: ATTRASSIGN %self->sort_criteria %v_13[12.0,] 
		 2: Line Number 85
		 3: ATTRASSIGN %self->sortable_columns criteria[2.5,] 
		 4: Line Number 86
		 5: %self->session def_%v_14 %self[12.1,12.3,2.0,] 	 SYMBOL:	 ARGS:
		 6: GETFIELD %self->sort_criteria def_%v_15 %self[12.1,12.5,2.0,] 
		 7: %v_15->to_param def_%v_16 %v_15[12.6,] 	 SYMBOL:	 ARGS:
		 8: ATTRASSIGN %v_14->[] sort_name[5.1,3.0,2.6,] %v_16[12.7,] 
		 9: RETURN %v_16[12.7,] %self[12.1,12.3,12.5,2.0,] 
BB 13
	outgoing: 
	datadep: 
	instructions:

SET IRMethod, name = sort_clear instanceMethod = true
BB 1
	outgoing: 3 2 
	datadep: 
	instructions:
BB 2
	outgoing: 3 
	datadep: 
	instructions:
		 0: def_%self 
		 1: def_%v_0 
		 2: COPY TYPE_CurrentScope def_%current_scope 
		 3: COPY TYPE_ScopeModule def_%current_module 
		 4: 
		 5: Line Number 92
		 6: %self->session def_%v_3 %self[2.0,] 	 SYMBOL:	 ARGS:
		 7: %self->sort_name def_%v_4 %self[2.0,2.6,] 	 SYMBOL:	 ARGS:
		 8: ATTRASSIGN %v_3->[] %v_4[2.7,] 
		 9: RETURN %self[2.0,2.6,2.7,] 
BB 3
	outgoing: 
	datadep: 
	instructions:

SET IRMethod, name = sort_clause instanceMethod = true
BB 1
	outgoing: 3 2 
	datadep: 
	instructions:
BB 2
	outgoing: 3 
	datadep: 
	instructions:
		 0: def_%self 
		 1: def_%v_0 
		 2: COPY TYPE_CurrentScope def_%current_scope 
		 3: COPY TYPE_ScopeModule def_%current_module 
		 4: 
		 5: Line Number 99
		 6: GETFIELD %self->sort_criteria def_%v_3 %self[2.0,] 
		 7: GETFIELD %self->sortable_columns def_%v_4 %self[2.0,] 
		 8: %v_3->sort_clause def_%v_5 %v_3[2.6,] %v_4[2.7,] 	 SYMBOL:	 ARGS:%v_4,
		 9: RETURN %v_5[2.8,] %self[2.0,] 
BB 3
	outgoing: 
	datadep: 
	instructions:

SET IRMethod, name = sort_criteria instanceMethod = true
BB 1
	outgoing: 3 2 
	datadep: 
	instructions:
BB 2
	outgoing: 3 
	datadep: 
	instructions:
		 0: def_%self 
		 1: def_%v_0 
		 2: COPY TYPE_CurrentScope def_%current_scope 
		 3: COPY TYPE_ScopeModule def_%current_module 
		 4: 
		 5: Line Number 104
		 6: GETFIELD %self->sort_criteria def_%v_3 %self[2.0,] 
		 7: RETURN %v_3[2.6,] %self[2.0,] 
BB 3
	outgoing: 
	datadep: 
	instructions:

SET IRMethod, name = sort_link instanceMethod = true
BB 1
	outgoing: 12 2 
	datadep: 
	instructions:
BB 2
	outgoing: 3 7 
	datadep: 
	instructions:
		 0: def_%self 
		 1: def_%v_0 
		 2: COPY TYPE_CurrentScope def_%current_scope 
		 3: COPY TYPE_ScopeModule def_%current_module 
		 4: 
		 5: RECEIVEARG def_column 
		 6: RECEIVEARG def_caption 
		 7: RECEIVEARG def_default_order 
		 8: Line Number 113
		 9: COPY TYPE_Array def_%v_3 default_order[2.7,] 
		 10: COPY TYPE_Nil def_%v_4 
		 11: COPY TYPE_PASS def_%v_5 default_order[2.7,] 
		 12: COPY TYPE_Nil def_css 
		 13: COPY TYPE_PASS def_order default_order[2.7,] 
		 14: Line Number 115
		 15: column->to_s def_%v_6 column[2.5,] 	 SYMBOL:	 ARGS:
		 16: GETFIELD %self->sort_criteria def_%v_7 %self[2.0,] 
		 17: %v_7->first_key def_%v_8 %v_7[2.16,] 	 SYMBOL:	 ARGS:
		 18: %v_6->== def_%v_9 %v_6[2.15,] %v_8[2.17,] 	 SYMBOL:	 ARGS:%v_8,
		 19: BRANCH %v_9[2.18,] 
BB 3
	outgoing: 4 5 
	datadep: 
	instructions:
		 0: Line Number 116
		 1: GETFIELD %self->sort_criteria def_%v_10 %self[2.0,] 
		 2: %v_10->first_asc? def_%v_11 %v_10[3.1,] 	 SYMBOL:	 ARGS:
		 3: BRANCH %v_11[3.2,] 
BB 4
	outgoing: 6 
	datadep: 
	instructions:
		 0: Line Number 117
		 1: COPY TYPE_StringLiteral "sort asc" def_%v_12 
		 2: COPY TYPE_PASS def_css %v_12[4.1,] 
		 3: Line Number 118
		 4: COPY TYPE_StringLiteral "desc" def_%v_13 
		 5: COPY TYPE_PASS def_order %v_13[4.4,] 
		 6: 
BB 5
	outgoing: 6 
	datadep: 
	instructions:
		 0: Line Number 120
		 1: COPY TYPE_StringLiteral "sort desc" def_%v_14 
		 2: COPY TYPE_PASS def_css %v_14[5.1,] 
		 3: Line Number 121
		 4: COPY TYPE_StringLiteral "asc" def_%v_15 
		 5: COPY TYPE_PASS def_order %v_15[5.4,] 
		 6: COPY TYPE_PASS def_%v_13 %v_15[5.4,] 
BB 6
	outgoing: 8 
	datadep: 
	instructions:
		 0: 
BB 7
	outgoing: 8 
	datadep: 
	instructions:
		 0: COPY TYPE_Nil def_%v_13 
BB 8
	outgoing: 9 10 
	datadep: 
	instructions:
		 0: Line Number 124
		 1: BRANCH caption[2.6,] 
BB 9
	outgoing: 11 
	datadep: 
	instructions:
		 0: COPY TYPE_Nil def_%v_16 
		 1: 
BB 10
	outgoing: 11 
	datadep: 
	instructions:
		 0: column->to_s def_%v_17 column[2.5,] 	 SYMBOL:	 ARGS:
		 1: %v_17->humanize def_%v_18 %v_17[10.0,] 	 SYMBOL:	 ARGS:
		 2: COPY TYPE_PASS def_caption %v_18[10.1,] 
		 3: COPY TYPE_PASS def_%v_16 %v_18[10.1,] 
BB 11
	outgoing: 12 
	datadep: 
	instructions:
		 0: Line Number 126
		 1: GETFIELD %self->sort_criteria def_%v_19 %self[2.0,] 
		 2: column->to_s def_%v_20 column[2.5,] 	 SYMBOL:	 ARGS:
		 3: %v_19->add def_%v_21 %v_19[11.1,] %v_20[11.2,] order[2.13,5.5,4.5,] 	 SYMBOL:	 ARGS:%v_20,order,
		 4: %v_21->to_param def_%v_22 %v_21[11.3,] 	 SYMBOL:	 ARGS:
		 5: HASH-sort- def_%v_23 %v_22[11.4,] 
		 6: COPY TYPE_PASS def_sort_options %v_23[11.5,] 
		 7: Line Number 127
		 8: %self->request def_%v_24 %self[2.0,] 	 SYMBOL:	 ARGS:
		 9: %v_24->query_parameters def_%v_25 %v_24[11.8,] 	 SYMBOL:	 ARGS:
		 10: %v_25->merge def_%v_26 %v_25[11.9,] sort_options[11.6,] 	 SYMBOL:	 ARGS:sort_options,
		 11: HASH-params- def_%v_27 %v_26[11.10,] 
		 12: HASH-class- def_%v_28 css[2.12,5.2,4.2,] 
		 13: %self->link_to def_%v_29 %self[11.8,2.0,] caption[10.2,2.6,] %v_27[11.11,] %v_28[11.12,] 	 SYMBOL:	 ARGS:caption,%v_27,%v_28,
		 14: RETURN %v_29[11.13,] %self[11.8,11.13,2.0,] 
BB 12
	outgoing: 
	datadep: 
	instructions:

SET IRMethod, name = sort_header_tag instanceMethod = true
BB 1
	outgoing: 12 2 
	datadep: 
	instructions:
BB 2
	outgoing: 3 4 
	datadep: 
	instructions:
		 0: def_%self 
		 1: def_%v_0 
		 2: COPY TYPE_CurrentScope def_%current_scope 
		 3: COPY TYPE_ScopeModule def_%current_module 
		 4: 
		 5: RECEIVEARG def_column 
		 6: RECEIVECONSTARG def_options 
		 7: options[2.6,] 
BB 3
	outgoing: 4 
	datadep: 
	instructions:
		 0: HASH- def_%v_3 
		 1: COPY TYPE_PASS def_options %v_3[3.0,] 
BB 4
	outgoing: 5 6 
	datadep: 
	instructions:
		 0: Line Number 144
		 1: options->delete def_%v_4 options[3.1,2.6,] 	 SYMBOL:caption,	 ARGS:Symbol,
		 2: BRANCH %v_4[4.1,] 
BB 5
	outgoing: 6 
	datadep: 
	instructions:
		 0: column->to_s def_%v_5 column[2.5,] 	 SYMBOL:	 ARGS:
		 1: %v_5->humanize def_%v_6 %v_5[5.0,] 	 SYMBOL:	 ARGS:
		 2: COPY TYPE_PASS def_%v_4 %v_6[5.1,] 
BB 6
	outgoing: 7 8 
	datadep: 
	instructions:
		 0: COPY TYPE_PASS def_caption %v_4[5.2,4.1,] 
		 1: Line Number 145
		 2: options->delete def_%v_7 options[3.1,2.6,] 	 SYMBOL:default_order,	 ARGS:Symbol,
		 3: BRANCH %v_7[6.2,] 
BB 7
	outgoing: 8 
	datadep: 
	instructions:
		 0: COPY TYPE_StringLiteral "asc" def_%v_8 
		 1: COPY TYPE_PASS def_%v_7 %v_8[7.0,] 
BB 8
	outgoing: 9 10 
	datadep: 
	instructions:
		 0: COPY TYPE_PASS def_default_order %v_7[7.1,6.2,] 
		 1: Line Number 146
		 2: options->[] def_%v_9 options[3.1,2.6,] 	 SYMBOL:title,	 ARGS:Symbol,
		 3: BRANCH %v_9[8.2,] 
BB 9
	outgoing: 11 
	datadep: 
	instructions:
		 0: COPY TYPE_Nil def_%v_10 
		 1: 
BB 10
	outgoing: 11 
	datadep: 
	instructions:
		 0: COPY TYPE_StringLiteral """ def_%v_11 
		 1: COPY TYPE_StringLiteral """ def_%v_12 
		 2: BUILDSTRING def_%v_13 %v_11[10.0,] caption[6.0,] %v_12[10.1,] 
		 3: %self->l def_%v_14 %self[2.0,] %v_13[10.2,] 	 SYMBOL:label_sort_by,	 ARGS:Symbol,%v_13,
		 4: ATTRASSIGN options->[] %v_14[10.3,] 
		 5: COPY TYPE_PASS def_%v_10 %v_14[10.3,] 
BB 11
	outgoing: 12 
	datadep: 
	instructions:
		 0: Line Number 147
		 1: COPY TYPE_StringLiteral "th" def_%v_15 
		 2: %self->sort_link def_%v_16 %self[2.0,] column[2.5,] caption[6.0,] default_order[8.0,] 	 SYMBOL:	 ARGS:column,caption,default_order,
		 3: %self->content_tag def_%v_17 %self[11.2,2.0,] %v_15[11.1,] %v_16[11.2,] options[10.4,3.1,2.6,] 	 SYMBOL:	 ARGS:%v_15,%v_16,options,
		 4: RETURN %v_17[11.3,] %self[11.2,11.3,2.0,] 
BB 12
	outgoing: 
	datadep: 
	instructions:

SET IRMethod, name = sort_css_classes instanceMethod = true
BB 1
	outgoing: 9 2 
	datadep: 
	instructions:
BB 2
	outgoing: 3 7 
	datadep: 
	instructions:
		 0: def_%self 
		 1: def_%v_0 
		 2: COPY TYPE_CurrentScope def_%current_scope 
		 3: COPY TYPE_ScopeModule def_%current_module 
		 4: 
		 5: Line Number 157
		 6: GETFIELD %self->sort_criteria def_%v_3 %self[2.0,] 
		 7: %v_3->first_key def_%v_4 %v_3[2.6,] 	 SYMBOL:	 ARGS:
		 8: BRANCH %v_4[2.7,] 
BB 3
	outgoing: 4 5 
	datadep: 
	instructions:
		 0: Line Number 158
		 1: COPY TYPE_StringLiteral "sort-by-" def_%v_5 
		 2: GETFIELD %self->sort_criteria def_%v_6 %self[2.0,] 
		 3: %v_6->first_key def_%v_7 %v_6[3.2,] 	 SYMBOL:	 ARGS:
		 4: %v_7->to_s def_%v_8 %v_7[3.3,] 	 SYMBOL:	 ARGS:
		 5: %v_8->dasherize def_%v_9 %v_8[3.4,] 	 SYMBOL:	 ARGS:
		 6: COPY TYPE_StringLiteral " sort-" def_%v_10 
		 7: GETFIELD %self->sort_criteria def_%v_11 %self[2.0,] 
		 8: %v_11->first_asc? def_%v_12 %v_11[3.7,] 	 SYMBOL:	 ARGS:
		 9: BRANCH %v_12[3.8,] 
BB 4
	outgoing: 6 
	datadep: 
	instructions:
		 0: COPY TYPE_StringLiteral "asc" def_%v_13 
		 1: 
BB 5
	outgoing: 6 
	datadep: 
	instructions:
		 0: COPY TYPE_StringLiteral "desc" def_%v_14 
		 1: COPY TYPE_PASS def_%v_13 %v_14[5.0,] 
BB 6
	outgoing: 9 
	datadep: 
	instructions:
		 0: BUILDSTRING def_%v_15 %v_5[3.1,] %v_9[3.5,] %v_10[3.6,] %v_13[5.1,4.0,] 
		 1: RETURN %v_15[6.0,] %self[2.0,] 
BB 7
	outgoing: 9 
	datadep: 
	instructions:
		 0: RETURN %self[2.0,] 
BB 9
	outgoing: 
	datadep: 
	instructions:

