SET IRMethod, name = getAll instanceMethod = true
BB 1
	outgoing: 3 2 
	datadep: 
	instructions:
BB 2
	outgoing: 3 
	datadep: 
	instructions:
		 0: def_%self 
		 1: def_%v_0 
		 2: COPY TYPE_CurrentScope def_%current_scope 
		 3: COPY TYPE_ScopeModule def_%current_module 
		 4: 
		 5: RECEIVEARG def_id 
		 6: Line Number 2
		 7: (User) def_%v_3 
		 8: %v_3->all def_%v_4 %v_3[2.7,] 	 SYMBOL:	 ARGS:
		 9: Line Number 3
		 10: %self->getBlog def_%v_5 %self[2.0,] id[2.5,] 	 SYMBOL:	 ARGS:id,
		 11: RETURN %v_5[2.10,] %self[2.0,2.10,] 
BB 3
	outgoing: 
	datadep: 
	instructions:

SET IRMethod, name = getBlog instanceMethod = true
BB 1
	outgoing: 3 2 
	datadep: 
	instructions:
BB 2
	outgoing: 3 
	datadep: 
	instructions:
		 0: def_%self 
		 1: def_%v_0 
		 2: COPY TYPE_CurrentScope def_%current_scope 
		 3: COPY TYPE_ScopeModule def_%current_module 
		 4: 
		 5: RECEIVEARG def_id 
		 6: Line Number 7
		 7: (Blog) def_%v_3 
		 8: %v_3->find def_%v_4 %v_3[2.7,] id[2.5,] 	 SYMBOL:	 ARGS:id,
		 9: RETURN %v_4[2.8,] %self[2.0,] 
BB 3
	outgoing: 
	datadep: 
	instructions:

SET IRMethod, name = getAll instanceMethod = true
BB 1
	outgoing: 3 2 
	datadep: 
	instructions:
BB 2
	outgoing: 3 
	datadep: 
	instructions:
		 0: def_%self 
		 1: def_%v_0 
		 2: COPY TYPE_CurrentScope def_%current_scope 
		 3: COPY TYPE_ScopeModule def_%current_module 
		 4: 
		 5: RECEIVEARG def_id 
		 6: Line Number 2
		 7: (User) def_%v_3 
		 8: %v_3->all def_%v_4 %v_3[2.7,] 	 SYMBOL:	 ARGS:
		 9: Line Number 3
		 10: %self->getBlog def_%v_5 %self[2.0,] id[2.5,] 	 SYMBOL:	 ARGS:id,
		 11: RETURN %v_5[2.10,] %self[2.0,2.10,] 
BB 3
	outgoing: 
	datadep: 
	instructions:

SET IRMethod, name = getBlog instanceMethod = true
BB 1
	outgoing: 3 2 
	datadep: 
	instructions:
BB 2
	outgoing: 3 
	datadep: 
	instructions:
		 0: def_%self 
		 1: def_%v_0 
		 2: COPY TYPE_CurrentScope def_%current_scope 
		 3: COPY TYPE_ScopeModule def_%current_module 
		 4: 
		 5: RECEIVEARG def_id 
		 6: Line Number 7
		 7: (Blog) def_%v_3 
		 8: %v_3->find def_%v_4 %v_3[2.7,] id[2.5,] 	 SYMBOL:	 ARGS:id,
		 9: RETURN %v_4[2.8,] %self[2.0,] 
BB 3
	outgoing: 
	datadep: 
	instructions:

SET IRMethod, name = getAll instanceMethod = true
BB 1
	outgoing: 3 2 
	datadep: 
	instructions:
BB 2
	outgoing: 3 
	datadep: 
	instructions:
		 0: def_%self 
		 1: def_%v_0 
		 2: COPY TYPE_CurrentScope def_%current_scope 
		 3: COPY TYPE_ScopeModule def_%current_module 
		 4: 
		 5: RECEIVEARG def_id 
		 6: Line Number 2
		 7: (User) def_%v_3 
		 8: %v_3->all def_%v_4 %v_3[2.7,] 	 SYMBOL:	 ARGS:
		 9: Line Number 3
		 10: %self->getBlog def_%v_5 %self[2.0,] id[2.5,] 	 SYMBOL:	 ARGS:id,
		 11: RETURN %v_5[2.10,] %self[2.0,2.10,] 
BB 3
	outgoing: 
	datadep: 
	instructions:

SET IRMethod, name = getBlog instanceMethod = true
BB 1
	outgoing: 3 2 
	datadep: 
	instructions:
BB 2
	outgoing: 3 
	datadep: 
	instructions:
		 0: def_%self 
		 1: def_%v_0 
		 2: COPY TYPE_CurrentScope def_%current_scope 
		 3: COPY TYPE_ScopeModule def_%current_module 
		 4: 
		 5: RECEIVEARG def_id 
		 6: Line Number 7
		 7: (Blog) def_%v_3 
		 8: %v_3->find def_%v_4 %v_3[2.7,] id[2.5,] 	 SYMBOL:	 ARGS:id,
		 9: RETURN %v_4[2.8,] %self[2.0,] 
BB 3
	outgoing: 
	datadep: 
	instructions:

SET IRMethod, name = getAll instanceMethod = true
BB 1
	outgoing: 3 2 
	datadep: 
	instructions:
BB 2
	outgoing: 3 
	datadep: 
	instructions:
		 0: def_%self 
		 1: def_%v_0 
		 2: COPY TYPE_CurrentScope def_%current_scope 
		 3: COPY TYPE_ScopeModule def_%current_module 
		 4: 
		 5: RECEIVEARG def_id 
		 6: Line Number 2
		 7: (User) def_%v_3 
		 8: %v_3->all def_%v_4 %v_3[2.7,] 	 SYMBOL:	 ARGS:
		 9: Line Number 3
		 10: %self->getBlog def_%v_5 %self[2.0,] id[2.5,] 	 SYMBOL:	 ARGS:id,
		 11: RETURN %v_5[2.10,] %self[2.0,2.10,] 
BB 3
	outgoing: 
	datadep: 
	instructions:

SET IRMethod, name = getBlog instanceMethod = true
BB 1
	outgoing: 3 2 
	datadep: 
	instructions:
BB 2
	outgoing: 3 
	datadep: 
	instructions:
		 0: def_%self 
		 1: def_%v_0 
		 2: COPY TYPE_CurrentScope def_%current_scope 
		 3: COPY TYPE_ScopeModule def_%current_module 
		 4: 
		 5: RECEIVEARG def_id 
		 6: Line Number 7
		 7: (Blog) def_%v_3 
		 8: %v_3->find def_%v_4 %v_3[2.7,] id[2.5,] 	 SYMBOL:	 ARGS:id,
		 9: RETURN %v_4[2.8,] %self[2.0,] 
BB 3
	outgoing: 
	datadep: 
	instructions:

SET IRMethod, name = getAll instanceMethod = true
BB 1
	outgoing: 3 2 
	datadep: 
	instructions:
BB 2
	outgoing: 3 
	datadep: 
	instructions:
		 0: def_%self 
		 1: def_%v_0 
		 2: COPY TYPE_CurrentScope def_%current_scope 
		 3: COPY TYPE_ScopeModule def_%current_module 
		 4: 
		 5: RECEIVEARG def_id 
		 6: Line Number 2
		 7: (User) def_%v_3 
		 8: %v_3->all def_%v_4 %v_3[2.7,] 	 SYMBOL:	 ARGS:
		 9: Line Number 3
		 10: %self->getBlog def_%v_5 %self[2.0,] id[2.5,] 	 SYMBOL:	 ARGS:id,
		 11: RETURN %v_5[2.10,] %self[2.0,2.10,] 
BB 3
	outgoing: 
	datadep: 
	instructions:

SET IRMethod, name = getBlog instanceMethod = true
BB 1
	outgoing: 3 2 
	datadep: 
	instructions:
BB 2
	outgoing: 3 
	datadep: 
	instructions:
		 0: def_%self 
		 1: def_%v_0 
		 2: COPY TYPE_CurrentScope def_%current_scope 
		 3: COPY TYPE_ScopeModule def_%current_module 
		 4: 
		 5: RECEIVEARG def_id 
		 6: Line Number 7
		 7: (Blog) def_%v_3 
		 8: %v_3->find def_%v_4 %v_3[2.7,] id[2.5,] 	 SYMBOL:	 ARGS:id,
		 9: RETURN %v_4[2.8,] %self[2.0,] 
BB 3
	outgoing: 
	datadep: 
	instructions:

